#
# There is insufficient memory for the Java Runtime Environment to continue.
# Native memory allocation (malloc) failed to allocate 2097152 bytes for AllocateHeap
# Possible reasons:
#   The system is out of physical RAM or swap space
#   The process is running with CompressedOops enabled, and the Java Heap may be blocking the growth of the native heap
# Possible solutions:
#   Reduce memory load on the system
#   Increase physical memory or swap space
#   Check if swap backing store is full
#   Decrease Java heap size (-Xmx/-Xms)
#   Decrease number of Java threads
#   Decrease Java thread stack sizes (-Xss)
#   Set larger code cache with -XX:ReservedCodeCacheSize=
#   JVM is running with Unscaled Compressed Oops mode in which the Java heap is
#     placed in the first 4GB address space. The Java Heap base address is the
#     maximum limit for the native heap growth. Please use -XX:HeapBaseMinAddress
#     to set the Java Heap base and to place the Java Heap above 4GB virtual address.
# This output file may be truncated or incomplete.
#
#  Out of Memory Error (allocation.cpp:44), pid=15376, tid=12124
#
# JRE version: OpenJDK Runtime Environment Temurin-17.0.7+7 (17.0.7+7) (build 17.0.7+7)
# Java VM: OpenJDK 64-Bit Server VM Temurin-17.0.7+7 (17.0.7+7, mixed mode, emulated-client, tiered, compressed oops, compressed class ptrs, g1 gc, windows-amd64)
# No core dump will be written. Minidumps are not enabled by default on client versions of Windows
#

---------------  S U M M A R Y ------------

Command Line: -XX:+HeapDumpOnOutOfMemoryError -Xmx1024m -Dsts.lsp.client=vscode -Dsts.log.file=/dev/null -XX:TieredStopAtLevel=1 -Xlog:jni+resolve=off -Dspring.config.location=file:c:\Users\Admin\.vscode\extensions\vmware.vscode-spring-boot-1.47.0\language-server\BOOT-INF\classes\application.properties org.springframework.ide.vscode.boot.app.BootLanguageServerBootApp

Host: Intel(R) Core(TM) i5-4210U CPU @ 1.70GHz, 4 cores, 3G,  Windows 10 , 64 bit Build 19041 (10.0.19041.3155)
Time: Tue Jul 18 09:59:21 2023 India Standard Time elapsed time: 87.102880 seconds (0d 0h 1m 27s)

---------------  T H R E A D  ---------------

Current thread (0x0000022f0d81f560):  VMThread "VM Thread" [stack: 0x0000006cf3200000,0x0000006cf3300000] [id=12124]

Stack: [0x0000006cf3200000,0x0000006cf3300000]
Native frames: (J=compiled Java code, j=interpreted, Vv=VM code, C=native code)
V  [jvm.dll+0x67754a]
V  [jvm.dll+0x834304]
V  [jvm.dll+0x835aae]
V  [jvm.dll+0x836113]
V  [jvm.dll+0x24696f]
V  [jvm.dll+0xa681f]
V  [jvm.dll+0x2f7481]
V  [jvm.dll+0x2f30f0]
V  [jvm.dll+0x2db6c7]
V  [jvm.dll+0x31e777]
V  [jvm.dll+0x83a5bb]
V  [jvm.dll+0x83b2f4]
V  [jvm.dll+0x83b80c]
V  [jvm.dll+0x83bbe4]
V  [jvm.dll+0x83bcb0]
V  [jvm.dll+0x7e4e7a]
V  [jvm.dll+0x676395]
C  [ucrtbase.dll+0x21bb2]
C  [KERNEL32.DLL+0x17614]
C  [ntdll.dll+0x526b1]

VM_Operation (0x0000006cf45ff160): G1CollectFull, mode: safepoint, requested by thread 0x0000022f131fb040


---------------  P R O C E S S  ---------------

Threads class SMR info:
_java_thread_list=0x0000022f0dacc7d0, length=18, elements={
0x0000022f0d836760, 0x0000022f0d837760, 0x0000022f0d868720, 0x0000022f0d8694a0,
0x0000022f0d86cd80, 0x0000022f0d86d640, 0x0000022f0d86dfb0, 0x0000022f0d86e8b0,
0x0000022f0db88680, 0x0000022f0db88de0, 0x0000022f13204ad0, 0x0000022f1316d930,
0x0000022f131fb040, 0x0000022f131fb510, 0x0000022f032f1400, 0x0000022f132c9d90,
0x0000022f0dacae30, 0x0000022f127b7460
}

Java Threads: ( => current thread )
  0x0000022f0d836760 JavaThread "Reference Handler" daemon [_thread_blocked, id=3496, stack(0x0000006cf3300000,0x0000006cf3400000)]
  0x0000022f0d837760 JavaThread "Finalizer" daemon [_thread_blocked, id=7564, stack(0x0000006cf3400000,0x0000006cf3500000)]
  0x0000022f0d868720 JavaThread "Signal Dispatcher" daemon [_thread_blocked, id=13004, stack(0x0000006cf3500000,0x0000006cf3600000)]
  0x0000022f0d8694a0 JavaThread "Attach Listener" daemon [_thread_blocked, id=1764, stack(0x0000006cf3600000,0x0000006cf3700000)]
  0x0000022f0d86cd80 JavaThread "Service Thread" daemon [_thread_blocked, id=11224, stack(0x0000006cf3700000,0x0000006cf3800000)]
  0x0000022f0d86d640 JavaThread "Monitor Deflation Thread" daemon [_thread_blocked, id=4872, stack(0x0000006cf3800000,0x0000006cf3900000)]
  0x0000022f0d86dfb0 JavaThread "C1 CompilerThread0" daemon [_thread_blocked, id=12180, stack(0x0000006cf3900000,0x0000006cf3a00000)]
  0x0000022f0d86e8b0 JavaThread "Sweeper thread" daemon [_thread_blocked, id=368, stack(0x0000006cf3a00000,0x0000006cf3b00000)]
  0x0000022f0db88680 JavaThread "Notification Thread" daemon [_thread_blocked, id=13484, stack(0x0000006cf3c00000,0x0000006cf3d00000)]
  0x0000022f0db88de0 JavaThread "Common-Cleaner" daemon [_thread_blocked, id=15592, stack(0x0000006cf3e00000,0x0000006cf3f00000)]
  0x0000022f13204ad0 JavaThread "boundedElastic-evictor-1" daemon [_thread_blocked, id=14272, stack(0x0000006cf4300000,0x0000006cf4400000)]
  0x0000022f1316d930 JavaThread "boundedElastic-evictor-2" daemon [_thread_blocked, id=14360, stack(0x0000006cf4400000,0x0000006cf4500000)]
  0x0000022f131fb040 JavaThread "pool-10-thread-1" [_thread_blocked, id=12016, stack(0x0000006cf4500000,0x0000006cf4600000)]
  0x0000022f131fb510 JavaThread "LanguageServerApp-lifecycle" [_thread_blocked, id=544, stack(0x0000006cf4600000,0x0000006cf4700000)]
  0x0000022f032f1400 JavaThread "DestroyJavaVM" [_thread_blocked, id=4628, stack(0x0000006cf2c00000,0x0000006cf2d00000)]
  0x0000022f132c9d90 JavaThread "pool-11-thread-1" [_thread_in_native, id=5300, stack(0x0000006cf4700000,0x0000006cf4800000)]
  0x0000022f0dacae30 JavaThread "Simple-Language-Server main thread" daemon [_thread_blocked, id=8436, stack(0x0000006cf4800000,0x0000006cf4900000)]
  0x0000022f127b7460 JavaThread "pool-6-thread-1" [_thread_blocked, id=6640, stack(0x0000006cf4900000,0x0000006cf4a00000)]

Other Threads:
=>0x0000022f0d81f560 VMThread "VM Thread" [stack: 0x0000006cf3200000,0x0000006cf3300000] [id=12124]
  0x0000022f0db88b50 WatcherThread [stack: 0x0000006cf3d00000,0x0000006cf3e00000] [id=19060]
  0x0000022f03332270 GCTaskThread "GC Thread#0" [stack: 0x0000006cf2d00000,0x0000006cf2e00000] [id=19952]
  0x0000022f0dae5560 GCTaskThread "GC Thread#1" [stack: 0x0000006cf3b00000,0x0000006cf3c00000] [id=19088]
  0x0000022f0db3a970 GCTaskThread "GC Thread#2" [stack: 0x0000006cf3f00000,0x0000006cf4000000] [id=12444]
  0x0000022f12849480 GCTaskThread "GC Thread#3" [stack: 0x0000006cf4200000,0x0000006cf4300000] [id=14184]
  0x0000022f0333b0c0 ConcurrentGCThread "G1 Main Marker" [stack: 0x0000006cf2e00000,0x0000006cf2f00000] [id=17312]
  0x0000022f0333b9e0 ConcurrentGCThread "G1 Conc#0" [stack: 0x0000006cf2f00000,0x0000006cf3000000] [id=1012]
  0x0000022f0338f950 ConcurrentGCThread "G1 Refine#0" [stack: 0x0000006cf3000000,0x0000006cf3100000] [id=7236]
  0x0000022f03391290 ConcurrentGCThread "G1 Service" [stack: 0x0000006cf3100000,0x0000006cf3200000] [id=13232]

Threads with active compile tasks:

VM state: at safepoint (normal execution)

VM Mutex/Monitor currently owned by a thread:  ([mutex/lock_event])
[0x0000022f010a9b50] Threads_lock - owner thread: 0x0000022f0d81f560
[0x0000022f032eefd0] Heap_lock - owner thread: 0x0000022f131fb040

Heap address: 0x00000000c0000000, size: 1024 MB, Compressed Oops mode: 32-bit

CDS archive(s) not mapped
Compressed class space mapped at: 0x0000000100000000-0x0000000140000000, reserved size: 1073741824
Narrow klass base: 0x0000000000000000, Narrow klass shift: 3, Narrow klass range: 0x140000000

GC Precious Log:
 CPUs: 4 total, 4 available
 Memory: 3992M
 Large Page Support: Disabled
 NUMA Support: Disabled
 Compressed Oops: Enabled (32-bit)
 Heap Region Size: 1M
 Heap Min Capacity: 8M
 Heap Initial Capacity: 64M
 Heap Max Capacity: 1G
 Pre-touch: Disabled
 Parallel Workers: 4
 Concurrent Workers: 1
 Concurrent Refinement Workers: 4
 Periodic GC: Disabled

Heap:
 garbage-first heap   total 58368K, used 18013K [0x00000000c0000000, 0x0000000100000000)
  region size 1024K, 1 young (1024K), 0 survivors (0K)
 Metaspace       used 37020K, committed 37568K, reserved 1114112K
  class space    used 4786K, committed 4992K, reserved 1048576K

Heap Regions: E=young(eden), S=young(survivor), O=old, HS=humongous(starts), HC=humongous(continues), CS=collection set, F=free, OA=open archive, CA=closed archive, TAMS=top-at-mark-start (previous, next)
|   0|0x00000000c0000000, 0x00000000c0100000, 0x00000000c0100000|100%|HS|  |TAMS 0x00000000c0100000, 0x00000000c0000000| Untracked 
|   1|0x00000000c0100000, 0x00000000c01ffff8, 0x00000000c0200000| 99%| O|  |TAMS 0x00000000c01ffff8, 0x00000000c0100000| Untracked 
|   2|0x00000000c0200000, 0x00000000c0300000, 0x00000000c0300000|100%| O|  |TAMS 0x00000000c0300000, 0x00000000c0200000| Untracked 
|   3|0x00000000c0300000, 0x00000000c03f8df8, 0x00000000c0400000| 97%| O|  |TAMS 0x00000000c0300000, 0x00000000c0300000| Untracked 
|   4|0x00000000c0400000, 0x00000000c0500000, 0x00000000c0500000|100%| O|  |TAMS 0x00000000c0500000, 0x00000000c0400000| Untracked 
|   5|0x00000000c0500000, 0x00000000c0600000, 0x00000000c0600000|100%| O|  |TAMS 0x00000000c0600000, 0x00000000c0500000| Untracked 
|   6|0x00000000c0600000, 0x00000000c0700000, 0x00000000c0700000|100%| O|  |TAMS 0x00000000c0700000, 0x00000000c0600000| Untracked 
|   7|0x00000000c0700000, 0x00000000c07fff58, 0x00000000c0800000| 99%| O|  |TAMS 0x00000000c07fff58, 0x00000000c0700000| Untracked 
|   8|0x00000000c0800000, 0x00000000c08ffff8, 0x00000000c0900000| 99%| O|  |TAMS 0x00000000c0800000, 0x00000000c0800000| Untracked 
|   9|0x00000000c0900000, 0x00000000c09fffe8, 0x00000000c0a00000| 99%| O|  |TAMS 0x00000000c0900000, 0x00000000c0900000| Untracked 
|  10|0x00000000c0a00000, 0x00000000c0affee8, 0x00000000c0b00000| 99%| O|  |TAMS 0x00000000c0a00000, 0x00000000c0a00000| Untracked 
|  11|0x00000000c0b00000, 0x00000000c0bfe7f8, 0x00000000c0c00000| 99%| O|  |TAMS 0x00000000c0b00000, 0x00000000c0b00000| Untracked 
|  12|0x00000000c0c00000, 0x00000000c0cffff8, 0x00000000c0d00000| 99%| O|  |TAMS 0x00000000c0c00000, 0x00000000c0c00000| Untracked 
|  13|0x00000000c0d00000, 0x00000000c0dfffc0, 0x00000000c0e00000| 99%| O|  |TAMS 0x00000000c0d00000, 0x00000000c0d00000| Untracked 
|  14|0x00000000c0e00000, 0x00000000c0effff8, 0x00000000c0f00000| 99%| O|  |TAMS 0x00000000c0e00000, 0x00000000c0e00000| Untracked 
|  15|0x00000000c0f00000, 0x00000000c0fffff8, 0x00000000c1000000| 99%| O|  |TAMS 0x00000000c0f00000, 0x00000000c0f00000| Untracked 
|  16|0x00000000c1000000, 0x00000000c1098db0, 0x00000000c1100000| 59%| O|  |TAMS 0x00000000c1000000, 0x00000000c1000000| Untracked 
|  17|0x00000000c1100000, 0x00000000c1200000, 0x00000000c1200000|100%| O|  |TAMS 0x00000000c1100000, 0x00000000c1100000| Untracked 
|  18|0x00000000c1200000, 0x00000000c1200000, 0x00000000c1300000|  0%| F|  |TAMS 0x00000000c1200000, 0x00000000c1200000| Untracked 
|  19|0x00000000c1300000, 0x00000000c13075b0, 0x00000000c1400000|  2%| O|  |TAMS 0x00000000c1300000, 0x00000000c1300000| Untracked 
|  20|0x00000000c1400000, 0x00000000c1400000, 0x00000000c1500000|  0%| F|  |TAMS 0x00000000c1400000, 0x00000000c1400000| Untracked 
|  21|0x00000000c1500000, 0x00000000c1500000, 0x00000000c1600000|  0%| F|  |TAMS 0x00000000c1500000, 0x00000000c1500000| Untracked 
|  22|0x00000000c1600000, 0x00000000c1600000, 0x00000000c1700000|  0%| F|  |TAMS 0x00000000c1600000, 0x00000000c1600000| Untracked 
|  23|0x00000000c1700000, 0x00000000c1700000, 0x00000000c1800000|  0%| F|  |TAMS 0x00000000c1700000, 0x00000000c1700000| Untracked 
|  24|0x00000000c1800000, 0x00000000c1800000, 0x00000000c1900000|  0%| F|  |TAMS 0x00000000c1800000, 0x00000000c1800000| Untracked 
|  25|0x00000000c1900000, 0x00000000c1900000, 0x00000000c1a00000|  0%| F|  |TAMS 0x00000000c1900000, 0x00000000c1900000| Untracked 
|  26|0x00000000c1a00000, 0x00000000c1a00000, 0x00000000c1b00000|  0%| F|  |TAMS 0x00000000c1a00000, 0x00000000c1a00000| Untracked 
|  27|0x00000000c1b00000, 0x00000000c1b00000, 0x00000000c1c00000|  0%| F|  |TAMS 0x00000000c1b00000, 0x00000000c1b00000| Untracked 
|  28|0x00000000c1c00000, 0x00000000c1c00000, 0x00000000c1d00000|  0%| F|  |TAMS 0x00000000c1c00000, 0x00000000c1c00000| Untracked 
|  29|0x00000000c1d00000, 0x00000000c1d00000, 0x00000000c1e00000|  0%| F|  |TAMS 0x00000000c1d00000, 0x00000000c1d00000| Untracked 
|  30|0x00000000c1e00000, 0x00000000c1e00000, 0x00000000c1f00000|  0%| F|  |TAMS 0x00000000c1e00000, 0x00000000c1e00000| Untracked 
|  31|0x00000000c1f00000, 0x00000000c1f00000, 0x00000000c2000000|  0%| F|  |TAMS 0x00000000c1f00000, 0x00000000c1f00000| Untracked 
|  32|0x00000000c2000000, 0x00000000c2000000, 0x00000000c2100000|  0%| F|  |TAMS 0x00000000c2000000, 0x00000000c2000000| Untracked 
|  33|0x00000000c2100000, 0x00000000c2100000, 0x00000000c2200000|  0%| F|  |TAMS 0x00000000c2100000, 0x00000000c2100000| Untracked 
|  34|0x00000000c2200000, 0x00000000c2200000, 0x00000000c2300000|  0%| F|  |TAMS 0x00000000c2200000, 0x00000000c2200000| Untracked 
|  35|0x00000000c2300000, 0x00000000c2300000, 0x00000000c2400000|  0%| F|  |TAMS 0x00000000c2300000, 0x00000000c2300000| Untracked 
|  36|0x00000000c2400000, 0x00000000c2400000, 0x00000000c2500000|  0%| F|  |TAMS 0x00000000c2400000, 0x00000000c2400000| Untracked 
|  37|0x00000000c2500000, 0x00000000c2500000, 0x00000000c2600000|  0%| F|  |TAMS 0x00000000c2500000, 0x00000000c2500000| Untracked 
|  38|0x00000000c2600000, 0x00000000c2600000, 0x00000000c2700000|  0%| F|  |TAMS 0x00000000c2600000, 0x00000000c2600000| Untracked 
|  39|0x00000000c2700000, 0x00000000c2700000, 0x00000000c2800000|  0%| F|  |TAMS 0x00000000c2700000, 0x00000000c2700000| Untracked 
|  40|0x00000000c2800000, 0x00000000c2800000, 0x00000000c2900000|  0%| F|  |TAMS 0x00000000c2800000, 0x00000000c2800000| Untracked 
|  41|0x00000000c2900000, 0x00000000c2900000, 0x00000000c2a00000|  0%| F|  |TAMS 0x00000000c2900000, 0x00000000c2900000| Untracked 
|  42|0x00000000c2a00000, 0x00000000c2a00000, 0x00000000c2b00000|  0%| F|  |TAMS 0x00000000c2a00000, 0x00000000c2a00000| Untracked 
|  43|0x00000000c2b00000, 0x00000000c2b00000, 0x00000000c2c00000|  0%| F|  |TAMS 0x00000000c2b00000, 0x00000000c2b00000| Untracked 
|  44|0x00000000c2c00000, 0x00000000c2c00000, 0x00000000c2d00000|  0%| F|  |TAMS 0x00000000c2c00000, 0x00000000c2c00000| Untracked 
|  45|0x00000000c2d00000, 0x00000000c2d00000, 0x00000000c2e00000|  0%| F|  |TAMS 0x00000000c2d00000, 0x00000000c2d00000| Untracked 
|  46|0x00000000c2e00000, 0x00000000c2e00000, 0x00000000c2f00000|  0%| F|  |TAMS 0x00000000c2e00000, 0x00000000c2e00000| Untracked 
|  47|0x00000000c2f00000, 0x00000000c2f00000, 0x00000000c3000000|  0%| F|  |TAMS 0x00000000c2f00000, 0x00000000c2f00000| Untracked 
|  48|0x00000000c3000000, 0x00000000c3000000, 0x00000000c3100000|  0%| F|  |TAMS 0x00000000c3000000, 0x00000000c3000000| Untracked 
|  49|0x00000000c3100000, 0x00000000c3100000, 0x00000000c3200000|  0%| F|  |TAMS 0x00000000c3100000, 0x00000000c3100000| Untracked 
|  50|0x00000000c3200000, 0x00000000c3200000, 0x00000000c3300000|  0%| F|  |TAMS 0x00000000c3200000, 0x00000000c3200000| Untracked 
|  51|0x00000000c3300000, 0x00000000c3300000, 0x00000000c3400000|  0%| F|  |TAMS 0x00000000c3300000, 0x00000000c3300000| Untracked 
|  52|0x00000000c3400000, 0x00000000c3400000, 0x00000000c3500000|  0%| F|  |TAMS 0x00000000c3400000, 0x00000000c3400000| Untracked 
|  53|0x00000000c3500000, 0x00000000c3500000, 0x00000000c3600000|  0%| F|  |TAMS 0x00000000c3500000, 0x00000000c3500000| Untracked 
|  55|0x00000000c3700000, 0x00000000c3700000, 0x00000000c3800000|  0%| F|  |TAMS 0x00000000c3700000, 0x00000000c3700000| Untracked 
|  56|0x00000000c3800000, 0x00000000c3800000, 0x00000000c3900000|  0%| F|  |TAMS 0x00000000c3800000, 0x00000000c3800000| Untracked 
|  63|0x00000000c3f00000, 0x00000000c3f43bc0, 0x00000000c4000000| 26%| E|  |TAMS 0x00000000c3f00000, 0x00000000c3f00000| Complete 

Card table byte_map: [0x0000022f08f80000,0x0000022f09180000] _byte_map_base: 0x0000022f08980000

Marking Bits (Prev, Next): (CMBitMap*) 0x0000022f03332790, (CMBitMap*) 0x0000022f033327d0
 Prev Bits: [0x0000022f09380000, 0x0000022f0a380000)
 Next Bits: [0x0000022f0a380000, 0x0000022f0b380000)

Polling page: 0x0000022f01060000

Metaspace:

Usage:
  Non-class:     31.48 MB used.
      Class:      4.67 MB used.
       Both:     36.15 MB used.

Virtual space:
  Non-class space:       64.00 MB reserved,      31.81 MB ( 50%) committed,  1 nodes.
      Class space:        1.00 GB reserved,       4.88 MB ( <1%) committed,  1 nodes.
             Both:        1.06 GB reserved,      36.69 MB (  3%) committed. 

Chunk freelists:
   Non-Class:  15.63 MB
       Class:  11.08 MB
        Both:  26.70 MB

MaxMetaspaceSize: unlimited
CompressedClassSpaceSize: 1.00 GB
Initial GC threshold: 21.00 MB
Current GC threshold: 61.19 MB
CDS: off
MetaspaceReclaimPolicy: balanced
 - commit_granule_bytes: 65536.
 - commit_granule_words: 8192.
 - virtual_space_node_default_size: 8388608.
 - enlarge_chunks_in_place: 1.
 - new_chunks_are_fully_committed: 0.
 - uncommit_free_chunks: 1.
 - use_allocation_guard: 0.
 - handle_deallocations: 1.


Internal statistics:

num_allocs_failed_limit: 6.
num_arena_births: 464.
num_arena_deaths: 132.
num_vsnodes_births: 2.
num_vsnodes_deaths: 0.
num_space_committed: 587.
num_space_uncommitted: 0.
num_chunks_returned_to_freelist: 154.
num_chunks_taken_from_freelist: 1579.
num_chunk_merges: 50.
num_chunk_splits: 1071.
num_chunks_enlarged: 792.
num_inconsistent_stats: 0.

CodeCache: size=49152Kb used=6422Kb max_used=7539Kb free=42729Kb
 bounds [0x0000022f05f80000, 0x0000022f066e0000, 0x0000022f08f80000]
 total_blobs=3957 nmethods=3422 adapters=461
 compilation: enabled
              stopped_count=0, restarted_count=0
 full_count=0

Compilation events (20 events):
Event: 25.716 Thread 0x0000022f0d86dfb0 3411       1       java.lang.invoke.LambdaForm$MH/0x0000000100088000::invoke (25 bytes)
Event: 25.716 Thread 0x0000022f0d86dfb0 nmethod 3411 0x0000022f066db790 code [0x0000022f066db940, 0x0000022f066dba98]
Event: 25.719 Thread 0x0000022f0d86dfb0 3412       1       com.google.gson.stream.JsonReader::nextName (116 bytes)
Event: 25.719 Thread 0x0000022f0d86dfb0 nmethod 3412 0x0000022f066dbb90 code [0x0000022f066dbde0, 0x0000022f066dc3c8]
Event: 25.735 Thread 0x0000022f1241bf70 3413       1       java.lang.ModuleLayer::boot (4 bytes)
Event: 25.735 Thread 0x0000022f0ddb65b0 3414       1       java.lang.Module::getName (5 bytes)
Event: 25.735 Thread 0x0000022f1241bf70 nmethod 3413 0x0000022f066dc710 code [0x0000022f066dc8a0, 0x0000022f066dc958]
Event: 25.735 Thread 0x0000022f0ddb65b0 nmethod 3414 0x0000022f066dca10 code [0x0000022f066dcba0, 0x0000022f066dcc78]
Event: 65.436 Thread 0x0000022f0d86dfb0 3416       1       jdk.internal.org.objectweb.asm.Type::getType (10 bytes)
Event: 65.436 Thread 0x0000022f0d86dfb0 nmethod 3416 0x0000022f062d5510 code [0x0000022f062d56a0, 0x0000022f062d5788]
Event: 65.972 Thread 0x0000022f0d86dfb0 3418       1       java.util.logging.Logger::getName (5 bytes)
Event: 65.972 Thread 0x0000022f0d86dfb0 nmethod 3418 0x0000022f062d4f10 code [0x0000022f062d50a0, 0x0000022f062d5178]
Event: 65.973 Thread 0x0000022f0d86dfb0 3419   !   1       java.io.FileInputStream::close (69 bytes)
Event: 66.094 Thread 0x0000022f0d86dfb0 nmethod 3419 0x0000022f062d4890 code [0x0000022f062d4a60, 0x0000022f062d4dd8]
Event: 66.094 Thread 0x0000022f0d86dfb0 3421  s!   1       java.io.FileDescriptor::closeAll (163 bytes)
Event: 66.095 Thread 0x0000022f0d86dfb0 nmethod 3421 0x0000022f062d3b90 code [0x0000022f062d3dc0, 0x0000022f062d4408]
Event: 66.095 Thread 0x0000022f0d86dfb0 3420       1       java.io.FileInputStream$1::<init> (10 bytes)
Event: 66.095 Thread 0x0000022f0d86dfb0 nmethod 3420 0x0000022f062d3890 code [0x0000022f062d3a20, 0x0000022f062d3b38]
Event: 66.095 Thread 0x0000022f0d86dfb0 3422       1       java.io.FileInputStream$1::close (11 bytes)
Event: 66.096 Thread 0x0000022f0d86dfb0 nmethod 3422 0x0000022f062d3210 code [0x0000022f062d33c0, 0x0000022f062d36d8]

GC Heap History (20 events):
Event: 16.946 GC heap before
{Heap before GC invocations=1 (full 0):
 garbage-first heap   total 65536K, used 17287K [0x00000000c0000000, 0x0000000100000000)
  region size 1024K, 11 young (11264K), 2 survivors (2048K)
 Metaspace       used 8501K, committed 8704K, reserved 1114112K
  class space    used 970K, committed 1088K, reserved 1048576K
}
Event: 16.952 GC heap after
{Heap after GC invocations=2 (full 0):
 garbage-first heap   total 65536K, used 10280K [0x00000000c0000000, 0x0000000100000000)
  region size 1024K, 2 young (2048K), 2 survivors (2048K)
 Metaspace       used 8501K, committed 8704K, reserved 1114112K
  class space    used 970K, committed 1088K, reserved 1048576K
}
Event: 18.977 GC heap before
{Heap before GC invocations=2 (full 0):
 garbage-first heap   total 65536K, used 25640K [0x00000000c0000000, 0x0000000100000000)
  region size 1024K, 18 young (18432K), 2 survivors (2048K)
 Metaspace       used 13396K, committed 13632K, reserved 1114112K
  class space    used 1655K, committed 1792K, reserved 1048576K
}
Event: 18.984 GC heap after
{Heap after GC invocations=3 (full 0):
 garbage-first heap   total 65536K, used 11642K [0x00000000c0000000, 0x0000000100000000)
  region size 1024K, 3 young (3072K), 3 survivors (3072K)
 Metaspace       used 13396K, committed 13632K, reserved 1114112K
  class space    used 1655K, committed 1792K, reserved 1048576K
}
Event: 20.332 GC heap before
{Heap before GC invocations=3 (full 0):
 garbage-first heap   total 65536K, used 37242K [0x00000000c0000000, 0x0000000100000000)
  region size 1024K, 28 young (28672K), 3 survivors (3072K)
 Metaspace       used 19592K, committed 19840K, reserved 1114112K
  class space    used 2412K, committed 2496K, reserved 1048576K
}
Event: 20.339 GC heap after
{Heap after GC invocations=4 (full 0):
 garbage-first heap   total 65536K, used 13908K [0x00000000c0000000, 0x0000000100000000)
  region size 1024K, 4 young (4096K), 4 survivors (4096K)
 Metaspace       used 19592K, committed 19840K, reserved 1114112K
  class space    used 2412K, committed 2496K, reserved 1048576K
}
Event: 20.464 GC heap before
{Heap before GC invocations=4 (full 0):
 garbage-first heap   total 65536K, used 20052K [0x00000000c0000000, 0x0000000100000000)
  region size 1024K, 11 young (11264K), 4 survivors (4096K)
 Metaspace       used 21330K, committed 21504K, reserved 1114112K
  class space    used 2605K, committed 2688K, reserved 1048576K
}
Event: 20.474 GC heap after
{Heap after GC invocations=5 (full 0):
 garbage-first heap   total 65536K, used 14967K [0x00000000c0000000, 0x0000000100000000)
  region size 1024K, 2 young (2048K), 2 survivors (2048K)
 Metaspace       used 21330K, committed 21504K, reserved 1114112K
  class space    used 2605K, committed 2688K, reserved 1048576K
}
Event: 21.313 GC heap before
{Heap before GC invocations=6 (full 0):
 garbage-first heap   total 58368K, used 38519K [0x00000000c0000000, 0x0000000100000000)
  region size 1024K, 26 young (26624K), 2 survivors (2048K)
 Metaspace       used 26742K, committed 27008K, reserved 1114112K
  class space    used 3336K, committed 3456K, reserved 1048576K
}
Event: 21.321 GC heap after
{Heap after GC invocations=7 (full 0):
 garbage-first heap   total 58368K, used 16862K [0x00000000c0000000, 0x0000000100000000)
  region size 1024K, 3 young (3072K), 3 survivors (3072K)
 Metaspace       used 26742K, committed 27008K, reserved 1114112K
  class space    used 3336K, committed 3456K, reserved 1048576K
}
Event: 23.238 GC heap before
{Heap before GC invocations=7 (full 0):
 garbage-first heap   total 58368K, used 38366K [0x00000000c0000000, 0x0000000100000000)
  region size 1024K, 24 young (24576K), 3 survivors (3072K)
 Metaspace       used 29402K, committed 29696K, reserved 1114112K
  class space    used 3687K, committed 3840K, reserved 1048576K
}
Event: 23.248 GC heap after
{Heap after GC invocations=8 (full 0):
 garbage-first heap   total 58368K, used 18842K [0x00000000c0000000, 0x0000000100000000)
  region size 1024K, 2 young (2048K), 2 survivors (2048K)
 Metaspace       used 29402K, committed 29696K, reserved 1114112K
  class space    used 3687K, committed 3840K, reserved 1048576K
}
Event: 24.221 GC heap before
{Heap before GC invocations=8 (full 0):
 garbage-first heap   total 58368K, used 40346K [0x00000000c0000000, 0x0000000100000000)
  region size 1024K, 23 young (23552K), 2 survivors (2048K)
 Metaspace       used 32513K, committed 32896K, reserved 1114112K
  class space    used 4123K, committed 4288K, reserved 1048576K
}
Event: 24.230 GC heap after
{Heap after GC invocations=9 (full 0):
 garbage-first heap   total 58368K, used 21258K [0x00000000c0000000, 0x0000000100000000)
  region size 1024K, 3 young (3072K), 3 survivors (3072K)
 Metaspace       used 32513K, committed 32896K, reserved 1114112K
  class space    used 4123K, committed 4288K, reserved 1048576K
}
Event: 25.370 GC heap before
{Heap before GC invocations=9 (full 0):
 garbage-first heap   total 58368K, used 35594K [0x00000000c0000000, 0x0000000100000000)
  region size 1024K, 18 young (18432K), 3 survivors (3072K)
 Metaspace       used 35702K, committed 36096K, reserved 1114112K
  class space    used 4593K, committed 4800K, reserved 1048576K
}
Event: 25.377 GC heap after
{Heap after GC invocations=10 (full 0):
 garbage-first heap   total 58368K, used 22701K [0x00000000c0000000, 0x0000000100000000)
  region size 1024K, 2 young (2048K), 2 survivors (2048K)
 Metaspace       used 35702K, committed 36096K, reserved 1114112K
  class space    used 4593K, committed 4800K, reserved 1048576K
}
Event: 65.975 GC heap before
{Heap before GC invocations=11 (full 0):
 garbage-first heap   total 58368K, used 29869K [0x00000000c0000000, 0x0000000100000000)
  region size 1024K, 11 young (11264K), 2 survivors (2048K)
 Metaspace       used 37150K, committed 37568K, reserved 1114112K
  class space    used 4819K, committed 4992K, reserved 1048576K
}
Event: 66.094 GC heap after
{Heap after GC invocations=12 (full 1):
 garbage-first heap   total 58368K, used 21627K [0x00000000c0000000, 0x0000000100000000)
  region size 1024K, 0 young (0K), 0 survivors (0K)
 Metaspace       used 37150K, committed 37568K, reserved 1114112K
  class space    used 4819K, committed 4992K, reserved 1048576K
}
Event: 76.701 GC heap before
{Heap before GC invocations=12 (full 1):
 garbage-first heap   total 58368K, used 21627K [0x00000000c0000000, 0x0000000100000000)
  region size 1024K, 1 young (1024K), 0 survivors (0K)
 Metaspace       used 37150K, committed 37568K, reserved 1114112K
  class space    used 4819K, committed 4992K, reserved 1048576K
}
Event: 76.884 GC heap after
{Heap after GC invocations=13 (full 2):
 garbage-first heap   total 58368K, used 18013K [0x00000000c0000000, 0x0000000100000000)
  region size 1024K, 0 young (0K), 0 survivors (0K)
 Metaspace       used 37020K, committed 37568K, reserved 1114112K
  class space    used 4786K, committed 4992K, reserved 1048576K
}

Dll operation events (7 events):
Event: 0.011 Loaded shared library c:\Users\Admin\.vscode\extensions\redhat.java-1.20.0-win32-x64\jre\17.0.7-win32-x86_64\bin\java.dll
Event: 0.436 Loaded shared library C:\Users\Admin\.vscode\extensions\redhat.java-1.20.0-win32-x64\jre\17.0.7-win32-x86_64\bin\net.dll
Event: 0.438 Loaded shared library C:\Users\Admin\.vscode\extensions\redhat.java-1.20.0-win32-x64\jre\17.0.7-win32-x86_64\bin\nio.dll
Event: 1.101 Loaded shared library C:\Users\Admin\.vscode\extensions\redhat.java-1.20.0-win32-x64\jre\17.0.7-win32-x86_64\bin\zip.dll
Event: 15.255 Loaded shared library C:\Users\Admin\.vscode\extensions\redhat.java-1.20.0-win32-x64\jre\17.0.7-win32-x86_64\bin\jimage.dll
Event: 25.299 Loaded shared library C:\Users\Admin\.vscode\extensions\redhat.java-1.20.0-win32-x64\jre\17.0.7-win32-x86_64\bin\management.dll
Event: 25.306 Loaded shared library C:\Users\Admin\.vscode\extensions\redhat.java-1.20.0-win32-x64\jre\17.0.7-win32-x86_64\bin\management_ext.dll

Deoptimization events (4 events):
Event: 21.004 Thread 0x0000022f032f1400 DEOPT PACKING pc=0x0000022f064f5a19 sp=0x0000006cf2cfd530
Event: 21.004 Thread 0x0000022f032f1400 DEOPT UNPACKING pc=0x0000022f05fd7143 sp=0x0000006cf2cfca10 mode 3
Event: 25.688 Thread 0x0000022f0dacae30 DEOPT PACKING pc=0x0000022f066d65b5 sp=0x0000006cf48fe190
Event: 25.688 Thread 0x0000022f0dacae30 DEOPT UNPACKING pc=0x0000022f05fd7143 sp=0x0000006cf48fd6b8 mode 3

Classes unloaded (20 events):
Event: 76.726 Thread 0x0000022f0d81f560 Unloading class 0x000000010021a800 'java/lang/invoke/LambdaForm$MH+0x000000010021a800'
Event: 76.726 Thread 0x0000022f0d81f560 Unloading class 0x0000000100215000 'java/lang/invoke/LambdaForm$DMH+0x0000000100215000'
Event: 76.726 Thread 0x0000022f0d81f560 Unloading class 0x0000000100091c00 'java/lang/invoke/LambdaForm$MH+0x0000000100091c00'
Event: 76.726 Thread 0x0000022f0d81f560 Unloading class 0x0000000100091800 'java/lang/invoke/LambdaForm$MH+0x0000000100091800'
Event: 76.726 Thread 0x0000022f0d81f560 Unloading class 0x0000000100091400 'java/lang/invoke/LambdaForm$MH+0x0000000100091400'
Event: 76.726 Thread 0x0000022f0d81f560 Unloading class 0x0000000100091000 'java/lang/invoke/LambdaForm$MH+0x0000000100091000'
Event: 76.726 Thread 0x0000022f0d81f560 Unloading class 0x0000000100090c00 'java/lang/invoke/LambdaForm$MH+0x0000000100090c00'
Event: 76.726 Thread 0x0000022f0d81f560 Unloading class 0x0000000100090800 'java/lang/invoke/LambdaForm$MH+0x0000000100090800'
Event: 76.727 Thread 0x0000022f0d81f560 Unloading class 0x0000000100090400 'java/lang/invoke/LambdaForm$MH+0x0000000100090400'
Event: 76.727 Thread 0x0000022f0d81f560 Unloading class 0x0000000100090000 'java/lang/invoke/LambdaForm$MH+0x0000000100090000'
Event: 76.727 Thread 0x0000022f0d81f560 Unloading class 0x000000010008b800 'java/lang/invoke/LambdaForm$MH+0x000000010008b800'
Event: 76.727 Thread 0x0000022f0d81f560 Unloading class 0x000000010008b400 'java/lang/invoke/LambdaForm$MH+0x000000010008b400'
Event: 76.727 Thread 0x0000022f0d81f560 Unloading class 0x000000010008b000 'java/lang/invoke/LambdaForm$MH+0x000000010008b000'
Event: 76.727 Thread 0x0000022f0d81f560 Unloading class 0x000000010008ac00 'java/lang/invoke/LambdaForm$MH+0x000000010008ac00'
Event: 76.727 Thread 0x0000022f0d81f560 Unloading class 0x000000010008a800 'java/lang/invoke/LambdaForm$MH+0x000000010008a800'
Event: 76.727 Thread 0x0000022f0d81f560 Unloading class 0x000000010008a400 'java/lang/invoke/LambdaForm$MH+0x000000010008a400'
Event: 76.727 Thread 0x0000022f0d81f560 Unloading class 0x0000000100089c00 'java/lang/invoke/LambdaForm$MH+0x0000000100089c00'
Event: 76.727 Thread 0x0000022f0d81f560 Unloading class 0x0000000100089400 'java/lang/invoke/LambdaForm$MH+0x0000000100089400'
Event: 76.727 Thread 0x0000022f0d81f560 Unloading class 0x0000000100088c00 'java/lang/invoke/LambdaForm$MH+0x0000000100088c00'
Event: 76.727 Thread 0x0000022f0d81f560 Unloading class 0x0000000100088400 'java/lang/invoke/LambdaForm$MH+0x0000000100088400'

Classes redefined (0 events):
No events

Internal exceptions (20 events):
Event: 23.113 Thread 0x0000022f032f1400 Exception <a 'java/lang/NoSuchMethodError'{0x00000000c272ab80}: 'java.lang.Object java.lang.invoke.DirectMethodHandle$Holder.invokeSpecial(java.lang.Object, java.lang.Object, java.lang.Object, java.lang.Object, java.lang.Object, java.lang.Object, java.lang.Object, java.lang.Object, java.lang.Object, java.lang.Object)'> (0x00000000c272ab80) 
thrown [s\src\hotspot\share\interpreter\linkResolver.cpp, line 759]
Event: 23.113 Thread 0x0000022f032f1400 Exception <a 'java/lang/NoSuchMethodError'{0x00000000c272f168}: 'java.lang.Object java.lang.invoke.Invokers$Holder.invoke_MT(java.lang.Object, java.lang.Object, java.lang.Object, java.lang.Object, java.lang.Object, java.lang.Object, java.lang.Object, java.lang.Object, java.lang.Object, java.lang.Object)'> (0x00000000c272f168) 
thrown [s\src\hotspot\share\interpreter\linkResolver.cpp, line 759]
Event: 23.121 Thread 0x0000022f032f1400 Exception <a 'java/lang/NoSuchMethodError'{0x00000000c2774608}: 'java.lang.Object java.lang.invoke.DirectMethodHandle$Holder.invokeSpecial(java.lang.Object, java.lang.Object, int, java.lang.Object, java.lang.Object)'> (0x00000000c2774608) 
thrown [s\src\hotspot\share\interpreter\linkResolver.cpp, line 759]
Event: 23.121 Thread 0x0000022f032f1400 Exception <a 'java/lang/NoSuchMethodError'{0x00000000c27782b0}: 'java.lang.Object java.lang.invoke.DelegatingMethodHandle$Holder.delegate(java.lang.Object, int, java.lang.Object, java.lang.Object)'> (0x00000000c27782b0) 
thrown [s\src\hotspot\share\interpreter\linkResolver.cpp, line 759]
Event: 23.122 Thread 0x0000022f032f1400 Exception <a 'java/lang/NoSuchMethodError'{0x00000000c2789138}: 'int java.lang.invoke.Invokers$Holder.linkToTargetMethod(java.lang.Object, java.lang.Object, java.lang.Object)'> (0x00000000c2789138) 
thrown [s\src\hotspot\share\interpreter\linkResolver.cpp, line 759]
Event: 23.203 Thread 0x0000022f032f1400 Exception <a 'java/lang/NoSuchMethodError'{0x00000000c25f3020}: 'void java.lang.invoke.DirectMethodHandle$Holder.invokeSpecial(java.lang.Object, java.lang.Object, java.lang.Object, java.lang.Object, java.lang.Object, java.lang.Object)'> (0x00000000c25f3020) 
thrown [s\src\hotspot\share\interpreter\linkResolver.cpp, line 759]
Event: 23.265 Thread 0x0000022f032f1400 Exception <a 'java/lang/NoSuchMethodError'{0x00000000c3f994f8}: 'java.lang.Object java.lang.invoke.DirectMethodHandle$Holder.invokeStaticInit(java.lang.Object, int, int, int, int)'> (0x00000000c3f994f8) 
thrown [s\src\hotspot\share\interpreter\linkResolver.cpp, line 759]
Event: 23.332 Thread 0x0000022f032f1400 Exception <a 'java/lang/NoSuchMethodError'{0x00000000c3835510}: 'java.lang.Object java.lang.invoke.DirectMethodHandle$Holder.invokeStaticInit(java.lang.Object, java.lang.Object, int, int, int, int)'> (0x00000000c3835510) 
thrown [s\src\hotspot\share\interpreter\linkResolver.cpp, line 759]
Event: 23.599 Thread 0x0000022f032f1400 Exception <a 'java/lang/NoSuchMethodError'{0x00000000c30adeb8}: 'void java.lang.invoke.DirectMethodHandle$Holder.invokeSpecialIFC(java.lang.Object, java.lang.Object, java.lang.Object)'> (0x00000000c30adeb8) 
thrown [s\src\hotspot\share\interpreter\linkResolver.cpp, line 759]
Event: 24.540 Thread 0x0000022f032f1400 Exception <a 'java/lang/NoSuchMethodError'{0x00000000c33669f8}: 'void java.lang.invoke.DirectMethodHandle$Holder.invokeSpecial(java.lang.Object, java.lang.Object, java.lang.Object, java.lang.Object, java.lang.Object, java.lang.Object, java.lang.Object)'> (0x00000000c33669f8) 
thrown [s\src\hotspot\share\interpreter\linkResolver.cpp, line 759]
Event: 25.043 Thread 0x0000022f032f1400 Exception <a 'java/lang/NoSuchMethodError'{0x00000000c302f470}: 'java.lang.Object java.lang.invoke.DirectMethodHandle$Holder.invokeInterface(java.lang.Object, java.lang.Object, int)'> (0x00000000c302f470) 
thrown [s\src\hotspot\share\interpreter\linkResolver.cpp, line 759]
Event: 25.045 Thread 0x0000022f032f1400 Exception <a 'java/lang/IncompatibleClassChangeError'{0x00000000c30421e8}: Found class java.lang.Object, but interface was expected> (0x00000000c30421e8) 
thrown [s\src\hotspot\share\interpreter\linkResolver.cpp, line 826]
Event: 25.285 Thread 0x0000022f032f1400 Exception <a 'java/lang/NoSuchMethodError'{0x00000000c2c3fe30}: 'java.lang.Object java.lang.invoke.DirectMethodHandle$Holder.newInvokeSpecial(java.lang.Object, java.lang.Object, int, java.lang.Object, java.lang.Object)'> (0x00000000c2c3fe30) 
thrown [s\src\hotspot\share\interpreter\linkResolver.cpp, line 759]
Event: 25.288 Thread 0x0000022f032f1400 Exception <a 'java/lang/NoSuchMethodError'{0x00000000c2c51e78}: 'java.lang.Object java.lang.invoke.DirectMethodHandle$Holder.invokeSpecial(java.lang.Object, java.lang.Object, int, java.lang.Object, int, java.lang.Object)'> (0x00000000c2c51e78) 
thrown [s\src\hotspot\share\interpreter\linkResolver.cpp, line 759]
Event: 25.288 Thread 0x0000022f032f1400 Exception <a 'java/lang/NoSuchMethodError'{0x00000000c2c59e98}: 'java.lang.Object java.lang.invoke.DirectMethodHandle$Holder.newInvokeSpecial(java.lang.Object, java.lang.Object, int, java.lang.Object, int)'> (0x00000000c2c59e98) 
thrown [s\src\hotspot\share\interpreter\linkResolver.cpp, line 759]
Event: 25.289 Thread 0x0000022f032f1400 Exception <a 'java/lang/NoSuchMethodError'{0x00000000c2c5df98}: 'java.lang.Object java.lang.invoke.DirectMethodHandle$Holder.invokeSpecial(java.lang.Object, java.lang.Object, java.lang.Object, int, java.lang.Object, int)'> (0x00000000c2c5df98) 
thrown [s\src\hotspot\share\interpreter\linkResolver.cpp, line 759]
Event: 25.678 Thread 0x0000022f132c9d90 Exception <a 'java/lang/NoSuchMethodError'{0x00000000c311a020}: 'java.lang.Object java.lang.invoke.DirectMethodHandle$Holder.invokeStatic(java.lang.Object, java.lang.Object, java.lang.Object, int, java.lang.Object, java.lang.Object)'> (0x00000000c311a020) 
thrown [s\src\hotspot\share\interpreter\linkResolver.cpp, line 759]
Event: 25.685 Thread 0x0000022f0dacae30 Exception <a 'java/lang/NoSuchMethodError'{0x00000000c3139b68}: 'java.lang.Object java.lang.invoke.DirectMethodHandle$Holder.invokeStatic(java.lang.Object, int, java.lang.Object)'> (0x00000000c3139b68) 
thrown [s\src\hotspot\share\interpreter\linkResolver.cpp, line 759]
Event: 65.434 Thread 0x0000022f131fb040 Exception <a 'java/lang/NoSuchMethodError'{0x00000000c30e2460}: 'void java.lang.invoke.DirectMethodHandle$Holder.invokeStatic(java.lang.Object, long)'> (0x00000000c30e2460) 
thrown [s\src\hotspot\share\interpreter\linkResolver.cpp, line 759]
Event: 65.448 Thread 0x0000022f131fb040 Exception <a 'java/lang/NoSuchMethodError'{0x00000000c30e7808}: 'java.lang.Object java.lang.invoke.DirectMethodHandle$Holder.newInvokeSpecial(java.lang.Object, long)'> (0x00000000c30e7808) 
thrown [s\src\hotspot\share\interpreter\linkResolver.cpp, line 759]

VM Operations (20 events):
Event: 25.258 Executing VM operation: HandshakeAllThreads done
Event: 25.258 Executing VM operation: Cleanup
Event: 25.259 Executing VM operation: Cleanup done
Event: 25.260 Executing VM operation: HandshakeAllThreads
Event: 25.260 Executing VM operation: HandshakeAllThreads done
Event: 25.370 Executing VM operation: CollectForMetadataAllocation
Event: 25.377 Executing VM operation: CollectForMetadataAllocation done
Event: 25.409 Executing VM operation: G1Concurrent
Event: 25.412 Executing VM operation: G1Concurrent done
Event: 25.427 Executing VM operation: G1Concurrent
Event: 25.427 Executing VM operation: G1Concurrent done
Event: 26.427 Executing VM operation: Cleanup
Event: 26.427 Executing VM operation: Cleanup done
Event: 65.459 Executing VM operation: HandshakeAllThreads
Event: 65.460 Executing VM operation: HandshakeAllThreads done
Event: 65.974 Executing VM operation: G1CollectFull
Event: 66.094 Executing VM operation: G1CollectFull done
Event: 76.701 Executing VM operation: G1CollectFull
Event: 76.884 Executing VM operation: G1CollectFull done
Event: 87.098 Executing VM operation: G1CollectFull

Events (20 events):
Event: 25.732 loading class java/util/concurrent/CompletableFuture$UniApply
Event: 25.732 loading class java/util/concurrent/CompletableFuture$UniApply done
Event: 25.733 Thread 0x0000022f124cd530 Thread added: 0x0000022f124cd530
Event: 25.733 loading class java/util/concurrent/CompletableFuture$UniExceptionally
Event: 25.734 loading class java/util/concurrent/CompletableFuture$UniExceptionally done
Event: 30.743 Thread 0x0000022f1241bf70 Thread exited: 0x0000022f1241bf70
Event: 30.743 Thread 0x0000022f0ddb65b0 Thread exited: 0x0000022f0ddb65b0
Event: 65.359 loading class java/lang/ProcessBuilder
Event: 65.370 loading class java/lang/ProcessBuilder done
Event: 65.370 loading class java/lang/ProcessImpl
Event: 65.372 loading class java/lang/ProcessImpl done
Event: 65.450 loading class java/lang/ProcessImpl$2
Event: 65.451 loading class java/lang/ProcessImpl$2 done
Event: 65.451 loading class java/lang/Process$PipeInputStream
Event: 65.452 loading class java/lang/Process$PipeInputStream done
Event: 65.460 loading class jdk/internal/event/ProcessStartEvent
Event: 65.461 loading class jdk/internal/event/ProcessStartEvent done
Event: 65.974 loading class java/io/FileOutputStream$1
Event: 65.974 loading class java/io/FileOutputStream$1 done
Event: 85.748 Thread 0x0000022f124cd530 Thread exited: 0x0000022f124cd530


Dynamic libraries:
0x00007ff64c9e0000 - 0x00007ff64c9ee000 	c:\Users\Admin\.vscode\extensions\redhat.java-1.20.0-win32-x64\jre\17.0.7-win32-x86_64\bin\java.exe
0x00007ff917510000 - 0x00007ff917708000 	C:\Windows\SYSTEM32\ntdll.dll
0x00007ff917390000 - 0x00007ff91744f000 	C:\Windows\System32\KERNEL32.DLL
0x00007ff914c20000 - 0x00007ff914f16000 	C:\Windows\System32\KERNELBASE.dll
0x00007ff914fc0000 - 0x00007ff9150c0000 	C:\Windows\System32\ucrtbase.dll
0x00007ff8fbb10000 - 0x00007ff8fbb29000 	c:\Users\Admin\.vscode\extensions\redhat.java-1.20.0-win32-x64\jre\17.0.7-win32-x86_64\bin\VCRUNTIME140.dll
0x00007ff8ff3a0000 - 0x00007ff8ff3b7000 	c:\Users\Admin\.vscode\extensions\redhat.java-1.20.0-win32-x64\jre\17.0.7-win32-x86_64\bin\jli.dll
0x00007ff916d10000 - 0x00007ff916ead000 	C:\Windows\System32\USER32.dll
0x00007ff9046c0000 - 0x00007ff90495a000 	C:\Windows\WinSxS\amd64_microsoft.windows.common-controls_6595b64144ccf1df_6.0.19041.1110_none_60b5254171f9507e\COMCTL32.dll
0x00007ff914bf0000 - 0x00007ff914c12000 	C:\Windows\System32\win32u.dll
0x00007ff9171c0000 - 0x00007ff91725e000 	C:\Windows\System32\msvcrt.dll
0x00007ff916530000 - 0x00007ff91655c000 	C:\Windows\System32\GDI32.dll
0x00007ff9151c0000 - 0x00007ff9152d5000 	C:\Windows\System32\gdi32full.dll
0x00007ff914f20000 - 0x00007ff914fbd000 	C:\Windows\System32\msvcp_win.dll
0x00007ff916fe0000 - 0x00007ff917010000 	C:\Windows\System32\IMM32.DLL
0x00007ff903e00000 - 0x00007ff903e0c000 	c:\Users\Admin\.vscode\extensions\redhat.java-1.20.0-win32-x64\jre\17.0.7-win32-x86_64\bin\vcruntime140_1.dll
0x00007ff8f5650000 - 0x00007ff8f56e1000 	c:\Users\Admin\.vscode\extensions\redhat.java-1.20.0-win32-x64\jre\17.0.7-win32-x86_64\bin\msvcp140.dll
0x00007ff8d4410000 - 0x00007ff8d5058000 	c:\Users\Admin\.vscode\extensions\redhat.java-1.20.0-win32-x64\jre\17.0.7-win32-x86_64\bin\server\jvm.dll
0x00007ff915d80000 - 0x00007ff915e2f000 	C:\Windows\System32\ADVAPI32.dll
0x00007ff9172f0000 - 0x00007ff91738c000 	C:\Windows\System32\sechost.dll
0x00007ff916560000 - 0x00007ff916686000 	C:\Windows\System32\RPCRT4.dll
0x00007ff905a10000 - 0x00007ff905a19000 	C:\Windows\SYSTEM32\WSOCK32.dll
0x00007ff900730000 - 0x00007ff900757000 	C:\Windows\SYSTEM32\WINMM.dll
0x00007ff907ea0000 - 0x00007ff907eaa000 	C:\Windows\SYSTEM32\VERSION.dll
0x00007ff9164c0000 - 0x00007ff91652b000 	C:\Windows\System32\WS2_32.dll
0x00007ff9129c0000 - 0x00007ff9129d2000 	C:\Windows\SYSTEM32\kernel.appcore.dll
0x00007ff903da0000 - 0x00007ff903daa000 	c:\Users\Admin\.vscode\extensions\redhat.java-1.20.0-win32-x64\jre\17.0.7-win32-x86_64\bin\jimage.dll
0x00007ff90da30000 - 0x00007ff90dc14000 	C:\Windows\SYSTEM32\DBGHELP.DLL
0x00007ff90d980000 - 0x00007ff90d9b4000 	C:\Windows\SYSTEM32\dbgcore.DLL
0x00007ff9152e0000 - 0x00007ff915362000 	C:\Windows\System32\bcryptPrimitives.dll
0x00007ff8f7860000 - 0x00007ff8f7885000 	c:\Users\Admin\.vscode\extensions\redhat.java-1.20.0-win32-x64\jre\17.0.7-win32-x86_64\bin\java.dll
0x00007ff8f97f0000 - 0x00007ff8f9808000 	c:\Users\Admin\.vscode\extensions\redhat.java-1.20.0-win32-x64\jre\17.0.7-win32-x86_64\bin\zip.dll
0x00007ff9155d0000 - 0x00007ff915d14000 	C:\Windows\System32\SHELL32.dll
0x00007ff912ca0000 - 0x00007ff913434000 	C:\Windows\SYSTEM32\windows.storage.dll
0x00007ff915f50000 - 0x00007ff9162a4000 	C:\Windows\System32\combase.dll
0x00007ff914630000 - 0x00007ff91465e000 	C:\Windows\SYSTEM32\Wldp.dll
0x00007ff916380000 - 0x00007ff91642d000 	C:\Windows\System32\SHCORE.dll
0x00007ff915d20000 - 0x00007ff915d75000 	C:\Windows\System32\shlwapi.dll
0x00007ff914b20000 - 0x00007ff914b45000 	C:\Windows\SYSTEM32\profapi.dll
0x00007ff8f7970000 - 0x00007ff8f7989000 	C:\Users\Admin\.vscode\extensions\redhat.java-1.20.0-win32-x64\jre\17.0.7-win32-x86_64\bin\net.dll
0x00007ff909e10000 - 0x00007ff909f1a000 	C:\Windows\SYSTEM32\WINHTTP.dll
0x00007ff914390000 - 0x00007ff9143fa000 	C:\Windows\system32\mswsock.dll
0x00007ff8f7840000 - 0x00007ff8f7855000 	C:\Users\Admin\.vscode\extensions\redhat.java-1.20.0-win32-x64\jre\17.0.7-win32-x86_64\bin\nio.dll
0x00007ff914590000 - 0x00007ff9145a8000 	C:\Windows\SYSTEM32\CRYPTSP.dll
0x00007ff913c40000 - 0x00007ff913c74000 	C:\Windows\system32\rsaenh.dll
0x00007ff9153e0000 - 0x00007ff915407000 	C:\Windows\System32\bcrypt.dll
0x00007ff914ae0000 - 0x00007ff914b0e000 	C:\Windows\SYSTEM32\USERENV.dll
0x00007ff914580000 - 0x00007ff91458c000 	C:\Windows\SYSTEM32\CRYPTBASE.dll
0x00007ff914030000 - 0x00007ff91406c000 	C:\Windows\SYSTEM32\IPHLPAPI.DLL
0x00007ff916d00000 - 0x00007ff916d08000 	C:\Windows\System32\NSI.dll
0x00007ff90af10000 - 0x00007ff90af27000 	C:\Windows\SYSTEM32\dhcpcsvc6.DLL
0x00007ff90c4a0000 - 0x00007ff90c4bd000 	C:\Windows\SYSTEM32\dhcpcsvc.DLL
0x00007ff914080000 - 0x00007ff91414a000 	C:\Windows\SYSTEM32\DNSAPI.dll
0x00007ff910270000 - 0x00007ff910279000 	C:\Users\Admin\.vscode\extensions\redhat.java-1.20.0-win32-x64\jre\17.0.7-win32-x86_64\bin\management.dll
0x00007ff904c70000 - 0x00007ff904c7b000 	C:\Users\Admin\.vscode\extensions\redhat.java-1.20.0-win32-x64\jre\17.0.7-win32-x86_64\bin\management_ext.dll
0x00007ff915e30000 - 0x00007ff915e38000 	C:\Windows\System32\PSAPI.DLL

dbghelp: loaded successfully - version: 4.0.5 - missing functions: none
symbol engine: initialized successfully - sym options: 0x614 - pdb path: .;c:\Users\Admin\.vscode\extensions\redhat.java-1.20.0-win32-x64\jre\17.0.7-win32-x86_64\bin;C:\Windows\SYSTEM32;C:\Windows\WinSxS\amd64_microsoft.windows.common-controls_6595b64144ccf1df_6.0.19041.1110_none_60b5254171f9507e;c:\Users\Admin\.vscode\extensions\redhat.java-1.20.0-win32-x64\jre\17.0.7-win32-x86_64\bin\server

VM Arguments:
jvm_args: -XX:+HeapDumpOnOutOfMemoryError -Xmx1024m -Dsts.lsp.client=vscode -Dsts.log.file=/dev/null -XX:TieredStopAtLevel=1 -Xlog:jni+resolve=off -Dspring.config.location=file:c:\Users\Admin\.vscode\extensions\vmware.vscode-spring-boot-1.47.0\language-server\BOOT-INF\classes\application.properties 
java_command: org.springframework.ide.vscode.boot.app.BootLanguageServerBootApp
java_class_path (initial): c:\Users\Admin\.vscode\extensions\vmware.vscode-spring-boot-1.47.0\language-server\BOOT-INF\classes;c:\Users\Admin\.vscode\extensions\vmware.vscode-spring-boot-1.47.0\language-server\BOOT-INF\lib\annotations-24.0.1.jar;c:\Users\Admin\.vscode\extensions\vmware.vscode-spring-boot-1.47.0\language-server\BOOT-INF\lib\antlr-runtime-3.5.3.jar;c:\Users\Admin\.vscode\extensions\vmware.vscode-spring-boot-1.47.0\language-server\BOOT-INF\lib\antlr4-4.11.1.jar;c:\Users\Admin\.vscode\extensions\vmware.vscode-spring-boot-1.47.0\language-server\BOOT-INF\lib\antlr4-runtime-4.11.1.jar;c:\Users\Admin\.vscode\extensions\vmware.vscode-spring-boot-1.47.0\language-server\BOOT-INF\lib\aopalliance-1.0.jar;c:\Users\Admin\.vscode\extensions\vmware.vscode-spring-boot-1.47.0\language-server\BOOT-INF\lib\asm-9.5.jar;c:\Users\Admin\.vscode\extensions\vmware.vscode-spring-boot-1.47.0\language-server\BOOT-INF\lib\asm-analysis-9.5.jar;c:\Users\Admin\.vscode\extensions\vmware.vscode-spring-boot-1.47.0\language-server\BOOT-INF\lib\asm-tree-9.5.jar;c:\Users\Admin\.vscode\extensions\vmware.vscode-spring-boot-1.47.0\language-server\BOOT-INF\lib\asm-util-9.5.jar;c:\Users\Admin\.vscode\extensions\vmware.vscode-spring-boot-1.47.0\language-server\BOOT-INF\lib\auto-common-1.2.1.jar;c:\Users\Admin\.vscode\extensions\vmware.vscode-spring-boot-1.47.0\language-server\BOOT-INF\lib\auto-value-annotations-1.9.jar;c:\Users\Admin\.vscode\extensions\vmware.vscode-spring-boot-1.47.0\language-server\BOOT-INF\lib\caffeine-3.1.2.jar;c:\Users\Admin\.vscode\extensions\vmware.vscode-spring-boot-1.47.0\language-server\BOOT-INF\lib\checker-qual-3.12.0.jar;c:\Users\Admin\.vscode\extensions\vmware.vscode-spring-boot-1.47.0\language-server\BOOT-INF\lib\classgraph-4.8.149.jar;c:\Users\Admin\.vscode\extensions\vmware.vscode-spring-boot-1.47.0\language-server\BOOT-INF\lib\commons-codec-1.15.jar;c:\Users\Admin\.vscode\extensions\vmware.vscode-spring-boot-1.47.0\language-server\BOOT-INF\lib\commons-compres
Launcher Type: SUN_STANDARD

[Global flags]
     intx CICompilerCount                          = 3                                         {product} {ergonomic}
     uint ConcGCThreads                            = 1                                         {product} {ergonomic}
     uint G1ConcRefinementThreads                  = 4                                         {product} {ergonomic}
   size_t G1HeapRegionSize                         = 1048576                                   {product} {ergonomic}
    uintx GCDrainStackTargetSize                   = 64                                        {product} {ergonomic}
     bool HeapDumpOnOutOfMemoryError               = true                                   {manageable} {command line}
   size_t InitialHeapSize                          = 67108864                                  {product} {ergonomic}
   size_t MarkStackSize                            = 4194304                                   {product} {ergonomic}
   size_t MaxHeapSize                              = 1073741824                                {product} {command line}
   size_t MaxNewSize                               = 643825664                                 {product} {ergonomic}
   size_t MinHeapDeltaBytes                        = 1048576                                   {product} {ergonomic}
   size_t MinHeapSize                              = 8388608                                   {product} {ergonomic}
    uintx NonProfiledCodeHeapSize                  = 0                                      {pd product} {ergonomic}
     bool ProfileInterpreter                       = false                                  {pd product} {command line}
    uintx ProfiledCodeHeapSize                     = 0                                      {pd product} {ergonomic}
   size_t SoftMaxHeapSize                          = 1073741824                             {manageable} {ergonomic}
     intx TieredStopAtLevel                        = 1                                         {product} {command line}
     bool UseCompressedClassPointers               = true                           {product lp64_product} {ergonomic}
     bool UseCompressedOops                        = true                           {product lp64_product} {ergonomic}
     bool UseG1GC                                  = true                                      {product} {ergonomic}
     bool UseLargePagesIndividualAllocation        = false                                  {pd product} {ergonomic}

Logging:
Log output configuration:
 #0: stdout all=warning,jni+resolve=off uptime,level,tags
 #1: stderr all=off uptime,level,tags

Environment Variables:
PATH=C:\Program Files\Eclipse Adoptium\jdk-17.0.6.10-hotspot\bin;C:\Program Files\Eclipse Adoptium\jdk-8.0.362.9-hotspot\bin;C:\Program Files\Common Files\Oracle\Java\javapath;C:\Windows\system32;C:\Windows;C:\Windows\System32\Wbem;C:\Windows\System32\WindowsPowerShell\v1.0\;C:\Windows\System32\OpenSSH\;C:\Program Files (x86)\Microsoft SQL Server\160\Tools\Binn\;C:\Program Files\Microsoft SQL Server\160\Tools\Binn\;C:\Program Files\Microsoft SQL Server\Client SDK\ODBC\170\Tools\Binn\;C:\Program Files\Microsoft SQL Server\160\DTS\Binn\;C:\Program Files (x86)\Microsoft SQL Server\160\DTS\Binn\;C:\Program Files\Azure Data Studio\bin;C:\Program Files\Git\cmd;C:\Program Files\nodejs\;C:\Program Files\MySQL\MySQL Shell 8.0\bin\;C:\Users\Admin\AppData\Local\Microsoft\WindowsApps;;C:\Program Files\Azure Data Studio\bin;C:\Microsoft VS Code\bin;C:\Users\Admin\AppData\Roaming\npm
USERNAME=Admin
OS=Windows_NT
PROCESSOR_IDENTIFIER=Intel64 Family 6 Model 69 Stepping 1, GenuineIntel
TMP=C:\Users\Admin\AppData\Local\Temp
TEMP=C:\Users\Admin\AppData\Local\Temp



---------------  S Y S T E M  ---------------

OS:
 Windows 10 , 64 bit Build 19041 (10.0.19041.3155)
OS uptime: 4 days 11:31 hours

CPU: total 4 (initial active 4) (2 cores per cpu, 2 threads per core) family 6 model 69 stepping 1 microcode 0x25, cx8, cmov, fxsr, ht, mmx, sse, sse2, sse3, ssse3, sse4.1, sse4.2, popcnt, lzcnt, tsc, tscinvbit, avx, avx2, aes, erms, clmul, bmi1, bmi2, fma, vzeroupper, clflush

Memory: 4k page, system-wide physical 3992M (278M free)
TotalPageFile size 16280M (AvailPageFile size 5M)
current process WorkingSet (physical memory assigned to process): 91M, peak: 137M
current process commit charge ("private bytes"): 176M, peak: 184M

vm_info: OpenJDK 64-Bit Server VM (17.0.7+7) for windows-amd64 JRE (17.0.7+7), built on Apr 18 2023 22:10:42 by "temurin" with MS VC++ 16.7 (VS2019)

END.
