#
# There is insufficient memory for the Java Runtime Environment to continue.
# Native memory allocation (malloc) failed to allocate 2097152 bytes for AllocateHeap
# Possible reasons:
#   The system is out of physical RAM or swap space
#   The process is running with CompressedOops enabled, and the Java Heap may be blocking the growth of the native heap
# Possible solutions:
#   Reduce memory load on the system
#   Increase physical memory or swap space
#   Check if swap backing store is full
#   Decrease Java heap size (-Xmx/-Xms)
#   Decrease number of Java threads
#   Decrease Java thread stack sizes (-Xss)
#   Set larger code cache with -XX:ReservedCodeCacheSize=
#   JVM is running with Unscaled Compressed Oops mode in which the Java heap is
#     placed in the first 4GB address space. The Java Heap base address is the
#     maximum limit for the native heap growth. Please use -XX:HeapBaseMinAddress
#     to set the Java Heap base and to place the Java Heap above 4GB virtual address.
# This output file may be truncated or incomplete.
#
#  Out of Memory Error (allocation.cpp:44), pid=15992, tid=13300
#
# JRE version: OpenJDK Runtime Environment Temurin-17.0.7+7 (17.0.7+7) (build 17.0.7+7)
# Java VM: OpenJDK 64-Bit Server VM Temurin-17.0.7+7 (17.0.7+7, mixed mode, emulated-client, tiered, compressed oops, compressed class ptrs, g1 gc, windows-amd64)
# No core dump will be written. Minidumps are not enabled by default on client versions of Windows
#

---------------  S U M M A R Y ------------

Command Line: -XX:+HeapDumpOnOutOfMemoryError -Xmx1024m -Dsts.lsp.client=vscode -Dsts.log.file=/dev/null -XX:TieredStopAtLevel=1 -Xlog:jni+resolve=off -Dspring.config.location=file:c:\Users\Admin\.vscode\extensions\vmware.vscode-spring-boot-1.47.0\language-server\BOOT-INF\classes\application.properties org.springframework.ide.vscode.boot.app.BootLanguageServerBootApp

Host: Intel(R) Core(TM) i5-4210U CPU @ 1.70GHz, 4 cores, 3G,  Windows 10 , 64 bit Build 19041 (10.0.19041.3155)
Time: Tue Jul 18 07:40:35 2023 India Standard Time elapsed time: 219.335225 seconds (0d 0h 3m 39s)

---------------  T H R E A D  ---------------

Current thread (0x000002003febc2d0):  VMThread "VM Thread" [stack: 0x000000d5de700000,0x000000d5de800000] [id=13300]

Stack: [0x000000d5de700000,0x000000d5de800000]
Native frames: (J=compiled Java code, j=interpreted, Vv=VM code, C=native code)
V  [jvm.dll+0x67754a]
V  [jvm.dll+0x834304]
V  [jvm.dll+0x835aae]
V  [jvm.dll+0x836113]
V  [jvm.dll+0x24696f]
V  [jvm.dll+0xa681f]
V  [jvm.dll+0x2f7481]
V  [jvm.dll+0x2f30f0]
V  [jvm.dll+0x2db6c7]
V  [jvm.dll+0x31e777]
V  [jvm.dll+0x83a5bb]
V  [jvm.dll+0x83b2f4]
V  [jvm.dll+0x83b80c]
V  [jvm.dll+0x83bbe4]
V  [jvm.dll+0x83bcb0]
V  [jvm.dll+0x7e4e7a]
V  [jvm.dll+0x676395]
C  [ucrtbase.dll+0x21bb2]
C  [KERNEL32.DLL+0x17614]
C  [ntdll.dll+0x526b1]

VM_Operation (0x000000d5dfafefe0): G1CollectFull, mode: safepoint, requested by thread 0x00000200458214a0


---------------  P R O C E S S  ---------------

Threads class SMR info:
_java_thread_list=0x00000200455deed0, length=18, elements={
0x000002003fed27f0, 0x000002003fed3570, 0x000002003ff025d0, 0x000002003ff03350,
0x000002003ff06c30, 0x000002003ff074f0, 0x000002003ff07db0, 0x000002003ff1c7b0,
0x00000200442b37e0, 0x00000200442b4890, 0x00000200456c4850, 0x00000200451276d0,
0x00000200458214a0, 0x0000020045839a20, 0x00000200339e3bd0, 0x000002004585fd20,
0x0000020045957540, 0x0000020044c54cd0
}

Java Threads: ( => current thread )
  0x000002003fed27f0 JavaThread "Reference Handler" daemon [_thread_blocked, id=924, stack(0x000000d5de800000,0x000000d5de900000)]
  0x000002003fed3570 JavaThread "Finalizer" daemon [_thread_blocked, id=14568, stack(0x000000d5de900000,0x000000d5dea00000)]
  0x000002003ff025d0 JavaThread "Signal Dispatcher" daemon [_thread_blocked, id=20352, stack(0x000000d5deb00000,0x000000d5dec00000)]
  0x000002003ff03350 JavaThread "Attach Listener" daemon [_thread_blocked, id=12848, stack(0x000000d5dec00000,0x000000d5ded00000)]
  0x000002003ff06c30 JavaThread "Service Thread" daemon [_thread_blocked, id=12128, stack(0x000000d5ded00000,0x000000d5dee00000)]
  0x000002003ff074f0 JavaThread "Monitor Deflation Thread" daemon [_thread_blocked, id=17980, stack(0x000000d5dee00000,0x000000d5def00000)]
  0x000002003ff07db0 JavaThread "C1 CompilerThread0" daemon [_thread_blocked, id=15688, stack(0x000000d5def00000,0x000000d5df000000)]
  0x000002003ff1c7b0 JavaThread "Sweeper thread" daemon [_thread_blocked, id=320, stack(0x000000d5df000000,0x000000d5df100000)]
  0x00000200442b37e0 JavaThread "Notification Thread" daemon [_thread_blocked, id=6376, stack(0x000000d5df100000,0x000000d5df200000)]
  0x00000200442b4890 JavaThread "Common-Cleaner" daemon [_thread_blocked, id=1200, stack(0x000000d5df300000,0x000000d5df400000)]
  0x00000200456c4850 JavaThread "boundedElastic-evictor-1" daemon [_thread_blocked, id=19880, stack(0x000000d5df800000,0x000000d5df900000)]
  0x00000200451276d0 JavaThread "boundedElastic-evictor-2" daemon [_thread_blocked, id=8532, stack(0x000000d5df900000,0x000000d5dfa00000)]
  0x00000200458214a0 JavaThread "pool-10-thread-1" [_thread_blocked, id=20012, stack(0x000000d5dfa00000,0x000000d5dfb00000)]
  0x0000020045839a20 JavaThread "LanguageServerApp-lifecycle" [_thread_blocked, id=7772, stack(0x000000d5dfb00000,0x000000d5dfc00000)]
  0x00000200339e3bd0 JavaThread "DestroyJavaVM" [_thread_blocked, id=8708, stack(0x000000d5de100000,0x000000d5de200000)]
  0x000002004585fd20 JavaThread "pool-11-thread-1" [_thread_in_native, id=17372, stack(0x000000d5dfc00000,0x000000d5dfd00000)]
  0x0000020045957540 JavaThread "Simple-Language-Server main thread" daemon [_thread_blocked, id=13780, stack(0x000000d5dfd00000,0x000000d5dfe00000)]
  0x0000020044c54cd0 JavaThread "pool-6-thread-1" [_thread_blocked, id=16008, stack(0x000000d5dfe00000,0x000000d5dff00000)]

Other Threads:
=>0x000002003febc2d0 VMThread "VM Thread" [stack: 0x000000d5de700000,0x000000d5de800000] [id=13300]
  0x00000200442b3cb0 WatcherThread [stack: 0x000000d5df200000,0x000000d5df300000] [id=11192]
  0x0000020033a23220 GCTaskThread "GC Thread#0" [stack: 0x000000d5de200000,0x000000d5de300000] [id=15316]
  0x00000200448be990 GCTaskThread "GC Thread#1" [stack: 0x000000d5df400000,0x000000d5df500000] [id=12688]
  0x000002004494cd20 GCTaskThread "GC Thread#2" [stack: 0x000000d5df500000,0x000000d5df600000] [id=6460]
  0x0000020044515520 GCTaskThread "GC Thread#3" [stack: 0x000000d5df700000,0x000000d5df800000] [id=14828]
  0x0000020033a2c070 ConcurrentGCThread "G1 Main Marker" [stack: 0x000000d5de300000,0x000000d5de400000] [id=7836]
  0x0000020033a2c990 ConcurrentGCThread "G1 Conc#0" [stack: 0x000000d5de400000,0x000000d5de500000] [id=17248]
  0x0000020033a7a4e0 ConcurrentGCThread "G1 Refine#0" [stack: 0x000000d5de500000,0x000000d5de600000] [id=7964]
  0x0000020033a7be20 ConcurrentGCThread "G1 Service" [stack: 0x000000d5de600000,0x000000d5de700000] [id=18516]

Threads with active compile tasks:

VM state: at safepoint (normal execution)

VM Mutex/Monitor currently owned by a thread:  ([mutex/lock_event])
[0x00000200338ea600] Threads_lock - owner thread: 0x000002003febc2d0
[0x00000200339e2130] Heap_lock - owner thread: 0x00000200458214a0

Heap address: 0x00000000c0000000, size: 1024 MB, Compressed Oops mode: 32-bit

CDS archive(s) not mapped
Compressed class space mapped at: 0x0000000100000000-0x0000000140000000, reserved size: 1073741824
Narrow klass base: 0x0000000000000000, Narrow klass shift: 3, Narrow klass range: 0x140000000

GC Precious Log:
 CPUs: 4 total, 4 available
 Memory: 3992M
 Large Page Support: Disabled
 NUMA Support: Disabled
 Compressed Oops: Enabled (32-bit)
 Heap Region Size: 1M
 Heap Min Capacity: 8M
 Heap Initial Capacity: 64M
 Heap Max Capacity: 1G
 Pre-touch: Disabled
 Parallel Workers: 4
 Concurrent Workers: 1
 Concurrent Refinement Workers: 4
 Periodic GC: Disabled

Heap:
 garbage-first heap   total 58368K, used 18089K [0x00000000c0000000, 0x0000000100000000)
  region size 1024K, 1 young (1024K), 0 survivors (0K)
 Metaspace       used 37070K, committed 37568K, reserved 1114112K
  class space    used 4799K, committed 4992K, reserved 1048576K

Heap Regions: E=young(eden), S=young(survivor), O=old, HS=humongous(starts), HC=humongous(continues), CS=collection set, F=free, OA=open archive, CA=closed archive, TAMS=top-at-mark-start (previous, next)
|   0|0x00000000c0000000, 0x00000000c0100000, 0x00000000c0100000|100%|HS|  |TAMS 0x00000000c0100000, 0x00000000c0000000| Untracked 
|   1|0x00000000c0100000, 0x00000000c01ffff0, 0x00000000c0200000| 99%| O|  |TAMS 0x00000000c01ffff0, 0x00000000c0100000| Untracked 
|   2|0x00000000c0200000, 0x00000000c0300000, 0x00000000c0300000|100%| O|  |TAMS 0x00000000c0300000, 0x00000000c0200000| Untracked 
|   3|0x00000000c0300000, 0x00000000c0400000, 0x00000000c0400000|100%| O|  |TAMS 0x00000000c0400000, 0x00000000c0300000| Untracked 
|   4|0x00000000c0400000, 0x00000000c0500000, 0x00000000c0500000|100%| O|  |TAMS 0x00000000c0500000, 0x00000000c0400000| Untracked 
|   5|0x00000000c0500000, 0x00000000c0600000, 0x00000000c0600000|100%| O|  |TAMS 0x00000000c0600000, 0x00000000c0500000| Untracked 
|   6|0x00000000c0600000, 0x00000000c0700000, 0x00000000c0700000|100%| O|  |TAMS 0x00000000c0700000, 0x00000000c0600000| Untracked 
|   7|0x00000000c0700000, 0x00000000c07ffff0, 0x00000000c0800000| 99%| O|  |TAMS 0x00000000c07ffff0, 0x00000000c0700000| Untracked 
|   8|0x00000000c0800000, 0x00000000c08ffff0, 0x00000000c0900000| 99%| O|  |TAMS 0x00000000c08ffff0, 0x00000000c0800000| Untracked 
|   9|0x00000000c0900000, 0x00000000c0a00000, 0x00000000c0a00000|100%| O|  |TAMS 0x00000000c0a00000, 0x00000000c0900000| Untracked 
|  10|0x00000000c0a00000, 0x00000000c0affff8, 0x00000000c0b00000| 99%| O|  |TAMS 0x00000000c0affff8, 0x00000000c0a00000| Untracked 
|  11|0x00000000c0b00000, 0x00000000c0bffff8, 0x00000000c0c00000| 99%| O|  |TAMS 0x00000000c0bffff8, 0x00000000c0b00000| Untracked 
|  12|0x00000000c0c00000, 0x00000000c0d00000, 0x00000000c0d00000|100%| O|  |TAMS 0x00000000c0d00000, 0x00000000c0c00000| Untracked 
|  13|0x00000000c0d00000, 0x00000000c0dffff8, 0x00000000c0e00000| 99%| O|  |TAMS 0x00000000c0dffff8, 0x00000000c0d00000| Untracked 
|  14|0x00000000c0e00000, 0x00000000c0f00000, 0x00000000c0f00000|100%| O|  |TAMS 0x00000000c0f00000, 0x00000000c0e00000| Untracked 
|  15|0x00000000c0f00000, 0x00000000c0ffffd0, 0x00000000c1000000| 99%| O|  |TAMS 0x00000000c0ffffd0, 0x00000000c0f00000| Untracked 
|  16|0x00000000c1000000, 0x00000000c10fff10, 0x00000000c1100000| 99%| O|  |TAMS 0x00000000c10fff10, 0x00000000c1000000| Untracked 
|  17|0x00000000c1100000, 0x00000000c11a0708, 0x00000000c1200000| 62%| O|  |TAMS 0x00000000c1100000, 0x00000000c1100000| Untracked 
|  18|0x00000000c1200000, 0x00000000c120a208, 0x00000000c1300000|  3%| O|  |TAMS 0x00000000c1200000, 0x00000000c1200000| Untracked 
|  19|0x00000000c1300000, 0x00000000c1300000, 0x00000000c1400000|  0%| F|  |TAMS 0x00000000c1300000, 0x00000000c1300000| Untracked 
|  20|0x00000000c1400000, 0x00000000c1400000, 0x00000000c1500000|  0%| F|  |TAMS 0x00000000c1400000, 0x00000000c1400000| Untracked 
|  21|0x00000000c1500000, 0x00000000c1500000, 0x00000000c1600000|  0%| F|  |TAMS 0x00000000c1500000, 0x00000000c1500000| Untracked 
|  22|0x00000000c1600000, 0x00000000c1600000, 0x00000000c1700000|  0%| F|  |TAMS 0x00000000c1600000, 0x00000000c1600000| Untracked 
|  23|0x00000000c1700000, 0x00000000c1700000, 0x00000000c1800000|  0%| F|  |TAMS 0x00000000c1700000, 0x00000000c1700000| Untracked 
|  24|0x00000000c1800000, 0x00000000c1800000, 0x00000000c1900000|  0%| F|  |TAMS 0x00000000c1800000, 0x00000000c1800000| Untracked 
|  25|0x00000000c1900000, 0x00000000c1900000, 0x00000000c1a00000|  0%| F|  |TAMS 0x00000000c1900000, 0x00000000c1900000| Untracked 
|  26|0x00000000c1a00000, 0x00000000c1a00000, 0x00000000c1b00000|  0%| F|  |TAMS 0x00000000c1a00000, 0x00000000c1a00000| Untracked 
|  27|0x00000000c1b00000, 0x00000000c1b00000, 0x00000000c1c00000|  0%| F|  |TAMS 0x00000000c1b00000, 0x00000000c1b00000| Untracked 
|  28|0x00000000c1c00000, 0x00000000c1c00000, 0x00000000c1d00000|  0%| F|  |TAMS 0x00000000c1c00000, 0x00000000c1c00000| Untracked 
|  29|0x00000000c1d00000, 0x00000000c1d00000, 0x00000000c1e00000|  0%| F|  |TAMS 0x00000000c1d00000, 0x00000000c1d00000| Untracked 
|  30|0x00000000c1e00000, 0x00000000c1e00000, 0x00000000c1f00000|  0%| F|  |TAMS 0x00000000c1e00000, 0x00000000c1e00000| Untracked 
|  31|0x00000000c1f00000, 0x00000000c1f00000, 0x00000000c2000000|  0%| F|  |TAMS 0x00000000c1f00000, 0x00000000c1f00000| Untracked 
|  32|0x00000000c2000000, 0x00000000c2000000, 0x00000000c2100000|  0%| F|  |TAMS 0x00000000c2000000, 0x00000000c2000000| Untracked 
|  33|0x00000000c2100000, 0x00000000c2100000, 0x00000000c2200000|  0%| F|  |TAMS 0x00000000c2100000, 0x00000000c2100000| Untracked 
|  34|0x00000000c2200000, 0x00000000c2200000, 0x00000000c2300000|  0%| F|  |TAMS 0x00000000c2200000, 0x00000000c2200000| Untracked 
|  35|0x00000000c2300000, 0x00000000c2300000, 0x00000000c2400000|  0%| F|  |TAMS 0x00000000c2300000, 0x00000000c2300000| Untracked 
|  36|0x00000000c2400000, 0x00000000c2400000, 0x00000000c2500000|  0%| F|  |TAMS 0x00000000c2400000, 0x00000000c2400000| Untracked 
|  37|0x00000000c2500000, 0x00000000c2500000, 0x00000000c2600000|  0%| F|  |TAMS 0x00000000c2500000, 0x00000000c2500000| Untracked 
|  38|0x00000000c2600000, 0x00000000c2600000, 0x00000000c2700000|  0%| F|  |TAMS 0x00000000c2600000, 0x00000000c2600000| Untracked 
|  39|0x00000000c2700000, 0x00000000c2700000, 0x00000000c2800000|  0%| F|  |TAMS 0x00000000c2700000, 0x00000000c2700000| Untracked 
|  40|0x00000000c2800000, 0x00000000c2800000, 0x00000000c2900000|  0%| F|  |TAMS 0x00000000c2800000, 0x00000000c2800000| Untracked 
|  41|0x00000000c2900000, 0x00000000c2900000, 0x00000000c2a00000|  0%| F|  |TAMS 0x00000000c2900000, 0x00000000c2900000| Untracked 
|  42|0x00000000c2a00000, 0x00000000c2a00000, 0x00000000c2b00000|  0%| F|  |TAMS 0x00000000c2a00000, 0x00000000c2a00000| Untracked 
|  43|0x00000000c2b00000, 0x00000000c2b00000, 0x00000000c2c00000|  0%| F|  |TAMS 0x00000000c2b00000, 0x00000000c2b00000| Untracked 
|  44|0x00000000c2c00000, 0x00000000c2c00000, 0x00000000c2d00000|  0%| F|  |TAMS 0x00000000c2c00000, 0x00000000c2c00000| Untracked 
|  45|0x00000000c2d00000, 0x00000000c2d00000, 0x00000000c2e00000|  0%| F|  |TAMS 0x00000000c2d00000, 0x00000000c2d00000| Untracked 
|  46|0x00000000c2e00000, 0x00000000c2e00000, 0x00000000c2f00000|  0%| F|  |TAMS 0x00000000c2e00000, 0x00000000c2e00000| Untracked 
|  47|0x00000000c2f00000, 0x00000000c2f00000, 0x00000000c3000000|  0%| F|  |TAMS 0x00000000c2f00000, 0x00000000c2f00000| Untracked 
|  48|0x00000000c3000000, 0x00000000c3000000, 0x00000000c3100000|  0%| F|  |TAMS 0x00000000c3000000, 0x00000000c3000000| Untracked 
|  49|0x00000000c3100000, 0x00000000c3100000, 0x00000000c3200000|  0%| F|  |TAMS 0x00000000c3100000, 0x00000000c3100000| Untracked 
|  50|0x00000000c3200000, 0x00000000c3200000, 0x00000000c3300000|  0%| F|  |TAMS 0x00000000c3200000, 0x00000000c3200000| Untracked 
|  51|0x00000000c3300000, 0x00000000c3300000, 0x00000000c3400000|  0%| F|  |TAMS 0x00000000c3300000, 0x00000000c3300000| Untracked 
|  52|0x00000000c3400000, 0x00000000c3400000, 0x00000000c3500000|  0%| F|  |TAMS 0x00000000c3400000, 0x00000000c3400000| Untracked 
|  53|0x00000000c3500000, 0x00000000c3500000, 0x00000000c3600000|  0%| F|  |TAMS 0x00000000c3500000, 0x00000000c3500000| Untracked 
|  57|0x00000000c3900000, 0x00000000c3900000, 0x00000000c3a00000|  0%| F|  |TAMS 0x00000000c3900000, 0x00000000c3900000| Untracked 
|  58|0x00000000c3a00000, 0x00000000c3a00000, 0x00000000c3b00000|  0%| F|  |TAMS 0x00000000c3a00000, 0x00000000c3a00000| Untracked 
|  63|0x00000000c3f00000, 0x00000000c3f3ae50, 0x00000000c4000000| 23%| E|  |TAMS 0x00000000c3f00000, 0x00000000c3f00000| Complete 

Card table byte_map: [0x000002003b4f0000,0x000002003b6f0000] _byte_map_base: 0x000002003aef0000

Marking Bits (Prev, Next): (CMBitMap*) 0x0000020033a23740, (CMBitMap*) 0x0000020033a23780
 Prev Bits: [0x000002003b8f0000, 0x000002003c8f0000)
 Next Bits: [0x000002003c8f0000, 0x000002003d8f0000)

Polling page: 0x0000020033ab0000

Metaspace:

Usage:
  Non-class:     31.51 MB used.
      Class:      4.69 MB used.
       Both:     36.20 MB used.

Virtual space:
  Non-class space:       64.00 MB reserved,      31.81 MB ( 50%) committed,  1 nodes.
      Class space:        1.00 GB reserved,       4.88 MB ( <1%) committed,  1 nodes.
             Both:        1.06 GB reserved,      36.69 MB (  3%) committed. 

Chunk freelists:
   Non-Class:  15.59 MB
       Class:  11.07 MB
        Both:  26.67 MB

MaxMetaspaceSize: unlimited
CompressedClassSpaceSize: 1.00 GB
Initial GC threshold: 21.00 MB
Current GC threshold: 61.19 MB
CDS: off
MetaspaceReclaimPolicy: balanced
 - commit_granule_bytes: 65536.
 - commit_granule_words: 8192.
 - virtual_space_node_default_size: 8388608.
 - enlarge_chunks_in_place: 1.
 - new_chunks_are_fully_committed: 0.
 - uncommit_free_chunks: 1.
 - use_allocation_guard: 0.
 - handle_deallocations: 1.


Internal statistics:

num_allocs_failed_limit: 6.
num_arena_births: 464.
num_arena_deaths: 132.
num_vsnodes_births: 2.
num_vsnodes_deaths: 0.
num_space_committed: 587.
num_space_uncommitted: 0.
num_chunks_returned_to_freelist: 154.
num_chunks_taken_from_freelist: 1572.
num_chunk_merges: 50.
num_chunk_splits: 1071.
num_chunks_enlarged: 802.
num_inconsistent_stats: 0.

CodeCache: size=49152Kb used=6407Kb max_used=6957Kb free=42744Kb
 bounds [0x0000020037e40000, 0x0000020038510000, 0x000002003ae40000]
 total_blobs=3949 nmethods=3414 adapters=461
 compilation: enabled
              stopped_count=0, restarted_count=0
 full_count=0

Compilation events (20 events):
Event: 48.557 Thread 0x000002003ff07db0 nmethod 3399 0x0000020038509c90 code [0x0000020038509e20, 0x0000020038509ef8]
Event: 48.557 Thread 0x000002003ff07db0 3401       1       jdk.internal.reflect.UnsafeObjectFieldAccessorImpl::set (56 bytes)
Event: 48.558 Thread 0x000002004426d490 nmethod 3400 0x0000020038509f90 code [0x000002003850a160, 0x000002003850a358]
Event: 48.558 Thread 0x000002003ff07db0 nmethod 3401 0x000002003850a490 code [0x000002003850a6e0, 0x000002003850aca8]
Event: 87.197 Thread 0x000002003ff07db0 3405       1       jdk.internal.org.objectweb.asm.Type::getType (10 bytes)
Event: 87.197 Thread 0x000002003ff07db0 nmethod 3405 0x0000020038102710 code [0x00000200381028a0, 0x0000020038102988]
Event: 87.422 Thread 0x000002003ff07db0 3407       1       java.util.logging.Logger::getName (5 bytes)
Event: 87.422 Thread 0x000002003ff07db0 nmethod 3407 0x0000020038102110 code [0x00000200381022a0, 0x0000020038102378]
Event: 87.422 Thread 0x000002003ff07db0 3408   !   1       java.io.FileInputStream::close (69 bytes)
Event: 87.470 Thread 0x000002003ff07db0 nmethod 3408 0x0000020038101a90 code [0x0000020038101c60, 0x0000020038101fd8]
Event: 87.470 Thread 0x000002003ff07db0 3410  s!   1       java.io.FileDescriptor::closeAll (163 bytes)
Event: 87.470 Thread 0x000002003ff07db0 nmethod 3410 0x0000020038100d90 code [0x0000020038100fc0, 0x0000020038101608]
Event: 87.470 Thread 0x000002003ff07db0 3409       1       java.io.FileInputStream$1::<init> (10 bytes)
Event: 87.470 Thread 0x000002003ff07db0 nmethod 3409 0x0000020038100a90 code [0x0000020038100c20, 0x0000020038100d38]
Event: 87.470 Thread 0x000002003ff07db0 3411       1       java.io.FileInputStream$1::close (11 bytes)
Event: 87.471 Thread 0x000002003ff07db0 nmethod 3411 0x0000020038100410 code [0x00000200381005c0, 0x00000200381008d8]
Event: 198.813 Thread 0x000002003ff07db0 3413       1       java.util.concurrent.ThreadPoolExecutor::runStateAtLeast (11 bytes)
Event: 198.815 Thread 0x000002003ff07db0 nmethod 3413 0x00000200380ffe10 code [0x00000200380fffa0, 0x0000020038100058]
Event: 206.888 Thread 0x000002003ff07db0 3414       1       java.util.ArrayList::<init> (63 bytes)
Event: 206.895 Thread 0x000002003ff07db0 nmethod 3414 0x00000200380ff890 code [0x00000200380ffa60, 0x00000200380ffd38]

GC Heap History (20 events):
Event: 108.075 GC heap before
{Heap before GC invocations=14 (full 2):
 garbage-first heap   total 58368K, used 18088K [0x00000000c0000000, 0x0000000100000000)
  region size 1024K, 1 young (1024K), 0 survivors (0K)
 Metaspace       used 37069K, committed 37568K, reserved 1114112K
  class space    used 4799K, committed 4992K, reserved 1048576K
}
Event: 108.114 GC heap after
{Heap after GC invocations=15 (full 3):
 garbage-first heap   total 58368K, used 18088K [0x00000000c0000000, 0x0000000100000000)
  region size 1024K, 0 young (0K), 0 survivors (0K)
 Metaspace       used 37069K, committed 37568K, reserved 1114112K
  class space    used 4799K, committed 4992K, reserved 1048576K
}
Event: 118.344 GC heap before
{Heap before GC invocations=15 (full 3):
 garbage-first heap   total 58368K, used 18088K [0x00000000c0000000, 0x0000000100000000)
  region size 1024K, 1 young (1024K), 0 survivors (0K)
 Metaspace       used 37070K, committed 37568K, reserved 1114112K
  class space    used 4799K, committed 4992K, reserved 1048576K
}
Event: 118.373 GC heap after
{Heap after GC invocations=16 (full 4):
 garbage-first heap   total 58368K, used 18089K [0x00000000c0000000, 0x0000000100000000)
  region size 1024K, 0 young (0K), 0 survivors (0K)
 Metaspace       used 37070K, committed 37568K, reserved 1114112K
  class space    used 4799K, committed 4992K, reserved 1048576K
}
Event: 128.932 GC heap before
{Heap before GC invocations=16 (full 4):
 garbage-first heap   total 58368K, used 18089K [0x00000000c0000000, 0x0000000100000000)
  region size 1024K, 1 young (1024K), 0 survivors (0K)
 Metaspace       used 37070K, committed 37568K, reserved 1114112K
  class space    used 4799K, committed 4992K, reserved 1048576K
}
Event: 128.986 GC heap after
{Heap after GC invocations=17 (full 5):
 garbage-first heap   total 58368K, used 18089K [0x00000000c0000000, 0x0000000100000000)
  region size 1024K, 0 young (0K), 0 survivors (0K)
 Metaspace       used 37070K, committed 37568K, reserved 1114112K
  class space    used 4799K, committed 4992K, reserved 1048576K
}
Event: 139.353 GC heap before
{Heap before GC invocations=17 (full 5):
 garbage-first heap   total 58368K, used 18089K [0x00000000c0000000, 0x0000000100000000)
  region size 1024K, 1 young (1024K), 0 survivors (0K)
 Metaspace       used 37070K, committed 37568K, reserved 1114112K
  class space    used 4799K, committed 4992K, reserved 1048576K
}
Event: 139.387 GC heap after
{Heap after GC invocations=18 (full 6):
 garbage-first heap   total 58368K, used 18089K [0x00000000c0000000, 0x0000000100000000)
  region size 1024K, 0 young (0K), 0 survivors (0K)
 Metaspace       used 37070K, committed 37568K, reserved 1114112K
  class space    used 4799K, committed 4992K, reserved 1048576K
}
Event: 155.491 GC heap before
{Heap before GC invocations=18 (full 6):
 garbage-first heap   total 58368K, used 18089K [0x00000000c0000000, 0x0000000100000000)
  region size 1024K, 1 young (1024K), 0 survivors (0K)
 Metaspace       used 37070K, committed 37568K, reserved 1114112K
  class space    used 4799K, committed 4992K, reserved 1048576K
}
Event: 155.541 GC heap after
{Heap after GC invocations=19 (full 7):
 garbage-first heap   total 58368K, used 18089K [0x00000000c0000000, 0x0000000100000000)
  region size 1024K, 0 young (0K), 0 survivors (0K)
 Metaspace       used 37070K, committed 37568K, reserved 1114112K
  class space    used 4799K, committed 4992K, reserved 1048576K
}
Event: 166.967 GC heap before
{Heap before GC invocations=19 (full 7):
 garbage-first heap   total 58368K, used 18089K [0x00000000c0000000, 0x0000000100000000)
  region size 1024K, 1 young (1024K), 0 survivors (0K)
 Metaspace       used 37070K, committed 37568K, reserved 1114112K
  class space    used 4799K, committed 4992K, reserved 1048576K
}
Event: 167.005 GC heap after
{Heap after GC invocations=20 (full 8):
 garbage-first heap   total 58368K, used 18089K [0x00000000c0000000, 0x0000000100000000)
  region size 1024K, 0 young (0K), 0 survivors (0K)
 Metaspace       used 37070K, committed 37568K, reserved 1114112K
  class space    used 4799K, committed 4992K, reserved 1048576K
}
Event: 177.455 GC heap before
{Heap before GC invocations=20 (full 8):
 garbage-first heap   total 58368K, used 18089K [0x00000000c0000000, 0x0000000100000000)
  region size 1024K, 1 young (1024K), 0 survivors (0K)
 Metaspace       used 37070K, committed 37568K, reserved 1114112K
  class space    used 4799K, committed 4992K, reserved 1048576K
}
Event: 177.491 GC heap after
{Heap after GC invocations=21 (full 9):
 garbage-first heap   total 58368K, used 18089K [0x00000000c0000000, 0x0000000100000000)
  region size 1024K, 0 young (0K), 0 survivors (0K)
 Metaspace       used 37070K, committed 37568K, reserved 1114112K
  class space    used 4799K, committed 4992K, reserved 1048576K
}
Event: 188.331 GC heap before
{Heap before GC invocations=21 (full 9):
 garbage-first heap   total 58368K, used 18089K [0x00000000c0000000, 0x0000000100000000)
  region size 1024K, 1 young (1024K), 0 survivors (0K)
 Metaspace       used 37070K, committed 37568K, reserved 1114112K
  class space    used 4799K, committed 4992K, reserved 1048576K
}
Event: 188.368 GC heap after
{Heap after GC invocations=22 (full 10):
 garbage-first heap   total 58368K, used 18089K [0x00000000c0000000, 0x0000000100000000)
  region size 1024K, 0 young (0K), 0 survivors (0K)
 Metaspace       used 37070K, committed 37568K, reserved 1114112K
  class space    used 4799K, committed 4992K, reserved 1048576K
}
Event: 198.774 GC heap before
{Heap before GC invocations=22 (full 10):
 garbage-first heap   total 58368K, used 18089K [0x00000000c0000000, 0x0000000100000000)
  region size 1024K, 1 young (1024K), 0 survivors (0K)
 Metaspace       used 37070K, committed 37568K, reserved 1114112K
  class space    used 4799K, committed 4992K, reserved 1048576K
}
Event: 198.813 GC heap after
{Heap after GC invocations=23 (full 11):
 garbage-first heap   total 58368K, used 18089K [0x00000000c0000000, 0x0000000100000000)
  region size 1024K, 0 young (0K), 0 survivors (0K)
 Metaspace       used 37070K, committed 37568K, reserved 1114112K
  class space    used 4799K, committed 4992K, reserved 1048576K
}
Event: 209.113 GC heap before
{Heap before GC invocations=23 (full 11):
 garbage-first heap   total 58368K, used 18089K [0x00000000c0000000, 0x0000000100000000)
  region size 1024K, 1 young (1024K), 0 survivors (0K)
 Metaspace       used 37070K, committed 37568K, reserved 1114112K
  class space    used 4799K, committed 4992K, reserved 1048576K
}
Event: 209.148 GC heap after
{Heap after GC invocations=24 (full 12):
 garbage-first heap   total 58368K, used 18089K [0x00000000c0000000, 0x0000000100000000)
  region size 1024K, 0 young (0K), 0 survivors (0K)
 Metaspace       used 37070K, committed 37568K, reserved 1114112K
  class space    used 4799K, committed 4992K, reserved 1048576K
}

Dll operation events (7 events):
Event: 0.026 Loaded shared library c:\Users\Admin\.vscode\extensions\redhat.java-1.20.0-win32-x64\jre\17.0.7-win32-x86_64\bin\java.dll
Event: 0.940 Loaded shared library C:\Users\Admin\.vscode\extensions\redhat.java-1.20.0-win32-x64\jre\17.0.7-win32-x86_64\bin\net.dll
Event: 0.953 Loaded shared library C:\Users\Admin\.vscode\extensions\redhat.java-1.20.0-win32-x64\jre\17.0.7-win32-x86_64\bin\nio.dll
Event: 2.112 Loaded shared library C:\Users\Admin\.vscode\extensions\redhat.java-1.20.0-win32-x64\jre\17.0.7-win32-x86_64\bin\zip.dll
Event: 24.637 Loaded shared library C:\Users\Admin\.vscode\extensions\redhat.java-1.20.0-win32-x64\jre\17.0.7-win32-x86_64\bin\jimage.dll
Event: 47.199 Loaded shared library C:\Users\Admin\.vscode\extensions\redhat.java-1.20.0-win32-x64\jre\17.0.7-win32-x86_64\bin\management.dll
Event: 47.210 Loaded shared library C:\Users\Admin\.vscode\extensions\redhat.java-1.20.0-win32-x64\jre\17.0.7-win32-x86_64\bin\management_ext.dll

Deoptimization events (4 events):
Event: 33.697 Thread 0x00000200339e3bd0 DEOPT PACKING pc=0x0000020038319099 sp=0x000000d5de1fd7b0
Event: 33.697 Thread 0x00000200339e3bd0 DEOPT UNPACKING pc=0x0000020037e97143 sp=0x000000d5de1fcc90 mode 3
Event: 48.291 Thread 0x0000020045957540 DEOPT PACKING pc=0x0000020038502eb5 sp=0x000000d5dfdfd5c0
Event: 48.291 Thread 0x0000020045957540 DEOPT UNPACKING pc=0x0000020037e97143 sp=0x000000d5dfdfcae8 mode 3

Classes unloaded (20 events):
Event: 97.647 Thread 0x000002003febc2d0 Unloading class 0x000000010021a800 'java/lang/invoke/LambdaForm$MH+0x000000010021a800'
Event: 97.647 Thread 0x000002003febc2d0 Unloading class 0x0000000100215000 'java/lang/invoke/LambdaForm$DMH+0x0000000100215000'
Event: 97.647 Thread 0x000002003febc2d0 Unloading class 0x0000000100091c00 'java/lang/invoke/LambdaForm$MH+0x0000000100091c00'
Event: 97.647 Thread 0x000002003febc2d0 Unloading class 0x0000000100091800 'java/lang/invoke/LambdaForm$MH+0x0000000100091800'
Event: 97.648 Thread 0x000002003febc2d0 Unloading class 0x0000000100091400 'java/lang/invoke/LambdaForm$MH+0x0000000100091400'
Event: 97.648 Thread 0x000002003febc2d0 Unloading class 0x0000000100091000 'java/lang/invoke/LambdaForm$MH+0x0000000100091000'
Event: 97.648 Thread 0x000002003febc2d0 Unloading class 0x0000000100090c00 'java/lang/invoke/LambdaForm$MH+0x0000000100090c00'
Event: 97.648 Thread 0x000002003febc2d0 Unloading class 0x0000000100090800 'java/lang/invoke/LambdaForm$MH+0x0000000100090800'
Event: 97.648 Thread 0x000002003febc2d0 Unloading class 0x0000000100090400 'java/lang/invoke/LambdaForm$MH+0x0000000100090400'
Event: 97.648 Thread 0x000002003febc2d0 Unloading class 0x0000000100090000 'java/lang/invoke/LambdaForm$MH+0x0000000100090000'
Event: 97.648 Thread 0x000002003febc2d0 Unloading class 0x000000010008b800 'java/lang/invoke/LambdaForm$MH+0x000000010008b800'
Event: 97.648 Thread 0x000002003febc2d0 Unloading class 0x000000010008b400 'java/lang/invoke/LambdaForm$MH+0x000000010008b400'
Event: 97.648 Thread 0x000002003febc2d0 Unloading class 0x000000010008b000 'java/lang/invoke/LambdaForm$MH+0x000000010008b000'
Event: 97.648 Thread 0x000002003febc2d0 Unloading class 0x000000010008ac00 'java/lang/invoke/LambdaForm$MH+0x000000010008ac00'
Event: 97.648 Thread 0x000002003febc2d0 Unloading class 0x000000010008a800 'java/lang/invoke/LambdaForm$MH+0x000000010008a800'
Event: 97.648 Thread 0x000002003febc2d0 Unloading class 0x000000010008a400 'java/lang/invoke/LambdaForm$MH+0x000000010008a400'
Event: 97.648 Thread 0x000002003febc2d0 Unloading class 0x0000000100089c00 'java/lang/invoke/LambdaForm$MH+0x0000000100089c00'
Event: 97.648 Thread 0x000002003febc2d0 Unloading class 0x0000000100089400 'java/lang/invoke/LambdaForm$MH+0x0000000100089400'
Event: 97.648 Thread 0x000002003febc2d0 Unloading class 0x0000000100088c00 'java/lang/invoke/LambdaForm$MH+0x0000000100088c00'
Event: 97.648 Thread 0x000002003febc2d0 Unloading class 0x0000000100088400 'java/lang/invoke/LambdaForm$MH+0x0000000100088400'

Classes redefined (0 events):
No events

Internal exceptions (20 events):
Event: 40.863 Thread 0x00000200339e3bd0 Exception <a 'java/lang/NoSuchMethodError'{0x00000000c271c5d8}: 'java.lang.Object java.lang.invoke.DirectMethodHandle$Holder.invokeSpecial(java.lang.Object, java.lang.Object, java.lang.Object, java.lang.Object, java.lang.Object, java.lang.Object, java.lang.Object, java.lang.Object, java.lang.Object, java.lang.Object)'> (0x00000000c271c5d8) 
thrown [s\src\hotspot\share\interpreter\linkResolver.cpp, line 759]
Event: 40.863 Thread 0x00000200339e3bd0 Exception <a 'java/lang/NoSuchMethodError'{0x00000000c2720bc0}: 'java.lang.Object java.lang.invoke.Invokers$Holder.invoke_MT(java.lang.Object, java.lang.Object, java.lang.Object, java.lang.Object, java.lang.Object, java.lang.Object, java.lang.Object, java.lang.Object, java.lang.Object, java.lang.Object)'> (0x00000000c2720bc0) 
thrown [s\src\hotspot\share\interpreter\linkResolver.cpp, line 759]
Event: 40.880 Thread 0x00000200339e3bd0 Exception <a 'java/lang/NoSuchMethodError'{0x00000000c2766198}: 'java.lang.Object java.lang.invoke.DirectMethodHandle$Holder.invokeSpecial(java.lang.Object, java.lang.Object, int, java.lang.Object, java.lang.Object)'> (0x00000000c2766198) 
thrown [s\src\hotspot\share\interpreter\linkResolver.cpp, line 759]
Event: 40.880 Thread 0x00000200339e3bd0 Exception <a 'java/lang/NoSuchMethodError'{0x00000000c2769e40}: 'java.lang.Object java.lang.invoke.DelegatingMethodHandle$Holder.delegate(java.lang.Object, int, java.lang.Object, java.lang.Object)'> (0x00000000c2769e40) 
thrown [s\src\hotspot\share\interpreter\linkResolver.cpp, line 759]
Event: 40.888 Thread 0x00000200339e3bd0 Exception <a 'java/lang/NoSuchMethodError'{0x00000000c277acc8}: 'int java.lang.invoke.Invokers$Holder.linkToTargetMethod(java.lang.Object, java.lang.Object, java.lang.Object)'> (0x00000000c277acc8) 
thrown [s\src\hotspot\share\interpreter\linkResolver.cpp, line 759]
Event: 41.201 Thread 0x00000200339e3bd0 Exception <a 'java/lang/NoSuchMethodError'{0x00000000c25e6360}: 'void java.lang.invoke.DirectMethodHandle$Holder.invokeSpecial(java.lang.Object, java.lang.Object, java.lang.Object, java.lang.Object, java.lang.Object, java.lang.Object)'> (0x00000000c25e6360) 
thrown [s\src\hotspot\share\interpreter\linkResolver.cpp, line 759]
Event: 41.515 Thread 0x00000200339e3bd0 Exception <a 'java/lang/NoSuchMethodError'{0x00000000c3f88e20}: 'java.lang.Object java.lang.invoke.DirectMethodHandle$Holder.invokeStaticInit(java.lang.Object, int, int, int, int)'> (0x00000000c3f88e20) 
thrown [s\src\hotspot\share\interpreter\linkResolver.cpp, line 759]
Event: 42.195 Thread 0x00000200339e3bd0 Exception <a 'java/lang/NoSuchMethodError'{0x00000000c3a29e50}: 'java.lang.Object java.lang.invoke.DirectMethodHandle$Holder.invokeStaticInit(java.lang.Object, java.lang.Object, int, int, int, int)'> (0x00000000c3a29e50) 
thrown [s\src\hotspot\share\interpreter\linkResolver.cpp, line 759]
Event: 43.080 Thread 0x00000200339e3bd0 Exception <a 'java/lang/NoSuchMethodError'{0x00000000c309f838}: 'void java.lang.invoke.DirectMethodHandle$Holder.invokeSpecialIFC(java.lang.Object, java.lang.Object, java.lang.Object)'> (0x00000000c309f838) 
thrown [s\src\hotspot\share\interpreter\linkResolver.cpp, line 759]
Event: 45.349 Thread 0x00000200339e3bd0 Exception <a 'java/lang/NoSuchMethodError'{0x00000000c33545f8}: 'void java.lang.invoke.DirectMethodHandle$Holder.invokeSpecial(java.lang.Object, java.lang.Object, java.lang.Object, java.lang.Object, java.lang.Object, java.lang.Object, java.lang.Object)'> (0x00000000c33545f8) 
thrown [s\src\hotspot\share\interpreter\linkResolver.cpp, line 759]
Event: 46.450 Thread 0x00000200339e3bd0 Exception <a 'java/lang/NoSuchMethodError'{0x00000000c301d0f8}: 'java.lang.Object java.lang.invoke.DirectMethodHandle$Holder.invokeInterface(java.lang.Object, java.lang.Object, int)'> (0x00000000c301d0f8) 
thrown [s\src\hotspot\share\interpreter\linkResolver.cpp, line 759]
Event: 46.452 Thread 0x00000200339e3bd0 Exception <a 'java/lang/IncompatibleClassChangeError'{0x00000000c302fe70}: Found class java.lang.Object, but interface was expected> (0x00000000c302fe70) 
thrown [s\src\hotspot\share\interpreter\linkResolver.cpp, line 826]
Event: 47.173 Thread 0x00000200339e3bd0 Exception <a 'java/lang/NoSuchMethodError'{0x00000000c2c476c0}: 'java.lang.Object java.lang.invoke.DirectMethodHandle$Holder.newInvokeSpecial(java.lang.Object, java.lang.Object, int, java.lang.Object, java.lang.Object)'> (0x00000000c2c476c0) 
thrown [s\src\hotspot\share\interpreter\linkResolver.cpp, line 759]
Event: 47.175 Thread 0x00000200339e3bd0 Exception <a 'java/lang/NoSuchMethodError'{0x00000000c2c59708}: 'java.lang.Object java.lang.invoke.DirectMethodHandle$Holder.invokeSpecial(java.lang.Object, java.lang.Object, int, java.lang.Object, int, java.lang.Object)'> (0x00000000c2c59708) 
thrown [s\src\hotspot\share\interpreter\linkResolver.cpp, line 759]
Event: 47.176 Thread 0x00000200339e3bd0 Exception <a 'java/lang/NoSuchMethodError'{0x00000000c2c61550}: 'java.lang.Object java.lang.invoke.DirectMethodHandle$Holder.newInvokeSpecial(java.lang.Object, java.lang.Object, int, java.lang.Object, int)'> (0x00000000c2c61550) 
thrown [s\src\hotspot\share\interpreter\linkResolver.cpp, line 759]
Event: 47.176 Thread 0x00000200339e3bd0 Exception <a 'java/lang/NoSuchMethodError'{0x00000000c2c65650}: 'java.lang.Object java.lang.invoke.DirectMethodHandle$Holder.invokeSpecial(java.lang.Object, java.lang.Object, java.lang.Object, int, java.lang.Object, int)'> (0x00000000c2c65650) 
thrown [s\src\hotspot\share\interpreter\linkResolver.cpp, line 759]
Event: 48.283 Thread 0x0000020045957540 Exception <a 'java/lang/NoSuchMethodError'{0x00000000c32a8a68}: 'java.lang.Object java.lang.invoke.DirectMethodHandle$Holder.invokeStatic(java.lang.Object, int, java.lang.Object)'> (0x00000000c32a8a68) 
thrown [s\src\hotspot\share\interpreter\linkResolver.cpp, line 759]
Event: 48.306 Thread 0x000002004585fd20 Exception <a 'java/lang/NoSuchMethodError'{0x00000000c3275350}: 'java.lang.Object java.lang.invoke.DirectMethodHandle$Holder.invokeStatic(java.lang.Object, java.lang.Object, java.lang.Object, int, java.lang.Object, java.lang.Object)'> (0x00000000c3275350) 
thrown [s\src\hotspot\share\interpreter\linkResolver.cpp, line 759]
Event: 87.196 Thread 0x00000200458214a0 Exception <a 'java/lang/NoSuchMethodError'{0x00000000c30d8a38}: 'void java.lang.invoke.DirectMethodHandle$Holder.invokeStatic(java.lang.Object, long)'> (0x00000000c30d8a38) 
thrown [s\src\hotspot\share\interpreter\linkResolver.cpp, line 759]
Event: 87.197 Thread 0x00000200458214a0 Exception <a 'java/lang/NoSuchMethodError'{0x00000000c30ddde0}: 'java.lang.Object java.lang.invoke.DirectMethodHandle$Holder.newInvokeSpecial(java.lang.Object, long)'> (0x00000000c30ddde0) 
thrown [s\src\hotspot\share\interpreter\linkResolver.cpp, line 759]

VM Operations (20 events):
Event: 118.373 Executing VM operation: G1CollectFull done
Event: 128.932 Executing VM operation: G1CollectFull
Event: 128.987 Executing VM operation: G1CollectFull done
Event: 139.352 Executing VM operation: G1CollectFull
Event: 139.388 Executing VM operation: G1CollectFull done
Event: 155.491 Executing VM operation: G1CollectFull
Event: 155.541 Executing VM operation: G1CollectFull done
Event: 166.967 Executing VM operation: G1CollectFull
Event: 167.005 Executing VM operation: G1CollectFull done
Event: 177.455 Executing VM operation: G1CollectFull
Event: 177.491 Executing VM operation: G1CollectFull done
Event: 188.331 Executing VM operation: G1CollectFull
Event: 188.368 Executing VM operation: G1CollectFull done
Event: 198.774 Executing VM operation: G1CollectFull
Event: 198.813 Executing VM operation: G1CollectFull done
Event: 207.892 Executing VM operation: Cleanup
Event: 207.892 Executing VM operation: Cleanup done
Event: 209.112 Executing VM operation: G1CollectFull
Event: 209.148 Executing VM operation: G1CollectFull done
Event: 219.325 Executing VM operation: G1CollectFull

Events (20 events):
Event: 48.559 loading class java/util/concurrent/ForkJoinPool$DefaultCommonPoolForkJoinWorkerThreadFactory$1
Event: 48.559 loading class java/util/concurrent/ForkJoinPool$DefaultCommonPoolForkJoinWorkerThreadFactory$1 done
Event: 48.559 Thread 0x0000020044c55670 Thread added: 0x0000020044c55670
Event: 48.560 loading class java/util/concurrent/CompletableFuture$UniRelay
Event: 48.560 loading class java/util/concurrent/CompletableFuture$UniRelay done
Event: 53.566 Thread 0x000002004426d490 Thread exited: 0x000002004426d490
Event: 87.179 loading class java/lang/ProcessBuilder
Event: 87.180 loading class java/lang/ProcessBuilder done
Event: 87.180 loading class java/lang/ProcessImpl
Event: 87.181 loading class java/lang/ProcessImpl done
Event: 87.198 loading class java/lang/ProcessImpl$2
Event: 87.198 loading class java/lang/ProcessImpl$2 done
Event: 87.198 loading class java/lang/Process$PipeInputStream
Event: 87.198 loading class java/lang/Process$PipeInputStream done
Event: 87.199 loading class jdk/internal/event/ProcessStartEvent
Event: 87.199 loading class jdk/internal/event/ProcessStartEvent done
Event: 87.422 loading class java/io/FileOutputStream$1
Event: 87.422 loading class java/io/FileOutputStream$1 done
Event: 108.662 Thread 0x0000020044c55670 Thread exited: 0x0000020044c55670
Event: 109.878 Thread 0x0000020044c551a0 Thread exited: 0x0000020044c551a0


Dynamic libraries:
0x00007ff6c5e50000 - 0x00007ff6c5e5e000 	c:\Users\Admin\.vscode\extensions\redhat.java-1.20.0-win32-x64\jre\17.0.7-win32-x86_64\bin\java.exe
0x00007ff917510000 - 0x00007ff917708000 	C:\Windows\SYSTEM32\ntdll.dll
0x00007ff917390000 - 0x00007ff91744f000 	C:\Windows\System32\KERNEL32.DLL
0x00007ff914c20000 - 0x00007ff914f16000 	C:\Windows\System32\KERNELBASE.dll
0x00007ff914fc0000 - 0x00007ff9150c0000 	C:\Windows\System32\ucrtbase.dll
0x00007ff9101d0000 - 0x00007ff9101e7000 	c:\Users\Admin\.vscode\extensions\redhat.java-1.20.0-win32-x64\jre\17.0.7-win32-x86_64\bin\jli.dll
0x00007ff916d10000 - 0x00007ff916ead000 	C:\Windows\System32\USER32.dll
0x00007ff914bf0000 - 0x00007ff914c12000 	C:\Windows\System32\win32u.dll
0x00007ff916530000 - 0x00007ff91655c000 	C:\Windows\System32\GDI32.dll
0x00007ff9151c0000 - 0x00007ff9152d5000 	C:\Windows\System32\gdi32full.dll
0x00007ff914f20000 - 0x00007ff914fbd000 	C:\Windows\System32\msvcp_win.dll
0x00007ff90dec0000 - 0x00007ff90ded9000 	c:\Users\Admin\.vscode\extensions\redhat.java-1.20.0-win32-x64\jre\17.0.7-win32-x86_64\bin\VCRUNTIME140.dll
0x00007ff9046c0000 - 0x00007ff90495a000 	C:\Windows\WinSxS\amd64_microsoft.windows.common-controls_6595b64144ccf1df_6.0.19041.1110_none_60b5254171f9507e\COMCTL32.dll
0x00007ff9171c0000 - 0x00007ff91725e000 	C:\Windows\System32\msvcrt.dll
0x00007ff916fe0000 - 0x00007ff917010000 	C:\Windows\System32\IMM32.DLL
0x00007ff9101b0000 - 0x00007ff9101bc000 	c:\Users\Admin\.vscode\extensions\redhat.java-1.20.0-win32-x64\jre\17.0.7-win32-x86_64\bin\vcruntime140_1.dll
0x00007ff8f6e00000 - 0x00007ff8f6e91000 	c:\Users\Admin\.vscode\extensions\redhat.java-1.20.0-win32-x64\jre\17.0.7-win32-x86_64\bin\msvcp140.dll
0x00007ff8dc2f0000 - 0x00007ff8dcf38000 	c:\Users\Admin\.vscode\extensions\redhat.java-1.20.0-win32-x64\jre\17.0.7-win32-x86_64\bin\server\jvm.dll
0x00007ff915d80000 - 0x00007ff915e2f000 	C:\Windows\System32\ADVAPI32.dll
0x00007ff9172f0000 - 0x00007ff91738c000 	C:\Windows\System32\sechost.dll
0x00007ff916560000 - 0x00007ff916686000 	C:\Windows\System32\RPCRT4.dll
0x00007ff905a10000 - 0x00007ff905a19000 	C:\Windows\SYSTEM32\WSOCK32.dll
0x00007ff9164c0000 - 0x00007ff91652b000 	C:\Windows\System32\WS2_32.dll
0x00007ff900730000 - 0x00007ff900757000 	C:\Windows\SYSTEM32\WINMM.dll
0x00007ff907ea0000 - 0x00007ff907eaa000 	C:\Windows\SYSTEM32\VERSION.dll
0x00007ff9129c0000 - 0x00007ff9129d2000 	C:\Windows\SYSTEM32\kernel.appcore.dll
0x00007ff90fab0000 - 0x00007ff90faba000 	c:\Users\Admin\.vscode\extensions\redhat.java-1.20.0-win32-x64\jre\17.0.7-win32-x86_64\bin\jimage.dll
0x00007ff90da30000 - 0x00007ff90dc14000 	C:\Windows\SYSTEM32\DBGHELP.DLL
0x00007ff90d980000 - 0x00007ff90d9b4000 	C:\Windows\SYSTEM32\dbgcore.DLL
0x00007ff9152e0000 - 0x00007ff915362000 	C:\Windows\System32\bcryptPrimitives.dll
0x00007ff8fb510000 - 0x00007ff8fb535000 	c:\Users\Admin\.vscode\extensions\redhat.java-1.20.0-win32-x64\jre\17.0.7-win32-x86_64\bin\java.dll
0x00007ff907ba0000 - 0x00007ff907bb8000 	c:\Users\Admin\.vscode\extensions\redhat.java-1.20.0-win32-x64\jre\17.0.7-win32-x86_64\bin\zip.dll
0x00007ff9155d0000 - 0x00007ff915d14000 	C:\Windows\System32\SHELL32.dll
0x00007ff912ca0000 - 0x00007ff913434000 	C:\Windows\SYSTEM32\windows.storage.dll
0x00007ff915f50000 - 0x00007ff9162a4000 	C:\Windows\System32\combase.dll
0x00007ff914630000 - 0x00007ff91465e000 	C:\Windows\SYSTEM32\Wldp.dll
0x00007ff916380000 - 0x00007ff91642d000 	C:\Windows\System32\SHCORE.dll
0x00007ff915d20000 - 0x00007ff915d75000 	C:\Windows\System32\shlwapi.dll
0x00007ff914b20000 - 0x00007ff914b45000 	C:\Windows\SYSTEM32\profapi.dll
0x00007ff902a30000 - 0x00007ff902a49000 	C:\Users\Admin\.vscode\extensions\redhat.java-1.20.0-win32-x64\jre\17.0.7-win32-x86_64\bin\net.dll
0x00007ff909e10000 - 0x00007ff909f1a000 	C:\Windows\SYSTEM32\WINHTTP.dll
0x00007ff914390000 - 0x00007ff9143fa000 	C:\Windows\system32\mswsock.dll
0x00007ff8ff3a0000 - 0x00007ff8ff3b5000 	C:\Users\Admin\.vscode\extensions\redhat.java-1.20.0-win32-x64\jre\17.0.7-win32-x86_64\bin\nio.dll
0x00007ff914590000 - 0x00007ff9145a8000 	C:\Windows\SYSTEM32\CRYPTSP.dll
0x00007ff913c40000 - 0x00007ff913c74000 	C:\Windows\system32\rsaenh.dll
0x00007ff9153e0000 - 0x00007ff915407000 	C:\Windows\System32\bcrypt.dll
0x00007ff914ae0000 - 0x00007ff914b0e000 	C:\Windows\SYSTEM32\USERENV.dll
0x00007ff914580000 - 0x00007ff91458c000 	C:\Windows\SYSTEM32\CRYPTBASE.dll
0x00007ff914030000 - 0x00007ff91406c000 	C:\Windows\SYSTEM32\IPHLPAPI.DLL
0x00007ff916d00000 - 0x00007ff916d08000 	C:\Windows\System32\NSI.dll
0x00007ff90af10000 - 0x00007ff90af27000 	C:\Windows\SYSTEM32\dhcpcsvc6.DLL
0x00007ff90c4a0000 - 0x00007ff90c4bd000 	C:\Windows\SYSTEM32\dhcpcsvc.DLL
0x00007ff914080000 - 0x00007ff91414a000 	C:\Windows\SYSTEM32\DNSAPI.dll
0x00007ff904c70000 - 0x00007ff904c79000 	C:\Users\Admin\.vscode\extensions\redhat.java-1.20.0-win32-x64\jre\17.0.7-win32-x86_64\bin\management.dll
0x00007ff903e30000 - 0x00007ff903e3b000 	C:\Users\Admin\.vscode\extensions\redhat.java-1.20.0-win32-x64\jre\17.0.7-win32-x86_64\bin\management_ext.dll
0x00007ff915e30000 - 0x00007ff915e38000 	C:\Windows\System32\PSAPI.DLL

dbghelp: loaded successfully - version: 4.0.5 - missing functions: none
symbol engine: initialized successfully - sym options: 0x614 - pdb path: .;c:\Users\Admin\.vscode\extensions\redhat.java-1.20.0-win32-x64\jre\17.0.7-win32-x86_64\bin;C:\Windows\SYSTEM32;C:\Windows\WinSxS\amd64_microsoft.windows.common-controls_6595b64144ccf1df_6.0.19041.1110_none_60b5254171f9507e;c:\Users\Admin\.vscode\extensions\redhat.java-1.20.0-win32-x64\jre\17.0.7-win32-x86_64\bin\server

VM Arguments:
jvm_args: -XX:+HeapDumpOnOutOfMemoryError -Xmx1024m -Dsts.lsp.client=vscode -Dsts.log.file=/dev/null -XX:TieredStopAtLevel=1 -Xlog:jni+resolve=off -Dspring.config.location=file:c:\Users\Admin\.vscode\extensions\vmware.vscode-spring-boot-1.47.0\language-server\BOOT-INF\classes\application.properties 
java_command: org.springframework.ide.vscode.boot.app.BootLanguageServerBootApp
java_class_path (initial): c:\Users\Admin\.vscode\extensions\vmware.vscode-spring-boot-1.47.0\language-server\BOOT-INF\classes;c:\Users\Admin\.vscode\extensions\vmware.vscode-spring-boot-1.47.0\language-server\BOOT-INF\lib\annotations-24.0.1.jar;c:\Users\Admin\.vscode\extensions\vmware.vscode-spring-boot-1.47.0\language-server\BOOT-INF\lib\antlr-runtime-3.5.3.jar;c:\Users\Admin\.vscode\extensions\vmware.vscode-spring-boot-1.47.0\language-server\BOOT-INF\lib\antlr4-4.11.1.jar;c:\Users\Admin\.vscode\extensions\vmware.vscode-spring-boot-1.47.0\language-server\BOOT-INF\lib\antlr4-runtime-4.11.1.jar;c:\Users\Admin\.vscode\extensions\vmware.vscode-spring-boot-1.47.0\language-server\BOOT-INF\lib\aopalliance-1.0.jar;c:\Users\Admin\.vscode\extensions\vmware.vscode-spring-boot-1.47.0\language-server\BOOT-INF\lib\asm-9.5.jar;c:\Users\Admin\.vscode\extensions\vmware.vscode-spring-boot-1.47.0\language-server\BOOT-INF\lib\asm-analysis-9.5.jar;c:\Users\Admin\.vscode\extensions\vmware.vscode-spring-boot-1.47.0\language-server\BOOT-INF\lib\asm-tree-9.5.jar;c:\Users\Admin\.vscode\extensions\vmware.vscode-spring-boot-1.47.0\language-server\BOOT-INF\lib\asm-util-9.5.jar;c:\Users\Admin\.vscode\extensions\vmware.vscode-spring-boot-1.47.0\language-server\BOOT-INF\lib\auto-common-1.2.1.jar;c:\Users\Admin\.vscode\extensions\vmware.vscode-spring-boot-1.47.0\language-server\BOOT-INF\lib\auto-value-annotations-1.9.jar;c:\Users\Admin\.vscode\extensions\vmware.vscode-spring-boot-1.47.0\language-server\BOOT-INF\lib\caffeine-3.1.2.jar;c:\Users\Admin\.vscode\extensions\vmware.vscode-spring-boot-1.47.0\language-server\BOOT-INF\lib\checker-qual-3.12.0.jar;c:\Users\Admin\.vscode\extensions\vmware.vscode-spring-boot-1.47.0\language-server\BOOT-INF\lib\classgraph-4.8.149.jar;c:\Users\Admin\.vscode\extensions\vmware.vscode-spring-boot-1.47.0\language-server\BOOT-INF\lib\commons-codec-1.15.jar;c:\Users\Admin\.vscode\extensions\vmware.vscode-spring-boot-1.47.0\language-server\BOOT-INF\lib\commons-compres
Launcher Type: SUN_STANDARD

[Global flags]
     intx CICompilerCount                          = 3                                         {product} {ergonomic}
     uint ConcGCThreads                            = 1                                         {product} {ergonomic}
     uint G1ConcRefinementThreads                  = 4                                         {product} {ergonomic}
   size_t G1HeapRegionSize                         = 1048576                                   {product} {ergonomic}
    uintx GCDrainStackTargetSize                   = 64                                        {product} {ergonomic}
     bool HeapDumpOnOutOfMemoryError               = true                                   {manageable} {command line}
   size_t InitialHeapSize                          = 67108864                                  {product} {ergonomic}
   size_t MarkStackSize                            = 4194304                                   {product} {ergonomic}
   size_t MaxHeapSize                              = 1073741824                                {product} {command line}
   size_t MaxNewSize                               = 643825664                                 {product} {ergonomic}
   size_t MinHeapDeltaBytes                        = 1048576                                   {product} {ergonomic}
   size_t MinHeapSize                              = 8388608                                   {product} {ergonomic}
    uintx NonProfiledCodeHeapSize                  = 0                                      {pd product} {ergonomic}
     bool ProfileInterpreter                       = false                                  {pd product} {command line}
    uintx ProfiledCodeHeapSize                     = 0                                      {pd product} {ergonomic}
   size_t SoftMaxHeapSize                          = 1073741824                             {manageable} {ergonomic}
     intx TieredStopAtLevel                        = 1                                         {product} {command line}
     bool UseCompressedClassPointers               = true                           {product lp64_product} {ergonomic}
     bool UseCompressedOops                        = true                           {product lp64_product} {ergonomic}
     bool UseG1GC                                  = true                                      {product} {ergonomic}
     bool UseLargePagesIndividualAllocation        = false                                  {pd product} {ergonomic}

Logging:
Log output configuration:
 #0: stdout all=warning,jni+resolve=off uptime,level,tags
 #1: stderr all=off uptime,level,tags

Environment Variables:
PATH=C:\Program Files\Eclipse Adoptium\jdk-17.0.6.10-hotspot\bin;C:\Program Files\Eclipse Adoptium\jdk-8.0.362.9-hotspot\bin;C:\Program Files\Common Files\Oracle\Java\javapath;C:\Windows\system32;C:\Windows;C:\Windows\System32\Wbem;C:\Windows\System32\WindowsPowerShell\v1.0\;C:\Windows\System32\OpenSSH\;C:\Program Files (x86)\Microsoft SQL Server\160\Tools\Binn\;C:\Program Files\Microsoft SQL Server\160\Tools\Binn\;C:\Program Files\Microsoft SQL Server\Client SDK\ODBC\170\Tools\Binn\;C:\Program Files\Microsoft SQL Server\160\DTS\Binn\;C:\Program Files (x86)\Microsoft SQL Server\160\DTS\Binn\;C:\Program Files\Azure Data Studio\bin;C:\Program Files\Git\cmd;C:\Program Files\nodejs\;C:\Program Files\MySQL\MySQL Shell 8.0\bin\;C:\Users\Admin\AppData\Local\Microsoft\WindowsApps;;C:\Program Files\Azure Data Studio\bin;C:\Microsoft VS Code\bin;C:\Users\Admin\AppData\Roaming\npm
USERNAME=Admin
OS=Windows_NT
PROCESSOR_IDENTIFIER=Intel64 Family 6 Model 69 Stepping 1, GenuineIntel
TMP=C:\Users\Admin\AppData\Local\Temp
TEMP=C:\Users\Admin\AppData\Local\Temp



---------------  S Y S T E M  ---------------

OS:
 Windows 10 , 64 bit Build 19041 (10.0.19041.3155)
OS uptime: 4 days 9:12 hours

CPU: total 4 (initial active 4) (2 cores per cpu, 2 threads per core) family 6 model 69 stepping 1 microcode 0x25, cx8, cmov, fxsr, ht, mmx, sse, sse2, sse3, ssse3, sse4.1, sse4.2, popcnt, lzcnt, tsc, tscinvbit, avx, avx2, aes, erms, clmul, bmi1, bmi2, fma, vzeroupper, clflush

Memory: 4k page, system-wide physical 3992M (299M free)
TotalPageFile size 16280M (AvailPageFile size 7M)
current process WorkingSet (physical memory assigned to process): 43M, peak: 137M
current process commit charge ("private bytes"): 175M, peak: 184M

vm_info: OpenJDK 64-Bit Server VM (17.0.7+7) for windows-amd64 JRE (17.0.7+7), built on Apr 18 2023 22:10:42 by "temurin" with MS VC++ 16.7 (VS2019)

END.
