#
# There is insufficient memory for the Java Runtime Environment to continue.
# Native memory allocation (malloc) failed to allocate 967056 bytes for Chunk::new
# Possible reasons:
#   The system is out of physical RAM or swap space
#   The process is running with CompressedOops enabled, and the Java Heap may be blocking the growth of the native heap
# Possible solutions:
#   Reduce memory load on the system
#   Increase physical memory or swap space
#   Check if swap backing store is full
#   Decrease Java heap size (-Xmx/-Xms)
#   Decrease number of Java threads
#   Decrease Java thread stack sizes (-Xss)
#   Set larger code cache with -XX:ReservedCodeCacheSize=
#   JVM is running with Unscaled Compressed Oops mode in which the Java heap is
#     placed in the first 4GB address space. The Java Heap base address is the
#     maximum limit for the native heap growth. Please use -XX:HeapBaseMinAddress
#     to set the Java Heap base and to place the Java Heap above 4GB virtual address.
# This output file may be truncated or incomplete.
#
#  Out of Memory Error (arena.cpp:189), pid=13252, tid=18116
#
# JRE version: OpenJDK Runtime Environment Temurin-17.0.7+7 (17.0.7+7) (build 17.0.7+7)
# Java VM: OpenJDK 64-Bit Server VM Temurin-17.0.7+7 (17.0.7+7, mixed mode, tiered, compressed oops, compressed class ptrs, g1 gc, windows-amd64)
# No core dump will be written. Minidumps are not enabled by default on client versions of Windows
#

---------------  S U M M A R Y ------------

Command Line: -XX:+ShowCodeDetailsInExceptionMessages -Dspring.jmx.enabled=true -Dmanagement.endpoints.jmx.exposure.include=* -Dspring.application.admin.enabled=true -Dspring.boot.project.name=E-Commerce-Website -Djava.rmi.server.hostname=localhost com.example.ECommerce.ECommerceWebsiteApplication

Host: Intel(R) Core(TM) i5-4210U CPU @ 1.70GHz, 4 cores, 3G,  Windows 10 , 64 bit Build 19041 (10.0.19041.3155)
Time: Mon Jul 17 17:25:53 2023 India Standard Time elapsed time: 11.695826 seconds (0d 0h 0m 11s)

---------------  T H R E A D  ---------------

Current thread (0x000001cffa9693e0):  JavaThread "C2 CompilerThread0" daemon [_thread_in_native, id=18116, stack(0x000000b4c7700000,0x000000b4c7800000)]


Current CompileTask:
C2:  11695 3747       4       org.springframework.beans.factory.support.AbstractBeanFactory::isTypeMatch (619 bytes)

Stack: [0x000000b4c7700000,0x000000b4c7800000]
Native frames: (J=compiled Java code, j=interpreted, Vv=VM code, C=native code)
V  [jvm.dll+0x67754a]
V  [jvm.dll+0x834304]
V  [jvm.dll+0x835aae]
V  [jvm.dll+0x836113]
V  [jvm.dll+0x24696f]
V  [jvm.dll+0xac0ac]
V  [jvm.dll+0xac67c]
V  [jvm.dll+0x2adbef]
V  [jvm.dll+0x580067]
V  [jvm.dll+0x221e72]
V  [jvm.dll+0x21b152]
V  [jvm.dll+0x21895b]
V  [jvm.dll+0x1a4d8d]
V  [jvm.dll+0x2284da]
V  [jvm.dll+0x226615]
V  [jvm.dll+0x7ea90b]
V  [jvm.dll+0x7e4e7a]
V  [jvm.dll+0x676395]
C  [ucrtbase.dll+0x21bb2]
C  [KERNEL32.DLL+0x17614]
C  [ntdll.dll+0x526b1]


---------------  P R O C E S S  ---------------

Threads class SMR info:
_java_thread_list=0x000001cfff4c1e00, length=16, elements={
0x000001cfe42bb410, 0x000001cffa935b50, 0x000001cffa9368d0, 0x000001cffa963ae0,
0x000001cffa9655b0, 0x000001cffa967e80, 0x000001cffa968740, 0x000001cffa9693e0,
0x000001cffa96a530, 0x000001cffaae0060, 0x000001cffabdaa60, 0x000001cffabe9a20,
0x000001cfff73e6a0, 0x000001cfff73eb70, 0x000001cfff73f040, 0x000001cfff73f510
}

Java Threads: ( => current thread )
  0x000001cfe42bb410 JavaThread "main" [_thread_in_native, id=17252, stack(0x000000b4c6a00000,0x000000b4c6b00000)]
  0x000001cffa935b50 JavaThread "Reference Handler" daemon [_thread_blocked, id=18392, stack(0x000000b4c7100000,0x000000b4c7200000)]
  0x000001cffa9368d0 JavaThread "Finalizer" daemon [_thread_blocked, id=3048, stack(0x000000b4c7200000,0x000000b4c7300000)]
  0x000001cffa963ae0 JavaThread "Signal Dispatcher" daemon [_thread_blocked, id=952, stack(0x000000b4c7300000,0x000000b4c7400000)]
  0x000001cffa9655b0 JavaThread "Attach Listener" daemon [_thread_blocked, id=228, stack(0x000000b4c7400000,0x000000b4c7500000)]
  0x000001cffa967e80 JavaThread "Service Thread" daemon [_thread_blocked, id=11476, stack(0x000000b4c7500000,0x000000b4c7600000)]
  0x000001cffa968740 JavaThread "Monitor Deflation Thread" daemon [_thread_blocked, id=9484, stack(0x000000b4c7600000,0x000000b4c7700000)]
=>0x000001cffa9693e0 JavaThread "C2 CompilerThread0" daemon [_thread_in_native, id=18116, stack(0x000000b4c7700000,0x000000b4c7800000)]
  0x000001cffa96a530 JavaThread "C1 CompilerThread0" daemon [_thread_blocked, id=5048, stack(0x000000b4c7800000,0x000000b4c7900000)]
  0x000001cffaae0060 JavaThread "Sweeper thread" daemon [_thread_blocked, id=8948, stack(0x000000b4c7900000,0x000000b4c7a00000)]
  0x000001cffabdaa60 JavaThread "Notification Thread" daemon [_thread_blocked, id=18308, stack(0x000000b4c7a00000,0x000000b4c7b00000)]
  0x000001cffabe9a20 JavaThread "Common-Cleaner" daemon [_thread_blocked, id=17836, stack(0x000000b4c7c00000,0x000000b4c7d00000)]
  0x000001cfff73e6a0 JavaThread "RMI TCP Accept-0" daemon [_thread_in_native, id=13436, stack(0x000000b4c8100000,0x000000b4c8200000)]
  0x000001cfff73eb70 JavaThread "RMI TCP Connection(1)-127.0.0.1" daemon [_thread_in_native, id=12700, stack(0x000000b4c8200000,0x000000b4c8300000)]
  0x000001cfff73f040 JavaThread "RMI Scheduler(0)" daemon [_thread_blocked, id=15964, stack(0x000000b4c8300000,0x000000b4c8400000)]
  0x000001cfff73f510 JavaThread "JMX server connection timeout 18" daemon [_thread_blocked, id=8448, stack(0x000000b4c8400000,0x000000b4c8500000)]

Other Threads:
  0x000001cffa91c120 VMThread "VM Thread" [stack: 0x000000b4c7000000,0x000000b4c7100000] [id=13296]
  0x000001cffabe5360 WatcherThread [stack: 0x000000b4c7b00000,0x000000b4c7c00000] [id=13404]
  0x000001cfe4300910 GCTaskThread "GC Thread#0" [stack: 0x000000b4c6b00000,0x000000b4c6c00000] [id=8280]
  0x000001cfff2f1ac0 GCTaskThread "GC Thread#1" [stack: 0x000000b4c7d00000,0x000000b4c7e00000] [id=3788]
  0x000001cfff2f2460 GCTaskThread "GC Thread#2" [stack: 0x000000b4c7e00000,0x000000b4c7f00000] [id=13928]
  0x000001cfff4a0fc0 GCTaskThread "GC Thread#3" [stack: 0x000000b4c7f00000,0x000000b4c8000000] [id=3076]
  0x000001cfe4309460 ConcurrentGCThread "G1 Main Marker" [stack: 0x000000b4c6c00000,0x000000b4c6d00000] [id=8184]
  0x000001cfe430ad90 ConcurrentGCThread "G1 Conc#0" [stack: 0x000000b4c6d00000,0x000000b4c6e00000] [id=12884]
  0x000001cfe4348bd0 ConcurrentGCThread "G1 Refine#0" [stack: 0x000000b4c6e00000,0x000000b4c6f00000] [id=13744]
  0x000001cfff70c3a0 ConcurrentGCThread "G1 Refine#1" [stack: 0x000000b4c8000000,0x000000b4c8100000] [id=9800]
  0x000001cfe4349500 ConcurrentGCThread "G1 Service" [stack: 0x000000b4c6f00000,0x000000b4c7000000] [id=15816]

Threads with active compile tasks:
C2 CompilerThread0    11740 3747       4       org.springframework.beans.factory.support.AbstractBeanFactory::isTypeMatch (619 bytes)

VM state: not at safepoint (normal execution)

VM Mutex/Monitor currently owned by a thread: None

Heap address: 0x00000000c1800000, size: 1000 MB, Compressed Oops mode: 32-bit

CDS archive(s) not mapped
Compressed class space mapped at: 0x0000000100000000-0x0000000140000000, reserved size: 1073741824
Narrow klass base: 0x0000000000000000, Narrow klass shift: 3, Narrow klass range: 0x140000000

GC Precious Log:
 CPUs: 4 total, 4 available
 Memory: 3992M
 Large Page Support: Disabled
 NUMA Support: Disabled
 Compressed Oops: Enabled (32-bit)
 Heap Region Size: 1M
 Heap Min Capacity: 8M
 Heap Initial Capacity: 64M
 Heap Max Capacity: 1000M
 Pre-touch: Disabled
 Parallel Workers: 4
 Concurrent Workers: 1
 Concurrent Refinement Workers: 4
 Periodic GC: Disabled

Heap:
 garbage-first heap   total 46080K, used 23356K [0x00000000c1800000, 0x0000000100000000)
  region size 1024K, 13 young (13312K), 3 survivors (3072K)
 Metaspace       used 35655K, committed 36096K, reserved 1114112K
  class space    used 4374K, committed 4608K, reserved 1048576K

Heap Regions: E=young(eden), S=young(survivor), O=old, HS=humongous(starts), HC=humongous(continues), CS=collection set, F=free, OA=open archive, CA=closed archive, TAMS=top-at-mark-start (previous, next)
|   0|0x00000000c1800000, 0x00000000c1900000, 0x00000000c1900000|100%| O|  |TAMS 0x00000000c1900000, 0x00000000c1800000| Untracked 
|   1|0x00000000c1900000, 0x00000000c1a00000, 0x00000000c1a00000|100%| O|  |TAMS 0x00000000c1a00000, 0x00000000c1900000| Untracked 
|   2|0x00000000c1a00000, 0x00000000c1b00000, 0x00000000c1b00000|100%| O|  |TAMS 0x00000000c1b00000, 0x00000000c1a00000| Untracked 
|   3|0x00000000c1b00000, 0x00000000c1c00000, 0x00000000c1c00000|100%| O|  |TAMS 0x00000000c1c00000, 0x00000000c1b00000| Untracked 
|   4|0x00000000c1c00000, 0x00000000c1d00000, 0x00000000c1d00000|100%| O|  |TAMS 0x00000000c1c00000, 0x00000000c1c00000| Untracked 
|   5|0x00000000c1d00000, 0x00000000c1e00000, 0x00000000c1e00000|100%| O|  |TAMS 0x00000000c1d00000, 0x00000000c1d00000| Untracked 
|   6|0x00000000c1e00000, 0x00000000c1f00000, 0x00000000c1f00000|100%| O|  |TAMS 0x00000000c1e00000, 0x00000000c1e00000| Untracked 
|   7|0x00000000c1f00000, 0x00000000c2000000, 0x00000000c2000000|100%| O|  |TAMS 0x00000000c1f00000, 0x00000000c1f00000| Untracked 
|   8|0x00000000c2000000, 0x00000000c2100000, 0x00000000c2100000|100%| O|  |TAMS 0x00000000c2000000, 0x00000000c2000000| Untracked 
|   9|0x00000000c2100000, 0x00000000c21cf000, 0x00000000c2200000| 80%| O|  |TAMS 0x00000000c2100000, 0x00000000c2100000| Untracked 
|  10|0x00000000c2200000, 0x00000000c2200000, 0x00000000c2300000|  0%| F|  |TAMS 0x00000000c2200000, 0x00000000c2200000| Untracked 
|  11|0x00000000c2300000, 0x00000000c2300000, 0x00000000c2400000|  0%| F|  |TAMS 0x00000000c2300000, 0x00000000c2300000| Untracked 
|  12|0x00000000c2400000, 0x00000000c2500000, 0x00000000c2500000|100%| O|  |TAMS 0x00000000c2400000, 0x00000000c2400000| Untracked 
|  13|0x00000000c2500000, 0x00000000c2500000, 0x00000000c2600000|  0%| F|  |TAMS 0x00000000c2500000, 0x00000000c2500000| Untracked 
|  14|0x00000000c2600000, 0x00000000c2600000, 0x00000000c2700000|  0%| F|  |TAMS 0x00000000c2600000, 0x00000000c2600000| Untracked 
|  15|0x00000000c2700000, 0x00000000c2700000, 0x00000000c2800000|  0%| F|  |TAMS 0x00000000c2700000, 0x00000000c2700000| Untracked 
|  16|0x00000000c2800000, 0x00000000c2800000, 0x00000000c2900000|  0%| F|  |TAMS 0x00000000c2800000, 0x00000000c2800000| Untracked 
|  17|0x00000000c2900000, 0x00000000c2900000, 0x00000000c2a00000|  0%| F|  |TAMS 0x00000000c2900000, 0x00000000c2900000| Untracked 
|  18|0x00000000c2a00000, 0x00000000c2a00000, 0x00000000c2b00000|  0%| F|  |TAMS 0x00000000c2a00000, 0x00000000c2a00000| Untracked 
|  19|0x00000000c2b00000, 0x00000000c2b00000, 0x00000000c2c00000|  0%| F|  |TAMS 0x00000000c2b00000, 0x00000000c2b00000| Untracked 
|  20|0x00000000c2c00000, 0x00000000c2c00000, 0x00000000c2d00000|  0%| F|  |TAMS 0x00000000c2c00000, 0x00000000c2c00000| Untracked 
|  21|0x00000000c2d00000, 0x00000000c2d00000, 0x00000000c2e00000|  0%| F|  |TAMS 0x00000000c2d00000, 0x00000000c2d00000| Untracked 
|  22|0x00000000c2e00000, 0x00000000c2f00000, 0x00000000c2f00000|100%| S|CS|TAMS 0x00000000c2e00000, 0x00000000c2e00000| Complete 
|  23|0x00000000c2f00000, 0x00000000c3000000, 0x00000000c3000000|100%| S|CS|TAMS 0x00000000c2f00000, 0x00000000c2f00000| Complete 
|  24|0x00000000c3000000, 0x00000000c3100000, 0x00000000c3100000|100%| S|CS|TAMS 0x00000000c3000000, 0x00000000c3000000| Complete 
|  25|0x00000000c3100000, 0x00000000c3100000, 0x00000000c3200000|  0%| F|  |TAMS 0x00000000c3100000, 0x00000000c3100000| Untracked 
|  26|0x00000000c3200000, 0x00000000c3200000, 0x00000000c3300000|  0%| F|  |TAMS 0x00000000c3200000, 0x00000000c3200000| Untracked 
|  27|0x00000000c3300000, 0x00000000c3300000, 0x00000000c3400000|  0%| F|  |TAMS 0x00000000c3300000, 0x00000000c3300000| Untracked 
|  28|0x00000000c3400000, 0x00000000c3400000, 0x00000000c3500000|  0%| F|  |TAMS 0x00000000c3400000, 0x00000000c3400000| Untracked 
|  29|0x00000000c3500000, 0x00000000c3500000, 0x00000000c3600000|  0%| F|  |TAMS 0x00000000c3500000, 0x00000000c3500000| Untracked 
|  30|0x00000000c3600000, 0x00000000c3600000, 0x00000000c3700000|  0%| F|  |TAMS 0x00000000c3600000, 0x00000000c3600000| Untracked 
|  31|0x00000000c3700000, 0x00000000c3700000, 0x00000000c3800000|  0%| F|  |TAMS 0x00000000c3700000, 0x00000000c3700000| Untracked 
|  32|0x00000000c3800000, 0x00000000c3800000, 0x00000000c3900000|  0%| F|  |TAMS 0x00000000c3800000, 0x00000000c3800000| Untracked 
|  33|0x00000000c3900000, 0x00000000c3900000, 0x00000000c3a00000|  0%| F|  |TAMS 0x00000000c3900000, 0x00000000c3900000| Untracked 
|  34|0x00000000c3a00000, 0x00000000c3a00000, 0x00000000c3b00000|  0%| F|  |TAMS 0x00000000c3a00000, 0x00000000c3a00000| Untracked 
|  35|0x00000000c3b00000, 0x00000000c3bb6530, 0x00000000c3c00000| 71%| E|  |TAMS 0x00000000c3b00000, 0x00000000c3b00000| Complete 
|  36|0x00000000c3c00000, 0x00000000c3d00000, 0x00000000c3d00000|100%| E|CS|TAMS 0x00000000c3c00000, 0x00000000c3c00000| Complete 
|  37|0x00000000c3d00000, 0x00000000c3e00000, 0x00000000c3e00000|100%| E|CS|TAMS 0x00000000c3d00000, 0x00000000c3d00000| Complete 
|  38|0x00000000c3e00000, 0x00000000c3f00000, 0x00000000c3f00000|100%| E|CS|TAMS 0x00000000c3e00000, 0x00000000c3e00000| Complete 
|  39|0x00000000c3f00000, 0x00000000c4000000, 0x00000000c4000000|100%| E|CS|TAMS 0x00000000c3f00000, 0x00000000c3f00000| Complete 
|  40|0x00000000c4000000, 0x00000000c4100000, 0x00000000c4100000|100%| E|CS|TAMS 0x00000000c4000000, 0x00000000c4000000| Complete 
|  41|0x00000000c4100000, 0x00000000c4200000, 0x00000000c4200000|100%| E|CS|TAMS 0x00000000c4100000, 0x00000000c4100000| Complete 
|  42|0x00000000c4200000, 0x00000000c4300000, 0x00000000c4300000|100%| E|CS|TAMS 0x00000000c4200000, 0x00000000c4200000| Complete 
|  43|0x00000000c4300000, 0x00000000c4400000, 0x00000000c4400000|100%| E|CS|TAMS 0x00000000c4300000, 0x00000000c4300000| Complete 
|  63|0x00000000c5700000, 0x00000000c5800000, 0x00000000c5800000|100%| E|CS|TAMS 0x00000000c5700000, 0x00000000c5700000| Complete 

Card table byte_map: [0x000001cff6150000,0x000001cff6350000] _byte_map_base: 0x000001cff5b44000

Marking Bits (Prev, Next): (CMBitMap*) 0x000001cfe4300e70, (CMBitMap*) 0x000001cfe4300e30
 Prev Bits: [0x000001cff74f0000, 0x000001cff8490000)
 Next Bits: [0x000001cff6550000, 0x000001cff74f0000)

Polling page: 0x000001cfe2170000

Metaspace:

Usage:
  Non-class:     30.55 MB used.
      Class:      4.27 MB used.
       Both:     34.82 MB used.

Virtual space:
  Non-class space:       64.00 MB reserved,      30.75 MB ( 48%) committed,  1 nodes.
      Class space:        1.00 GB reserved,       4.50 MB ( <1%) committed,  1 nodes.
             Both:        1.06 GB reserved,      35.25 MB (  3%) committed. 

Chunk freelists:
   Non-Class:  1.09 MB
       Class:  11.41 MB
        Both:  12.50 MB

MaxMetaspaceSize: unlimited
CompressedClassSpaceSize: 1.00 GB
Initial GC threshold: 21.00 MB
Current GC threshold: 35.56 MB
CDS: off
MetaspaceReclaimPolicy: balanced
 - commit_granule_bytes: 65536.
 - commit_granule_words: 8192.
 - virtual_space_node_default_size: 8388608.
 - enlarge_chunks_in_place: 1.
 - new_chunks_are_fully_committed: 0.
 - uncommit_free_chunks: 1.
 - use_allocation_guard: 0.
 - handle_deallocations: 1.


Internal statistics:

num_allocs_failed_limit: 5.
num_arena_births: 582.
num_arena_deaths: 0.
num_vsnodes_births: 2.
num_vsnodes_deaths: 0.
num_space_committed: 564.
num_space_uncommitted: 0.
num_chunks_returned_to_freelist: 5.
num_chunks_taken_from_freelist: 1607.
num_chunk_merges: 5.
num_chunk_splits: 1016.
num_chunks_enlarged: 686.
num_inconsistent_stats: 0.

CodeHeap 'non-profiled nmethods': size=120000Kb used=1553Kb max_used=1553Kb free=118446Kb
 bounds [0x000001cfeea20000, 0x000001cfeec90000, 0x000001cff5f50000]
CodeHeap 'profiled nmethods': size=120000Kb used=7940Kb max_used=7940Kb free=112059Kb
 bounds [0x000001cfe6f50000, 0x000001cfe7720000, 0x000001cfee480000]
CodeHeap 'non-nmethods': size=5760Kb used=1227Kb max_used=1268Kb free=4532Kb
 bounds [0x000001cfee480000, 0x000001cfee6f0000, 0x000001cfeea20000]
 total_blobs=4313 nmethods=3783 adapters=442
 compilation: enabled
              stopped_count=0, restarted_count=0
 full_count=0

Compilation events (20 events):
Event: 11.655 Thread 0x000001cffa96a530 nmethod 3779 0x000001cfe76fb190 code [0x000001cfe76fb380, 0x000001cfe76fb928]
Event: 11.655 Thread 0x000001cffa96a530 3780       1       org.springframework.beans.factory.support.DefaultListableBeanFactory::getAutowireCandidateResolver (5 bytes)
Event: 11.656 Thread 0x000001cffa96a530 nmethod 3780 0x000001cfeeba4190 code [0x000001cfeeba4320, 0x000001cfeeba43f8]
Event: 11.665 Thread 0x000001cffa96a530 3782       3       org.springframework.beans.factory.config.BeanPostProcessor::postProcessAfterInitialization (2 bytes)
Event: 11.665 Thread 0x000001cffa96a530 nmethod 3782 0x000001cfe76fba90 code [0x000001cfe76fbc20, 0x000001cfe76fbd38]
Event: 11.666 Thread 0x000001cffa96a530 3783       3       org.springframework.core.ResolvableType::forType (7 bytes)
Event: 11.667 Thread 0x000001cffa96a530 nmethod 3783 0x000001cfe76fbe10 code [0x000001cfe76fbfc0, 0x000001cfe76fc0e8]
Event: 11.667 Thread 0x000001cffa96a530 3784       3       java.util.ArrayList::addAll (111 bytes)
Event: 11.668 Thread 0x000001cffa96a530 nmethod 3784 0x000001cfe76fc190 code [0x000001cfe76fc3a0, 0x000001cfe76fcb38]
Event: 11.680 Thread 0x000001cffa96a530 3785       3       java.lang.Class::createAnnotationData (195 bytes)
Event: 11.681 Thread 0x000001cffa96a530 nmethod 3785 0x000001cfe76fce10 code [0x000001cfe76fd180, 0x000001cfe76fe698]
Event: 11.681 Thread 0x000001cffa96a530 3789       3       java.lang.reflect.ProxyGenerator$ProxyMethod::generateMethod (548 bytes)
Event: 11.685 Thread 0x000001cffa96a530 nmethod 3789 0x000001cfe76fed90 code [0x000001cfe76ff320, 0x000001cfe7702398]
Event: 11.685 Thread 0x000001cffa96a530 3786       3       java.lang.Class$Atomic::casAnnotationData (13 bytes)
Event: 11.685 Thread 0x000001cffa96a530 nmethod 3786 0x000001cfe7703310 code [0x000001cfe77034a0, 0x000001cfe77035f8]
Event: 11.685 Thread 0x000001cffa96a530 3791       1       org.springframework.beans.factory.support.RootBeanDefinition::getResolvedFactoryMethod (5 bytes)
Event: 11.686 Thread 0x000001cffa96a530 nmethod 3791 0x000001cfeeba4490 code [0x000001cfeeba4620, 0x000001cfeeba46f8]
Event: 11.686 Thread 0x000001cffa96a530 3788       3       java.lang.reflect.ProxyGenerator::checkReturnTypes (281 bytes)
Event: 11.689 Thread 0x000001cffa96a530 nmethod 3788 0x000001cfe7703690 code [0x000001cfe7703bc0, 0x000001cfe77062d8]
Event: 11.689 Thread 0x000001cffa96a530 3792   !   3       org.springframework.core.annotation.AnnotationsScanner::processMethodHierarchy (276 bytes)

GC Heap History (20 events):
Event: 1.680 GC heap before
{Heap before GC invocations=0 (full 0):
 garbage-first heap   total 65536K, used 12288K [0x00000000c1800000, 0x0000000100000000)
  region size 1024K, 13 young (13312K), 0 survivors (0K)
 Metaspace       used 13090K, committed 13248K, reserved 1114112K
  class space    used 1398K, committed 1472K, reserved 1048576K
}
Event: 1.694 GC heap after
{Heap after GC invocations=1 (full 0):
 garbage-first heap   total 65536K, used 4653K [0x00000000c1800000, 0x0000000100000000)
  region size 1024K, 2 young (2048K), 2 survivors (2048K)
 Metaspace       used 13090K, committed 13248K, reserved 1114112K
  class space    used 1398K, committed 1472K, reserved 1048576K
}
Event: 2.307 GC heap before
{Heap before GC invocations=1 (full 0):
 garbage-first heap   total 65536K, used 12845K [0x00000000c1800000, 0x0000000100000000)
  region size 1024K, 10 young (10240K), 2 survivors (2048K)
 Metaspace       used 15586K, committed 15808K, reserved 1114112K
  class space    used 1744K, committed 1856K, reserved 1048576K
}
Event: 2.315 GC heap after
{Heap after GC invocations=2 (full 0):
 garbage-first heap   total 65536K, used 5411K [0x00000000c1800000, 0x0000000100000000)
  region size 1024K, 1 young (1024K), 1 survivors (1024K)
 Metaspace       used 15586K, committed 15808K, reserved 1114112K
  class space    used 1744K, committed 1856K, reserved 1048576K
}
Event: 5.510 GC heap before
{Heap before GC invocations=2 (full 0):
 garbage-first heap   total 65536K, used 25891K [0x00000000c1800000, 0x0000000100000000)
  region size 1024K, 23 young (23552K), 1 survivors (1024K)
 Metaspace       used 21240K, committed 21504K, reserved 1114112K
  class space    used 2423K, committed 2560K, reserved 1048576K
}
Event: 5.516 GC heap after
{Heap after GC invocations=3 (full 0):
 garbage-first heap   total 65536K, used 7333K [0x00000000c1800000, 0x0000000100000000)
  region size 1024K, 3 young (3072K), 3 survivors (3072K)
 Metaspace       used 21240K, committed 21504K, reserved 1114112K
  class space    used 2423K, committed 2560K, reserved 1048576K
}
Event: 6.072 GC heap before
{Heap before GC invocations=4 (full 0):
 garbage-first heap   total 30720K, used 21669K [0x00000000c1800000, 0x0000000100000000)
  region size 1024K, 18 young (18432K), 3 survivors (3072K)
 Metaspace       used 24808K, committed 25088K, reserved 1114112K
  class space    used 2935K, committed 3072K, reserved 1048576K
}
Event: 6.080 GC heap after
{Heap after GC invocations=5 (full 0):
 garbage-first heap   total 30720K, used 7919K [0x00000000c1800000, 0x0000000100000000)
  region size 1024K, 4 young (4096K), 4 survivors (4096K)
 Metaspace       used 24808K, committed 25088K, reserved 1114112K
  class space    used 2935K, committed 3072K, reserved 1048576K
}
Event: 6.140 GC heap before
{Heap before GC invocations=5 (full 0):
 garbage-first heap   total 30720K, used 7919K [0x00000000c1800000, 0x0000000100000000)
  region size 1024K, 5 young (5120K), 4 survivors (4096K)
 Metaspace       used 25085K, committed 25408K, reserved 1114112K
  class space    used 2966K, committed 3136K, reserved 1048576K
}
Event: 6.151 GC heap after
{Heap after GC invocations=6 (full 0):
 garbage-first heap   total 30720K, used 8284K [0x00000000c1800000, 0x0000000100000000)
  region size 1024K, 1 young (1024K), 1 survivors (1024K)
 Metaspace       used 25085K, committed 25408K, reserved 1114112K
  class space    used 2966K, committed 3136K, reserved 1048576K
}
Event: 6.874 GC heap before
{Heap before GC invocations=6 (full 0):
 garbage-first heap   total 30720K, used 18524K [0x00000000c1800000, 0x0000000100000000)
  region size 1024K, 12 young (12288K), 1 survivors (1024K)
 Metaspace       used 26690K, committed 26944K, reserved 1114112K
  class space    used 3158K, committed 3264K, reserved 1048576K
}
Event: 6.880 GC heap after
{Heap after GC invocations=7 (full 0):
 garbage-first heap   total 30720K, used 9355K [0x00000000c1800000, 0x0000000100000000)
  region size 1024K, 2 young (2048K), 2 survivors (2048K)
 Metaspace       used 26690K, committed 26944K, reserved 1114112K
  class space    used 3158K, committed 3264K, reserved 1048576K
}
Event: 7.774 GC heap before
{Heap before GC invocations=7 (full 0):
 garbage-first heap   total 30720K, used 19595K [0x00000000c1800000, 0x0000000100000000)
  region size 1024K, 13 young (13312K), 2 survivors (2048K)
 Metaspace       used 27513K, committed 27840K, reserved 1114112K
  class space    used 3243K, committed 3392K, reserved 1048576K
}
Event: 7.783 GC heap after
{Heap after GC invocations=8 (full 0):
 garbage-first heap   total 30720K, used 10354K [0x00000000c1800000, 0x0000000100000000)
  region size 1024K, 1 young (1024K), 1 survivors (1024K)
 Metaspace       used 27513K, committed 27840K, reserved 1114112K
  class space    used 3243K, committed 3392K, reserved 1048576K
}
Event: 8.393 GC heap before
{Heap before GC invocations=8 (full 0):
 garbage-first heap   total 30720K, used 20594K [0x00000000c1800000, 0x0000000100000000)
  region size 1024K, 11 young (11264K), 1 survivors (1024K)
 Metaspace       used 28827K, committed 29056K, reserved 1114112K
  class space    used 3405K, committed 3520K, reserved 1048576K
}
Event: 8.399 GC heap after
{Heap after GC invocations=9 (full 0):
 garbage-first heap   total 30720K, used 11109K [0x00000000c1800000, 0x0000000100000000)
  region size 1024K, 2 young (2048K), 2 survivors (2048K)
 Metaspace       used 28827K, committed 29056K, reserved 1114112K
  class space    used 3405K, committed 3520K, reserved 1048576K
}
Event: 9.280 GC heap before
{Heap before GC invocations=9 (full 0):
 garbage-first heap   total 30720K, used 21349K [0x00000000c1800000, 0x0000000100000000)
  region size 1024K, 12 young (12288K), 2 survivors (2048K)
 Metaspace       used 29984K, committed 30272K, reserved 1114112K
  class space    used 3589K, committed 3712K, reserved 1048576K
}
Event: 9.294 GC heap after
{Heap after GC invocations=10 (full 0):
 garbage-first heap   total 46080K, used 11959K [0x00000000c1800000, 0x0000000100000000)
  region size 1024K, 2 young (2048K), 2 survivors (2048K)
 Metaspace       used 29984K, committed 30272K, reserved 1114112K
  class space    used 3589K, committed 3712K, reserved 1048576K
}
Event: 10.840 GC heap before
{Heap before GC invocations=10 (full 0):
 garbage-first heap   total 46080K, used 32439K [0x00000000c1800000, 0x0000000100000000)
  region size 1024K, 22 young (22528K), 2 survivors (2048K)
 Metaspace       used 34423K, committed 34816K, reserved 1114112K
  class space    used 4180K, committed 4352K, reserved 1048576K
}
Event: 10.855 GC heap after
{Heap after GC invocations=11 (full 0):
 garbage-first heap   total 46080K, used 14140K [0x00000000c1800000, 0x0000000100000000)
  region size 1024K, 3 young (3072K), 3 survivors (3072K)
 Metaspace       used 34423K, committed 34816K, reserved 1114112K
  class space    used 4180K, committed 4352K, reserved 1048576K
}

Dll operation events (8 events):
Event: 0.014 Loaded shared library C:\Users\Admin\.vscode\extensions\redhat.java-1.20.0-win32-x64\jre\17.0.7-win32-x86_64\bin\java.dll
Event: 0.484 Loaded shared library C:\Users\Admin\.vscode\extensions\redhat.java-1.20.0-win32-x64\jre\17.0.7-win32-x86_64\bin\net.dll
Event: 0.492 Loaded shared library C:\Users\Admin\.vscode\extensions\redhat.java-1.20.0-win32-x64\jre\17.0.7-win32-x86_64\bin\nio.dll
Event: 0.515 Loaded shared library C:\Users\Admin\.vscode\extensions\redhat.java-1.20.0-win32-x64\jre\17.0.7-win32-x86_64\bin\zip.dll
Event: 0.677 Loaded shared library C:\Users\Admin\.vscode\extensions\redhat.java-1.20.0-win32-x64\jre\17.0.7-win32-x86_64\bin\jimage.dll
Event: 1.022 Loaded shared library C:\Users\Admin\.vscode\extensions\redhat.java-1.20.0-win32-x64\jre\17.0.7-win32-x86_64\bin\management.dll
Event: 1.048 Loaded shared library C:\Users\Admin\.vscode\extensions\redhat.java-1.20.0-win32-x64\jre\17.0.7-win32-x86_64\bin\management_ext.dll
Event: 10.976 Loaded shared library C:\Users\Admin\.vscode\extensions\redhat.java-1.20.0-win32-x64\jre\17.0.7-win32-x86_64\bin\sunmscapi.dll

Deoptimization events (20 events):
Event: 10.897 Thread 0x000001cfe42bb410 DEOPT PACKING pc=0x000001cfeeb1bdd8 sp=0x000000b4c6afc160
Event: 10.897 Thread 0x000001cfe42bb410 DEOPT UNPACKING pc=0x000001cfee4d69a3 sp=0x000000b4c6afc088 mode 2
Event: 11.073 Thread 0x000001cfe42bb410 DEOPT PACKING pc=0x000001cfe7682ad9 sp=0x000000b4c6afcef0
Event: 11.073 Thread 0x000001cfe42bb410 DEOPT UNPACKING pc=0x000001cfee4d7143 sp=0x000000b4c6afc3e0 mode 0
Event: 11.366 Thread 0x000001cfe42bb410 DEOPT PACKING pc=0x000001cfe7684538 sp=0x000000b4c6af61f0
Event: 11.366 Thread 0x000001cfe42bb410 DEOPT UNPACKING pc=0x000001cfee4d7143 sp=0x000000b4c6af5708 mode 0
Event: 11.454 Thread 0x000001cfe42bb410 Uncommon trap: trap_request=0xffffff45 fr.pc=0x000001cfeeb4b870 relative=0x0000000000000c70
Event: 11.454 Thread 0x000001cfe42bb410 Uncommon trap: reason=unstable_if action=reinterpret pc=0x000001cfeeb4b870 method=org.springframework.util.ConcurrentReferenceHashMap$Segment.findInChain(Lorg/springframework/util/ConcurrentReferenceHashMap$Reference;Ljava/lang/Object;I)Lorg/springframewo
Event: 11.454 Thread 0x000001cfe42bb410 DEOPT PACKING pc=0x000001cfeeb4b870 sp=0x000000b4c6afaaa0
Event: 11.454 Thread 0x000001cfe42bb410 DEOPT UNPACKING pc=0x000001cfee4d69a3 sp=0x000000b4c6afa8e8 mode 2
Event: 11.454 Thread 0x000001cfe42bb410 Uncommon trap: trap_request=0xffffff45 fr.pc=0x000001cfeeb33a4c relative=0x000000000000020c
Event: 11.454 Thread 0x000001cfe42bb410 Uncommon trap: reason=unstable_if action=reinterpret pc=0x000001cfeeb33a4c method=org.springframework.util.ConcurrentReferenceHashMap$Segment.findInChain(Lorg/springframework/util/ConcurrentReferenceHashMap$Reference;Ljava/lang/Object;I)Lorg/springframewo
Event: 11.454 Thread 0x000001cfe42bb410 DEOPT PACKING pc=0x000001cfeeb33a4c sp=0x000000b4c6afa920
Event: 11.454 Thread 0x000001cfe42bb410 DEOPT UNPACKING pc=0x000001cfee4d69a3 sp=0x000000b4c6afa8c8 mode 2
Event: 11.511 Thread 0x000001cfe42bb410 Uncommon trap: trap_request=0xffffff45 fr.pc=0x000001cfeeba15e8 relative=0x0000000000000c08
Event: 11.511 Thread 0x000001cfe42bb410 Uncommon trap: reason=unstable_if action=reinterpret pc=0x000001cfeeba15e8 method=org.springframework.util.ConcurrentReferenceHashMap$Segment.findInChain(Lorg/springframework/util/ConcurrentReferenceHashMap$Reference;Ljava/lang/Object;I)Lorg/springframewo
Event: 11.511 Thread 0x000001cfe42bb410 DEOPT PACKING pc=0x000001cfeeba15e8 sp=0x000000b4c6af9df0
Event: 11.511 Thread 0x000001cfe42bb410 DEOPT UNPACKING pc=0x000001cfee4d69a3 sp=0x000000b4c6af9ca0 mode 2
Event: 11.669 Thread 0x000001cfe42bb410 DEOPT PACKING pc=0x000001cfe7684538 sp=0x000000b4c6af7840
Event: 11.669 Thread 0x000001cfe42bb410 DEOPT UNPACKING pc=0x000001cfee4d7143 sp=0x000000b4c6af6d58 mode 0

Classes unloaded (0 events):
No events

Classes redefined (0 events):
No events

Internal exceptions (20 events):
Event: 11.234 Thread 0x000001cfff73eb70 Exception <a 'java/lang/ClassNotFoundException'{0x00000000c3f57118}: org/springframework/context/support/LiveBeansView> (0x00000000c3f57118) 
thrown [s\src\hotspot\share\classfile\systemDictionary.cpp, line 256]
Event: 11.234 Thread 0x000001cfff73eb70 Exception <a 'java/lang/ClassNotFoundException'{0x00000000c3f574d8}: org/springframework/context/support/LiveBeansView> (0x00000000c3f574d8) 
thrown [s\src\hotspot\share\classfile\systemDictionary.cpp, line 256]
Event: 11.234 Thread 0x000001cfff73eb70 Exception <a 'java/lang/ClassNotFoundException'{0x00000000c3f57ae0}: org/springframework/context/support/LiveBeansView> (0x00000000c3f57ae0) 
thrown [s\src\hotspot\share\classfile\systemDictionary.cpp, line 256]
Event: 11.235 Thread 0x000001cfff73eb70 Exception <a 'java/lang/ClassNotFoundException'{0x00000000c3f57e90}: org/springframework/context/support/LiveBeansView> (0x00000000c3f57e90) 
thrown [s\src\hotspot\share\classfile\systemDictionary.cpp, line 256]
Event: 11.235 Thread 0x000001cfff73eb70 Exception <a 'java/lang/ClassNotFoundException'{0x00000000c3f58258}: org/springframework/context/support/LiveBeansView> (0x00000000c3f58258) 
thrown [s\src\hotspot\share\classfile\systemDictionary.cpp, line 256]
Event: 11.235 Thread 0x000001cfff73eb70 Exception <a 'java/lang/ClassNotFoundException'{0x00000000c3f58618}: org/springframework/context/support/LiveBeansView> (0x00000000c3f58618) 
thrown [s\src\hotspot\share\classfile\systemDictionary.cpp, line 256]
Event: 11.235 Thread 0x000001cfff73eb70 Exception <a 'java/lang/ClassNotFoundException'{0x00000000c3f589d8}: org/springframework/context/support/LiveBeansView> (0x00000000c3f589d8) 
thrown [s\src\hotspot\share\classfile\systemDictionary.cpp, line 256]
Event: 11.235 Thread 0x000001cfff73eb70 Exception <a 'java/lang/ClassNotFoundException'{0x00000000c3f58d98}: org/springframework/context/support/LiveBeansView> (0x00000000c3f58d98) 
thrown [s\src\hotspot\share\classfile\systemDictionary.cpp, line 256]
Event: 11.235 Thread 0x000001cfff73eb70 Exception <a 'java/lang/ClassNotFoundException'{0x00000000c3f59138}: org/springframework/context/support/LiveBeansView> (0x00000000c3f59138) 
thrown [s\src\hotspot\share\classfile\systemDictionary.cpp, line 256]
Event: 11.235 Thread 0x000001cfff73eb70 Exception <a 'java/lang/ClassNotFoundException'{0x00000000c3f594f0}: org/springframework/context/support/LiveBeansView> (0x00000000c3f594f0) 
thrown [s\src\hotspot\share\classfile\systemDictionary.cpp, line 256]
Event: 11.235 Thread 0x000001cfff73eb70 Exception <a 'java/lang/ClassNotFoundException'{0x00000000c3f59898}: org/springframework/context/support/LiveBeansView> (0x00000000c3f59898) 
thrown [s\src\hotspot\share\classfile\systemDictionary.cpp, line 256]
Event: 11.240 Thread 0x000001cfff73eb70 Exception <a 'java/lang/ClassNotFoundException'{0x00000000c3fa5048}: org/springframework/context/support/LiveBeansView> (0x00000000c3fa5048) 
thrown [s\src\hotspot\share\classfile\systemDictionary.cpp, line 256]
Event: 11.240 Thread 0x000001cfff73eb70 Exception <a 'java/lang/ClassNotFoundException'{0x00000000c3fa5410}: org/springframework/context/support/LiveBeansView> (0x00000000c3fa5410) 
thrown [s\src\hotspot\share\classfile\systemDictionary.cpp, line 256]
Event: 11.240 Thread 0x000001cfff73eb70 Exception <a 'java/lang/ClassNotFoundException'{0x00000000c3fa5a40}: org/springframework/context/support/LiveBeansView> (0x00000000c3fa5a40) 
thrown [s\src\hotspot\share\classfile\systemDictionary.cpp, line 256]
Event: 11.240 Thread 0x000001cfff73eb70 Exception <a 'java/lang/ClassNotFoundException'{0x00000000c3fa5df0}: org/springframework/context/support/LiveBeansView> (0x00000000c3fa5df0) 
thrown [s\src\hotspot\share\classfile\systemDictionary.cpp, line 256]
Event: 11.248 Thread 0x000001cfff73eb70 Exception <a 'java/lang/reflect/InvocationTargetException'{0x00000000c3fa9550}> (0x00000000c3fa9550) 
thrown [s\src\hotspot\share\runtime\reflection.cpp, line 1121]
Event: 11.383 Thread 0x000001cfe42bb410 Exception <a 'java/lang/NoSuchMethodError'{0x00000000c3e2c1f8}: 'java.lang.Object java.lang.invoke.DirectMethodHandle$Holder.invokeStaticInit(java.lang.Object, java.lang.Object, java.lang.Object, java.lang.Object)'> (0x00000000c3e2c1f8) 
thrown [s\src\hotspot\share\interpreter\linkResolver.cpp, line 759]
Event: 11.387 Thread 0x000001cfe42bb410 Exception <a 'java/lang/IncompatibleClassChangeError'{0x00000000c3e3e3b0}: Found class java.lang.Object, but interface was expected> (0x00000000c3e3e3b0) 
thrown [s\src\hotspot\share\interpreter\linkResolver.cpp, line 826]
Event: 11.390 Thread 0x000001cfe42bb410 Exception <a 'java/lang/IncompatibleClassChangeError'{0x00000000c3e4b6f0}: Found class java.lang.Object, but interface was expected> (0x00000000c3e4b6f0) 
thrown [s\src\hotspot\share\interpreter\linkResolver.cpp, line 826]
Event: 11.433 Thread 0x000001cfe42bb410 Exception <a 'java/lang/IncompatibleClassChangeError'{0x00000000c3e79ec8}: Found class java.lang.Object, but interface was expected> (0x00000000c3e79ec8) 
thrown [s\src\hotspot\share\interpreter\linkResolver.cpp, line 826]

VM Operations (20 events):
Event: 10.005 Executing VM operation: HandshakeAllThreads
Event: 10.005 Executing VM operation: HandshakeAllThreads done
Event: 10.264 Executing VM operation: HandshakeAllThreads
Event: 10.264 Executing VM operation: HandshakeAllThreads done
Event: 10.593 Executing VM operation: HandshakeAllThreads
Event: 10.593 Executing VM operation: HandshakeAllThreads done
Event: 10.593 Executing VM operation: Cleanup
Event: 10.595 Executing VM operation: Cleanup done
Event: 10.600 Executing VM operation: HandshakeAllThreads
Event: 10.600 Executing VM operation: HandshakeAllThreads done
Event: 10.796 Executing VM operation: HandshakeAllThreads
Event: 10.796 Executing VM operation: HandshakeAllThreads done
Event: 10.840 Executing VM operation: G1CollectForAllocation
Event: 10.855 Executing VM operation: G1CollectForAllocation done
Event: 10.907 Executing VM operation: HandshakeAllThreads
Event: 10.907 Executing VM operation: HandshakeAllThreads done
Event: 10.989 Executing VM operation: HandshakeAllThreads
Event: 10.989 Executing VM operation: HandshakeAllThreads done
Event: 11.537 Executing VM operation: HandshakeAllThreads
Event: 11.538 Executing VM operation: HandshakeAllThreads done

Events (20 events):
Event: 10.989 loading class java/util/stream/ReduceOps$2ReducingSink
Event: 10.989 loading class java/util/stream/ReduceOps$2ReducingSink done
Event: 11.393 loading class java/util/stream/ReduceOps$1
Event: 11.393 loading class java/util/stream/ReduceOps$1 done
Event: 11.393 loading class java/util/stream/ReduceOps$1ReducingSink
Event: 11.393 loading class java/util/stream/ReduceOps$1ReducingSink done
Event: 11.432 loading class java/util/stream/Streams$ConcatSpliterator$OfRef
Event: 11.432 loading class java/util/stream/Streams$ConcatSpliterator
Event: 11.433 loading class java/util/stream/Streams$ConcatSpliterator done
Event: 11.433 loading class java/util/stream/Streams$ConcatSpliterator$OfRef done
Event: 11.433 loading class java/util/stream/Streams$2
Event: 11.433 loading class java/util/stream/Streams$2 done
Event: 11.447 loading class java/util/function/ToDoubleFunction
Event: 11.447 loading class java/util/function/ToDoubleFunction done
Event: 11.523 loading class java/lang/invoke/DirectMethodHandle$Special
Event: 11.524 loading class java/lang/invoke/DirectMethodHandle$Special done
Event: 11.532 loading class java/util/IdentityHashMap$KeyIterator
Event: 11.532 loading class java/util/IdentityHashMap$KeyIterator done
Event: 11.675 loading class sun/reflect/generics/tree/BooleanSignature
Event: 11.675 loading class sun/reflect/generics/tree/BooleanSignature done


Dynamic libraries:
0x00007ff739ae0000 - 0x00007ff739aee000 	C:\Users\Admin\.vscode\extensions\redhat.java-1.20.0-win32-x64\jre\17.0.7-win32-x86_64\bin\java.exe
0x00007ff917510000 - 0x00007ff917708000 	C:\Windows\SYSTEM32\ntdll.dll
0x00007ff917390000 - 0x00007ff91744f000 	C:\Windows\System32\KERNEL32.DLL
0x00007ff914c20000 - 0x00007ff914f16000 	C:\Windows\System32\KERNELBASE.dll
0x00007ff914fc0000 - 0x00007ff9150c0000 	C:\Windows\System32\ucrtbase.dll
0x00007ff9101b0000 - 0x00007ff9101c7000 	C:\Users\Admin\.vscode\extensions\redhat.java-1.20.0-win32-x64\jre\17.0.7-win32-x86_64\bin\jli.dll
0x00007ff916d10000 - 0x00007ff916ead000 	C:\Windows\System32\USER32.dll
0x00007ff914bf0000 - 0x00007ff914c12000 	C:\Windows\System32\win32u.dll
0x00007ff916530000 - 0x00007ff91655c000 	C:\Windows\System32\GDI32.dll
0x00007ff9151c0000 - 0x00007ff9152d5000 	C:\Windows\System32\gdi32full.dll
0x00007ff914f20000 - 0x00007ff914fbd000 	C:\Windows\System32\msvcp_win.dll
0x00007ff90dec0000 - 0x00007ff90ded9000 	C:\Users\Admin\.vscode\extensions\redhat.java-1.20.0-win32-x64\jre\17.0.7-win32-x86_64\bin\VCRUNTIME140.dll
0x00007ff9046c0000 - 0x00007ff90495a000 	C:\Windows\WinSxS\amd64_microsoft.windows.common-controls_6595b64144ccf1df_6.0.19041.1110_none_60b5254171f9507e\COMCTL32.dll
0x00007ff9171c0000 - 0x00007ff91725e000 	C:\Windows\System32\msvcrt.dll
0x00007ff916fe0000 - 0x00007ff917010000 	C:\Windows\System32\IMM32.DLL
0x00007ff90cfe0000 - 0x00007ff90cfec000 	C:\Users\Admin\.vscode\extensions\redhat.java-1.20.0-win32-x64\jre\17.0.7-win32-x86_64\bin\vcruntime140_1.dll
0x00007ff8f40d0000 - 0x00007ff8f4161000 	C:\Users\Admin\.vscode\extensions\redhat.java-1.20.0-win32-x64\jre\17.0.7-win32-x86_64\bin\msvcp140.dll
0x00007ff8d9720000 - 0x00007ff8da368000 	C:\Users\Admin\.vscode\extensions\redhat.java-1.20.0-win32-x64\jre\17.0.7-win32-x86_64\bin\server\jvm.dll
0x00007ff915d80000 - 0x00007ff915e2f000 	C:\Windows\System32\ADVAPI32.dll
0x00007ff9172f0000 - 0x00007ff91738c000 	C:\Windows\System32\sechost.dll
0x00007ff916560000 - 0x00007ff916686000 	C:\Windows\System32\RPCRT4.dll
0x00007ff905a10000 - 0x00007ff905a19000 	C:\Windows\SYSTEM32\WSOCK32.dll
0x00007ff9164c0000 - 0x00007ff91652b000 	C:\Windows\System32\WS2_32.dll
0x00007ff900730000 - 0x00007ff900757000 	C:\Windows\SYSTEM32\WINMM.dll
0x00007ff907ea0000 - 0x00007ff907eaa000 	C:\Windows\SYSTEM32\VERSION.dll
0x00007ff9129c0000 - 0x00007ff9129d2000 	C:\Windows\SYSTEM32\kernel.appcore.dll
0x00007ff907bb0000 - 0x00007ff907bba000 	C:\Users\Admin\.vscode\extensions\redhat.java-1.20.0-win32-x64\jre\17.0.7-win32-x86_64\bin\jimage.dll
0x00007ff90da30000 - 0x00007ff90dc14000 	C:\Windows\SYSTEM32\DBGHELP.DLL
0x00007ff90d980000 - 0x00007ff90d9b4000 	C:\Windows\SYSTEM32\dbgcore.DLL
0x00007ff9152e0000 - 0x00007ff915362000 	C:\Windows\System32\bcryptPrimitives.dll
0x00007ff8f7090000 - 0x00007ff8f70b5000 	C:\Users\Admin\.vscode\extensions\redhat.java-1.20.0-win32-x64\jre\17.0.7-win32-x86_64\bin\java.dll
0x00007ff8ff3a0000 - 0x00007ff8ff3b8000 	C:\Users\Admin\.vscode\extensions\redhat.java-1.20.0-win32-x64\jre\17.0.7-win32-x86_64\bin\zip.dll
0x00007ff9155d0000 - 0x00007ff915d14000 	C:\Windows\System32\SHELL32.dll
0x00007ff912ca0000 - 0x00007ff913434000 	C:\Windows\SYSTEM32\windows.storage.dll
0x00007ff915f50000 - 0x00007ff9162a4000 	C:\Windows\System32\combase.dll
0x00007ff914630000 - 0x00007ff91465e000 	C:\Windows\SYSTEM32\Wldp.dll
0x00007ff916380000 - 0x00007ff91642d000 	C:\Windows\System32\SHCORE.dll
0x00007ff915d20000 - 0x00007ff915d75000 	C:\Windows\System32\shlwapi.dll
0x00007ff914b20000 - 0x00007ff914b45000 	C:\Windows\SYSTEM32\profapi.dll
0x00007ff8f97f0000 - 0x00007ff8f9809000 	C:\Users\Admin\.vscode\extensions\redhat.java-1.20.0-win32-x64\jre\17.0.7-win32-x86_64\bin\net.dll
0x00007ff909e10000 - 0x00007ff909f1a000 	C:\Windows\SYSTEM32\WINHTTP.dll
0x00007ff914390000 - 0x00007ff9143fa000 	C:\Windows\system32\mswsock.dll
0x00007ff8f7950000 - 0x00007ff8f7965000 	C:\Users\Admin\.vscode\extensions\redhat.java-1.20.0-win32-x64\jre\17.0.7-win32-x86_64\bin\nio.dll
0x00007ff914080000 - 0x00007ff91414a000 	C:\Windows\SYSTEM32\DNSAPI.dll
0x00007ff914030000 - 0x00007ff91406c000 	C:\Windows\SYSTEM32\IPHLPAPI.DLL
0x00007ff916d00000 - 0x00007ff916d08000 	C:\Windows\System32\NSI.dll
0x0000000077d20000 - 0x0000000077d46000 	C:\Program Files\Bonjour\mdnsNSP.dll
0x00007ff9083d0000 - 0x00007ff9083da000 	C:\Windows\System32\rasadhlp.dll
0x00007ff908460000 - 0x00007ff9084e2000 	C:\Windows\System32\fwpuclnt.dll
0x00007ff9153e0000 - 0x00007ff915407000 	C:\Windows\System32\bcrypt.dll
0x00007ff9101e0000 - 0x00007ff9101e9000 	C:\Users\Admin\.vscode\extensions\redhat.java-1.20.0-win32-x64\jre\17.0.7-win32-x86_64\bin\management.dll
0x00007ff9101d0000 - 0x00007ff9101db000 	C:\Users\Admin\.vscode\extensions\redhat.java-1.20.0-win32-x64\jre\17.0.7-win32-x86_64\bin\management_ext.dll
0x00007ff915e30000 - 0x00007ff915e38000 	C:\Windows\System32\PSAPI.DLL
0x00007ff914590000 - 0x00007ff9145a8000 	C:\Windows\SYSTEM32\CRYPTSP.dll
0x00007ff913c40000 - 0x00007ff913c74000 	C:\Windows\system32\rsaenh.dll
0x00007ff914ae0000 - 0x00007ff914b0e000 	C:\Windows\SYSTEM32\USERENV.dll
0x00007ff914580000 - 0x00007ff91458c000 	C:\Windows\SYSTEM32\CRYPTBASE.dll
0x00007ff90af10000 - 0x00007ff90af27000 	C:\Windows\SYSTEM32\dhcpcsvc6.DLL
0x00007ff90c4a0000 - 0x00007ff90c4bd000 	C:\Windows\SYSTEM32\dhcpcsvc.DLL
0x00007ff904c70000 - 0x00007ff904c7e000 	C:\Users\Admin\.vscode\extensions\redhat.java-1.20.0-win32-x64\jre\17.0.7-win32-x86_64\bin\sunmscapi.dll
0x00007ff915410000 - 0x00007ff91556e000 	C:\Windows\System32\CRYPT32.dll
0x00007ff9146a0000 - 0x00007ff9146c8000 	C:\Windows\SYSTEM32\ncrypt.dll
0x00007ff914660000 - 0x00007ff91469b000 	C:\Windows\SYSTEM32\NTASN1.dll

dbghelp: loaded successfully - version: 4.0.5 - missing functions: none
symbol engine: initialized successfully - sym options: 0x614 - pdb path: .;C:\Users\Admin\.vscode\extensions\redhat.java-1.20.0-win32-x64\jre\17.0.7-win32-x86_64\bin;C:\Windows\SYSTEM32;C:\Windows\WinSxS\amd64_microsoft.windows.common-controls_6595b64144ccf1df_6.0.19041.1110_none_60b5254171f9507e;C:\Users\Admin\.vscode\extensions\redhat.java-1.20.0-win32-x64\jre\17.0.7-win32-x86_64\bin\server;C:\Program Files\Bonjour

VM Arguments:
jvm_args: -XX:+ShowCodeDetailsInExceptionMessages -Dspring.jmx.enabled=true -Dmanagement.endpoints.jmx.exposure.include=* -Dspring.application.admin.enabled=true -Dspring.boot.project.name=E-Commerce-Website -Djava.rmi.server.hostname=localhost 
java_command: com.example.ECommerce.ECommerceWebsiteApplication
java_class_path (initial): C:\SpringProjects\E-Commerce Website\E-Commerce-Website\target\classes;C:\Users\Admin\.m2\repository\org\springframework\boot\spring-boot-starter-actuator\3.1.1\spring-boot-starter-actuator-3.1.1.jar;C:\Users\Admin\.m2\repository\org\springframework\boot\spring-boot-starter\3.1.1\spring-boot-starter-3.1.1.jar;C:\Users\Admin\.m2\repository\org\springframework\boot\spring-boot\3.1.1\spring-boot-3.1.1.jar;C:\Users\Admin\.m2\repository\org\springframework\boot\spring-boot-autoconfigure\3.1.1\spring-boot-autoconfigure-3.1.1.jar;C:\Users\Admin\.m2\repository\org\springframework\boot\spring-boot-starter-logging\3.1.1\spring-boot-starter-logging-3.1.1.jar;C:\Users\Admin\.m2\repository\ch\qos\logback\logback-classic\1.4.8\logback-classic-1.4.8.jar;C:\Users\Admin\.m2\repository\ch\qos\logback\logback-core\1.4.8\logback-core-1.4.8.jar;C:\Users\Admin\.m2\repository\org\apache\logging\log4j\log4j-to-slf4j\2.20.0\log4j-to-slf4j-2.20.0.jar;C:\Users\Admin\.m2\repository\org\apache\logging\log4j\log4j-api\2.20.0\log4j-api-2.20.0.jar;C:\Users\Admin\.m2\repository\org\slf4j\jul-to-slf4j\2.0.7\jul-to-slf4j-2.0.7.jar;C:\Users\Admin\.m2\repository\jakarta\annotation\jakarta.annotation-api\2.1.1\jakarta.annotation-api-2.1.1.jar;C:\Users\Admin\.m2\repository\org\yaml\snakeyaml\1.33\snakeyaml-1.33.jar;C:\Users\Admin\.m2\repository\org\springframework\boot\spring-boot-actuator-autoconfigure\3.1.1\spring-boot-actuator-autoconfigure-3.1.1.jar;C:\Users\Admin\.m2\repository\org\springframework\boot\spring-boot-actuator\3.1.1\spring-boot-actuator-3.1.1.jar;C:\Users\Admin\.m2\repository\com\fasterxml\jackson\core\jackson-databind\2.15.2\jackson-databind-2.15.2.jar;C:\Users\Admin\.m2\repository\com\fasterxml\jackson\core\jackson-annotations\2.15.2\jackson-annotations-2.15.2.jar;C:\Users\Admin\.m2\repository\com\fasterxml\jackson\core\jackson-core\2.15.2\jackson-core-2.15.2.jar;C:\Users\Admin\.m2\repository\com\fasterxml\jackson\datatype\jackson-datatype-jsr310\2.15.2\ja
Launcher Type: SUN_STANDARD

[Global flags]
     intx CICompilerCount                          = 3                                         {product} {ergonomic}
     uint ConcGCThreads                            = 1                                         {product} {ergonomic}
     uint G1ConcRefinementThreads                  = 4                                         {product} {ergonomic}
   size_t G1HeapRegionSize                         = 1048576                                   {product} {ergonomic}
    uintx GCDrainStackTargetSize                   = 64                                        {product} {ergonomic}
   size_t InitialHeapSize                          = 67108864                                  {product} {ergonomic}
   size_t MarkStackSize                            = 4194304                                   {product} {ergonomic}
   size_t MaxHeapSize                              = 1048576000                                {product} {ergonomic}
   size_t MaxNewSize                               = 629145600                                 {product} {ergonomic}
   size_t MinHeapDeltaBytes                        = 1048576                                   {product} {ergonomic}
   size_t MinHeapSize                              = 8388608                                   {product} {ergonomic}
    uintx NonNMethodCodeHeapSize                   = 5832780                                {pd product} {ergonomic}
    uintx NonProfiledCodeHeapSize                  = 122912730                              {pd product} {ergonomic}
    uintx ProfiledCodeHeapSize                     = 122912730                              {pd product} {ergonomic}
    uintx ReservedCodeCacheSize                    = 251658240                              {pd product} {ergonomic}
     bool SegmentedCodeCache                       = true                                      {product} {ergonomic}
     bool ShowCodeDetailsInExceptionMessages       = true                                   {manageable} {command line}
   size_t SoftMaxHeapSize                          = 1048576000                             {manageable} {ergonomic}
     bool UseCompressedClassPointers               = true                           {product lp64_product} {ergonomic}
     bool UseCompressedOops                        = true                           {product lp64_product} {ergonomic}
     bool UseG1GC                                  = true                                      {product} {ergonomic}
     bool UseLargePagesIndividualAllocation        = false                                  {pd product} {ergonomic}

Logging:
Log output configuration:
 #0: stdout all=warning uptime,level,tags
 #1: stderr all=off uptime,level,tags

Environment Variables:
PATH=C:\Program Files\Eclipse Adoptium\jdk-17.0.6.10-hotspot\bin;C:\Program Files\Eclipse Adoptium\jdk-8.0.362.9-hotspot\bin;C:\Program Files\Common Files\Oracle\Java\javapath;C:\Windows\system32;C:\Windows;C:\Windows\System32\Wbem;C:\Windows\System32\WindowsPowerShell\v1.0\;C:\Windows\System32\OpenSSH\;C:\Program Files (x86)\Microsoft SQL Server\160\Tools\Binn\;C:\Program Files\Microsoft SQL Server\160\Tools\Binn\;C:\Program Files\Microsoft SQL Server\Client SDK\ODBC\170\Tools\Binn\;C:\Program Files\Microsoft SQL Server\160\DTS\Binn\;C:\Program Files (x86)\Microsoft SQL Server\160\DTS\Binn\;C:\Program Files\Azure Data Studio\bin;C:\Program Files\Git\cmd;C:\Program Files\nodejs\;C:\Program Files\MySQL\MySQL Shell 8.0\bin\;C:\Users\Admin\AppData\Local\Microsoft\WindowsApps;;C:\Program Files\Azure Data Studio\bin;C:\Microsoft VS Code\bin;C:\Users\Admin\AppData\Roaming\npm
USERNAME=Admin
LANG=en_US.UTF-8
OS=Windows_NT
PROCESSOR_IDENTIFIER=Intel64 Family 6 Model 69 Stepping 1, GenuineIntel
TMP=C:\Users\Admin\AppData\Local\Temp
TEMP=C:\Users\Admin\AppData\Local\Temp



---------------  S Y S T E M  ---------------

OS:
 Windows 10 , 64 bit Build 19041 (10.0.19041.3155)
OS uptime: 3 days 18:57 hours

CPU: total 4 (initial active 4) (2 cores per cpu, 2 threads per core) family 6 model 69 stepping 1 microcode 0x25, cx8, cmov, fxsr, ht, mmx, sse, sse2, sse3, ssse3, sse4.1, sse4.2, popcnt, lzcnt, tsc, tscinvbit, avx, avx2, aes, erms, clmul, bmi1, bmi2, fma, vzeroupper, clflush

Memory: 4k page, system-wide physical 3992M (185M free)
TotalPageFile size 16280M (AvailPageFile size 3M)
current process WorkingSet (physical memory assigned to process): 154M, peak: 154M
current process commit charge ("private bytes"): 178M, peak: 179M

vm_info: OpenJDK 64-Bit Server VM (17.0.7+7) for windows-amd64 JRE (17.0.7+7), built on Apr 18 2023 22:10:42 by "temurin" with MS VC++ 16.7 (VS2019)

END.
