#
# There is insufficient memory for the Java Runtime Environment to continue.
# Native memory allocation (malloc) failed to allocate 1048576 bytes for AllocateHeap
# Possible reasons:
#   The system is out of physical RAM or swap space
#   The process is running with CompressedOops enabled, and the Java Heap may be blocking the growth of the native heap
# Possible solutions:
#   Reduce memory load on the system
#   Increase physical memory or swap space
#   Check if swap backing store is full
#   Decrease Java heap size (-Xmx/-Xms)
#   Decrease number of Java threads
#   Decrease Java thread stack sizes (-Xss)
#   Set larger code cache with -XX:ReservedCodeCacheSize=
#   JVM is running with Unscaled Compressed Oops mode in which the Java heap is
#     placed in the first 4GB address space. The Java Heap base address is the
#     maximum limit for the native heap growth. Please use -XX:HeapBaseMinAddress
#     to set the Java Heap base and to place the Java Heap above 4GB virtual address.
# This output file may be truncated or incomplete.
#
#  Out of Memory Error (allocation.cpp:44), pid=17776, tid=8508
#
# JRE version: OpenJDK Runtime Environment Temurin-17.0.7+7 (17.0.7+7) (build 17.0.7+7)
# Java VM: OpenJDK 64-Bit Server VM Temurin-17.0.7+7 (17.0.7+7, mixed mode, emulated-client, tiered, compressed oops, compressed class ptrs, g1 gc, windows-amd64)
# No core dump will be written. Minidumps are not enabled by default on client versions of Windows
#

---------------  S U M M A R Y ------------

Command Line: -XX:+HeapDumpOnOutOfMemoryError -Xmx1024m -Dsts.lsp.client=vscode -Dsts.log.file=/dev/null -XX:TieredStopAtLevel=1 -Xlog:jni+resolve=off -Dspring.config.location=file:c:\Users\Admin\.vscode\extensions\vmware.vscode-spring-boot-1.47.0\language-server\BOOT-INF\classes\application.properties org.springframework.ide.vscode.boot.app.BootLanguageServerBootApp

Host: Intel(R) Core(TM) i5-4210U CPU @ 1.70GHz, 4 cores, 3G,  Windows 10 , 64 bit Build 19041 (10.0.19041.3155)
Time: Tue Jul 18 07:36:55 2023 India Standard Time elapsed time: 44298.137387 seconds (0d 12h 18m 18s)

---------------  T H R E A D  ---------------

Current thread (0x00000221d240f950):  VMThread "VM Thread" [stack: 0x0000002fdff00000,0x0000002fe0000000] [id=8508]

Stack: [0x0000002fdff00000,0x0000002fe0000000]
Native frames: (J=compiled Java code, j=interpreted, Vv=VM code, C=native code)
V  [jvm.dll+0x67754a]
V  [jvm.dll+0x834304]
V  [jvm.dll+0x835aae]
V  [jvm.dll+0x836113]
V  [jvm.dll+0x24696f]
V  [jvm.dll+0xa681f]
V  [jvm.dll+0x2f73f3]
V  [jvm.dll+0x2f30f0]
V  [jvm.dll+0x2db6c7]
V  [jvm.dll+0x31e777]
V  [jvm.dll+0x83a5bb]
V  [jvm.dll+0x83b2f4]
V  [jvm.dll+0x83b80c]
V  [jvm.dll+0x83bbe4]
V  [jvm.dll+0x83bcb0]
V  [jvm.dll+0x7e4e7a]
V  [jvm.dll+0x676395]
C  [ucrtbase.dll+0x21bb2]
C  [KERNEL32.DLL+0x17614]
C  [ntdll.dll+0x526b1]

VM_Operation (0x0000002fe12feae0): G1CollectFull, mode: safepoint, requested by thread 0x00000221d77349b0


---------------  P R O C E S S  ---------------

Threads class SMR info:
_java_thread_list=0x00000221d9695910, length=44, elements={
0x00000221d2425790, 0x00000221d2426cb0, 0x00000221d2452a40, 0x00000221d24537c0,
0x00000221d24570a0, 0x00000221d2457960, 0x00000221d2458220, 0x00000221d24831f0,
0x00000221d2764280, 0x00000221d2766190, 0x00000221d762e040, 0x00000221d762e800,
0x00000221d77349b0, 0x00000221d75b4620, 0x00000221c7ef3960, 0x00000221d75b3900,
0x00000221d82a8300, 0x00000221d82f1840, 0x00000221d82f0030, 0x00000221d82f09d0,
0x00000221d77b87b0, 0x00000221d77b7470, 0x00000221d77b52c0, 0x00000221d77b4df0,
0x00000221d82f1370, 0x00000221d82f1d10, 0x00000221d82ef690, 0x00000221d82efb60,
0x00000221d82ee350, 0x00000221d950fbd0, 0x00000221d950e3c0, 0x00000221d95100a0,
0x00000221d950d080, 0x00000221d950f700, 0x00000221d950def0, 0x00000221d950e890,
0x00000221d9510a40, 0x00000221d950d550, 0x00000221d77b6600, 0x00000221d77b5790,
0x00000221d950ed60, 0x00000221d950da20, 0x00000221d950f230, 0x00000221d82eecf0
}

Java Threads: ( => current thread )
  0x00000221d2425790 JavaThread "Reference Handler" daemon [_thread_blocked, id=15272, stack(0x0000002fe0000000,0x0000002fe0100000)]
  0x00000221d2426cb0 JavaThread "Finalizer" daemon [_thread_blocked, id=16852, stack(0x0000002fe0100000,0x0000002fe0200000)]
  0x00000221d2452a40 JavaThread "Signal Dispatcher" daemon [_thread_blocked, id=10744, stack(0x0000002fe0200000,0x0000002fe0300000)]
  0x00000221d24537c0 JavaThread "Attach Listener" daemon [_thread_blocked, id=12184, stack(0x0000002fe0300000,0x0000002fe0400000)]
  0x00000221d24570a0 JavaThread "Service Thread" daemon [_thread_blocked, id=32, stack(0x0000002fe0400000,0x0000002fe0500000)]
  0x00000221d2457960 JavaThread "Monitor Deflation Thread" daemon [_thread_blocked, id=4768, stack(0x0000002fe0500000,0x0000002fe0600000)]
  0x00000221d2458220 JavaThread "C1 CompilerThread0" daemon [_thread_blocked, id=15672, stack(0x0000002fe0600000,0x0000002fe0700000)]
  0x00000221d24831f0 JavaThread "Sweeper thread" daemon [_thread_blocked, id=7056, stack(0x0000002fe0700000,0x0000002fe0800000)]
  0x00000221d2764280 JavaThread "Notification Thread" daemon [_thread_blocked, id=6096, stack(0x0000002fe0800000,0x0000002fe0900000)]
  0x00000221d2766190 JavaThread "Common-Cleaner" daemon [_thread_blocked, id=1572, stack(0x0000002fe0a00000,0x0000002fe0b00000)]
  0x00000221d762e040 JavaThread "boundedElastic-evictor-1" daemon [_thread_blocked, id=7780, stack(0x0000002fe0f00000,0x0000002fe1000000)]
  0x00000221d762e800 JavaThread "boundedElastic-evictor-2" daemon [_thread_blocked, id=11728, stack(0x0000002fe1100000,0x0000002fe1200000)]
  0x00000221d77349b0 JavaThread "pool-10-thread-1" [_thread_blocked, id=12472, stack(0x0000002fe1200000,0x0000002fe1300000)]
  0x00000221d75b4620 JavaThread "LanguageServerApp-lifecycle" [_thread_blocked, id=4072, stack(0x0000002fe1300000,0x0000002fe1400000)]
  0x00000221c7ef3960 JavaThread "DestroyJavaVM" [_thread_blocked, id=13772, stack(0x0000002fdf800000,0x0000002fdf900000)]
  0x00000221d75b3900 JavaThread "pool-11-thread-1" [_thread_in_native, id=6828, stack(0x0000002fe1400000,0x0000002fe1500000)]
  0x00000221d82a8300 JavaThread "Simple-Language-Server main thread" daemon [_thread_blocked, id=15220, stack(0x0000002fe1500000,0x0000002fe1600000)]
  0x00000221d82f1840 JavaThread "pool-6-thread-1" [_thread_blocked, id=12800, stack(0x0000002fe1800000,0x0000002fe1900000)]
  0x00000221d82f0030 JavaThread "parallel-1" daemon [_thread_blocked, id=2552, stack(0x0000002fe2200000,0x0000002fe2300000)]
  0x00000221d82f09d0 JavaThread "pool-4-thread-1" [_thread_blocked, id=13568, stack(0x0000002fe2400000,0x0000002fe2500000)]
  0x00000221d77b87b0 JavaThread "parallel-2" daemon [_thread_blocked, id=12920, stack(0x0000002fe2500000,0x0000002fe2600000)]
  0x00000221d77b7470 JavaThread "parallel-3" daemon [_thread_blocked, id=9376, stack(0x0000002fe1c00000,0x0000002fe1d00000)]
  0x00000221d77b52c0 JavaThread "parallel-4" daemon [_thread_blocked, id=3644, stack(0x0000002fe3000000,0x0000002fe3100000)]
  0x00000221d77b4df0 JavaThread "pool-7-thread-1" [_thread_blocked, id=15864, stack(0x0000002fdf900000,0x0000002fdfa00000)]
  0x00000221d82f1370 JavaThread "pool-7-thread-2" [_thread_blocked, id=5888, stack(0x0000002fe1600000,0x0000002fe1700000)]
  0x00000221d82f1d10 JavaThread "pool-7-thread-3" [_thread_blocked, id=868, stack(0x0000002fe1700000,0x0000002fe1800000)]
  0x00000221d82ef690 JavaThread "pool-7-thread-4" [_thread_blocked, id=9264, stack(0x0000002fe1a00000,0x0000002fe1b00000)]
  0x00000221d82efb60 JavaThread "pool-7-thread-5" [_thread_blocked, id=13740, stack(0x0000002fe1b00000,0x0000002fe1c00000)]
  0x00000221d82ee350 JavaThread "pool-5-thread-1" [_thread_blocked, id=4760, stack(0x0000002fe1e00000,0x0000002fe1f00000)]
  0x00000221d950fbd0 JavaThread "RMI Scheduler(0)" daemon [_thread_blocked, id=10136, stack(0x0000002fe2100000,0x0000002fe2200000)]
  0x00000221d950e3c0 JavaThread "pool-5-thread-2" [_thread_blocked, id=10444, stack(0x0000002fe2e00000,0x0000002fe2f00000)]
  0x00000221d95100a0 JavaThread "pool-5-thread-3" [_thread_blocked, id=10060, stack(0x0000002fe2f00000,0x0000002fe3000000)]
  0x00000221d950d080 JavaThread "pool-5-thread-4" [_thread_blocked, id=17648, stack(0x0000002fdf700000,0x0000002fdf800000)]
  0x00000221d950f700 JavaThread "pool-5-thread-5" [_thread_blocked, id=1820, stack(0x0000002fe1d00000,0x0000002fe1e00000)]
  0x00000221d950def0 JavaThread "pool-5-thread-6" [_thread_blocked, id=7564, stack(0x0000002fe3200000,0x0000002fe3300000)]
  0x00000221d950e890 JavaThread "pool-5-thread-7" [_thread_blocked, id=10572, stack(0x0000002fe1900000,0x0000002fe1a00000)]
  0x00000221d9510a40 JavaThread "pool-7-thread-6" [_thread_blocked, id=2752, stack(0x0000002fe2300000,0x0000002fe2400000)]
  0x00000221d950d550 JavaThread "pool-5-thread-8" [_thread_blocked, id=3960, stack(0x0000002fe2600000,0x0000002fe2700000)]
  0x00000221d77b6600 JavaThread "pool-5-thread-9" [_thread_blocked, id=8992, stack(0x0000002fe3300000,0x0000002fe3400000)]
  0x00000221d77b5790 JavaThread "pool-5-thread-10" [_thread_blocked, id=9208, stack(0x0000002fe3400000,0x0000002fe3500000)]
  0x00000221d950ed60 JavaThread "pool-7-thread-7" [_thread_blocked, id=3676, stack(0x0000002fe2000000,0x0000002fe2100000)]
  0x00000221d950da20 JavaThread "pool-7-thread-8" [_thread_blocked, id=16052, stack(0x0000002fe2900000,0x0000002fe2a00000)]
  0x00000221d950f230 JavaThread "pool-7-thread-9" [_thread_blocked, id=15976, stack(0x0000002fe2c00000,0x0000002fe2d00000)]
  0x00000221d82eecf0 JavaThread "pool-7-thread-10" [_thread_blocked, id=4260, stack(0x0000002fe1000000,0x0000002fe1100000)]

Other Threads:
=>0x00000221d240f950 VMThread "VM Thread" [stack: 0x0000002fdff00000,0x0000002fe0000000] [id=8508]
  0x00000221d2764750 WatcherThread [stack: 0x0000002fe0900000,0x0000002fe0a00000] [id=12932]
  0x00000221c7f331b0 GCTaskThread "GC Thread#0" [stack: 0x0000002fdfa00000,0x0000002fdfb00000] [id=5572]
  0x00000221d73cf7d0 GCTaskThread "GC Thread#1" [stack: 0x0000002fe0c00000,0x0000002fe0d00000] [id=18168]
  0x00000221d74c43f0 GCTaskThread "GC Thread#2" [stack: 0x0000002fe0d00000,0x0000002fe0e00000] [id=10544]
  0x00000221d7843380 GCTaskThread "GC Thread#3" [stack: 0x0000002fe0e00000,0x0000002fe0f00000] [id=3704]
  0x00000221c7f3c000 ConcurrentGCThread "G1 Main Marker" [stack: 0x0000002fdfb00000,0x0000002fdfc00000] [id=824]
  0x00000221c7f3c920 ConcurrentGCThread "G1 Conc#0" [stack: 0x0000002fdfc00000,0x0000002fdfd00000] [id=12024]
  0x00000221c7f8a470 ConcurrentGCThread "G1 Refine#0" [stack: 0x0000002fdfd00000,0x0000002fdfe00000] [id=15780]
  0x00000221d855fe50 ConcurrentGCThread "G1 Refine#1" [stack: 0x0000002fe2800000,0x0000002fe2900000] [id=11428]
  0x00000221d8e04300 ConcurrentGCThread "G1 Refine#2" [stack: 0x0000002fe2a00000,0x0000002fe2b00000] [id=8520]
  0x00000221d8c79470 ConcurrentGCThread "G1 Refine#3" [stack: 0x0000002fe2b00000,0x0000002fe2c00000] [id=17644]
  0x00000221c7f8bdb0 ConcurrentGCThread "G1 Service" [stack: 0x0000002fdfe00000,0x0000002fdff00000] [id=3444]

Threads with active compile tasks:

VM state: at safepoint (normal execution)

VM Mutex/Monitor currently owned by a thread:  ([mutex/lock_event])
[0x00000221c5d1a420] Threads_lock - owner thread: 0x00000221d240f950
[0x00000221c7ef09f0] Heap_lock - owner thread: 0x00000221d77349b0

Heap address: 0x00000000c0000000, size: 1024 MB, Compressed Oops mode: 32-bit

CDS archive(s) not mapped
Compressed class space mapped at: 0x0000000100000000-0x0000000140000000, reserved size: 1073741824
Narrow klass base: 0x0000000000000000, Narrow klass shift: 3, Narrow klass range: 0x140000000

GC Precious Log:
 CPUs: 4 total, 4 available
 Memory: 3992M
 Large Page Support: Disabled
 NUMA Support: Disabled
 Compressed Oops: Enabled (32-bit)
 Heap Region Size: 1M
 Heap Min Capacity: 8M
 Heap Initial Capacity: 64M
 Heap Max Capacity: 1G
 Pre-touch: Disabled
 Parallel Workers: 4
 Concurrent Workers: 1
 Concurrent Refinement Workers: 4
 Periodic GC: Disabled

Heap:
 garbage-first heap   total 133120K, used 39994K [0x00000000c0000000, 0x0000000100000000)
  region size 1024K, 1 young (1024K), 0 survivors (0K)
 Metaspace       used 74398K, committed 75072K, reserved 1114112K
  class space    used 10138K, committed 10432K, reserved 1048576K

Heap Regions: E=young(eden), S=young(survivor), O=old, HS=humongous(starts), HC=humongous(continues), CS=collection set, F=free, OA=open archive, CA=closed archive, TAMS=top-at-mark-start (previous, next)
|   0|0x00000000c0000000, 0x00000000c0100000, 0x00000000c0100000|100%|HS|  |TAMS 0x00000000c0100000, 0x00000000c0000000| Untracked 
|   1|0x00000000c0100000, 0x00000000c0200000, 0x00000000c0200000|100%| O|  |TAMS 0x00000000c0200000, 0x00000000c0100000| Untracked 
|   2|0x00000000c0200000, 0x00000000c0300000, 0x00000000c0300000|100%| O|  |TAMS 0x00000000c0300000, 0x00000000c0200000| Untracked 
|   3|0x00000000c0300000, 0x00000000c0400000, 0x00000000c0400000|100%| O|  |TAMS 0x00000000c0400000, 0x00000000c0300000| Untracked 
|   4|0x00000000c0400000, 0x00000000c0500000, 0x00000000c0500000|100%| O|  |TAMS 0x00000000c0500000, 0x00000000c0400000| Untracked 
|   5|0x00000000c0500000, 0x00000000c0600000, 0x00000000c0600000|100%| O|  |TAMS 0x00000000c0600000, 0x00000000c0500000| Untracked 
|   6|0x00000000c0600000, 0x00000000c0700000, 0x00000000c0700000|100%| O|  |TAMS 0x00000000c0700000, 0x00000000c0600000| Untracked 
|   7|0x00000000c0700000, 0x00000000c0800000, 0x00000000c0800000|100%| O|  |TAMS 0x00000000c0800000, 0x00000000c0700000| Untracked 
|   8|0x00000000c0800000, 0x00000000c08f8418, 0x00000000c0900000| 96%| O|  |TAMS 0x00000000c08f8418, 0x00000000c0800000| Untracked 
|   9|0x00000000c0900000, 0x00000000c09ffff8, 0x00000000c0a00000| 99%| O|  |TAMS 0x00000000c09ffff8, 0x00000000c0900000| Untracked 
|  10|0x00000000c0a00000, 0x00000000c0affff8, 0x00000000c0b00000| 99%| O|  |TAMS 0x00000000c0affff8, 0x00000000c0a00000| Untracked 
|  11|0x00000000c0b00000, 0x00000000c0bffff8, 0x00000000c0c00000| 99%| O|  |TAMS 0x00000000c0bffff8, 0x00000000c0b00000| Untracked 
|  12|0x00000000c0c00000, 0x00000000c0cfffd8, 0x00000000c0d00000| 99%| O|  |TAMS 0x00000000c0cfffd8, 0x00000000c0c00000| Untracked 
|  13|0x00000000c0d00000, 0x00000000c0dff958, 0x00000000c0e00000| 99%| O|  |TAMS 0x00000000c0dff958, 0x00000000c0d00000| Untracked 
|  14|0x00000000c0e00000, 0x00000000c0effc38, 0x00000000c0f00000| 99%| O|  |TAMS 0x00000000c0effc38, 0x00000000c0e00000| Untracked 
|  15|0x00000000c0f00000, 0x00000000c0ffffb0, 0x00000000c1000000| 99%| O|  |TAMS 0x00000000c0ffffb0, 0x00000000c0f00000| Untracked 
|  16|0x00000000c1000000, 0x00000000c10fff48, 0x00000000c1100000| 99%| O|  |TAMS 0x00000000c10fff48, 0x00000000c1000000| Untracked 
|  17|0x00000000c1100000, 0x00000000c11ffff8, 0x00000000c1200000| 99%| O|  |TAMS 0x00000000c11ffff8, 0x00000000c1100000| Untracked 
|  18|0x00000000c1200000, 0x00000000c12ffff0, 0x00000000c1300000| 99%| O|  |TAMS 0x00000000c12ffff0, 0x00000000c1200000| Untracked 
|  19|0x00000000c1300000, 0x00000000c13fff88, 0x00000000c1400000| 99%| O|  |TAMS 0x00000000c13fff88, 0x00000000c1300000| Untracked 
|  20|0x00000000c1400000, 0x00000000c14fffe0, 0x00000000c1500000| 99%| O|  |TAMS 0x00000000c14fffe0, 0x00000000c1400000| Untracked 
|  21|0x00000000c1500000, 0x00000000c15fffe0, 0x00000000c1600000| 99%| O|  |TAMS 0x00000000c15fffe0, 0x00000000c1500000| Untracked 
|  22|0x00000000c1600000, 0x00000000c1700000, 0x00000000c1700000|100%| O|  |TAMS 0x00000000c1700000, 0x00000000c1600000| Untracked 
|  23|0x00000000c1700000, 0x00000000c17fffe8, 0x00000000c1800000| 99%| O|  |TAMS 0x00000000c17fffe8, 0x00000000c1700000| Untracked 
|  24|0x00000000c1800000, 0x00000000c18fffe8, 0x00000000c1900000| 99%| O|  |TAMS 0x00000000c18fffe8, 0x00000000c1800000| Untracked 
|  25|0x00000000c1900000, 0x00000000c1a00000, 0x00000000c1a00000|100%| O|  |TAMS 0x00000000c1a00000, 0x00000000c1900000| Untracked 
|  26|0x00000000c1a00000, 0x00000000c1affff8, 0x00000000c1b00000| 99%| O|  |TAMS 0x00000000c1affff8, 0x00000000c1a00000| Untracked 
|  27|0x00000000c1b00000, 0x00000000c1c00000, 0x00000000c1c00000|100%| O|  |TAMS 0x00000000c1c00000, 0x00000000c1b00000| Untracked 
|  28|0x00000000c1c00000, 0x00000000c1cfffe0, 0x00000000c1d00000| 99%| O|  |TAMS 0x00000000c1cfffe0, 0x00000000c1c00000| Untracked 
|  29|0x00000000c1d00000, 0x00000000c1dfffa0, 0x00000000c1e00000| 99%| O|  |TAMS 0x00000000c1dfffa0, 0x00000000c1d00000| Untracked 
|  30|0x00000000c1e00000, 0x00000000c1efffe8, 0x00000000c1f00000| 99%| O|  |TAMS 0x00000000c1efffe8, 0x00000000c1e00000| Untracked 
|  31|0x00000000c1f00000, 0x00000000c2000000, 0x00000000c2000000|100%| O|  |TAMS 0x00000000c2000000, 0x00000000c1f00000| Untracked 
|  32|0x00000000c2000000, 0x00000000c20ffff8, 0x00000000c2100000| 99%| O|  |TAMS 0x00000000c20ffff8, 0x00000000c2000000| Untracked 
|  33|0x00000000c2100000, 0x00000000c21ffff0, 0x00000000c2200000| 99%| O|  |TAMS 0x00000000c21ffff0, 0x00000000c2100000| Untracked 
|  34|0x00000000c2200000, 0x00000000c2300000, 0x00000000c2300000|100%| O|  |TAMS 0x00000000c2300000, 0x00000000c2200000| Untracked 
|  35|0x00000000c2300000, 0x00000000c23fffe0, 0x00000000c2400000| 99%| O|  |TAMS 0x00000000c23fffe0, 0x00000000c2300000| Untracked 
|  36|0x00000000c2400000, 0x00000000c24e0198, 0x00000000c2500000| 87%| O|  |TAMS 0x00000000c2400000, 0x00000000c2400000| Untracked 
|  37|0x00000000c2500000, 0x00000000c2537218, 0x00000000c2600000| 21%| O|  |TAMS 0x00000000c2500000, 0x00000000c2500000| Untracked 
|  38|0x00000000c2600000, 0x00000000c2600000, 0x00000000c2700000|  0%| F|  |TAMS 0x00000000c2600000, 0x00000000c2600000| Untracked 
|  39|0x00000000c2700000, 0x00000000c2700000, 0x00000000c2800000|  0%| F|  |TAMS 0x00000000c2700000, 0x00000000c2700000| Untracked 
|  40|0x00000000c2800000, 0x00000000c2900000, 0x00000000c2900000|100%| O|  |TAMS 0x00000000c2900000, 0x00000000c2800000| Untracked 
|  41|0x00000000c2900000, 0x00000000c2900000, 0x00000000c2a00000|  0%| F|  |TAMS 0x00000000c2900000, 0x00000000c2900000| Untracked 
|  42|0x00000000c2a00000, 0x00000000c2a00000, 0x00000000c2b00000|  0%| F|  |TAMS 0x00000000c2a00000, 0x00000000c2a00000| Untracked 
|  43|0x00000000c2b00000, 0x00000000c2b00000, 0x00000000c2c00000|  0%| F|  |TAMS 0x00000000c2b00000, 0x00000000c2b00000| Untracked 
|  44|0x00000000c2c00000, 0x00000000c2c00000, 0x00000000c2d00000|  0%| F|  |TAMS 0x00000000c2c00000, 0x00000000c2c00000| Untracked 
|  45|0x00000000c2d00000, 0x00000000c2d00000, 0x00000000c2e00000|  0%| F|  |TAMS 0x00000000c2d00000, 0x00000000c2d00000| Untracked 
|  46|0x00000000c2e00000, 0x00000000c2e00000, 0x00000000c2f00000|  0%| F|  |TAMS 0x00000000c2e00000, 0x00000000c2e00000| Untracked 
|  47|0x00000000c2f00000, 0x00000000c2f00000, 0x00000000c3000000|  0%| F|  |TAMS 0x00000000c2f00000, 0x00000000c2f00000| Untracked 
|  48|0x00000000c3000000, 0x00000000c3000000, 0x00000000c3100000|  0%| F|  |TAMS 0x00000000c3000000, 0x00000000c3000000| Untracked 
|  49|0x00000000c3100000, 0x00000000c3100000, 0x00000000c3200000|  0%| F|  |TAMS 0x00000000c3100000, 0x00000000c3100000| Untracked 
|  50|0x00000000c3200000, 0x00000000c3200000, 0x00000000c3300000|  0%| F|  |TAMS 0x00000000c3200000, 0x00000000c3200000| Untracked 
|  51|0x00000000c3300000, 0x00000000c3300000, 0x00000000c3400000|  0%| F|  |TAMS 0x00000000c3300000, 0x00000000c3300000| Untracked 
|  52|0x00000000c3400000, 0x00000000c3400000, 0x00000000c3500000|  0%| F|  |TAMS 0x00000000c3400000, 0x00000000c3400000| Untracked 
|  53|0x00000000c3500000, 0x00000000c3500000, 0x00000000c3600000|  0%| F|  |TAMS 0x00000000c3500000, 0x00000000c3500000| Untracked 
|  54|0x00000000c3600000, 0x00000000c3600000, 0x00000000c3700000|  0%| F|  |TAMS 0x00000000c3600000, 0x00000000c3600000| Untracked 
|  55|0x00000000c3700000, 0x00000000c37ffff8, 0x00000000c3800000| 99%| O|  |TAMS 0x00000000c37ffff8, 0x00000000c3700000| Untracked 
|  56|0x00000000c3800000, 0x00000000c3800000, 0x00000000c3900000|  0%| F|  |TAMS 0x00000000c3800000, 0x00000000c3800000| Untracked 
|  57|0x00000000c3900000, 0x00000000c3900000, 0x00000000c3a00000|  0%| F|  |TAMS 0x00000000c3900000, 0x00000000c3900000| Untracked 
|  58|0x00000000c3a00000, 0x00000000c3a00000, 0x00000000c3b00000|  0%| F|  |TAMS 0x00000000c3a00000, 0x00000000c3a00000| Untracked 
|  59|0x00000000c3b00000, 0x00000000c3b00000, 0x00000000c3c00000|  0%| F|  |TAMS 0x00000000c3b00000, 0x00000000c3b00000| Untracked 
|  60|0x00000000c3c00000, 0x00000000c3c00000, 0x00000000c3d00000|  0%| F|  |TAMS 0x00000000c3c00000, 0x00000000c3c00000| Untracked 
|  61|0x00000000c3d00000, 0x00000000c3d00000, 0x00000000c3e00000|  0%| F|  |TAMS 0x00000000c3d00000, 0x00000000c3d00000| Untracked 
|  62|0x00000000c3e00000, 0x00000000c3e00000, 0x00000000c3f00000|  0%| F|  |TAMS 0x00000000c3e00000, 0x00000000c3e00000| Untracked 
|  63|0x00000000c3f00000, 0x00000000c3f00000, 0x00000000c4000000|  0%| F|  |TAMS 0x00000000c3f00000, 0x00000000c3f00000| Untracked 
|  64|0x00000000c4000000, 0x00000000c4000000, 0x00000000c4100000|  0%| F|  |TAMS 0x00000000c4000000, 0x00000000c4000000| Untracked 
|  65|0x00000000c4100000, 0x00000000c4100000, 0x00000000c4200000|  0%| F|  |TAMS 0x00000000c4100000, 0x00000000c4100000| Untracked 
|  66|0x00000000c4200000, 0x00000000c4200000, 0x00000000c4300000|  0%| F|  |TAMS 0x00000000c4200000, 0x00000000c4200000| Untracked 
|  67|0x00000000c4300000, 0x00000000c4300000, 0x00000000c4400000|  0%| F|  |TAMS 0x00000000c4300000, 0x00000000c4300000| Untracked 
|  68|0x00000000c4400000, 0x00000000c4400000, 0x00000000c4500000|  0%| F|  |TAMS 0x00000000c4400000, 0x00000000c4400000| Untracked 
|  69|0x00000000c4500000, 0x00000000c4500000, 0x00000000c4600000|  0%| F|  |TAMS 0x00000000c4500000, 0x00000000c4500000| Untracked 
|  70|0x00000000c4600000, 0x00000000c4600000, 0x00000000c4700000|  0%| F|  |TAMS 0x00000000c4600000, 0x00000000c4600000| Untracked 
|  71|0x00000000c4700000, 0x00000000c4700000, 0x00000000c4800000|  0%| F|  |TAMS 0x00000000c4700000, 0x00000000c4700000| Untracked 
|  72|0x00000000c4800000, 0x00000000c4800000, 0x00000000c4900000|  0%| F|  |TAMS 0x00000000c4800000, 0x00000000c4800000| Untracked 
|  73|0x00000000c4900000, 0x00000000c4900000, 0x00000000c4a00000|  0%| F|  |TAMS 0x00000000c4900000, 0x00000000c4900000| Untracked 
|  74|0x00000000c4a00000, 0x00000000c4a00000, 0x00000000c4b00000|  0%| F|  |TAMS 0x00000000c4a00000, 0x00000000c4a00000| Untracked 
|  75|0x00000000c4b00000, 0x00000000c4b00000, 0x00000000c4c00000|  0%| F|  |TAMS 0x00000000c4b00000, 0x00000000c4b00000| Untracked 
|  76|0x00000000c4c00000, 0x00000000c4c00000, 0x00000000c4d00000|  0%| F|  |TAMS 0x00000000c4c00000, 0x00000000c4c00000| Untracked 
|  77|0x00000000c4d00000, 0x00000000c4d00000, 0x00000000c4e00000|  0%| F|  |TAMS 0x00000000c4d00000, 0x00000000c4d00000| Untracked 
|  78|0x00000000c4e00000, 0x00000000c4e00000, 0x00000000c4f00000|  0%| F|  |TAMS 0x00000000c4e00000, 0x00000000c4e00000| Untracked 
|  79|0x00000000c4f00000, 0x00000000c4f00000, 0x00000000c5000000|  0%| F|  |TAMS 0x00000000c4f00000, 0x00000000c4f00000| Untracked 
|  80|0x00000000c5000000, 0x00000000c5000000, 0x00000000c5100000|  0%| F|  |TAMS 0x00000000c5000000, 0x00000000c5000000| Untracked 
|  81|0x00000000c5100000, 0x00000000c5100000, 0x00000000c5200000|  0%| F|  |TAMS 0x00000000c5100000, 0x00000000c5100000| Untracked 
|  82|0x00000000c5200000, 0x00000000c5200000, 0x00000000c5300000|  0%| F|  |TAMS 0x00000000c5200000, 0x00000000c5200000| Untracked 
|  83|0x00000000c5300000, 0x00000000c5300000, 0x00000000c5400000|  0%| F|  |TAMS 0x00000000c5300000, 0x00000000c5300000| Untracked 
|  84|0x00000000c5400000, 0x00000000c5400000, 0x00000000c5500000|  0%| F|  |TAMS 0x00000000c5400000, 0x00000000c5400000| Untracked 
|  85|0x00000000c5500000, 0x00000000c5500000, 0x00000000c5600000|  0%| F|  |TAMS 0x00000000c5500000, 0x00000000c5500000| Untracked 
|  86|0x00000000c5600000, 0x00000000c5600000, 0x00000000c5700000|  0%| F|  |TAMS 0x00000000c5600000, 0x00000000c5600000| Untracked 
|  87|0x00000000c5700000, 0x00000000c5700000, 0x00000000c5800000|  0%| F|  |TAMS 0x00000000c5700000, 0x00000000c5700000| Untracked 
|  88|0x00000000c5800000, 0x00000000c5800000, 0x00000000c5900000|  0%| F|  |TAMS 0x00000000c5800000, 0x00000000c5800000| Untracked 
|  89|0x00000000c5900000, 0x00000000c5900000, 0x00000000c5a00000|  0%| F|  |TAMS 0x00000000c5900000, 0x00000000c5900000| Untracked 
|  90|0x00000000c5a00000, 0x00000000c5a00000, 0x00000000c5b00000|  0%| F|  |TAMS 0x00000000c5a00000, 0x00000000c5a00000| Untracked 
|  91|0x00000000c5b00000, 0x00000000c5b00000, 0x00000000c5c00000|  0%| F|  |TAMS 0x00000000c5b00000, 0x00000000c5b00000| Untracked 
|  92|0x00000000c5c00000, 0x00000000c5c00000, 0x00000000c5d00000|  0%| F|  |TAMS 0x00000000c5c00000, 0x00000000c5c00000| Untracked 
|  93|0x00000000c5d00000, 0x00000000c5d00000, 0x00000000c5e00000|  0%| F|  |TAMS 0x00000000c5d00000, 0x00000000c5d00000| Untracked 
|  94|0x00000000c5e00000, 0x00000000c5e00000, 0x00000000c5f00000|  0%| F|  |TAMS 0x00000000c5e00000, 0x00000000c5e00000| Untracked 
|  95|0x00000000c5f00000, 0x00000000c5f00000, 0x00000000c6000000|  0%| F|  |TAMS 0x00000000c5f00000, 0x00000000c5f00000| Untracked 
|  96|0x00000000c6000000, 0x00000000c6000000, 0x00000000c6100000|  0%| F|  |TAMS 0x00000000c6000000, 0x00000000c6000000| Untracked 
|  97|0x00000000c6100000, 0x00000000c6100000, 0x00000000c6200000|  0%| F|  |TAMS 0x00000000c6100000, 0x00000000c6100000| Untracked 
|  98|0x00000000c6200000, 0x00000000c6200000, 0x00000000c6300000|  0%| F|  |TAMS 0x00000000c6200000, 0x00000000c6200000| Untracked 
|  99|0x00000000c6300000, 0x00000000c6300000, 0x00000000c6400000|  0%| F|  |TAMS 0x00000000c6300000, 0x00000000c6300000| Untracked 
| 100|0x00000000c6400000, 0x00000000c6400000, 0x00000000c6500000|  0%| F|  |TAMS 0x00000000c6400000, 0x00000000c6400000| Untracked 
| 101|0x00000000c6500000, 0x00000000c6500000, 0x00000000c6600000|  0%| F|  |TAMS 0x00000000c6500000, 0x00000000c6500000| Untracked 
| 102|0x00000000c6600000, 0x00000000c6600000, 0x00000000c6700000|  0%| F|  |TAMS 0x00000000c6600000, 0x00000000c6600000| Untracked 
| 103|0x00000000c6700000, 0x00000000c6700000, 0x00000000c6800000|  0%| F|  |TAMS 0x00000000c6700000, 0x00000000c6700000| Untracked 
| 104|0x00000000c6800000, 0x00000000c6800000, 0x00000000c6900000|  0%| F|  |TAMS 0x00000000c6800000, 0x00000000c6800000| Untracked 
| 105|0x00000000c6900000, 0x00000000c6900000, 0x00000000c6a00000|  0%| F|  |TAMS 0x00000000c6900000, 0x00000000c6900000| Untracked 
| 106|0x00000000c6a00000, 0x00000000c6a00000, 0x00000000c6b00000|  0%| F|  |TAMS 0x00000000c6a00000, 0x00000000c6a00000| Untracked 
| 107|0x00000000c6b00000, 0x00000000c6b00000, 0x00000000c6c00000|  0%| F|  |TAMS 0x00000000c6b00000, 0x00000000c6b00000| Untracked 
| 108|0x00000000c6c00000, 0x00000000c6c00000, 0x00000000c6d00000|  0%| F|  |TAMS 0x00000000c6c00000, 0x00000000c6c00000| Untracked 
| 109|0x00000000c6d00000, 0x00000000c6d00000, 0x00000000c6e00000|  0%| F|  |TAMS 0x00000000c6d00000, 0x00000000c6d00000| Untracked 
| 110|0x00000000c6e00000, 0x00000000c6e00000, 0x00000000c6f00000|  0%| F|  |TAMS 0x00000000c6e00000, 0x00000000c6e00000| Untracked 
| 111|0x00000000c6f00000, 0x00000000c6f00000, 0x00000000c7000000|  0%| F|  |TAMS 0x00000000c6f00000, 0x00000000c6f00000| Untracked 
| 112|0x00000000c7000000, 0x00000000c7000000, 0x00000000c7100000|  0%| F|  |TAMS 0x00000000c7000000, 0x00000000c7000000| Untracked 
| 113|0x00000000c7100000, 0x00000000c7100000, 0x00000000c7200000|  0%| F|  |TAMS 0x00000000c7100000, 0x00000000c7100000| Untracked 
| 114|0x00000000c7200000, 0x00000000c7200000, 0x00000000c7300000|  0%| F|  |TAMS 0x00000000c7200000, 0x00000000c7200000| Untracked 
| 115|0x00000000c7300000, 0x00000000c7300000, 0x00000000c7400000|  0%| F|  |TAMS 0x00000000c7300000, 0x00000000c7300000| Untracked 
| 116|0x00000000c7400000, 0x00000000c7400000, 0x00000000c7500000|  0%| F|  |TAMS 0x00000000c7400000, 0x00000000c7400000| Untracked 
| 117|0x00000000c7500000, 0x00000000c7500000, 0x00000000c7600000|  0%| F|  |TAMS 0x00000000c7500000, 0x00000000c7500000| Untracked 
| 118|0x00000000c7600000, 0x00000000c7600000, 0x00000000c7700000|  0%| F|  |TAMS 0x00000000c7600000, 0x00000000c7600000| Untracked 
| 119|0x00000000c7700000, 0x00000000c7700000, 0x00000000c7800000|  0%| F|  |TAMS 0x00000000c7700000, 0x00000000c7700000| Untracked 
| 120|0x00000000c7800000, 0x00000000c7800000, 0x00000000c7900000|  0%| F|  |TAMS 0x00000000c7800000, 0x00000000c7800000| Untracked 
| 121|0x00000000c7900000, 0x00000000c7900000, 0x00000000c7a00000|  0%| F|  |TAMS 0x00000000c7900000, 0x00000000c7900000| Untracked 
| 122|0x00000000c7a00000, 0x00000000c7a00000, 0x00000000c7b00000|  0%| F|  |TAMS 0x00000000c7a00000, 0x00000000c7a00000| Untracked 
| 123|0x00000000c7b00000, 0x00000000c7b00000, 0x00000000c7c00000|  0%| F|  |TAMS 0x00000000c7b00000, 0x00000000c7b00000| Untracked 
| 124|0x00000000c7c00000, 0x00000000c7c00000, 0x00000000c7d00000|  0%| F|  |TAMS 0x00000000c7c00000, 0x00000000c7c00000| Untracked 
| 125|0x00000000c7d00000, 0x00000000c7d00000, 0x00000000c7e00000|  0%| F|  |TAMS 0x00000000c7d00000, 0x00000000c7d00000| Untracked 
| 126|0x00000000c7e00000, 0x00000000c7e00000, 0x00000000c7f00000|  0%| F|  |TAMS 0x00000000c7e00000, 0x00000000c7e00000| Untracked 
| 127|0x00000000c7f00000, 0x00000000c7f00000, 0x00000000c8000000|  0%| F|  |TAMS 0x00000000c7f00000, 0x00000000c7f00000| Untracked 
| 128|0x00000000c8000000, 0x00000000c8000000, 0x00000000c8100000|  0%| F|  |TAMS 0x00000000c8000000, 0x00000000c8000000| Untracked 
| 129|0x00000000c8100000, 0x00000000c81060d0, 0x00000000c8200000|  2%| E|  |TAMS 0x00000000c8100000, 0x00000000c8100000| Complete 

Card table byte_map: [0x00000221cdb80000,0x00000221cdd80000] _byte_map_base: 0x00000221cd580000

Marking Bits (Prev, Next): (CMBitMap*) 0x00000221c7f33710, (CMBitMap*) 0x00000221c7f336d0
 Prev Bits: [0x00000221cef80000, 0x00000221cff80000)
 Next Bits: [0x00000221cdf80000, 0x00000221cef80000)

Polling page: 0x00000221c6060000

Metaspace:

Usage:
  Non-class:     62.75 MB used.
      Class:      9.90 MB used.
       Both:     72.65 MB used.

Virtual space:
  Non-class space:       64.00 MB reserved,      63.12 MB ( 99%) committed,  1 nodes.
      Class space:        1.00 GB reserved,      10.19 MB ( <1%) committed,  1 nodes.
             Both:        1.06 GB reserved,      73.31 MB (  7%) committed. 

Chunk freelists:
   Non-Class:  588.00 KB
       Class:  5.86 MB
        Both:  6.44 MB

MaxMetaspaceSize: unlimited
CompressedClassSpaceSize: 1.00 GB
Initial GC threshold: 21.00 MB
Current GC threshold: 122.19 MB
CDS: off
MetaspaceReclaimPolicy: balanced
 - commit_granule_bytes: 65536.
 - commit_granule_words: 8192.
 - virtual_space_node_default_size: 8388608.
 - enlarge_chunks_in_place: 1.
 - new_chunks_are_fully_committed: 0.
 - uncommit_free_chunks: 1.
 - use_allocation_guard: 0.
 - handle_deallocations: 1.


Internal statistics:

num_allocs_failed_limit: 6.
num_arena_births: 2120.
num_arena_deaths: 1542.
num_vsnodes_births: 2.
num_vsnodes_deaths: 0.
num_space_committed: 1173.
num_space_uncommitted: 0.
num_chunks_returned_to_freelist: 2236.
num_chunks_taken_from_freelist: 5200.
num_chunk_merges: 410.
num_chunk_splits: 2609.
num_chunks_enlarged: 1744.
num_inconsistent_stats: 0.

CodeCache: size=49152Kb used=21102Kb max_used=21163Kb free=28049Kb
 bounds [0x00000221cab80000, 0x00000221cc040000, 0x00000221cdb80000]
 total_blobs=12316 nmethods=11629 adapters=612
 compilation: enabled
              stopped_count=0, restarted_count=0
 full_count=0

Compilation events (20 events):
Event: 43469.726 Thread 0x00000221d2458220 11819   !   1       jdk.internal.reflect.GeneratedSerializationConstructorAccessor491::newInstance (49 bytes)
Event: 43469.726 Thread 0x00000221d2458220 nmethod 11819 0x00000221cbfcb690 code [0x00000221cbfcb840, 0x00000221cbfcbac8]
Event: 43469.727 Thread 0x00000221d2458220 11820   !   1       jdk.internal.reflect.GeneratedMethodAccessor118::invoke (66 bytes)
Event: 43469.727 Thread 0x00000221d2458220 nmethod 11820 0x00000221cbfcad90 code [0x00000221cbfcaf80, 0x00000221cbfcb3b8]
Event: 43469.727 Thread 0x00000221d2458220 11821   !   1       jdk.internal.reflect.GeneratedSerializationConstructorAccessor492::newInstance (49 bytes)
Event: 43469.728 Thread 0x00000221d2458220 nmethod 11821 0x00000221cbfca690 code [0x00000221cbfca860, 0x00000221cbfcab98]
Event: 43469.728 Thread 0x00000221d2458220 11822   !   1       jdk.internal.reflect.GeneratedMethodAccessor119::invoke (66 bytes)
Event: 43469.729 Thread 0x00000221d2458220 nmethod 11822 0x00000221cbfc9d90 code [0x00000221cbfc9f80, 0x00000221cbfca3b8]
Event: 43469.764 Thread 0x00000221d2458220 11823       1       java.lang.Integer::highestOneBit (10 bytes)
Event: 43469.765 Thread 0x00000221d2458220 nmethod 11823 0x00000221cbfc9a90 code [0x00000221cbfc9c20, 0x00000221cbfc9ce8]
Event: 43469.868 Thread 0x00000221d2458220 11824       1       com.fasterxml.jackson.databind.util.LRUMap::contents (54 bytes)
Event: 43469.871 Thread 0x00000221d2458220 nmethod 11824 0x00000221cbfc9310 code [0x00000221cbfc9500, 0x00000221cbfc98f8]
Event: 43469.871 Thread 0x00000221d2458220 11825       1       com.fasterxml.jackson.databind.util.internal.PrivateMaxEntriesMap::entrySet (27 bytes)
Event: 43469.871 Thread 0x00000221d2458220 nmethod 11825 0x00000221cbfc8e10 code [0x00000221cbfc8fc0, 0x00000221cbfc9238]
Event: 43469.871 Thread 0x00000221d2458220 11826       1       com.fasterxml.jackson.databind.util.internal.PrivateMaxEntriesMap$EntrySet::iterator (12 bytes)
Event: 43469.874 Thread 0x00000221d2458220 nmethod 11826 0x00000221cbfc8910 code [0x00000221cbfc8ac0, 0x00000221cbfc8cf8]
Event: 43469.874 Thread 0x00000221d2458220 11827       1       com.fasterxml.jackson.databind.util.internal.PrivateMaxEntriesMap$EntryIterator::<init> (31 bytes)
Event: 43469.875 Thread 0x00000221d2458220 nmethod 11827 0x00000221cbfc8490 code [0x00000221cbfc8640, 0x00000221cbfc8818]
Event: 43573.553 Thread 0x00000221d2458220 11828       1       java.net.ProxySelector::getDefault (19 bytes)
Event: 43573.559 Thread 0x00000221d2458220 nmethod 11828 0x00000221cbfc8110 code [0x00000221cbfc82a0, 0x00000221cbfc8388]

GC Heap History (20 events):
Event: 44194.338 GC heap before
{Heap before GC invocations=910 (full 829):
 garbage-first heap   total 133120K, used 39994K [0x00000000c0000000, 0x0000000100000000)
  region size 1024K, 1 young (1024K), 0 survivors (0K)
 Metaspace       used 74398K, committed 75072K, reserved 1114112K
  class space    used 10138K, committed 10432K, reserved 1048576K
}
Event: 44194.397 GC heap after
{Heap after GC invocations=911 (full 830):
 garbage-first heap   total 133120K, used 39994K [0x00000000c0000000, 0x0000000100000000)
  region size 1024K, 0 young (0K), 0 survivors (0K)
 Metaspace       used 74398K, committed 75072K, reserved 1114112K
  class space    used 10138K, committed 10432K, reserved 1048576K
}
Event: 44204.670 GC heap before
{Heap before GC invocations=911 (full 830):
 garbage-first heap   total 133120K, used 39994K [0x00000000c0000000, 0x0000000100000000)
  region size 1024K, 1 young (1024K), 0 survivors (0K)
 Metaspace       used 74398K, committed 75072K, reserved 1114112K
  class space    used 10138K, committed 10432K, reserved 1048576K
}
Event: 44204.729 GC heap after
{Heap after GC invocations=912 (full 831):
 garbage-first heap   total 133120K, used 39994K [0x00000000c0000000, 0x0000000100000000)
  region size 1024K, 0 young (0K), 0 survivors (0K)
 Metaspace       used 74398K, committed 75072K, reserved 1114112K
  class space    used 10138K, committed 10432K, reserved 1048576K
}
Event: 44214.959 GC heap before
{Heap before GC invocations=912 (full 831):
 garbage-first heap   total 133120K, used 39994K [0x00000000c0000000, 0x0000000100000000)
  region size 1024K, 1 young (1024K), 0 survivors (0K)
 Metaspace       used 74398K, committed 75072K, reserved 1114112K
  class space    used 10138K, committed 10432K, reserved 1048576K
}
Event: 44215.022 GC heap after
{Heap after GC invocations=913 (full 832):
 garbage-first heap   total 133120K, used 39994K [0x00000000c0000000, 0x0000000100000000)
  region size 1024K, 0 young (0K), 0 survivors (0K)
 Metaspace       used 74398K, committed 75072K, reserved 1114112K
  class space    used 10138K, committed 10432K, reserved 1048576K
}
Event: 44225.304 GC heap before
{Heap before GC invocations=913 (full 832):
 garbage-first heap   total 133120K, used 39994K [0x00000000c0000000, 0x0000000100000000)
  region size 1024K, 1 young (1024K), 0 survivors (0K)
 Metaspace       used 74398K, committed 75072K, reserved 1114112K
  class space    used 10138K, committed 10432K, reserved 1048576K
}
Event: 44225.374 GC heap after
{Heap after GC invocations=914 (full 833):
 garbage-first heap   total 133120K, used 39994K [0x00000000c0000000, 0x0000000100000000)
  region size 1024K, 0 young (0K), 0 survivors (0K)
 Metaspace       used 74398K, committed 75072K, reserved 1114112K
  class space    used 10138K, committed 10432K, reserved 1048576K
}
Event: 44235.652 GC heap before
{Heap before GC invocations=914 (full 833):
 garbage-first heap   total 133120K, used 39994K [0x00000000c0000000, 0x0000000100000000)
  region size 1024K, 1 young (1024K), 0 survivors (0K)
 Metaspace       used 74398K, committed 75072K, reserved 1114112K
  class space    used 10138K, committed 10432K, reserved 1048576K
}
Event: 44235.710 GC heap after
{Heap after GC invocations=915 (full 834):
 garbage-first heap   total 133120K, used 39994K [0x00000000c0000000, 0x0000000100000000)
  region size 1024K, 0 young (0K), 0 survivors (0K)
 Metaspace       used 74398K, committed 75072K, reserved 1114112K
  class space    used 10138K, committed 10432K, reserved 1048576K
}
Event: 44245.947 GC heap before
{Heap before GC invocations=915 (full 834):
 garbage-first heap   total 133120K, used 39994K [0x00000000c0000000, 0x0000000100000000)
  region size 1024K, 1 young (1024K), 0 survivors (0K)
 Metaspace       used 74398K, committed 75072K, reserved 1114112K
  class space    used 10138K, committed 10432K, reserved 1048576K
}
Event: 44246.008 GC heap after
{Heap after GC invocations=916 (full 835):
 garbage-first heap   total 133120K, used 39994K [0x00000000c0000000, 0x0000000100000000)
  region size 1024K, 0 young (0K), 0 survivors (0K)
 Metaspace       used 74398K, committed 75072K, reserved 1114112K
  class space    used 10138K, committed 10432K, reserved 1048576K
}
Event: 44256.330 GC heap before
{Heap before GC invocations=916 (full 835):
 garbage-first heap   total 133120K, used 39994K [0x00000000c0000000, 0x0000000100000000)
  region size 1024K, 1 young (1024K), 0 survivors (0K)
 Metaspace       used 74398K, committed 75072K, reserved 1114112K
  class space    used 10138K, committed 10432K, reserved 1048576K
}
Event: 44256.389 GC heap after
{Heap after GC invocations=917 (full 836):
 garbage-first heap   total 133120K, used 39994K [0x00000000c0000000, 0x0000000100000000)
  region size 1024K, 0 young (0K), 0 survivors (0K)
 Metaspace       used 74398K, committed 75072K, reserved 1114112K
  class space    used 10138K, committed 10432K, reserved 1048576K
}
Event: 44266.647 GC heap before
{Heap before GC invocations=917 (full 836):
 garbage-first heap   total 133120K, used 39994K [0x00000000c0000000, 0x0000000100000000)
  region size 1024K, 1 young (1024K), 0 survivors (0K)
 Metaspace       used 74398K, committed 75072K, reserved 1114112K
  class space    used 10138K, committed 10432K, reserved 1048576K
}
Event: 44266.705 GC heap after
{Heap after GC invocations=918 (full 837):
 garbage-first heap   total 133120K, used 39994K [0x00000000c0000000, 0x0000000100000000)
  region size 1024K, 0 young (0K), 0 survivors (0K)
 Metaspace       used 74398K, committed 75072K, reserved 1114112K
  class space    used 10138K, committed 10432K, reserved 1048576K
}
Event: 44276.958 GC heap before
{Heap before GC invocations=918 (full 837):
 garbage-first heap   total 133120K, used 39994K [0x00000000c0000000, 0x0000000100000000)
  region size 1024K, 1 young (1024K), 0 survivors (0K)
 Metaspace       used 74398K, committed 75072K, reserved 1114112K
  class space    used 10138K, committed 10432K, reserved 1048576K
}
Event: 44277.045 GC heap after
{Heap after GC invocations=919 (full 838):
 garbage-first heap   total 133120K, used 39994K [0x00000000c0000000, 0x0000000100000000)
  region size 1024K, 0 young (0K), 0 survivors (0K)
 Metaspace       used 74398K, committed 75072K, reserved 1114112K
  class space    used 10138K, committed 10432K, reserved 1048576K
}
Event: 44287.671 GC heap before
{Heap before GC invocations=919 (full 838):
 garbage-first heap   total 133120K, used 39994K [0x00000000c0000000, 0x0000000100000000)
  region size 1024K, 1 young (1024K), 0 survivors (0K)
 Metaspace       used 74398K, committed 75072K, reserved 1114112K
  class space    used 10138K, committed 10432K, reserved 1048576K
}
Event: 44287.751 GC heap after
{Heap after GC invocations=920 (full 839):
 garbage-first heap   total 133120K, used 39994K [0x00000000c0000000, 0x0000000100000000)
  region size 1024K, 0 young (0K), 0 survivors (0K)
 Metaspace       used 74398K, committed 75072K, reserved 1114112K
  class space    used 10138K, committed 10432K, reserved 1048576K
}

Dll operation events (12 events):
Event: 0.028 Loaded shared library c:\Users\Admin\.vscode\extensions\redhat.java-1.20.0-win32-x64\jre\17.0.7-win32-x86_64\bin\java.dll
Event: 1.211 Loaded shared library C:\Users\Admin\.vscode\extensions\redhat.java-1.20.0-win32-x64\jre\17.0.7-win32-x86_64\bin\net.dll
Event: 1.214 Loaded shared library C:\Users\Admin\.vscode\extensions\redhat.java-1.20.0-win32-x64\jre\17.0.7-win32-x86_64\bin\nio.dll
Event: 1.229 Loaded shared library C:\Users\Admin\.vscode\extensions\redhat.java-1.20.0-win32-x64\jre\17.0.7-win32-x86_64\bin\zip.dll
Event: 1.655 Loaded shared library C:\Users\Admin\.vscode\extensions\redhat.java-1.20.0-win32-x64\jre\17.0.7-win32-x86_64\bin\jimage.dll
Event: 7.290 Loaded shared library C:\Users\Admin\.vscode\extensions\redhat.java-1.20.0-win32-x64\jre\17.0.7-win32-x86_64\bin\management.dll
Event: 7.297 Loaded shared library C:\Users\Admin\.vscode\extensions\redhat.java-1.20.0-win32-x64\jre\17.0.7-win32-x86_64\bin\management_ext.dll
Event: 10.051 Loaded shared library C:\Users\Admin\.vscode\extensions\redhat.java-1.20.0-win32-x64\jre\17.0.7-win32-x86_64\bin\sunmscapi.dll
Event: 48.523 Loaded shared library c:\Users\Admin\.vscode\extensions\redhat.java-1.20.0-win32-x64\jre\17.0.7-win32-x86_64\bin\verify.dll
Event: 64.454 Loaded shared library C:\Users\Admin\AppData\Local\Temp\snappy-1.1.8-aa1a135a-746e-4164-bc2d-e0c662dd9258-snappyjava.dll
Event: 71.319 Loaded shared library C:\Users\Admin\.vscode\extensions\redhat.java-1.20.0-win32-x64\jre\17.0.7-win32-x86_64\bin\attach.dll
Event: 74.364 Loaded shared library C:\Users\Admin\.vscode\extensions\redhat.java-1.20.0-win32-x64\jre\17.0.7-win32-x86_64\bin\rmi.dll

Deoptimization events (20 events):
Event: 51.718 Thread 0x00000221d82f0ea0 DEOPT PACKING pc=0x00000221cba4f91c sp=0x0000002fe19fe290
Event: 51.718 Thread 0x00000221d82f0ea0 DEOPT UNPACKING pc=0x00000221cabd7143 sp=0x0000002fe19fd798 mode 0
Event: 51.718 Thread 0x00000221d82f0ea0 DEOPT PACKING pc=0x00000221cb9a9474 sp=0x0000002fe19fe380
Event: 51.718 Thread 0x00000221d82f0ea0 DEOPT UNPACKING pc=0x00000221cabd7143 sp=0x0000002fe19fd878 mode 0
Event: 51.718 Thread 0x00000221d82f0ea0 DEOPT PACKING pc=0x00000221cb97df74 sp=0x0000002fe19fe450
Event: 51.718 Thread 0x00000221d82f0ea0 DEOPT UNPACKING pc=0x00000221cabd7143 sp=0x0000002fe19fd928 mode 0
Event: 51.718 Thread 0x00000221d82f0ea0 DEOPT PACKING pc=0x00000221cb97aea4 sp=0x0000002fe19fe500
Event: 51.718 Thread 0x00000221d82f0ea0 DEOPT UNPACKING pc=0x00000221cabd7143 sp=0x0000002fe19fda80 mode 0
Event: 51.719 Thread 0x00000221d82f0ea0 DEOPT PACKING pc=0x00000221cba3f8ac sp=0x0000002fe19fe820
Event: 51.719 Thread 0x00000221d82f0ea0 DEOPT UNPACKING pc=0x00000221cabd7143 sp=0x0000002fe19fdcb0 mode 0
Event: 59.564 Thread 0x00000221d82f09d0 DEOPT PACKING pc=0x00000221cb83a3ee sp=0x0000002fe24fe140
Event: 59.564 Thread 0x00000221d82f09d0 DEOPT UNPACKING pc=0x00000221cabd7143 sp=0x0000002fe24fd638 mode 3
Event: 84.739 Thread 0x00000221d82ee350 DEOPT PACKING pc=0x00000221cb0627eb sp=0x0000002fe1efd8d0
Event: 84.739 Thread 0x00000221d82ee350 DEOPT UNPACKING pc=0x00000221cabd7143 sp=0x0000002fe1efcdf0 mode 3
Event: 121.414 Thread 0x00000221d75b3900 DEOPT PACKING pc=0x00000221cb163b54 sp=0x0000002fe14feff0
Event: 121.415 Thread 0x00000221d75b3900 DEOPT UNPACKING pc=0x00000221cabd7143 sp=0x0000002fe14fe478 mode 0
Event: 13714.589 Thread 0x00000221d82f09d0 DEOPT PACKING pc=0x00000221cbe0da20 sp=0x0000002fe24fdff0
Event: 13714.590 Thread 0x00000221d82f09d0 DEOPT UNPACKING pc=0x00000221cabd7143 sp=0x0000002fe24fd470 mode 3
Event: 42858.500 Thread 0x00000221d82f09d0 DEOPT PACKING pc=0x00000221cc007bb6 sp=0x0000002fe24fc990
Event: 42858.500 Thread 0x00000221d82f09d0 DEOPT UNPACKING pc=0x00000221cabd7143 sp=0x0000002fe24fbe88 mode 3

Classes unloaded (20 events):
Event: 43542.707 Thread 0x00000221d240f950 Unloading class 0x0000000100546000 'jdk/internal/reflect/GeneratedSerializationConstructorAccessor481'
Event: 43542.707 Thread 0x00000221d240f950 Unloading class 0x0000000100392000 'jdk/internal/reflect/GeneratedSerializationConstructorAccessor480'
Event: 43542.707 Thread 0x00000221d240f950 Unloading class 0x0000000100393400 'jdk/internal/reflect/GeneratedSerializationConstructorAccessor479'
Event: 43542.707 Thread 0x00000221d240f950 Unloading class 0x0000000100394400 'jdk/internal/reflect/GeneratedSerializationConstructorAccessor478'
Event: 43542.707 Thread 0x00000221d240f950 Unloading class 0x0000000100395400 'jdk/internal/reflect/GeneratedSerializationConstructorAccessor477'
Event: 43542.707 Thread 0x00000221d240f950 Unloading class 0x0000000100089c00 'jdk/internal/reflect/GeneratedSerializationConstructorAccessor476'
Event: 43542.707 Thread 0x00000221d240f950 Unloading class 0x0000000100215000 'jdk/internal/reflect/GeneratedSerializationConstructorAccessor475'
Event: 43542.707 Thread 0x00000221d240f950 Unloading class 0x0000000100310400 'jdk/internal/reflect/GeneratedSerializationConstructorAccessor474'
Event: 43542.707 Thread 0x00000221d240f950 Unloading class 0x0000000100089400 'jdk/internal/reflect/GeneratedSerializationConstructorAccessor473'
Event: 43542.707 Thread 0x00000221d240f950 Unloading class 0x0000000100a31000 'jdk/internal/reflect/GeneratedSerializationConstructorAccessor472'
Event: 43542.707 Thread 0x00000221d240f950 Unloading class 0x0000000100a24c00 'jdk/internal/reflect/GeneratedSerializationConstructorAccessor471'
Event: 43542.707 Thread 0x00000221d240f950 Unloading class 0x0000000100399c00 'jdk/internal/reflect/GeneratedSerializationConstructorAccessor470'
Event: 43542.707 Thread 0x00000221d240f950 Unloading class 0x000000010008a400 'jdk/internal/reflect/GeneratedSerializationConstructorAccessor469'
Event: 43542.707 Thread 0x00000221d240f950 Unloading class 0x0000000100a20000 'jdk/internal/reflect/GeneratedSerializationConstructorAccessor468'
Event: 43542.707 Thread 0x00000221d240f950 Unloading class 0x0000000100544800 'jdk/internal/reflect/GeneratedSerializationConstructorAccessor467'
Event: 43542.708 Thread 0x00000221d240f950 Unloading class 0x0000000100593000 'jdk/internal/reflect/GeneratedConstructorAccessor126'
Event: 43542.708 Thread 0x00000221d240f950 Unloading class 0x0000000100420400 'jdk/internal/reflect/GeneratedConstructorAccessor125'
Event: 43542.708 Thread 0x00000221d240f950 Unloading class 0x0000000100590800 'jdk/internal/reflect/GeneratedConstructorAccessor124'
Event: 43542.708 Thread 0x00000221d240f950 Unloading class 0x0000000100514000 'jdk/internal/reflect/GeneratedConstructorAccessor123'
Event: 43542.708 Thread 0x00000221d240f950 Unloading class 0x0000000100422000 'jdk/internal/reflect/GeneratedMethodAccessor116'

Classes redefined (0 events):
No events

Internal exceptions (20 events):
Event: 43573.556 Thread 0x00000221d8b57ec0 Exception <a 'java/net/SocketException'{0x00000000c8104078}: Socket is not connected: shutdown> (0x00000000c8104078) 
thrown [s\src\hotspot\share\prims\jni.cpp, line 535]
Event: 43573.557 Thread 0x00000221d8b57ec0 Exception <a 'java/net/ConnectException'{0x00000000c8104c10}: Connection refused: connect> (0x00000000c8104c10) 
thrown [s\src\hotspot\share\prims\jni.cpp, line 535]
Event: 43573.557 Thread 0x00000221d8b57ec0 Exception <a 'java/net/SocketException'{0x00000000c8104f48}: Socket is not connected: shutdown> (0x00000000c8104f48) 
thrown [s\src\hotspot\share\prims\jni.cpp, line 535]
Event: 43574.565 Thread 0x00000221d8b57ec0 Exception <a 'java/net/ConnectException'{0x00000000c8105af0}: Connection refused: connect> (0x00000000c8105af0) 
thrown [s\src\hotspot\share\prims\jni.cpp, line 535]
Event: 43574.565 Thread 0x00000221d8b57ec0 Exception <a 'java/net/SocketException'{0x00000000c8105e28}: Socket is not connected: shutdown> (0x00000000c8105e28) 
thrown [s\src\hotspot\share\prims\jni.cpp, line 535]
Event: 43574.566 Thread 0x00000221d8b57ec0 Exception <a 'java/net/ConnectException'{0x00000000c81069c0}: Connection refused: connect> (0x00000000c81069c0) 
thrown [s\src\hotspot\share\prims\jni.cpp, line 535]
Event: 43574.566 Thread 0x00000221d8b57ec0 Exception <a 'java/net/SocketException'{0x00000000c8106cf8}: Socket is not connected: shutdown> (0x00000000c8106cf8) 
thrown [s\src\hotspot\share\prims\jni.cpp, line 535]
Event: 43586.135 Thread 0x00000221d77349b0 Exception <a 'java/io/IOException'{0x00000000c8100628}: CreateProcess error=1455, The paging file is too small for this operation to complete> (0x00000000c8100628) 
thrown [s\src\hotspot\share\prims\jni.cpp, line 535]
Event: 43712.349 Thread 0x00000221d8b59200 Exception <a 'java/net/ConnectException'{0x00000000c8100f50}: Connection refused: connect> (0x00000000c8100f50) 
thrown [s\src\hotspot\share\prims\jni.cpp, line 535]
Event: 43712.349 Thread 0x00000221d8b59200 Exception <a 'java/net/SocketException'{0x00000000c8101288}: Socket is not connected: shutdown> (0x00000000c8101288) 
thrown [s\src\hotspot\share\prims\jni.cpp, line 535]
Event: 43760.003 Thread 0x00000221d8b59200 Exception <a 'java/net/ConnectException'{0x00000000c8101f90}: Connection refused: connect> (0x00000000c8101f90) 
thrown [s\src\hotspot\share\prims\jni.cpp, line 535]
Event: 43760.003 Thread 0x00000221d8b59200 Exception <a 'java/net/SocketException'{0x00000000c81022c8}: Socket is not connected: shutdown> (0x00000000c81022c8) 
thrown [s\src\hotspot\share\prims\jni.cpp, line 535]
Event: 43760.003 Thread 0x00000221d8b59200 Exception <a 'java/net/ConnectException'{0x00000000c8102e60}: Connection refused: connect> (0x00000000c8102e60) 
thrown [s\src\hotspot\share\prims\jni.cpp, line 535]
Event: 43760.003 Thread 0x00000221d8b59200 Exception <a 'java/net/SocketException'{0x00000000c8103198}: Socket is not connected: shutdown> (0x00000000c8103198) 
thrown [s\src\hotspot\share\prims\jni.cpp, line 535]
Event: 43760.006 Thread 0x00000221d8b59200 Exception <a 'java/net/ConnectException'{0x00000000c8103d40}: Connection refused: connect> (0x00000000c8103d40) 
thrown [s\src\hotspot\share\prims\jni.cpp, line 535]
Event: 43760.006 Thread 0x00000221d8b59200 Exception <a 'java/net/SocketException'{0x00000000c8104078}: Socket is not connected: shutdown> (0x00000000c8104078) 
thrown [s\src\hotspot\share\prims\jni.cpp, line 535]
Event: 43760.007 Thread 0x00000221d8b59200 Exception <a 'java/net/ConnectException'{0x00000000c8104c10}: Connection refused: connect> (0x00000000c8104c10) 
thrown [s\src\hotspot\share\prims\jni.cpp, line 535]
Event: 43760.007 Thread 0x00000221d8b59200 Exception <a 'java/net/SocketException'{0x00000000c8104f48}: Socket is not connected: shutdown> (0x00000000c8104f48) 
thrown [s\src\hotspot\share\prims\jni.cpp, line 535]
Event: 43761.008 Thread 0x00000221d8b59200 Exception <a 'java/net/ConnectException'{0x00000000c8105b00}: Connection refused: connect> (0x00000000c8105b00) 
thrown [s\src\hotspot\share\prims\jni.cpp, line 535]
Event: 43761.008 Thread 0x00000221d8b59200 Exception <a 'java/net/SocketException'{0x00000000c8105e38}: Socket is not connected: shutdown> (0x00000000c8105e38) 
thrown [s\src\hotspot\share\prims\jni.cpp, line 535]

VM Operations (20 events):
Event: 44194.398 Executing VM operation: G1CollectFull done
Event: 44204.670 Executing VM operation: G1CollectFull
Event: 44204.729 Executing VM operation: G1CollectFull done
Event: 44214.959 Executing VM operation: G1CollectFull
Event: 44215.022 Executing VM operation: G1CollectFull done
Event: 44225.304 Executing VM operation: G1CollectFull
Event: 44225.375 Executing VM operation: G1CollectFull done
Event: 44235.652 Executing VM operation: G1CollectFull
Event: 44235.711 Executing VM operation: G1CollectFull done
Event: 44245.946 Executing VM operation: G1CollectFull
Event: 44246.008 Executing VM operation: G1CollectFull done
Event: 44256.330 Executing VM operation: G1CollectFull
Event: 44256.389 Executing VM operation: G1CollectFull done
Event: 44266.646 Executing VM operation: G1CollectFull
Event: 44266.705 Executing VM operation: G1CollectFull done
Event: 44276.957 Executing VM operation: G1CollectFull
Event: 44277.045 Executing VM operation: G1CollectFull done
Event: 44287.671 Executing VM operation: G1CollectFull
Event: 44287.751 Executing VM operation: G1CollectFull done
Event: 44298.124 Executing VM operation: G1CollectFull

Events (20 events):
Event: 43378.945 Thread 0x00000221d8b596d0 Thread exited: 0x00000221d8b596d0
Event: 43406.086 Thread 0x00000221d8b5a070 Thread exited: 0x00000221d8b5a070
Event: 43432.390 Thread 0x00000221d8b58390 Thread added: 0x00000221d8b58390
Event: 43448.452 Thread 0x00000221d8b5aee0 Thread added: 0x00000221d8b5aee0
Event: 43448.497 Thread 0x00000221d8b579f0 Thread added: 0x00000221d8b579f0
Event: 43452.038 Thread 0x00000221d8b5b3b0 Thread added: 0x00000221d8b5b3b0
Event: 43452.589 Thread 0x00000221d8b58d30 Thread added: 0x00000221d8b58d30
Event: 43459.790 Thread 0x00000221d8b59200 Thread added: 0x00000221d8b59200
Event: 43459.792 Thread 0x00000221d8b596d0 Thread added: 0x00000221d8b596d0
Event: 43460.005 Thread 0x00000221d8b59ba0 Thread added: 0x00000221d8b59ba0
Event: 43467.179 Thread 0x00000221d8b58d30 Thread exited: 0x00000221d8b58d30
Event: 43492.179 Thread 0x00000221d8b59ba0 Thread exited: 0x00000221d8b59ba0
Event: 43493.576 Thread 0x00000221d8b5a540 Thread exited: 0x00000221d8b5a540
Event: 43508.760 Thread 0x00000221d8b5aee0 Thread exited: 0x00000221d8b5aee0
Event: 43512.072 Thread 0x00000221d8b58390 Thread exited: 0x00000221d8b58390
Event: 43513.168 Thread 0x00000221d8b5b3b0 Thread exited: 0x00000221d8b5b3b0
Event: 43532.555 Thread 0x00000221d8b596d0 Thread exited: 0x00000221d8b596d0
Event: 43548.227 Thread 0x00000221d8b579f0 Thread exited: 0x00000221d8b579f0
Event: 43574.566 Thread 0x00000221d8b57ec0 Thread exited: 0x00000221d8b57ec0
Event: 43761.009 Thread 0x00000221d8b59200 Thread exited: 0x00000221d8b59200


Dynamic libraries:
0x00007ff6c5e50000 - 0x00007ff6c5e5e000 	c:\Users\Admin\.vscode\extensions\redhat.java-1.20.0-win32-x64\jre\17.0.7-win32-x86_64\bin\java.exe
0x00007ff917510000 - 0x00007ff917708000 	C:\Windows\SYSTEM32\ntdll.dll
0x00007ff917390000 - 0x00007ff91744f000 	C:\Windows\System32\KERNEL32.DLL
0x00007ff914c20000 - 0x00007ff914f16000 	C:\Windows\System32\KERNELBASE.dll
0x00007ff914fc0000 - 0x00007ff9150c0000 	C:\Windows\System32\ucrtbase.dll
0x00007ff9101d0000 - 0x00007ff9101e7000 	c:\Users\Admin\.vscode\extensions\redhat.java-1.20.0-win32-x64\jre\17.0.7-win32-x86_64\bin\jli.dll
0x00007ff916d10000 - 0x00007ff916ead000 	C:\Windows\System32\USER32.dll
0x00007ff914bf0000 - 0x00007ff914c12000 	C:\Windows\System32\win32u.dll
0x00007ff916530000 - 0x00007ff91655c000 	C:\Windows\System32\GDI32.dll
0x00007ff9151c0000 - 0x00007ff9152d5000 	C:\Windows\System32\gdi32full.dll
0x00007ff914f20000 - 0x00007ff914fbd000 	C:\Windows\System32\msvcp_win.dll
0x00007ff90dec0000 - 0x00007ff90ded9000 	c:\Users\Admin\.vscode\extensions\redhat.java-1.20.0-win32-x64\jre\17.0.7-win32-x86_64\bin\VCRUNTIME140.dll
0x00007ff9046c0000 - 0x00007ff90495a000 	C:\Windows\WinSxS\amd64_microsoft.windows.common-controls_6595b64144ccf1df_6.0.19041.1110_none_60b5254171f9507e\COMCTL32.dll
0x00007ff9171c0000 - 0x00007ff91725e000 	C:\Windows\System32\msvcrt.dll
0x00007ff916fe0000 - 0x00007ff917010000 	C:\Windows\System32\IMM32.DLL
0x00007ff9101b0000 - 0x00007ff9101bc000 	c:\Users\Admin\.vscode\extensions\redhat.java-1.20.0-win32-x64\jre\17.0.7-win32-x86_64\bin\vcruntime140_1.dll
0x00007ff8f6e00000 - 0x00007ff8f6e91000 	c:\Users\Admin\.vscode\extensions\redhat.java-1.20.0-win32-x64\jre\17.0.7-win32-x86_64\bin\msvcp140.dll
0x00007ff8dc2f0000 - 0x00007ff8dcf38000 	c:\Users\Admin\.vscode\extensions\redhat.java-1.20.0-win32-x64\jre\17.0.7-win32-x86_64\bin\server\jvm.dll
0x00007ff915d80000 - 0x00007ff915e2f000 	C:\Windows\System32\ADVAPI32.dll
0x00007ff9172f0000 - 0x00007ff91738c000 	C:\Windows\System32\sechost.dll
0x00007ff916560000 - 0x00007ff916686000 	C:\Windows\System32\RPCRT4.dll
0x00007ff905a10000 - 0x00007ff905a19000 	C:\Windows\SYSTEM32\WSOCK32.dll
0x00007ff9164c0000 - 0x00007ff91652b000 	C:\Windows\System32\WS2_32.dll
0x00007ff900730000 - 0x00007ff900757000 	C:\Windows\SYSTEM32\WINMM.dll
0x00007ff907ea0000 - 0x00007ff907eaa000 	C:\Windows\SYSTEM32\VERSION.dll
0x00007ff9129c0000 - 0x00007ff9129d2000 	C:\Windows\SYSTEM32\kernel.appcore.dll
0x00007ff90fab0000 - 0x00007ff90faba000 	c:\Users\Admin\.vscode\extensions\redhat.java-1.20.0-win32-x64\jre\17.0.7-win32-x86_64\bin\jimage.dll
0x00007ff90da30000 - 0x00007ff90dc14000 	C:\Windows\SYSTEM32\DBGHELP.DLL
0x00007ff90d980000 - 0x00007ff90d9b4000 	C:\Windows\SYSTEM32\dbgcore.DLL
0x00007ff9152e0000 - 0x00007ff915362000 	C:\Windows\System32\bcryptPrimitives.dll
0x00007ff8fb510000 - 0x00007ff8fb535000 	c:\Users\Admin\.vscode\extensions\redhat.java-1.20.0-win32-x64\jre\17.0.7-win32-x86_64\bin\java.dll
0x00007ff907ba0000 - 0x00007ff907bb8000 	c:\Users\Admin\.vscode\extensions\redhat.java-1.20.0-win32-x64\jre\17.0.7-win32-x86_64\bin\zip.dll
0x00007ff9155d0000 - 0x00007ff915d14000 	C:\Windows\System32\SHELL32.dll
0x00007ff912ca0000 - 0x00007ff913434000 	C:\Windows\SYSTEM32\windows.storage.dll
0x00007ff915f50000 - 0x00007ff9162a4000 	C:\Windows\System32\combase.dll
0x00007ff914630000 - 0x00007ff91465e000 	C:\Windows\SYSTEM32\Wldp.dll
0x00007ff916380000 - 0x00007ff91642d000 	C:\Windows\System32\SHCORE.dll
0x00007ff915d20000 - 0x00007ff915d75000 	C:\Windows\System32\shlwapi.dll
0x00007ff914b20000 - 0x00007ff914b45000 	C:\Windows\SYSTEM32\profapi.dll
0x00007ff902a30000 - 0x00007ff902a49000 	C:\Users\Admin\.vscode\extensions\redhat.java-1.20.0-win32-x64\jre\17.0.7-win32-x86_64\bin\net.dll
0x00007ff909e10000 - 0x00007ff909f1a000 	C:\Windows\SYSTEM32\WINHTTP.dll
0x00007ff914390000 - 0x00007ff9143fa000 	C:\Windows\system32\mswsock.dll
0x00007ff8ff3a0000 - 0x00007ff8ff3b5000 	C:\Users\Admin\.vscode\extensions\redhat.java-1.20.0-win32-x64\jre\17.0.7-win32-x86_64\bin\nio.dll
0x00007ff914590000 - 0x00007ff9145a8000 	C:\Windows\SYSTEM32\CRYPTSP.dll
0x00007ff913c40000 - 0x00007ff913c74000 	C:\Windows\system32\rsaenh.dll
0x00007ff9153e0000 - 0x00007ff915407000 	C:\Windows\System32\bcrypt.dll
0x00007ff914ae0000 - 0x00007ff914b0e000 	C:\Windows\SYSTEM32\USERENV.dll
0x00007ff914580000 - 0x00007ff91458c000 	C:\Windows\SYSTEM32\CRYPTBASE.dll
0x00007ff914030000 - 0x00007ff91406c000 	C:\Windows\SYSTEM32\IPHLPAPI.DLL
0x00007ff916d00000 - 0x00007ff916d08000 	C:\Windows\System32\NSI.dll
0x00007ff90af10000 - 0x00007ff90af27000 	C:\Windows\SYSTEM32\dhcpcsvc6.DLL
0x00007ff90c4a0000 - 0x00007ff90c4bd000 	C:\Windows\SYSTEM32\dhcpcsvc.DLL
0x00007ff914080000 - 0x00007ff91414a000 	C:\Windows\SYSTEM32\DNSAPI.dll
0x00007ff903e00000 - 0x00007ff903e09000 	C:\Users\Admin\.vscode\extensions\redhat.java-1.20.0-win32-x64\jre\17.0.7-win32-x86_64\bin\management.dll
0x00007ff903da0000 - 0x00007ff903dab000 	C:\Users\Admin\.vscode\extensions\redhat.java-1.20.0-win32-x64\jre\17.0.7-win32-x86_64\bin\management_ext.dll
0x00007ff915e30000 - 0x00007ff915e38000 	C:\Windows\System32\PSAPI.DLL
0x00007ff903810000 - 0x00007ff90381e000 	C:\Users\Admin\.vscode\extensions\redhat.java-1.20.0-win32-x64\jre\17.0.7-win32-x86_64\bin\sunmscapi.dll
0x00007ff915410000 - 0x00007ff91556e000 	C:\Windows\System32\CRYPT32.dll
0x00007ff9146a0000 - 0x00007ff9146c8000 	C:\Windows\SYSTEM32\ncrypt.dll
0x00007ff914660000 - 0x00007ff91469b000 	C:\Windows\SYSTEM32\NTASN1.dll
0x0000000077d20000 - 0x0000000077d46000 	C:\Program Files\Bonjour\mdnsNSP.dll
0x00007ff9083d0000 - 0x00007ff9083da000 	C:\Windows\System32\rasadhlp.dll
0x00007ff908460000 - 0x00007ff9084e2000 	C:\Windows\System32\fwpuclnt.dll
0x00007ff90cfe0000 - 0x00007ff90cff0000 	c:\Users\Admin\.vscode\extensions\redhat.java-1.20.0-win32-x64\jre\17.0.7-win32-x86_64\bin\verify.dll
0x000000006c500000 - 0x000000006c5c7000 	C:\Users\Admin\AppData\Local\Temp\snappy-1.1.8-aa1a135a-746e-4164-bc2d-e0c662dd9258-snappyjava.dll
0x00007ff904c70000 - 0x00007ff904c79000 	C:\Users\Admin\.vscode\extensions\redhat.java-1.20.0-win32-x64\jre\17.0.7-win32-x86_64\bin\attach.dll
0x00007ff900c00000 - 0x00007ff900c17000 	C:\Windows\system32\napinsp.dll
0x00007ff900b90000 - 0x00007ff900bab000 	C:\Windows\system32\pnrpnsp.dll
0x00007ff900be0000 - 0x00007ff900bf5000 	C:\Windows\system32\wshbth.dll
0x00007ff90dd70000 - 0x00007ff90dd8d000 	C:\Windows\system32\NLAapi.dll
0x00007ff900bc0000 - 0x00007ff900bd2000 	C:\Windows\System32\winrnr.dll
0x00007ff903e30000 - 0x00007ff903e37000 	C:\Users\Admin\.vscode\extensions\redhat.java-1.20.0-win32-x64\jre\17.0.7-win32-x86_64\bin\rmi.dll

dbghelp: loaded successfully - version: 4.0.5 - missing functions: none
symbol engine: initialized successfully - sym options: 0x614 - pdb path: .;c:\Users\Admin\.vscode\extensions\redhat.java-1.20.0-win32-x64\jre\17.0.7-win32-x86_64\bin;C:\Windows\SYSTEM32;C:\Windows\WinSxS\amd64_microsoft.windows.common-controls_6595b64144ccf1df_6.0.19041.1110_none_60b5254171f9507e;c:\Users\Admin\.vscode\extensions\redhat.java-1.20.0-win32-x64\jre\17.0.7-win32-x86_64\bin\server;C:\Program Files\Bonjour;C:\Users\Admin\AppData\Local\Temp

VM Arguments:
jvm_args: -XX:+HeapDumpOnOutOfMemoryError -Xmx1024m -Dsts.lsp.client=vscode -Dsts.log.file=/dev/null -XX:TieredStopAtLevel=1 -Xlog:jni+resolve=off -Dspring.config.location=file:c:\Users\Admin\.vscode\extensions\vmware.vscode-spring-boot-1.47.0\language-server\BOOT-INF\classes\application.properties 
java_command: org.springframework.ide.vscode.boot.app.BootLanguageServerBootApp
java_class_path (initial): c:\Users\Admin\.vscode\extensions\vmware.vscode-spring-boot-1.47.0\language-server\BOOT-INF\classes;c:\Users\Admin\.vscode\extensions\vmware.vscode-spring-boot-1.47.0\language-server\BOOT-INF\lib\annotations-24.0.1.jar;c:\Users\Admin\.vscode\extensions\vmware.vscode-spring-boot-1.47.0\language-server\BOOT-INF\lib\antlr-runtime-3.5.3.jar;c:\Users\Admin\.vscode\extensions\vmware.vscode-spring-boot-1.47.0\language-server\BOOT-INF\lib\antlr4-4.11.1.jar;c:\Users\Admin\.vscode\extensions\vmware.vscode-spring-boot-1.47.0\language-server\BOOT-INF\lib\antlr4-runtime-4.11.1.jar;c:\Users\Admin\.vscode\extensions\vmware.vscode-spring-boot-1.47.0\language-server\BOOT-INF\lib\aopalliance-1.0.jar;c:\Users\Admin\.vscode\extensions\vmware.vscode-spring-boot-1.47.0\language-server\BOOT-INF\lib\asm-9.5.jar;c:\Users\Admin\.vscode\extensions\vmware.vscode-spring-boot-1.47.0\language-server\BOOT-INF\lib\asm-analysis-9.5.jar;c:\Users\Admin\.vscode\extensions\vmware.vscode-spring-boot-1.47.0\language-server\BOOT-INF\lib\asm-tree-9.5.jar;c:\Users\Admin\.vscode\extensions\vmware.vscode-spring-boot-1.47.0\language-server\BOOT-INF\lib\asm-util-9.5.jar;c:\Users\Admin\.vscode\extensions\vmware.vscode-spring-boot-1.47.0\language-server\BOOT-INF\lib\auto-common-1.2.1.jar;c:\Users\Admin\.vscode\extensions\vmware.vscode-spring-boot-1.47.0\language-server\BOOT-INF\lib\auto-value-annotations-1.9.jar;c:\Users\Admin\.vscode\extensions\vmware.vscode-spring-boot-1.47.0\language-server\BOOT-INF\lib\caffeine-3.1.2.jar;c:\Users\Admin\.vscode\extensions\vmware.vscode-spring-boot-1.47.0\language-server\BOOT-INF\lib\checker-qual-3.12.0.jar;c:\Users\Admin\.vscode\extensions\vmware.vscode-spring-boot-1.47.0\language-server\BOOT-INF\lib\classgraph-4.8.149.jar;c:\Users\Admin\.vscode\extensions\vmware.vscode-spring-boot-1.47.0\language-server\BOOT-INF\lib\commons-codec-1.15.jar;c:\Users\Admin\.vscode\extensions\vmware.vscode-spring-boot-1.47.0\language-server\BOOT-INF\lib\commons-compres
Launcher Type: SUN_STANDARD

[Global flags]
     intx CICompilerCount                          = 3                                         {product} {ergonomic}
     uint ConcGCThreads                            = 1                                         {product} {ergonomic}
     uint G1ConcRefinementThreads                  = 4                                         {product} {ergonomic}
   size_t G1HeapRegionSize                         = 1048576                                   {product} {ergonomic}
    uintx GCDrainStackTargetSize                   = 64                                        {product} {ergonomic}
     bool HeapDumpOnOutOfMemoryError               = true                                   {manageable} {command line}
   size_t InitialHeapSize                          = 67108864                                  {product} {ergonomic}
   size_t MarkStackSize                            = 4194304                                   {product} {ergonomic}
   size_t MaxHeapSize                              = 1073741824                                {product} {command line}
   size_t MaxNewSize                               = 643825664                                 {product} {ergonomic}
   size_t MinHeapDeltaBytes                        = 1048576                                   {product} {ergonomic}
   size_t MinHeapSize                              = 8388608                                   {product} {ergonomic}
    uintx NonProfiledCodeHeapSize                  = 0                                      {pd product} {ergonomic}
     bool ProfileInterpreter                       = false                                  {pd product} {command line}
    uintx ProfiledCodeHeapSize                     = 0                                      {pd product} {ergonomic}
   size_t SoftMaxHeapSize                          = 1073741824                             {manageable} {ergonomic}
     intx TieredStopAtLevel                        = 1                                         {product} {command line}
     bool UseCompressedClassPointers               = true                           {product lp64_product} {ergonomic}
     bool UseCompressedOops                        = true                           {product lp64_product} {ergonomic}
     bool UseG1GC                                  = true                                      {product} {ergonomic}
     bool UseLargePagesIndividualAllocation        = false                                  {pd product} {ergonomic}

Logging:
Log output configuration:
 #0: stdout all=warning,jni+resolve=off uptime,level,tags
 #1: stderr all=off uptime,level,tags

Environment Variables:
PATH=C:\Program Files\Eclipse Adoptium\jdk-17.0.6.10-hotspot\bin;C:\Program Files\Eclipse Adoptium\jdk-8.0.362.9-hotspot\bin;C:\Program Files\Common Files\Oracle\Java\javapath;C:\Windows\system32;C:\Windows;C:\Windows\System32\Wbem;C:\Windows\System32\WindowsPowerShell\v1.0\;C:\Windows\System32\OpenSSH\;C:\Program Files (x86)\Microsoft SQL Server\160\Tools\Binn\;C:\Program Files\Microsoft SQL Server\160\Tools\Binn\;C:\Program Files\Microsoft SQL Server\Client SDK\ODBC\170\Tools\Binn\;C:\Program Files\Microsoft SQL Server\160\DTS\Binn\;C:\Program Files (x86)\Microsoft SQL Server\160\DTS\Binn\;C:\Program Files\Azure Data Studio\bin;C:\Program Files\Git\cmd;C:\Program Files\nodejs\;C:\Program Files\MySQL\MySQL Shell 8.0\bin\;C:\Users\Admin\AppData\Local\Microsoft\WindowsApps;;C:\Program Files\Azure Data Studio\bin;C:\Microsoft VS Code\bin;C:\Users\Admin\AppData\Roaming\npm
USERNAME=Admin
OS=Windows_NT
PROCESSOR_IDENTIFIER=Intel64 Family 6 Model 69 Stepping 1, GenuineIntel
TMP=C:\Users\Admin\AppData\Local\Temp
TEMP=C:\Users\Admin\AppData\Local\Temp



---------------  S Y S T E M  ---------------

OS:
 Windows 10 , 64 bit Build 19041 (10.0.19041.3155)
OS uptime: 4 days 9:08 hours

CPU: total 4 (initial active 4) (2 cores per cpu, 2 threads per core) family 6 model 69 stepping 1 microcode 0x25, cx8, cmov, fxsr, ht, mmx, sse, sse2, sse3, ssse3, sse4.1, sse4.2, popcnt, lzcnt, tsc, tscinvbit, avx, avx2, aes, erms, clmul, bmi1, bmi2, fma, vzeroupper, clflush

Memory: 4k page, system-wide physical 3992M (351M free)
TotalPageFile size 16280M (AvailPageFile size 6M)
current process WorkingSet (physical memory assigned to process): 95M, peak: 1028M
current process commit charge ("private bytes"): 329M, peak: 1112M

vm_info: OpenJDK 64-Bit Server VM (17.0.7+7) for windows-amd64 JRE (17.0.7+7), built on Apr 18 2023 22:10:42 by "temurin" with MS VC++ 16.7 (VS2019)

END.
