#
# There is insufficient memory for the Java Runtime Environment to continue.
# Native memory allocation (malloc) failed to allocate 32744 bytes for ChunkPool::allocate
# Possible reasons:
#   The system is out of physical RAM or swap space
#   The process is running with CompressedOops enabled, and the Java Heap may be blocking the growth of the native heap
# Possible solutions:
#   Reduce memory load on the system
#   Increase physical memory or swap space
#   Check if swap backing store is full
#   Decrease Java heap size (-Xmx/-Xms)
#   Decrease number of Java threads
#   Decrease Java thread stack sizes (-Xss)
#   Set larger code cache with -XX:ReservedCodeCacheSize=
#   JVM is running with Unscaled Compressed Oops mode in which the Java heap is
#     placed in the first 4GB address space. The Java Heap base address is the
#     maximum limit for the native heap growth. Please use -XX:HeapBaseMinAddress
#     to set the Java Heap base and to place the Java Heap above 4GB virtual address.
# This output file may be truncated or incomplete.
#
#  Out of Memory Error (arena.cpp:78), pid=19908, tid=10992
#
# JRE version: OpenJDK Runtime Environment Temurin-17.0.7+7 (17.0.7+7) (build 17.0.7+7)
# Java VM: OpenJDK 64-Bit Server VM Temurin-17.0.7+7 (17.0.7+7, mixed mode, tiered, compressed oops, compressed class ptrs, parallel gc, windows-amd64)
# No core dump will be written. Minidumps are not enabled by default on client versions of Windows
#

---------------  S U M M A R Y ------------

Command Line: --add-modules=ALL-SYSTEM --add-opens=java.base/java.util=ALL-UNNAMED --add-opens=java.base/java.lang=ALL-UNNAMED --add-opens=java.base/sun.nio.fs=ALL-UNNAMED -Declipse.application=org.eclipse.jdt.ls.core.id1 -Dosgi.bundles.defaultStartLevel=4 -Declipse.product=org.eclipse.jdt.ls.core.product -Djava.import.generatesMetadataFilesAtProjectRoot=false -Dfile.encoding=utf8 -XX:+UseParallelGC -XX:GCTimeRatio=4 -XX:AdaptiveSizePolicyWeight=90 -Dsun.zip.disableMemoryMapping=true -Xmx1G -Xms100m -Xlog:disable -javaagent:c:\Users\Admin\.vscode\extensions\redhat.java-1.20.0-win32-x64\lombok\lombok-1.18.28.jar -XX:+HeapDumpOnOutOfMemoryError -XX:HeapDumpPath=c:\Users\Admin\AppData\Roaming\Code\User\workspaceStorage\ca21f0e4f1af00ec6494e11a941b7667\redhat.java -Daether.dependencyCollector.impl=bf c:\Users\Admin\.vscode\extensions\redhat.java-1.20.0-win32-x64\server\plugins\org.eclipse.equinox.launcher_1.6.500.v20230622-2056.jar -configuration c:\Users\Admin\AppData\Roaming\Code\User\globalStorage\redhat.java\1.20.0\config_win -data c:\Users\Admin\AppData\Roaming\Code\User\workspaceStorage\ca21f0e4f1af00ec6494e11a941b7667\redhat.java\jdt_ws

Host: Intel(R) Core(TM) i5-4210U CPU @ 1.70GHz, 4 cores, 3G,  Windows 10 , 64 bit Build 19041 (10.0.19041.3155)
Time: Tue Jul 18 09:33:34 2023 India Standard Time elapsed time: 1.490018 seconds (0d 0h 0m 1s)

---------------  T H R E A D  ---------------

Current thread (0x0000019515ad4c00):  JavaThread "C1 CompilerThread0" daemon [_thread_in_native, id=10992, stack(0x0000001af2f00000,0x0000001af3000000)]


Current CompileTask:
C1:   1490  343   !   3       java.io.WinNTFileSystem::resolve (362 bytes)

Stack: [0x0000001af2f00000,0x0000001af3000000]
Native frames: (J=compiled Java code, j=interpreted, Vv=VM code, C=native code)
V  [jvm.dll+0x67754a]
V  [jvm.dll+0x834304]
V  [jvm.dll+0x835aae]
V  [jvm.dll+0x836113]
V  [jvm.dll+0x24696f]
V  [jvm.dll+0xac2cc]
V  [jvm.dll+0xac67c]
V  [jvm.dll+0x664233]
V  [jvm.dll+0x17ae60]
V  [jvm.dll+0x17886e]
V  [jvm.dll+0x178c1a]
V  [jvm.dll+0x17b683]
V  [jvm.dll+0x135ae3]
V  [jvm.dll+0x1353df]
V  [jvm.dll+0x135616]
V  [jvm.dll+0x134aaa]
V  [jvm.dll+0x136771]
V  [jvm.dll+0x2284da]
V  [jvm.dll+0x226615]
V  [jvm.dll+0x7ea90b]
V  [jvm.dll+0x7e4e7a]
V  [jvm.dll+0x676395]
C  [ucrtbase.dll+0x21bb2]
C  [KERNEL32.DLL+0x17614]
C  [ntdll.dll+0x526b1]


---------------  P R O C E S S  ---------------

Threads class SMR info:
_java_thread_list=0x0000019515d36c00, length=12, elements={
0x000001957ca5ad50, 0x000001957f87e760, 0x000001957f881190, 0x000001957f8ba130,
0x000001957f8baeb0, 0x000001957f8bda40, 0x000001957f8bf470, 0x000001957f8c0060,
0x0000019515ad4c00, 0x0000019515ad58b0, 0x000001957f771510, 0x0000019515e60ec0
}

Java Threads: ( => current thread )
  0x000001957ca5ad50 JavaThread "main" [_thread_in_native, id=9048, stack(0x0000001af2500000,0x0000001af2600000)]
  0x000001957f87e760 JavaThread "Reference Handler" daemon [_thread_blocked, id=20248, stack(0x0000001af2800000,0x0000001af2900000)]
  0x000001957f881190 JavaThread "Finalizer" daemon [_thread_blocked, id=11596, stack(0x0000001af2900000,0x0000001af2a00000)]
  0x000001957f8ba130 JavaThread "Signal Dispatcher" daemon [_thread_blocked, id=19316, stack(0x0000001af2a00000,0x0000001af2b00000)]
  0x000001957f8baeb0 JavaThread "Attach Listener" daemon [_thread_blocked, id=11656, stack(0x0000001af2b00000,0x0000001af2c00000)]
  0x000001957f8bda40 JavaThread "Service Thread" daemon [_thread_blocked, id=12976, stack(0x0000001af2c00000,0x0000001af2d00000)]
  0x000001957f8bf470 JavaThread "Monitor Deflation Thread" daemon [_thread_blocked, id=11840, stack(0x0000001af2d00000,0x0000001af2e00000)]
  0x000001957f8c0060 JavaThread "C2 CompilerThread0" daemon [_thread_in_native, id=8604, stack(0x0000001af2e00000,0x0000001af2f00000)]
=>0x0000019515ad4c00 JavaThread "C1 CompilerThread0" daemon [_thread_in_native, id=10992, stack(0x0000001af2f00000,0x0000001af3000000)]
  0x0000019515ad58b0 JavaThread "Sweeper thread" daemon [_thread_blocked, id=4072, stack(0x0000001af3000000,0x0000001af3100000)]
  0x000001957f771510 JavaThread "Common-Cleaner" daemon [_thread_blocked, id=4172, stack(0x0000001af3100000,0x0000001af3200000)]
  0x0000019515e60ec0 JavaThread "Notification Thread" daemon [_thread_blocked, id=12612, stack(0x0000001af3200000,0x0000001af3300000)]

Other Threads:
  0x000001957f7b5040 VMThread "VM Thread" [stack: 0x0000001af2700000,0x0000001af2800000] [id=15516]
  0x0000019515e61390 WatcherThread [stack: 0x0000001af3300000,0x0000001af3400000] [id=13120]
  0x000001957ca73160 GCTaskThread "GC Thread#0" [stack: 0x0000001af2600000,0x0000001af2700000] [id=13840]

Threads with active compile tasks:
C2 CompilerThread0     1541  349 %     4       java.lang.StringLatin1::replace @ 13 (198 bytes)
C1 CompilerThread0     1541  343   !   3       java.io.WinNTFileSystem::resolve (362 bytes)

VM state: not at safepoint (normal execution)

VM Mutex/Monitor currently owned by a thread: None

Heap address: 0x00000000c0000000, size: 1024 MB, Compressed Oops mode: 32-bit

CDS archive(s) not mapped
Compressed class space mapped at: 0x0000000100000000-0x0000000140000000, reserved size: 1073741824
Narrow klass base: 0x0000000000000000, Narrow klass shift: 3, Narrow klass range: 0x140000000

GC Precious Log:
 CPUs: 4 total, 4 available
 Memory: 3992M
 Large Page Support: Disabled
 NUMA Support: Disabled
 Compressed Oops: Enabled (32-bit)
 Alignments: Space 512K, Generation 512K, Heap 2M
 Heap Min Capacity: 100M
 Heap Initial Capacity: 100M
 Heap Max Capacity: 1G
 Pre-touch: Disabled
 Parallel Workers: 4

Heap:
 PSYoungGen      total 29696K, used 7241K [0x00000000eab00000, 0x00000000ecc00000, 0x0000000100000000)
  eden space 25600K, 28% used [0x00000000eab00000,0x00000000eb212578,0x00000000ec400000)
  from space 4096K, 0% used [0x00000000ec800000,0x00000000ec800000,0x00000000ecc00000)
  to   space 4096K, 0% used [0x00000000ec400000,0x00000000ec400000,0x00000000ec800000)
 ParOldGen       total 68608K, used 0K [0x00000000c0000000, 0x00000000c4300000, 0x00000000eab00000)
  object space 68608K, 0% used [0x00000000c0000000,0x00000000c0000000,0x00000000c4300000)
 Metaspace       used 6242K, committed 6400K, reserved 1114112K
  class space    used 610K, committed 704K, reserved 1048576K

Card table byte_map: [0x000001957c410000,0x000001957c620000] _byte_map_base: 0x000001957be10000

Marking Bits: (ParMarkBitMap*) 0x00007ff8d4f952c0
 Begin Bits: [0x000001950f000000, 0x0000019510000000)
 End Bits:   [0x0000019510000000, 0x0000019511000000)

Polling page: 0x000001957aa10000

Metaspace:

Usage:
  Non-class:      5.50 MB used.
      Class:    610.51 KB used.
       Both:      6.10 MB used.

Virtual space:
  Non-class space:       64.00 MB reserved,       5.56 MB (  9%) committed,  1 nodes.
      Class space:        1.00 GB reserved,     704.00 KB ( <1%) committed,  1 nodes.
             Both:        1.06 GB reserved,       6.25 MB ( <1%) committed. 

Chunk freelists:
   Non-Class:  10.27 MB
       Class:  15.22 MB
        Both:  25.48 MB

MaxMetaspaceSize: unlimited
CompressedClassSpaceSize: 1.00 GB
Initial GC threshold: 21.00 MB
Current GC threshold: 21.00 MB
CDS: off
MetaspaceReclaimPolicy: balanced
 - commit_granule_bytes: 65536.
 - commit_granule_words: 8192.
 - virtual_space_node_default_size: 8388608.
 - enlarge_chunks_in_place: 1.
 - new_chunks_are_fully_committed: 0.
 - uncommit_free_chunks: 1.
 - use_allocation_guard: 0.
 - handle_deallocations: 1.


Internal statistics:

num_allocs_failed_limit: 0.
num_arena_births: 10.
num_arena_deaths: 0.
num_vsnodes_births: 2.
num_vsnodes_deaths: 0.
num_space_committed: 100.
num_space_uncommitted: 0.
num_chunks_returned_to_freelist: 0.
num_chunks_taken_from_freelist: 34.
num_chunk_merges: 0.
num_chunk_splits: 20.
num_chunks_enlarged: 16.
num_inconsistent_stats: 0.

CodeHeap 'non-profiled nmethods': size=120000Kb used=94Kb max_used=94Kb free=119905Kb
 bounds [0x0000019507ad0000, 0x0000019507d40000, 0x000001950f000000]
CodeHeap 'profiled nmethods': size=120000Kb used=427Kb max_used=427Kb free=119572Kb
 bounds [0x0000019500000000, 0x0000019500270000, 0x0000019507530000]
CodeHeap 'non-nmethods': size=5760Kb used=1096Kb max_used=1108Kb free=4663Kb
 bounds [0x0000019507530000, 0x00000195077a0000, 0x0000019507ad0000]
 total_blobs=718 nmethods=342 adapters=291
 compilation: enabled
              stopped_count=0, restarted_count=0
 full_count=0

Compilation events (20 events):
Event: 1.449 Thread 0x0000019515ad4c00 nmethod 332 0x0000019500063f90 code [0x00000195000641c0, 0x00000195000649d8]
Event: 1.450 Thread 0x0000019515ad4c00  333       3       java.nio.DirectIntBufferU::ix (10 bytes)
Event: 1.450 Thread 0x0000019515ad4c00 nmethod 333 0x0000019500064e90 code [0x0000019500065020, 0x0000019500065138]
Event: 1.450 Thread 0x0000019515ad4c00  334   !   3       jdk.internal.misc.ScopedMemoryAccess::getInt (20 bytes)
Event: 1.450 Thread 0x0000019515ad4c00 nmethod 334 0x0000019500065210 code [0x00000195000653e0, 0x0000019500065858]
Event: 1.465 Thread 0x0000019515ad4c00  335       3       jdk.internal.jimage.ImageStringsReader::hashCode (33 bytes)
Event: 1.465 Thread 0x0000019515ad4c00 nmethod 335 0x0000019500065a90 code [0x0000019500065c40, 0x0000019500065db8]
Event: 1.466 Thread 0x0000019515ad4c00  336       3       jdk.internal.jimage.ImageStringsReader::match (11 bytes)
Event: 1.466 Thread 0x0000019515ad4c00 nmethod 336 0x0000019500065e90 code [0x0000019500066040, 0x0000019500066208]
Event: 1.466 Thread 0x0000019515ad4c00  337       3       jdk.internal.jimage.ImageStringsReader::stringFromByteBufferMatches (138 bytes)
Event: 1.468 Thread 0x0000019515ad4c00 nmethod 337 0x0000019500066310 code [0x0000019500066600, 0x0000019500067768]
Event: 1.470 Thread 0x0000019515ad4c00  338       3       java.io.WinNTFileSystem::prefixLength (91 bytes)
Event: 1.473 Thread 0x0000019515ad4c00 nmethod 338 0x0000019500067f10 code [0x0000019500068220, 0x0000019500069598]
Event: 1.475 Thread 0x0000019515ad4c00  339       3       java.util.zip.ZipFile$Source::getEntryHash (7 bytes)
Event: 1.475 Thread 0x0000019515ad4c00 nmethod 339 0x0000019500069c90 code [0x0000019500069e20, 0x0000019500069f58]
Event: 1.475 Thread 0x0000019515ad4c00  340       3       java.lang.ClassLoader::getResource (41 bytes)
Event: 1.476 Thread 0x0000019515ad4c00 nmethod 340 0x000001950006a010 code [0x000001950006a200, 0x000001950006a7f8]
Event: 1.476 Thread 0x0000019515ad4c00  341       3       java.io.FileSystem::hasBooleanAttributes (17 bytes)
Event: 1.477 Thread 0x0000019515ad4c00 nmethod 341 0x000001950006aa10 code [0x000001950006abc0, 0x000001950006ad68]
Event: 1.478 Thread 0x0000019515ad4c00  343   !   3       java.io.WinNTFileSystem::resolve (362 bytes)

GC Heap History (0 events):
No events

Dll operation events (8 events):
Event: 0.019 Loaded shared library c:\Users\Admin\.vscode\extensions\redhat.java-1.20.0-win32-x64\jre\17.0.7-win32-x86_64\bin\java.dll
Event: 0.540 Loaded shared library c:\Users\Admin\.vscode\extensions\redhat.java-1.20.0-win32-x64\jre\17.0.7-win32-x86_64\bin\zip.dll
Event: 0.555 Loaded shared library C:\Users\Admin\.vscode\extensions\redhat.java-1.20.0-win32-x64\jre\17.0.7-win32-x86_64\bin\instrument.dll
Event: 0.596 Loaded shared library C:\Users\Admin\.vscode\extensions\redhat.java-1.20.0-win32-x64\jre\17.0.7-win32-x86_64\bin\net.dll
Event: 0.604 Loaded shared library C:\Users\Admin\.vscode\extensions\redhat.java-1.20.0-win32-x64\jre\17.0.7-win32-x86_64\bin\nio.dll
Event: 0.620 Loaded shared library C:\Users\Admin\.vscode\extensions\redhat.java-1.20.0-win32-x64\jre\17.0.7-win32-x86_64\bin\zip.dll
Event: 0.676 Loaded shared library C:\Users\Admin\.vscode\extensions\redhat.java-1.20.0-win32-x64\jre\17.0.7-win32-x86_64\bin\jimage.dll
Event: 0.861 Loaded shared library c:\Users\Admin\.vscode\extensions\redhat.java-1.20.0-win32-x64\jre\17.0.7-win32-x86_64\bin\verify.dll

Deoptimization events (0 events):
No events

Classes unloaded (0 events):
No events

Classes redefined (0 events):
No events

Internal exceptions (2 events):
Event: 0.484 Thread 0x000001957ca5ad50 Exception <a 'java/lang/NoSuchMethodError'{0x00000000eacb24e8}: 'void java.lang.invoke.DirectMethodHandle$Holder.invokeStatic(java.lang.Object, java.lang.Object, java.lang.Object)'> (0x00000000eacb24e8) 
thrown [s\src\hotspot\share\interpreter\linkResolver.cpp, line 759]
Event: 1.073 Thread 0x000001957ca5ad50 Exception <a 'java/lang/reflect/InvocationTargetException'{0x00000000eaf792d8}> (0x00000000eaf792d8) 
thrown [s\src\hotspot\share\runtime\reflection.cpp, line 1121]

VM Operations (4 events):
Event: 0.502 Executing VM operation: HandshakeAllThreads
Event: 0.502 Executing VM operation: HandshakeAllThreads done
Event: 0.741 Executing VM operation: HandshakeAllThreads
Event: 0.741 Executing VM operation: HandshakeAllThreads done

Events (20 events):
Event: 1.376 loading class java/util/regex/Pattern$StartS
Event: 1.376 loading class java/util/regex/Pattern$StartS done
Event: 1.376 loading class java/util/regex/Pattern$Curly
Event: 1.377 loading class java/util/regex/Pattern$Curly done
Event: 1.377 loading class java/util/regex/Pattern$Ques
Event: 1.377 loading class java/util/regex/Pattern$Ques done
Event: 1.377 loading class java/util/regex/Pattern$Loop
Event: 1.377 loading class java/util/regex/Pattern$Loop done
Event: 1.377 loading class java/util/regex/Pattern$Prolog
Event: 1.377 loading class java/util/regex/Pattern$Prolog done
Event: 1.377 loading class java/util/regex/Pattern$Dollar
Event: 1.378 loading class java/util/regex/Pattern$Dollar done
Event: 1.378 loading class java/util/regex/Pattern$GroupCurly
Event: 1.378 loading class java/util/regex/Pattern$GroupCurly done
Event: 1.445 loading class java/lang/AssertionError
Event: 1.445 loading class java/lang/AssertionError done
Event: 1.447 loading class java/util/Collections$SingletonSet
Event: 1.447 loading class java/util/Collections$SingletonSet done
Event: 1.447 loading class java/util/Collections$1
Event: 1.447 loading class java/util/Collections$1 done


Dynamic libraries:
0x00007ff78b970000 - 0x00007ff78b97e000 	c:\Users\Admin\.vscode\extensions\redhat.java-1.20.0-win32-x64\jre\17.0.7-win32-x86_64\bin\java.exe
0x00007ff917510000 - 0x00007ff917708000 	C:\Windows\SYSTEM32\ntdll.dll
0x00007ff917390000 - 0x00007ff91744f000 	C:\Windows\System32\KERNEL32.DLL
0x00007ff914c20000 - 0x00007ff914f16000 	C:\Windows\System32\KERNELBASE.dll
0x00007ff914fc0000 - 0x00007ff9150c0000 	C:\Windows\System32\ucrtbase.dll
0x00007ff8ff3a0000 - 0x00007ff8ff3b7000 	c:\Users\Admin\.vscode\extensions\redhat.java-1.20.0-win32-x64\jre\17.0.7-win32-x86_64\bin\jli.dll
0x00007ff916d10000 - 0x00007ff916ead000 	C:\Windows\System32\USER32.dll
0x00007ff914bf0000 - 0x00007ff914c12000 	C:\Windows\System32\win32u.dll
0x00007ff916530000 - 0x00007ff91655c000 	C:\Windows\System32\GDI32.dll
0x00007ff9151c0000 - 0x00007ff9152d5000 	C:\Windows\System32\gdi32full.dll
0x00007ff914f20000 - 0x00007ff914fbd000 	C:\Windows\System32\msvcp_win.dll
0x00007ff8fbb10000 - 0x00007ff8fbb29000 	c:\Users\Admin\.vscode\extensions\redhat.java-1.20.0-win32-x64\jre\17.0.7-win32-x86_64\bin\VCRUNTIME140.dll
0x00007ff9046c0000 - 0x00007ff90495a000 	C:\Windows\WinSxS\amd64_microsoft.windows.common-controls_6595b64144ccf1df_6.0.19041.1110_none_60b5254171f9507e\COMCTL32.dll
0x00007ff9171c0000 - 0x00007ff91725e000 	C:\Windows\System32\msvcrt.dll
0x00007ff916fe0000 - 0x00007ff917010000 	C:\Windows\System32\IMM32.DLL
0x00007ff903e00000 - 0x00007ff903e0c000 	c:\Users\Admin\.vscode\extensions\redhat.java-1.20.0-win32-x64\jre\17.0.7-win32-x86_64\bin\vcruntime140_1.dll
0x00007ff8f6e00000 - 0x00007ff8f6e91000 	c:\Users\Admin\.vscode\extensions\redhat.java-1.20.0-win32-x64\jre\17.0.7-win32-x86_64\bin\msvcp140.dll
0x00007ff8d4410000 - 0x00007ff8d5058000 	c:\Users\Admin\.vscode\extensions\redhat.java-1.20.0-win32-x64\jre\17.0.7-win32-x86_64\bin\server\jvm.dll
0x00007ff915d80000 - 0x00007ff915e2f000 	C:\Windows\System32\ADVAPI32.dll
0x00007ff9172f0000 - 0x00007ff91738c000 	C:\Windows\System32\sechost.dll
0x00007ff916560000 - 0x00007ff916686000 	C:\Windows\System32\RPCRT4.dll
0x00007ff905a10000 - 0x00007ff905a19000 	C:\Windows\SYSTEM32\WSOCK32.dll
0x00007ff9164c0000 - 0x00007ff91652b000 	C:\Windows\System32\WS2_32.dll
0x00007ff900730000 - 0x00007ff900757000 	C:\Windows\SYSTEM32\WINMM.dll
0x00007ff907ea0000 - 0x00007ff907eaa000 	C:\Windows\SYSTEM32\VERSION.dll
0x00007ff9129c0000 - 0x00007ff9129d2000 	C:\Windows\SYSTEM32\kernel.appcore.dll
0x00007ff903da0000 - 0x00007ff903daa000 	c:\Users\Admin\.vscode\extensions\redhat.java-1.20.0-win32-x64\jre\17.0.7-win32-x86_64\bin\jimage.dll
0x00007ff90da30000 - 0x00007ff90dc14000 	C:\Windows\SYSTEM32\DBGHELP.DLL
0x00007ff90d980000 - 0x00007ff90d9b4000 	C:\Windows\SYSTEM32\dbgcore.DLL
0x00007ff9152e0000 - 0x00007ff915362000 	C:\Windows\System32\bcryptPrimitives.dll
0x00007ff9038f0000 - 0x00007ff9038fe000 	c:\Users\Admin\.vscode\extensions\redhat.java-1.20.0-win32-x64\jre\17.0.7-win32-x86_64\bin\instrument.dll
0x00007ff8f7870000 - 0x00007ff8f7895000 	c:\Users\Admin\.vscode\extensions\redhat.java-1.20.0-win32-x64\jre\17.0.7-win32-x86_64\bin\java.dll
0x00007ff8f97f0000 - 0x00007ff8f9808000 	c:\Users\Admin\.vscode\extensions\redhat.java-1.20.0-win32-x64\jre\17.0.7-win32-x86_64\bin\zip.dll
0x00007ff9155d0000 - 0x00007ff915d14000 	C:\Windows\System32\SHELL32.dll
0x00007ff912ca0000 - 0x00007ff913434000 	C:\Windows\SYSTEM32\windows.storage.dll
0x00007ff915f50000 - 0x00007ff9162a4000 	C:\Windows\System32\combase.dll
0x00007ff914630000 - 0x00007ff91465e000 	C:\Windows\SYSTEM32\Wldp.dll
0x00007ff916380000 - 0x00007ff91642d000 	C:\Windows\System32\SHCORE.dll
0x00007ff915d20000 - 0x00007ff915d75000 	C:\Windows\System32\shlwapi.dll
0x00007ff914b20000 - 0x00007ff914b45000 	C:\Windows\SYSTEM32\profapi.dll
0x00007ff8f7850000 - 0x00007ff8f7869000 	C:\Users\Admin\.vscode\extensions\redhat.java-1.20.0-win32-x64\jre\17.0.7-win32-x86_64\bin\net.dll
0x00007ff909e10000 - 0x00007ff909f1a000 	C:\Windows\SYSTEM32\WINHTTP.dll
0x00007ff914390000 - 0x00007ff9143fa000 	C:\Windows\system32\mswsock.dll
0x00007ff8f7710000 - 0x00007ff8f7725000 	C:\Users\Admin\.vscode\extensions\redhat.java-1.20.0-win32-x64\jre\17.0.7-win32-x86_64\bin\nio.dll
0x00007ff903810000 - 0x00007ff903820000 	c:\Users\Admin\.vscode\extensions\redhat.java-1.20.0-win32-x64\jre\17.0.7-win32-x86_64\bin\verify.dll

dbghelp: loaded successfully - version: 4.0.5 - missing functions: none
symbol engine: initialized successfully - sym options: 0x614 - pdb path: .;c:\Users\Admin\.vscode\extensions\redhat.java-1.20.0-win32-x64\jre\17.0.7-win32-x86_64\bin;C:\Windows\SYSTEM32;C:\Windows\WinSxS\amd64_microsoft.windows.common-controls_6595b64144ccf1df_6.0.19041.1110_none_60b5254171f9507e;c:\Users\Admin\.vscode\extensions\redhat.java-1.20.0-win32-x64\jre\17.0.7-win32-x86_64\bin\server

VM Arguments:
jvm_args: --add-modules=ALL-SYSTEM --add-opens=java.base/java.util=ALL-UNNAMED --add-opens=java.base/java.lang=ALL-UNNAMED --add-opens=java.base/sun.nio.fs=ALL-UNNAMED -Declipse.application=org.eclipse.jdt.ls.core.id1 -Dosgi.bundles.defaultStartLevel=4 -Declipse.product=org.eclipse.jdt.ls.core.product -Djava.import.generatesMetadataFilesAtProjectRoot=false -Dfile.encoding=utf8 -XX:+UseParallelGC -XX:GCTimeRatio=4 -XX:AdaptiveSizePolicyWeight=90 -Dsun.zip.disableMemoryMapping=true -Xmx1G -Xms100m -Xlog:disable -javaagent:c:\Users\Admin\.vscode\extensions\redhat.java-1.20.0-win32-x64\lombok\lombok-1.18.28.jar -XX:+HeapDumpOnOutOfMemoryError -XX:HeapDumpPath=c:\Users\Admin\AppData\Roaming\Code\User\workspaceStorage\ca21f0e4f1af00ec6494e11a941b7667\redhat.java -Daether.dependencyCollector.impl=bf 
java_command: c:\Users\Admin\.vscode\extensions\redhat.java-1.20.0-win32-x64\server\plugins\org.eclipse.equinox.launcher_1.6.500.v20230622-2056.jar -configuration c:\Users\Admin\AppData\Roaming\Code\User\globalStorage\redhat.java\1.20.0\config_win -data c:\Users\Admin\AppData\Roaming\Code\User\workspaceStorage\ca21f0e4f1af00ec6494e11a941b7667\redhat.java\jdt_ws
java_class_path (initial): c:\Users\Admin\.vscode\extensions\redhat.java-1.20.0-win32-x64\server\plugins\org.eclipse.equinox.launcher_1.6.500.v20230622-2056.jar
Launcher Type: SUN_STANDARD

[Global flags]
    uintx AdaptiveSizePolicyWeight                 = 90                                        {product} {command line}
     intx CICompilerCount                          = 3                                         {product} {ergonomic}
    uintx GCTimeRatio                              = 4                                         {product} {command line}
     bool HeapDumpOnOutOfMemoryError               = true                                   {manageable} {command line}
    ccstr HeapDumpPath                             = c:\Users\Admin\AppData\Roaming\Code\User\workspaceStorage\ca21f0e4f1af00ec6494e11a941b7667\redhat.java         {manageable} {command line}
   size_t InitialHeapSize                          = 104857600                                 {product} {command line}
   size_t MaxHeapSize                              = 1073741824                                {product} {command line}
   size_t MaxNewSize                               = 357564416                                 {product} {ergonomic}
   size_t MinHeapDeltaBytes                        = 524288                                    {product} {ergonomic}
   size_t MinHeapSize                              = 104857600                                 {product} {command line}
   size_t NewSize                                  = 34603008                                  {product} {ergonomic}
    uintx NonNMethodCodeHeapSize                   = 5832780                                {pd product} {ergonomic}
    uintx NonProfiledCodeHeapSize                  = 122912730                              {pd product} {ergonomic}
   size_t OldSize                                  = 70254592                                  {product} {ergonomic}
    uintx ProfiledCodeHeapSize                     = 122912730                              {pd product} {ergonomic}
    uintx ReservedCodeCacheSize                    = 251658240                              {pd product} {ergonomic}
     bool SegmentedCodeCache                       = true                                      {product} {ergonomic}
   size_t SoftMaxHeapSize                          = 1073741824                             {manageable} {ergonomic}
     bool UseCompressedClassPointers               = true                           {product lp64_product} {ergonomic}
     bool UseCompressedOops                        = true                           {product lp64_product} {ergonomic}
     bool UseLargePagesIndividualAllocation        = false                                  {pd product} {ergonomic}
     bool UseParallelGC                            = true                                      {product} {command line}

Logging:
Log output configuration:
 #0: stdout all=off uptime,level,tags
 #1: stderr all=off uptime,level,tags

Environment Variables:
PATH=C:\Program Files\Eclipse Adoptium\jdk-17.0.6.10-hotspot\bin;C:\Program Files\Eclipse Adoptium\jdk-8.0.362.9-hotspot\bin;C:\Program Files\Common Files\Oracle\Java\javapath;C:\Windows\system32;C:\Windows;C:\Windows\System32\Wbem;C:\Windows\System32\WindowsPowerShell\v1.0\;C:\Windows\System32\OpenSSH\;C:\Program Files (x86)\Microsoft SQL Server\160\Tools\Binn\;C:\Program Files\Microsoft SQL Server\160\Tools\Binn\;C:\Program Files\Microsoft SQL Server\Client SDK\ODBC\170\Tools\Binn\;C:\Program Files\Microsoft SQL Server\160\DTS\Binn\;C:\Program Files (x86)\Microsoft SQL Server\160\DTS\Binn\;C:\Program Files\Azure Data Studio\bin;C:\Program Files\Git\cmd;C:\Program Files\nodejs\;C:\Program Files\MySQL\MySQL Shell 8.0\bin\;C:\Users\Admin\AppData\Local\Microsoft\WindowsApps;;C:\Program Files\Azure Data Studio\bin;C:\Microsoft VS Code\bin;C:\Users\Admin\AppData\Roaming\npm
USERNAME=Admin
OS=Windows_NT
PROCESSOR_IDENTIFIER=Intel64 Family 6 Model 69 Stepping 1, GenuineIntel
TMP=C:\Users\Admin\AppData\Local\Temp
TEMP=C:\Users\Admin\AppData\Local\Temp



---------------  S Y S T E M  ---------------

OS:
 Windows 10 , 64 bit Build 19041 (10.0.19041.3155)
OS uptime: 4 days 11:05 hours

CPU: total 4 (initial active 4) (2 cores per cpu, 2 threads per core) family 6 model 69 stepping 1 microcode 0x25, cx8, cmov, fxsr, ht, mmx, sse, sse2, sse3, ssse3, sse4.1, sse4.2, popcnt, lzcnt, tsc, tscinvbit, avx, avx2, aes, erms, clmul, bmi1, bmi2, fma, vzeroupper, clflush

Memory: 4k page, system-wide physical 3992M (258M free)
TotalPageFile size 16280M (AvailPageFile size 5M)
current process WorkingSet (physical memory assigned to process): 39M, peak: 39M
current process commit charge ("private bytes"): 175M, peak: 175M

vm_info: OpenJDK 64-Bit Server VM (17.0.7+7) for windows-amd64 JRE (17.0.7+7), built on Apr 18 2023 22:10:42 by "temurin" with MS VC++ 16.7 (VS2019)

END.
