#
# There is insufficient memory for the Java Runtime Environment to continue.
# Native memory allocation (mmap) failed to map 65536 bytes for Failed to commit metaspace.
# Possible reasons:
#   The system is out of physical RAM or swap space
#   The process is running with CompressedOops enabled, and the Java Heap may be blocking the growth of the native heap
# Possible solutions:
#   Reduce memory load on the system
#   Increase physical memory or swap space
#   Check if swap backing store is full
#   Decrease Java heap size (-Xmx/-Xms)
#   Decrease number of Java threads
#   Decrease Java thread stack sizes (-Xss)
#   Set larger code cache with -XX:ReservedCodeCacheSize=
#   JVM is running with Unscaled Compressed Oops mode in which the Java heap is
#     placed in the first 4GB address space. The Java Heap base address is the
#     maximum limit for the native heap growth. Please use -XX:HeapBaseMinAddress
#     to set the Java Heap base and to place the Java Heap above 4GB virtual address.
# This output file may be truncated or incomplete.
#
#  Out of Memory Error (virtualSpaceNode.cpp:110), pid=20460, tid=18528
#
# JRE version: OpenJDK Runtime Environment Temurin-17.0.7+7 (17.0.7+7) (build 17.0.7+7)
# Java VM: OpenJDK 64-Bit Server VM Temurin-17.0.7+7 (17.0.7+7, mixed mode, tiered, compressed oops, compressed class ptrs, parallel gc, windows-amd64)
# No core dump will be written. Minidumps are not enabled by default on client versions of Windows
#

---------------  S U M M A R Y ------------

Command Line: --add-modules=ALL-SYSTEM --add-opens=java.base/java.util=ALL-UNNAMED --add-opens=java.base/java.lang=ALL-UNNAMED --add-opens=java.base/sun.nio.fs=ALL-UNNAMED -Declipse.application=org.eclipse.jdt.ls.core.id1 -Dosgi.bundles.defaultStartLevel=4 -Declipse.product=org.eclipse.jdt.ls.core.product -Djava.import.generatesMetadataFilesAtProjectRoot=false -Dfile.encoding=utf8 -XX:+UseParallelGC -XX:GCTimeRatio=4 -XX:AdaptiveSizePolicyWeight=90 -Dsun.zip.disableMemoryMapping=true -Xmx1G -Xms100m -Xlog:disable -javaagent:c:\Users\Admin\.vscode\extensions\redhat.java-1.20.0-win32-x64\lombok\lombok-1.18.28.jar -XX:+HeapDumpOnOutOfMemoryError -XX:HeapDumpPath=c:\Users\Admin\AppData\Roaming\Code\User\workspaceStorage\ca21f0e4f1af00ec6494e11a941b7667\redhat.java -Daether.dependencyCollector.impl=bf c:\Users\Admin\.vscode\extensions\redhat.java-1.20.0-win32-x64\server\plugins\org.eclipse.equinox.launcher_1.6.500.v20230622-2056.jar -configuration c:\Users\Admin\AppData\Roaming\Code\User\globalStorage\redhat.java\1.20.0\config_win -data c:\Users\Admin\AppData\Roaming\Code\User\workspaceStorage\ca21f0e4f1af00ec6494e11a941b7667\redhat.java\jdt_ws

Host: Intel(R) Core(TM) i5-4210U CPU @ 1.70GHz, 4 cores, 3G,  Windows 10 , 64 bit Build 19041 (10.0.19041.3155)
Time: Tue Jul 18 09:40:33 2023 India Standard Time elapsed time: 1.457364 seconds (0d 0h 0m 1s)

---------------  T H R E A D  ---------------

Current thread (0x000001d55366ae60):  JavaThread "main" [_thread_in_vm, id=18528, stack(0x000000555b000000,0x000000555b100000)]

Stack: [0x000000555b000000,0x000000555b100000]
Native frames: (J=compiled Java code, j=interpreted, Vv=VM code, C=native code)
V  [jvm.dll+0x67754a]
V  [jvm.dll+0x834304]
V  [jvm.dll+0x835aae]
V  [jvm.dll+0x836113]
V  [jvm.dll+0x24696f]
V  [jvm.dll+0x83039b]
V  [jvm.dll+0x61c006]
V  [jvm.dll+0x61c06a]
V  [jvm.dll+0x61e89a]
V  [jvm.dll+0x61c9a6]
V  [jvm.dll+0x62d7e9]
V  [jvm.dll+0x626b54]
V  [jvm.dll+0x3812a1]
C  0x000001d55d83c6fe

Java frames: (J=compiled Java code, j=interpreted, Vv=VM code)
j  java.lang.invoke.MethodType$ConcurrentWeakInternSet.get(Ljava/lang/Object;)Ljava/lang/Object;+0 java.base@17.0.7
j  java.lang.invoke.MethodType.makeImpl(Ljava/lang/Class;[Ljava/lang/Class;Z)Ljava/lang/invoke/MethodType;+25 java.base@17.0.7
j  java.lang.invoke.MethodHandleNatives.findMethodHandleType(Ljava/lang/Class;[Ljava/lang/Class;)Ljava/lang/invoke/MethodType;+3 java.base@17.0.7
v  ~StubRoutines::call_stub
j  jdk.internal.module.DefaultRoots.compute(Ljava/lang/module/ModuleFinder;Ljava/lang/module/ModuleFinder;)Ljava/util/Set;+11 java.base@17.0.7
j  jdk.internal.module.ModuleBootstrap.boot2()Ljava/lang/ModuleLayer;+727 java.base@17.0.7
j  jdk.internal.module.ModuleBootstrap.boot()Ljava/lang/ModuleLayer;+64 java.base@17.0.7
j  java.lang.System.initPhase2(ZZ)I+0 java.base@17.0.7
v  ~StubRoutines::call_stub

---------------  P R O C E S S  ---------------

Threads class SMR info:
_java_thread_list=0x000001d5674c6f80, length=10, elements={
0x000001d55366ae60, 0x000001d56748e760, 0x000001d5674a0320, 0x000001d5674da130,
0x000001d5674daeb0, 0x000001d5674dda40, 0x000001d5674df470, 0x000001d5674e0060,
0x000001d56c694870, 0x000001d56c695520
}

Java Threads: ( => current thread )
=>0x000001d55366ae60 JavaThread "main" [_thread_in_vm, id=18528, stack(0x000000555b000000,0x000000555b100000)]
  0x000001d56748e760 JavaThread "Reference Handler" daemon [_thread_blocked, id=14096, stack(0x000000555b300000,0x000000555b400000)]
  0x000001d5674a0320 JavaThread "Finalizer" daemon [_thread_blocked, id=13852, stack(0x000000555b400000,0x000000555b500000)]
  0x000001d5674da130 JavaThread "Signal Dispatcher" daemon [_thread_blocked, id=1296, stack(0x000000555b500000,0x000000555b600000)]
  0x000001d5674daeb0 JavaThread "Attach Listener" daemon [_thread_blocked, id=4204, stack(0x000000555b600000,0x000000555b700000)]
  0x000001d5674dda40 JavaThread "Service Thread" daemon [_thread_blocked, id=19000, stack(0x000000555b700000,0x000000555b800000)]
  0x000001d5674df470 JavaThread "Monitor Deflation Thread" daemon [_thread_blocked, id=20104, stack(0x000000555b800000,0x000000555b900000)]
  0x000001d5674e0060 JavaThread "C2 CompilerThread0" daemon [_thread_blocked, id=12416, stack(0x000000555b900000,0x000000555ba00000)]
  0x000001d56c694870 JavaThread "C1 CompilerThread0" daemon [_thread_blocked, id=4208, stack(0x000000555ba00000,0x000000555bb00000)]
  0x000001d56c695520 JavaThread "Sweeper thread" daemon [_thread_blocked, id=11828, stack(0x000000555bb00000,0x000000555bc00000)]

Other Threads:
  0x000001d567476410 VMThread "VM Thread" [stack: 0x000000555b200000,0x000000555b300000] [id=19116]
  0x000001d553681250 GCTaskThread "GC Thread#0" [stack: 0x000000555b100000,0x000000555b200000] [id=3636]

Threads with active compile tasks:

VM state: not at safepoint (normal execution)

VM Mutex/Monitor currently owned by a thread:  ([mutex/lock_event])
[0x000001d553665a60] Metaspace_lock - owner thread: 0x000001d55366ae60

Heap address: 0x00000000c0000000, size: 1024 MB, Compressed Oops mode: 32-bit

CDS archive(s) not mapped
Compressed class space mapped at: 0x0000000100000000-0x0000000140000000, reserved size: 1073741824
Narrow klass base: 0x0000000000000000, Narrow klass shift: 3, Narrow klass range: 0x140000000

GC Precious Log:
 CPUs: 4 total, 4 available
 Memory: 3992M
 Large Page Support: Disabled
 NUMA Support: Disabled
 Compressed Oops: Enabled (32-bit)
 Alignments: Space 512K, Generation 512K, Heap 2M
 Heap Min Capacity: 100M
 Heap Initial Capacity: 100M
 Heap Max Capacity: 1G
 Pre-touch: Disabled
 Parallel Workers: 4

Heap:
 PSYoungGen      total 29696K, used 1024K [0x00000000eab00000, 0x00000000ecc00000, 0x0000000100000000)
  eden space 25600K, 4% used [0x00000000eab00000,0x00000000eac00138,0x00000000ec400000)
  from space 4096K, 0% used [0x00000000ec800000,0x00000000ec800000,0x00000000ecc00000)
  to   space 4096K, 0% used [0x00000000ec400000,0x00000000ec400000,0x00000000ec800000)
 ParOldGen       total 68608K, used 0K [0x00000000c0000000, 0x00000000c4300000, 0x00000000eab00000)
  object space 68608K, 0% used [0x00000000c0000000,0x00000000c0000000,0x00000000c4300000)
 Metaspace       used 3096K, committed 3136K, reserved 1114112K
  class space    used 280K, committed 320K, reserved 1048576K

Card table byte_map: [0x000001d553030000,0x000001d553240000] _byte_map_base: 0x000001d552a30000

Marking Bits: (ParMarkBitMap*) 0x00007ff8d4f952c0
 Begin Bits: [0x000001d565300000, 0x000001d566300000)
 End Bits:   [0x000001d566300000, 0x000001d567300000)

Polling page: 0x000001d551670000

Metaspace:

Usage:
  Non-class:      2.75 MB used.
      Class:    280.75 KB used.
       Both:      3.02 MB used.

Virtual space:
  Non-class space:       64.00 MB reserved,       2.75 MB (  4%) committed,  1 nodes.
      Class space:        1.00 GB reserved,     320.00 KB ( <1%) committed,  1 nodes.
             Both:        1.06 GB reserved,       3.06 MB ( <1%) committed. 

Chunk freelists:
   Non-Class:  12.00 MB
       Class:  15.62 MB
        Both:  27.62 MB

MaxMetaspaceSize: unlimited
CompressedClassSpaceSize: 1.00 GB
Initial GC threshold: 21.00 MB
Current GC threshold: 21.00 MB
CDS: off
MetaspaceReclaimPolicy: balanced
 - commit_granule_bytes: 65536.
 - commit_granule_words: 8192.
 - virtual_space_node_default_size: 8388608.
 - enlarge_chunks_in_place: 1.
 - new_chunks_are_fully_committed: 0.
 - uncommit_free_chunks: 1.
 - use_allocation_guard: 0.
 - handle_deallocations: 1.


Internal statistics:

num_allocs_failed_limit: 0.
num_arena_births: 2.
num_arena_deaths: 0.
num_vsnodes_births: 2.
num_vsnodes_deaths: 0.
num_space_committed: 49.
num_space_uncommitted: 0.
num_chunks_returned_to_freelist: 0.
num_chunks_taken_from_freelist: 4.
num_chunk_merges: 0.
num_chunk_splits: 2.
num_chunks_enlarged: 0.
num_inconsistent_stats: 0.

CodeHeap 'non-profiled nmethods': size=120000Kb used=4Kb max_used=4Kb free=119995Kb
 bounds [0x000001d55ddd0000, 0x000001d55e040000, 0x000001d565300000]
CodeHeap 'profiled nmethods': size=120000Kb used=33Kb max_used=33Kb free=119967Kb
 bounds [0x000001d556300000, 0x000001d556570000, 0x000001d55d830000]
CodeHeap 'non-nmethods': size=5760Kb used=1027Kb max_used=1027Kb free=4732Kb
 bounds [0x000001d55d830000, 0x000001d55daa0000, 0x000001d55ddd0000]
 total_blobs=315 nmethods=30 adapters=200
 compilation: enabled
              stopped_count=0, restarted_count=0
 full_count=0

Compilation events (20 events):
Event: 1.142 Thread 0x000001d56c694870 nmethod 21 0x000001d556306190 code [0x000001d556306320, 0x000001d556306458]
Event: 1.142 Thread 0x000001d56c694870   22       3       java.lang.String::length (11 bytes)
Event: 1.142 Thread 0x000001d56c694870 nmethod 22 0x000001d556306510 code [0x000001d5563066a0, 0x000001d556306838]
Event: 1.142 Thread 0x000001d56c694870   23       1       java.lang.module.ModuleDescriptor::name (5 bytes)
Event: 1.143 Thread 0x000001d5674e0060 nmethod 13 0x000001d55ddd0010 code [0x000001d55ddd0180, 0x000001d55ddd02d8]
Event: 1.143 Thread 0x000001d5674e0060   19       4       java.lang.Object::<init> (1 bytes)
Event: 1.143 Thread 0x000001d56c694870 nmethod 23 0x000001d55ddd0390 code [0x000001d55ddd0520, 0x000001d55ddd05f8]
Event: 1.143 Thread 0x000001d56c694870   24       3       java.lang.String::charAt (25 bytes)
Event: 1.143 Thread 0x000001d5674e0060 nmethod 19 0x000001d55ddd0690 code [0x000001d55ddd0800, 0x000001d55ddd0878]
Event: 1.143 Thread 0x000001d56c694870 nmethod 24 0x000001d556306910 code [0x000001d556306ae0, 0x000001d556306eb8]
Event: 1.143 Thread 0x000001d56c694870   25       3       java.lang.StringLatin1::charAt (28 bytes)
Event: 1.144 Thread 0x000001d56c694870 nmethod 25 0x000001d556307010 code [0x000001d5563071c0, 0x000001d5563073c8]
Event: 1.144 Thread 0x000001d56c694870   26       1       java.lang.module.ModuleReference::descriptor (5 bytes)
Event: 1.144 Thread 0x000001d56c694870 nmethod 26 0x000001d55ddd0990 code [0x000001d55ddd0b20, 0x000001d55ddd0bf8]
Event: 1.274 Thread 0x000001d56c694870   27       3       java.util.concurrent.ConcurrentHashMap::tabAt (22 bytes)
Event: 1.275 Thread 0x000001d56c694870 nmethod 27 0x000001d556307510 code [0x000001d5563076c0, 0x000001d556307978]
Event: 1.283 Thread 0x000001d56c694870   29       3       java.util.concurrent.ConcurrentHashMap::spread (10 bytes)
Event: 1.284 Thread 0x000001d56c694870 nmethod 29 0x000001d556307a90 code [0x000001d556307c20, 0x000001d556307d18]
Event: 1.289 Thread 0x000001d56c694870   30       3       java.util.ImmutableCollections$SetN$SetNIterator::next (90 bytes)
Event: 1.290 Thread 0x000001d56c694870 nmethod 30 0x000001d556307d90 code [0x000001d556307f40, 0x000001d556308268]

GC Heap History (0 events):
No events

Dll operation events (1 events):
Event: 0.029 Loaded shared library c:\Users\Admin\.vscode\extensions\redhat.java-1.20.0-win32-x64\jre\17.0.7-win32-x86_64\bin\java.dll

Deoptimization events (0 events):
No events

Classes unloaded (0 events):
No events

Classes redefined (0 events):
No events

Internal exceptions (0 events):
No events

VM Operations (0 events):
No events

Events (20 events):
Event: 1.344 loading class java/lang/Class$ReflectionData
Event: 1.344 loading class java/lang/Class$ReflectionData done
Event: 1.344 loading class java/lang/Class$Atomic
Event: 1.344 loading class java/lang/Class$Atomic done
Event: 1.345 loading class java/lang/PublicMethods$MethodList
Event: 1.346 loading class java/lang/PublicMethods$MethodList done
Event: 1.346 loading class java/lang/PublicMethods$Key
Event: 1.346 loading class java/lang/PublicMethods$Key done
Event: 1.347 loading class java/lang/Class$3
Event: 1.347 loading class java/lang/Class$3 done
Event: 1.353 loading class sun/reflect/annotation/AnnotationParser
Event: 1.354 loading class sun/reflect/annotation/AnnotationParser done
Event: 1.355 loading class jdk/internal/reflect/NativeMethodAccessorImpl
Event: 1.356 loading class jdk/internal/reflect/NativeMethodAccessorImpl done
Event: 1.356 loading class jdk/internal/reflect/DelegatingMethodAccessorImpl
Event: 1.356 loading class jdk/internal/reflect/DelegatingMethodAccessorImpl done
Event: 1.358 loading class java/lang/invoke/LambdaMetafactory
Event: 1.359 loading class java/lang/invoke/LambdaMetafactory done
Event: 1.359 loading class java/lang/invoke/MethodType$ConcurrentWeakInternSet
Event: 1.359 loading class java/lang/invoke/MethodType$ConcurrentWeakInternSet done


Dynamic libraries:
0x00007ff64c9e0000 - 0x00007ff64c9ee000 	c:\Users\Admin\.vscode\extensions\redhat.java-1.20.0-win32-x64\jre\17.0.7-win32-x86_64\bin\java.exe
0x00007ff917510000 - 0x00007ff917708000 	C:\Windows\SYSTEM32\ntdll.dll
0x00007ff917390000 - 0x00007ff91744f000 	C:\Windows\System32\KERNEL32.DLL
0x00007ff914c20000 - 0x00007ff914f16000 	C:\Windows\System32\KERNELBASE.dll
0x00007ff914fc0000 - 0x00007ff9150c0000 	C:\Windows\System32\ucrtbase.dll
0x00007ff8ff3a0000 - 0x00007ff8ff3b7000 	c:\Users\Admin\.vscode\extensions\redhat.java-1.20.0-win32-x64\jre\17.0.7-win32-x86_64\bin\jli.dll
0x00007ff916d10000 - 0x00007ff916ead000 	C:\Windows\System32\USER32.dll
0x00007ff914bf0000 - 0x00007ff914c12000 	C:\Windows\System32\win32u.dll
0x00007ff916530000 - 0x00007ff91655c000 	C:\Windows\System32\GDI32.dll
0x00007ff9151c0000 - 0x00007ff9152d5000 	C:\Windows\System32\gdi32full.dll
0x00007ff914f20000 - 0x00007ff914fbd000 	C:\Windows\System32\msvcp_win.dll
0x00007ff8fbb10000 - 0x00007ff8fbb29000 	c:\Users\Admin\.vscode\extensions\redhat.java-1.20.0-win32-x64\jre\17.0.7-win32-x86_64\bin\VCRUNTIME140.dll
0x00007ff9046c0000 - 0x00007ff90495a000 	C:\Windows\WinSxS\amd64_microsoft.windows.common-controls_6595b64144ccf1df_6.0.19041.1110_none_60b5254171f9507e\COMCTL32.dll
0x00007ff9171c0000 - 0x00007ff91725e000 	C:\Windows\System32\msvcrt.dll
0x00007ff916fe0000 - 0x00007ff917010000 	C:\Windows\System32\IMM32.DLL
0x00007ff903e00000 - 0x00007ff903e0c000 	c:\Users\Admin\.vscode\extensions\redhat.java-1.20.0-win32-x64\jre\17.0.7-win32-x86_64\bin\vcruntime140_1.dll
0x00007ff8f5650000 - 0x00007ff8f56e1000 	c:\Users\Admin\.vscode\extensions\redhat.java-1.20.0-win32-x64\jre\17.0.7-win32-x86_64\bin\msvcp140.dll
0x00007ff8d4410000 - 0x00007ff8d5058000 	c:\Users\Admin\.vscode\extensions\redhat.java-1.20.0-win32-x64\jre\17.0.7-win32-x86_64\bin\server\jvm.dll
0x00007ff915d80000 - 0x00007ff915e2f000 	C:\Windows\System32\ADVAPI32.dll
0x00007ff9172f0000 - 0x00007ff91738c000 	C:\Windows\System32\sechost.dll
0x00007ff916560000 - 0x00007ff916686000 	C:\Windows\System32\RPCRT4.dll
0x00007ff905a10000 - 0x00007ff905a19000 	C:\Windows\SYSTEM32\WSOCK32.dll
0x00007ff9164c0000 - 0x00007ff91652b000 	C:\Windows\System32\WS2_32.dll
0x00007ff900730000 - 0x00007ff900757000 	C:\Windows\SYSTEM32\WINMM.dll
0x00007ff907ea0000 - 0x00007ff907eaa000 	C:\Windows\SYSTEM32\VERSION.dll
0x00007ff9129c0000 - 0x00007ff9129d2000 	C:\Windows\SYSTEM32\kernel.appcore.dll
0x00007ff903da0000 - 0x00007ff903daa000 	c:\Users\Admin\.vscode\extensions\redhat.java-1.20.0-win32-x64\jre\17.0.7-win32-x86_64\bin\jimage.dll
0x00007ff90da30000 - 0x00007ff90dc14000 	C:\Windows\SYSTEM32\DBGHELP.DLL
0x00007ff90d980000 - 0x00007ff90d9b4000 	C:\Windows\SYSTEM32\dbgcore.DLL
0x00007ff9152e0000 - 0x00007ff915362000 	C:\Windows\System32\bcryptPrimitives.dll
0x00007ff9038f0000 - 0x00007ff9038fe000 	c:\Users\Admin\.vscode\extensions\redhat.java-1.20.0-win32-x64\jre\17.0.7-win32-x86_64\bin\instrument.dll
0x00007ff8f7300000 - 0x00007ff8f7325000 	c:\Users\Admin\.vscode\extensions\redhat.java-1.20.0-win32-x64\jre\17.0.7-win32-x86_64\bin\java.dll
0x00007ff8f97f0000 - 0x00007ff8f9808000 	c:\Users\Admin\.vscode\extensions\redhat.java-1.20.0-win32-x64\jre\17.0.7-win32-x86_64\bin\zip.dll
0x00007ff9155d0000 - 0x00007ff915d14000 	C:\Windows\System32\SHELL32.dll
0x00007ff912ca0000 - 0x00007ff913434000 	C:\Windows\SYSTEM32\windows.storage.dll
0x00007ff915f50000 - 0x00007ff9162a4000 	C:\Windows\System32\combase.dll
0x00007ff914630000 - 0x00007ff91465e000 	C:\Windows\SYSTEM32\Wldp.dll
0x00007ff916380000 - 0x00007ff91642d000 	C:\Windows\System32\SHCORE.dll
0x00007ff915d20000 - 0x00007ff915d75000 	C:\Windows\System32\shlwapi.dll
0x00007ff914b20000 - 0x00007ff914b45000 	C:\Windows\SYSTEM32\profapi.dll

dbghelp: loaded successfully - version: 4.0.5 - missing functions: none
symbol engine: initialized successfully - sym options: 0x614 - pdb path: .;c:\Users\Admin\.vscode\extensions\redhat.java-1.20.0-win32-x64\jre\17.0.7-win32-x86_64\bin;C:\Windows\SYSTEM32;C:\Windows\WinSxS\amd64_microsoft.windows.common-controls_6595b64144ccf1df_6.0.19041.1110_none_60b5254171f9507e;c:\Users\Admin\.vscode\extensions\redhat.java-1.20.0-win32-x64\jre\17.0.7-win32-x86_64\bin\server

VM Arguments:
jvm_args: --add-modules=ALL-SYSTEM --add-opens=java.base/java.util=ALL-UNNAMED --add-opens=java.base/java.lang=ALL-UNNAMED --add-opens=java.base/sun.nio.fs=ALL-UNNAMED -Declipse.application=org.eclipse.jdt.ls.core.id1 -Dosgi.bundles.defaultStartLevel=4 -Declipse.product=org.eclipse.jdt.ls.core.product -Djava.import.generatesMetadataFilesAtProjectRoot=false -Dfile.encoding=utf8 -XX:+UseParallelGC -XX:GCTimeRatio=4 -XX:AdaptiveSizePolicyWeight=90 -Dsun.zip.disableMemoryMapping=true -Xmx1G -Xms100m -Xlog:disable -javaagent:c:\Users\Admin\.vscode\extensions\redhat.java-1.20.0-win32-x64\lombok\lombok-1.18.28.jar -XX:+HeapDumpOnOutOfMemoryError -XX:HeapDumpPath=c:\Users\Admin\AppData\Roaming\Code\User\workspaceStorage\ca21f0e4f1af00ec6494e11a941b7667\redhat.java -Daether.dependencyCollector.impl=bf 
java_command: c:\Users\Admin\.vscode\extensions\redhat.java-1.20.0-win32-x64\server\plugins\org.eclipse.equinox.launcher_1.6.500.v20230622-2056.jar -configuration c:\Users\Admin\AppData\Roaming\Code\User\globalStorage\redhat.java\1.20.0\config_win -data c:\Users\Admin\AppData\Roaming\Code\User\workspaceStorage\ca21f0e4f1af00ec6494e11a941b7667\redhat.java\jdt_ws
java_class_path (initial): c:\Users\Admin\.vscode\extensions\redhat.java-1.20.0-win32-x64\server\plugins\org.eclipse.equinox.launcher_1.6.500.v20230622-2056.jar
Launcher Type: SUN_STANDARD

[Global flags]
    uintx AdaptiveSizePolicyWeight                 = 90                                        {product} {command line}
     intx CICompilerCount                          = 3                                         {product} {ergonomic}
    uintx GCTimeRatio                              = 4                                         {product} {command line}
     bool HeapDumpOnOutOfMemoryError               = true                                   {manageable} {command line}
    ccstr HeapDumpPath                             = c:\Users\Admin\AppData\Roaming\Code\User\workspaceStorage\ca21f0e4f1af00ec6494e11a941b7667\redhat.java         {manageable} {command line}
   size_t InitialHeapSize                          = 104857600                                 {product} {command line}
   size_t MaxHeapSize                              = 1073741824                                {product} {command line}
   size_t MaxNewSize                               = 357564416                                 {product} {ergonomic}
   size_t MinHeapDeltaBytes                        = 524288                                    {product} {ergonomic}
   size_t MinHeapSize                              = 104857600                                 {product} {command line}
   size_t NewSize                                  = 34603008                                  {product} {ergonomic}
    uintx NonNMethodCodeHeapSize                   = 5832780                                {pd product} {ergonomic}
    uintx NonProfiledCodeHeapSize                  = 122912730                              {pd product} {ergonomic}
   size_t OldSize                                  = 70254592                                  {product} {ergonomic}
    uintx ProfiledCodeHeapSize                     = 122912730                              {pd product} {ergonomic}
    uintx ReservedCodeCacheSize                    = 251658240                              {pd product} {ergonomic}
     bool SegmentedCodeCache                       = true                                      {product} {ergonomic}
   size_t SoftMaxHeapSize                          = 1073741824                             {manageable} {ergonomic}
     bool UseCompressedClassPointers               = true                           {product lp64_product} {ergonomic}
     bool UseCompressedOops                        = true                           {product lp64_product} {ergonomic}
     bool UseLargePagesIndividualAllocation        = false                                  {pd product} {ergonomic}
     bool UseParallelGC                            = true                                      {product} {command line}

Logging:
Log output configuration:
 #0: stdout all=off uptime,level,tags
 #1: stderr all=off uptime,level,tags

Environment Variables:
PATH=C:\Program Files\Eclipse Adoptium\jdk-17.0.6.10-hotspot\bin;C:\Program Files\Eclipse Adoptium\jdk-8.0.362.9-hotspot\bin;C:\Program Files\Common Files\Oracle\Java\javapath;C:\Windows\system32;C:\Windows;C:\Windows\System32\Wbem;C:\Windows\System32\WindowsPowerShell\v1.0\;C:\Windows\System32\OpenSSH\;C:\Program Files (x86)\Microsoft SQL Server\160\Tools\Binn\;C:\Program Files\Microsoft SQL Server\160\Tools\Binn\;C:\Program Files\Microsoft SQL Server\Client SDK\ODBC\170\Tools\Binn\;C:\Program Files\Microsoft SQL Server\160\DTS\Binn\;C:\Program Files (x86)\Microsoft SQL Server\160\DTS\Binn\;C:\Program Files\Azure Data Studio\bin;C:\Program Files\Git\cmd;C:\Program Files\nodejs\;C:\Program Files\MySQL\MySQL Shell 8.0\bin\;C:\Users\Admin\AppData\Local\Microsoft\WindowsApps;;C:\Program Files\Azure Data Studio\bin;C:\Microsoft VS Code\bin;C:\Users\Admin\AppData\Roaming\npm
USERNAME=Admin
OS=Windows_NT
PROCESSOR_IDENTIFIER=Intel64 Family 6 Model 69 Stepping 1, GenuineIntel
TMP=C:\Users\Admin\AppData\Local\Temp
TEMP=C:\Users\Admin\AppData\Local\Temp



---------------  S Y S T E M  ---------------

OS:
 Windows 10 , 64 bit Build 19041 (10.0.19041.3155)
OS uptime: 4 days 11:12 hours

CPU: total 4 (initial active 4) (2 cores per cpu, 2 threads per core) family 6 model 69 stepping 1 microcode 0x25, cx8, cmov, fxsr, ht, mmx, sse, sse2, sse3, ssse3, sse4.1, sse4.2, popcnt, lzcnt, tsc, tscinvbit, avx, avx2, aes, erms, clmul, bmi1, bmi2, fma, vzeroupper, clflush

Memory: 4k page, system-wide physical 3992M (297M free)
TotalPageFile size 16280M (AvailPageFile size 7M)
current process WorkingSet (physical memory assigned to process): 24M, peak: 25M
current process commit charge ("private bytes"): 168M, peak: 168M

vm_info: OpenJDK 64-Bit Server VM (17.0.7+7) for windows-amd64 JRE (17.0.7+7), built on Apr 18 2023 22:10:42 by "temurin" with MS VC++ 16.7 (VS2019)

END.
