#
# There is insufficient memory for the Java Runtime Environment to continue.
# Native memory allocation (mmap) failed to map 65536 bytes for Failed to commit metaspace.
# Possible reasons:
#   The system is out of physical RAM or swap space
#   The process is running with CompressedOops enabled, and the Java Heap may be blocking the growth of the native heap
# Possible solutions:
#   Reduce memory load on the system
#   Increase physical memory or swap space
#   Check if swap backing store is full
#   Decrease Java heap size (-Xmx/-Xms)
#   Decrease number of Java threads
#   Decrease Java thread stack sizes (-Xss)
#   Set larger code cache with -XX:ReservedCodeCacheSize=
#   JVM is running with Unscaled Compressed Oops mode in which the Java heap is
#     placed in the first 4GB address space. The Java Heap base address is the
#     maximum limit for the native heap growth. Please use -XX:HeapBaseMinAddress
#     to set the Java Heap base and to place the Java Heap above 4GB virtual address.
# This output file may be truncated or incomplete.
#
#  Out of Memory Error (virtualSpaceNode.cpp:110), pid=17104, tid=3492
#
# JRE version: OpenJDK Runtime Environment Temurin-17.0.7+7 (17.0.7+7) (build 17.0.7+7)
# Java VM: OpenJDK 64-Bit Server VM Temurin-17.0.7+7 (17.0.7+7, mixed mode, emulated-client, tiered, compressed oops, compressed class ptrs, g1 gc, windows-amd64)
# No core dump will be written. Minidumps are not enabled by default on client versions of Windows
#

---------------  S U M M A R Y ------------

Command Line: -XX:+HeapDumpOnOutOfMemoryError -Xmx1024m -Dsts.lsp.client=vscode -Dsts.log.file=/dev/null -XX:TieredStopAtLevel=1 -Xlog:jni+resolve=off -Dspring.config.location=file:c:\Users\Admin\.vscode\extensions\vmware.vscode-spring-boot-1.47.0\language-server\BOOT-INF\classes\application.properties org.springframework.ide.vscode.boot.app.BootLanguageServerBootApp

Host: Intel(R) Core(TM) i5-4210U CPU @ 1.70GHz, 4 cores, 3G,  Windows 10 , 64 bit Build 19041 (10.0.19041.3155)
Time: Tue Jul 18 07:40:39 2023 India Standard Time elapsed time: 2.575267 seconds (0d 0h 0m 2s)

---------------  T H R E A D  ---------------

Current thread (0x0000023227451da0):  JavaThread "main" [_thread_in_vm, id=3492, stack(0x0000007e87f00000,0x0000007e88000000)]

Stack: [0x0000007e87f00000,0x0000007e88000000]
Native frames: (J=compiled Java code, j=interpreted, Vv=VM code, C=native code)
V  [jvm.dll+0x67754a]
V  [jvm.dll+0x834304]
V  [jvm.dll+0x835aae]
V  [jvm.dll+0x836113]
V  [jvm.dll+0x24696f]
V  [jvm.dll+0x83039b]
V  [jvm.dll+0x61c006]
V  [jvm.dll+0x1c169e]
V  [jvm.dll+0x61e961]
V  [jvm.dll+0x61c9a6]
V  [jvm.dll+0x36cff2]
V  [jvm.dll+0x1e311b]
V  [jvm.dll+0x53ea79]
V  [jvm.dll+0x7afc28]
V  [jvm.dll+0x7afd14]
V  [jvm.dll+0x40de05]
V  [jvm.dll+0x413f58]
C  [java.dll+0x17ec]

Java frames: (J=compiled Java code, j=interpreted, Vv=VM code)
J 700  java.lang.ClassLoader.defineClass1(Ljava/lang/ClassLoader;Ljava/lang/String;[BIILjava/security/ProtectionDomain;Ljava/lang/String;)Ljava/lang/Class; java.base@17.0.7 (0 bytes) @ 0x000002322a41445b [0x000002322a4143a0+0x00000000000000bb]
J 696 c1 java.lang.ClassLoader.defineClass(Ljava/lang/String;[BIILjava/security/ProtectionDomain;)Ljava/lang/Class; java.base@17.0.7 (43 bytes) @ 0x000002322a411fdc [0x000002322a411ee0+0x00000000000000fc]
J 682 c1 jdk.internal.loader.BuiltinClassLoader.defineClass(Ljava/lang/String;Ljdk/internal/loader/Resource;)Ljava/lang/Class; java.base@17.0.7 (121 bytes) @ 0x000002322a40bdc4 [0x000002322a40b920+0x00000000000004a4]
J 681 c1 jdk.internal.loader.BuiltinClassLoader.findClassOnClassPathOrNull(Ljava/lang/String;)Ljava/lang/Class; java.base@17.0.7 (64 bytes) @ 0x000002322a40aa44 [0x000002322a40a7a0+0x00000000000002a4]
J 594 c1 jdk.internal.loader.BuiltinClassLoader.loadClassOrNull(Ljava/lang/String;Z)Ljava/lang/Class; java.base@17.0.7 (143 bytes) @ 0x000002322a3e1444 [0x000002322a3e1000+0x0000000000000444]
J 663 c1 jdk.internal.loader.ClassLoaders$AppClassLoader.loadClass(Ljava/lang/String;Z)Ljava/lang/Class; java.base@17.0.7 (40 bytes) @ 0x000002322a3ff9a4 [0x000002322a3ff860+0x0000000000000144]
J 662 c1 java.lang.ClassLoader.loadClass(Ljava/lang/String;)Ljava/lang/Class; java.base@17.0.7 (7 bytes) @ 0x000002322a3ff564 [0x000002322a3ff520+0x0000000000000044]
v  ~StubRoutines::call_stub
j  org.springframework.core.convert.support.DefaultConversionService.addCollectionConverters(Lorg/springframework/core/convert/converter/ConverterRegistry;)V+160
j  org.springframework.core.convert.support.DefaultConversionService.addDefaultConverters(Lorg/springframework/core/convert/converter/ConverterRegistry;)V+5
j  org.springframework.boot.convert.ApplicationConversionService.configure(Lorg/springframework/format/FormatterRegistry;)V+1
j  org.springframework.boot.convert.ApplicationConversionService.<init>(Lorg/springframework/util/StringValueResolver;Z)V+14
j  org.springframework.boot.convert.ApplicationConversionService.<init>(Lorg/springframework/util/StringValueResolver;)V+3
j  org.springframework.boot.convert.ApplicationConversionService.<init>()V+2
j  org.springframework.boot.SpringApplication.configureEnvironment(Lorg/springframework/core/env/ConfigurableEnvironment;[Ljava/lang/String;)V+12
j  org.springframework.boot.SpringApplication.prepareEnvironment(Lorg/springframework/boot/SpringApplicationRunListeners;Lorg/springframework/boot/DefaultBootstrapContext;Lorg/springframework/boot/ApplicationArguments;)Lorg/springframework/core/env/ConfigurableEnvironment;+15
j  org.springframework.boot.SpringApplication.run([Ljava/lang/String;)Lorg/springframework/context/ConfigurableApplicationContext;+52
j  org.springframework.boot.SpringApplication.run([Ljava/lang/Class;[Ljava/lang/String;)Lorg/springframework/context/ConfigurableApplicationContext;+9
j  org.springframework.boot.SpringApplication.run(Ljava/lang/Class;[Ljava/lang/String;)Lorg/springframework/context/ConfigurableApplicationContext;+9
j  org.springframework.ide.vscode.boot.app.BootLanguageServerBootApp.main([Ljava/lang/String;)V+19
v  ~StubRoutines::call_stub

---------------  P R O C E S S  ---------------

Threads class SMR info:
_java_thread_list=0x0000023231cf4250, length=13, elements={
0x0000023227451da0, 0x0000023231985b60, 0x0000023231986a20, 0x00000232319b1a40,
0x00000232319b27c0, 0x00000232319b60a0, 0x00000232319b6960, 0x00000232319b78e0,
0x00000232319c01f0, 0x0000023231cde640, 0x0000023231ce3440, 0x0000023231ce8240,
0x0000023231cf19e0
}

Java Threads: ( => current thread )
=>0x0000023227451da0 JavaThread "main" [_thread_in_vm, id=3492, stack(0x0000007e87f00000,0x0000007e88000000)]
  0x0000023231985b60 JavaThread "Reference Handler" daemon [_thread_blocked, id=14840, stack(0x0000007e88600000,0x0000007e88700000)]
  0x0000023231986a20 JavaThread "Finalizer" daemon [_thread_blocked, id=9116, stack(0x0000007e88700000,0x0000007e88800000)]
  0x00000232319b1a40 JavaThread "Signal Dispatcher" daemon [_thread_blocked, id=10288, stack(0x0000007e88800000,0x0000007e88900000)]
  0x00000232319b27c0 JavaThread "Attach Listener" daemon [_thread_blocked, id=9596, stack(0x0000007e88900000,0x0000007e88a00000)]
  0x00000232319b60a0 JavaThread "Service Thread" daemon [_thread_blocked, id=19700, stack(0x0000007e88a00000,0x0000007e88b00000)]
  0x00000232319b6960 JavaThread "Monitor Deflation Thread" daemon [_thread_blocked, id=19692, stack(0x0000007e88b00000,0x0000007e88c00000)]
  0x00000232319b78e0 JavaThread "C1 CompilerThread0" daemon [_thread_blocked, id=10684, stack(0x0000007e88c00000,0x0000007e88d00000)]
  0x00000232319c01f0 JavaThread "Sweeper thread" daemon [_thread_blocked, id=4260, stack(0x0000007e88d00000,0x0000007e88e00000)]
  0x0000023231cde640 JavaThread "C1 CompilerThread1" daemon [_thread_blocked, id=19948, stack(0x0000007e88e00000,0x0000007e88f00000)]
  0x0000023231ce3440 JavaThread "C1 CompilerThread2" daemon [_thread_blocked, id=19476, stack(0x0000007e88f00000,0x0000007e89000000)]
  0x0000023231ce8240 JavaThread "Notification Thread" daemon [_thread_blocked, id=68, stack(0x0000007e89000000,0x0000007e89100000)]
  0x0000023231cf19e0 JavaThread "Common-Cleaner" daemon [_thread_blocked, id=16420, stack(0x0000007e89200000,0x0000007e89300000)]

Other Threads:
  0x000002323196e390 VMThread "VM Thread" [stack: 0x0000007e88500000,0x0000007e88600000] [id=8588]
  0x0000023231cea720 WatcherThread [stack: 0x0000007e89100000,0x0000007e89200000] [id=14236]
  0x0000023227491c00 GCTaskThread "GC Thread#0" [stack: 0x0000007e88000000,0x0000007e88100000] [id=14084]
  0x00000232363f7680 GCTaskThread "GC Thread#1" [stack: 0x0000007e89300000,0x0000007e89400000] [id=15916]
  0x00000232364b6530 GCTaskThread "GC Thread#2" [stack: 0x0000007e89400000,0x0000007e89500000] [id=9912]
  0x00000232366b08d0 GCTaskThread "GC Thread#3" [stack: 0x0000007e89500000,0x0000007e89600000] [id=1868]
  0x000002322749aa50 ConcurrentGCThread "G1 Main Marker" [stack: 0x0000007e88100000,0x0000007e88200000] [id=14604]
  0x000002322749b370 ConcurrentGCThread "G1 Conc#0" [stack: 0x0000007e88200000,0x0000007e88300000] [id=12184]
  0x00000232274eeb40 ConcurrentGCThread "G1 Refine#0" [stack: 0x0000007e88300000,0x0000007e88400000] [id=1524]
  0x00000232274f0480 ConcurrentGCThread "G1 Service" [stack: 0x0000007e88400000,0x0000007e88500000] [id=9572]

Threads with active compile tasks:

VM state: not at safepoint (normal execution)

VM Mutex/Monitor currently owned by a thread:  ([mutex/lock_event])
[0x00000232252eae90] Metaspace_lock - owner thread: 0x0000023227451da0

Heap address: 0x00000000c0000000, size: 1024 MB, Compressed Oops mode: 32-bit

CDS archive(s) not mapped
Compressed class space mapped at: 0x0000000100000000-0x0000000140000000, reserved size: 1073741824
Narrow klass base: 0x0000000000000000, Narrow klass shift: 3, Narrow klass range: 0x140000000

GC Precious Log:
 CPUs: 4 total, 4 available
 Memory: 3992M
 Large Page Support: Disabled
 NUMA Support: Disabled
 Compressed Oops: Enabled (32-bit)
 Heap Region Size: 1M
 Heap Min Capacity: 8M
 Heap Initial Capacity: 64M
 Heap Max Capacity: 1G
 Pre-touch: Disabled
 Parallel Workers: 4
 Concurrent Workers: 1
 Concurrent Refinement Workers: 4
 Periodic GC: Disabled

Heap:
 garbage-first heap   total 65536K, used 24621K [0x00000000c0000000, 0x0000000100000000)
  region size 1024K, 17 young (17408K), 2 survivors (2048K)
 Metaspace       used 12695K, committed 12800K, reserved 1114112K
  class space    used 1573K, committed 1600K, reserved 1048576K

Heap Regions: E=young(eden), S=young(survivor), O=old, HS=humongous(starts), HC=humongous(continues), CS=collection set, F=free, OA=open archive, CA=closed archive, TAMS=top-at-mark-start (previous, next)
|   0|0x00000000c0000000, 0x00000000c0100000, 0x00000000c0100000|100%|HS|  |TAMS 0x00000000c0000000, 0x00000000c0000000| Complete 
|   1|0x00000000c0100000, 0x00000000c0200000, 0x00000000c0200000|100%| O|  |TAMS 0x00000000c0100000, 0x00000000c0100000| Untracked 
|   2|0x00000000c0200000, 0x00000000c0300000, 0x00000000c0300000|100%| O|  |TAMS 0x00000000c0200000, 0x00000000c0200000| Untracked 
|   3|0x00000000c0300000, 0x00000000c0400000, 0x00000000c0400000|100%| O|  |TAMS 0x00000000c0300000, 0x00000000c0300000| Untracked 
|   4|0x00000000c0400000, 0x00000000c0500000, 0x00000000c0500000|100%| O|  |TAMS 0x00000000c0400000, 0x00000000c0400000| Untracked 
|   5|0x00000000c0500000, 0x00000000c0600000, 0x00000000c0600000|100%| O|  |TAMS 0x00000000c0500000, 0x00000000c0500000| Untracked 
|   6|0x00000000c0600000, 0x00000000c0700000, 0x00000000c0700000|100%| O|  |TAMS 0x00000000c0600000, 0x00000000c0600000| Untracked 
|   7|0x00000000c0700000, 0x00000000c0800000, 0x00000000c0800000|100%| O|  |TAMS 0x00000000c0700000, 0x00000000c0700000| Untracked 
|   8|0x00000000c0800000, 0x00000000c08eac00, 0x00000000c0900000| 91%| O|  |TAMS 0x00000000c0800000, 0x00000000c0800000| Untracked 
|   9|0x00000000c0900000, 0x00000000c0900000, 0x00000000c0a00000|  0%| F|  |TAMS 0x00000000c0900000, 0x00000000c0900000| Untracked 
|  10|0x00000000c0a00000, 0x00000000c0a00000, 0x00000000c0b00000|  0%| F|  |TAMS 0x00000000c0a00000, 0x00000000c0a00000| Untracked 
|  11|0x00000000c0b00000, 0x00000000c0b00000, 0x00000000c0c00000|  0%| F|  |TAMS 0x00000000c0b00000, 0x00000000c0b00000| Untracked 
|  12|0x00000000c0c00000, 0x00000000c0c00000, 0x00000000c0d00000|  0%| F|  |TAMS 0x00000000c0c00000, 0x00000000c0c00000| Untracked 
|  13|0x00000000c0d00000, 0x00000000c0d00000, 0x00000000c0e00000|  0%| F|  |TAMS 0x00000000c0d00000, 0x00000000c0d00000| Untracked 
|  14|0x00000000c0e00000, 0x00000000c0e00000, 0x00000000c0f00000|  0%| F|  |TAMS 0x00000000c0e00000, 0x00000000c0e00000| Untracked 
|  15|0x00000000c0f00000, 0x00000000c0f00000, 0x00000000c1000000|  0%| F|  |TAMS 0x00000000c0f00000, 0x00000000c0f00000| Untracked 
|  16|0x00000000c1000000, 0x00000000c1000000, 0x00000000c1100000|  0%| F|  |TAMS 0x00000000c1000000, 0x00000000c1000000| Untracked 
|  17|0x00000000c1100000, 0x00000000c1100000, 0x00000000c1200000|  0%| F|  |TAMS 0x00000000c1100000, 0x00000000c1100000| Untracked 
|  18|0x00000000c1200000, 0x00000000c1200000, 0x00000000c1300000|  0%| F|  |TAMS 0x00000000c1200000, 0x00000000c1200000| Untracked 
|  19|0x00000000c1300000, 0x00000000c1300000, 0x00000000c1400000|  0%| F|  |TAMS 0x00000000c1300000, 0x00000000c1300000| Untracked 
|  20|0x00000000c1400000, 0x00000000c1400000, 0x00000000c1500000|  0%| F|  |TAMS 0x00000000c1400000, 0x00000000c1400000| Untracked 
|  21|0x00000000c1500000, 0x00000000c1500000, 0x00000000c1600000|  0%| F|  |TAMS 0x00000000c1500000, 0x00000000c1500000| Untracked 
|  22|0x00000000c1600000, 0x00000000c1600000, 0x00000000c1700000|  0%| F|  |TAMS 0x00000000c1600000, 0x00000000c1600000| Untracked 
|  23|0x00000000c1700000, 0x00000000c1700000, 0x00000000c1800000|  0%| F|  |TAMS 0x00000000c1700000, 0x00000000c1700000| Untracked 
|  24|0x00000000c1800000, 0x00000000c1800000, 0x00000000c1900000|  0%| F|  |TAMS 0x00000000c1800000, 0x00000000c1800000| Untracked 
|  25|0x00000000c1900000, 0x00000000c1900000, 0x00000000c1a00000|  0%| F|  |TAMS 0x00000000c1900000, 0x00000000c1900000| Untracked 
|  26|0x00000000c1a00000, 0x00000000c1a00000, 0x00000000c1b00000|  0%| F|  |TAMS 0x00000000c1a00000, 0x00000000c1a00000| Untracked 
|  27|0x00000000c1b00000, 0x00000000c1b00000, 0x00000000c1c00000|  0%| F|  |TAMS 0x00000000c1b00000, 0x00000000c1b00000| Untracked 
|  28|0x00000000c1c00000, 0x00000000c1c00000, 0x00000000c1d00000|  0%| F|  |TAMS 0x00000000c1c00000, 0x00000000c1c00000| Untracked 
|  29|0x00000000c1d00000, 0x00000000c1d00000, 0x00000000c1e00000|  0%| F|  |TAMS 0x00000000c1d00000, 0x00000000c1d00000| Untracked 
|  30|0x00000000c1e00000, 0x00000000c1e00000, 0x00000000c1f00000|  0%| F|  |TAMS 0x00000000c1e00000, 0x00000000c1e00000| Untracked 
|  31|0x00000000c1f00000, 0x00000000c1f00000, 0x00000000c2000000|  0%| F|  |TAMS 0x00000000c1f00000, 0x00000000c1f00000| Untracked 
|  32|0x00000000c2000000, 0x00000000c2000000, 0x00000000c2100000|  0%| F|  |TAMS 0x00000000c2000000, 0x00000000c2000000| Untracked 
|  33|0x00000000c2100000, 0x00000000c2100000, 0x00000000c2200000|  0%| F|  |TAMS 0x00000000c2100000, 0x00000000c2100000| Untracked 
|  34|0x00000000c2200000, 0x00000000c2200000, 0x00000000c2300000|  0%| F|  |TAMS 0x00000000c2200000, 0x00000000c2200000| Untracked 
|  35|0x00000000c2300000, 0x00000000c2300000, 0x00000000c2400000|  0%| F|  |TAMS 0x00000000c2300000, 0x00000000c2300000| Untracked 
|  36|0x00000000c2400000, 0x00000000c2400000, 0x00000000c2500000|  0%| F|  |TAMS 0x00000000c2400000, 0x00000000c2400000| Untracked 
|  37|0x00000000c2500000, 0x00000000c2500000, 0x00000000c2600000|  0%| F|  |TAMS 0x00000000c2500000, 0x00000000c2500000| Untracked 
|  38|0x00000000c2600000, 0x00000000c2600000, 0x00000000c2700000|  0%| F|  |TAMS 0x00000000c2600000, 0x00000000c2600000| Untracked 
|  39|0x00000000c2700000, 0x00000000c2700000, 0x00000000c2800000|  0%| F|  |TAMS 0x00000000c2700000, 0x00000000c2700000| Untracked 
|  40|0x00000000c2800000, 0x00000000c2800000, 0x00000000c2900000|  0%| F|  |TAMS 0x00000000c2800000, 0x00000000c2800000| Untracked 
|  41|0x00000000c2900000, 0x00000000c2900000, 0x00000000c2a00000|  0%| F|  |TAMS 0x00000000c2900000, 0x00000000c2900000| Untracked 
|  42|0x00000000c2a00000, 0x00000000c2a00000, 0x00000000c2b00000|  0%| F|  |TAMS 0x00000000c2a00000, 0x00000000c2a00000| Untracked 
|  43|0x00000000c2b00000, 0x00000000c2b00000, 0x00000000c2c00000|  0%| F|  |TAMS 0x00000000c2b00000, 0x00000000c2b00000| Untracked 
|  44|0x00000000c2c00000, 0x00000000c2c00000, 0x00000000c2d00000|  0%| F|  |TAMS 0x00000000c2c00000, 0x00000000c2c00000| Untracked 
|  45|0x00000000c2d00000, 0x00000000c2d00000, 0x00000000c2e00000|  0%| F|  |TAMS 0x00000000c2d00000, 0x00000000c2d00000| Untracked 
|  46|0x00000000c2e00000, 0x00000000c2e00000, 0x00000000c2f00000|  0%| F|  |TAMS 0x00000000c2e00000, 0x00000000c2e00000| Untracked 
|  47|0x00000000c2f00000, 0x00000000c2fa30f8, 0x00000000c3000000| 63%| E|  |TAMS 0x00000000c2f00000, 0x00000000c2f00000| Complete 
|  48|0x00000000c3000000, 0x00000000c3100000, 0x00000000c3100000|100%| E|CS|TAMS 0x00000000c3000000, 0x00000000c3000000| Complete 
|  49|0x00000000c3100000, 0x00000000c3200000, 0x00000000c3200000|100%| E|CS|TAMS 0x00000000c3100000, 0x00000000c3100000| Complete 
|  50|0x00000000c3200000, 0x00000000c3300000, 0x00000000c3300000|100%| E|CS|TAMS 0x00000000c3200000, 0x00000000c3200000| Complete 
|  51|0x00000000c3300000, 0x00000000c3400000, 0x00000000c3400000|100%| E|CS|TAMS 0x00000000c3300000, 0x00000000c3300000| Complete 
|  52|0x00000000c3400000, 0x00000000c3500000, 0x00000000c3500000|100%| E|CS|TAMS 0x00000000c3400000, 0x00000000c3400000| Complete 
|  53|0x00000000c3500000, 0x00000000c3600000, 0x00000000c3600000|100%| E|CS|TAMS 0x00000000c3500000, 0x00000000c3500000| Complete 
|  54|0x00000000c3600000, 0x00000000c3620a90, 0x00000000c3700000| 12%| S|CS|TAMS 0x00000000c3600000, 0x00000000c3600000| Complete 
|  55|0x00000000c3700000, 0x00000000c3800000, 0x00000000c3800000|100%| S|CS|TAMS 0x00000000c3700000, 0x00000000c3700000| Complete 
|  56|0x00000000c3800000, 0x00000000c3900000, 0x00000000c3900000|100%| E|CS|TAMS 0x00000000c3800000, 0x00000000c3800000| Complete 
|  57|0x00000000c3900000, 0x00000000c3a00000, 0x00000000c3a00000|100%| E|CS|TAMS 0x00000000c3900000, 0x00000000c3900000| Complete 
|  58|0x00000000c3a00000, 0x00000000c3b00000, 0x00000000c3b00000|100%| E|CS|TAMS 0x00000000c3a00000, 0x00000000c3a00000| Complete 
|  59|0x00000000c3b00000, 0x00000000c3c00000, 0x00000000c3c00000|100%| E|CS|TAMS 0x00000000c3b00000, 0x00000000c3b00000| Complete 
|  60|0x00000000c3c00000, 0x00000000c3d00000, 0x00000000c3d00000|100%| E|CS|TAMS 0x00000000c3c00000, 0x00000000c3c00000| Complete 
|  61|0x00000000c3d00000, 0x00000000c3e00000, 0x00000000c3e00000|100%| E|CS|TAMS 0x00000000c3d00000, 0x00000000c3d00000| Complete 
|  62|0x00000000c3e00000, 0x00000000c3f00000, 0x00000000c3f00000|100%| E|CS|TAMS 0x00000000c3e00000, 0x00000000c3e00000| Complete 
|  63|0x00000000c3f00000, 0x00000000c4000000, 0x00000000c4000000|100%| E|CS|TAMS 0x00000000c3f00000, 0x00000000c3f00000| Complete 

Card table byte_map: [0x000002322d0e0000,0x000002322d2e0000] _byte_map_base: 0x000002322cae0000

Marking Bits (Prev, Next): (CMBitMap*) 0x0000023227492120, (CMBitMap*) 0x0000023227492160
 Prev Bits: [0x000002322d4e0000, 0x000002322e4e0000)
 Next Bits: [0x000002322e4e0000, 0x000002322f4e0000)

Polling page: 0x0000023226c20000

Metaspace:

Usage:
  Non-class:     10.86 MB used.
      Class:      1.54 MB used.
       Both:     12.40 MB used.

Virtual space:
  Non-class space:       64.00 MB reserved,      10.94 MB ( 17%) committed,  1 nodes.
      Class space:        1.00 GB reserved,       1.56 MB ( <1%) committed,  1 nodes.
             Both:        1.06 GB reserved,      12.50 MB (  1%) committed. 

Chunk freelists:
   Non-Class:  5.00 MB
       Class:  14.36 MB
        Both:  19.36 MB

MaxMetaspaceSize: unlimited
CompressedClassSpaceSize: 1.00 GB
Initial GC threshold: 21.00 MB
Current GC threshold: 21.00 MB
CDS: off
MetaspaceReclaimPolicy: balanced
 - commit_granule_bytes: 65536.
 - commit_granule_words: 8192.
 - virtual_space_node_default_size: 8388608.
 - enlarge_chunks_in_place: 1.
 - new_chunks_are_fully_committed: 0.
 - uncommit_free_chunks: 1.
 - use_allocation_guard: 0.
 - handle_deallocations: 1.


Internal statistics:

num_allocs_failed_limit: 0.
num_arena_births: 94.
num_arena_deaths: 0.
num_vsnodes_births: 2.
num_vsnodes_deaths: 0.
num_space_committed: 200.
num_space_uncommitted: 0.
num_chunks_returned_to_freelist: 0.
num_chunks_taken_from_freelist: 305.
num_chunk_merges: 0.
num_chunk_splits: 199.
num_chunks_enlarged: 156.
num_inconsistent_stats: 0.

CodeCache: size=49152Kb used=3829Kb max_used=3829Kb free=45323Kb
 bounds [0x000002322a0e0000, 0x000002322a4a0000, 0x000002322d0e0000]
 total_blobs=1473 nmethods=1059 adapters=340
 compilation: enabled
              stopped_count=0, restarted_count=0
 full_count=0

Compilation events (20 events):
Event: 2.548 Thread 0x0000023231cde640 1050   !   1       jdk.internal.loader.URLClassPath$JarLoader::getResource (354 bytes)
Event: 2.550 Thread 0x0000023231ce3440 1051       1       java.util.ArrayList::<init> (61 bytes)
Event: 2.550 Thread 0x0000023231ce3440 nmethod 1051 0x000002322a498610 code [0x000002322a498800, 0x000002322a498d58]
Event: 2.551 Thread 0x0000023231cde640 nmethod 1050 0x000002322a498f10 code [0x000002322a4992a0, 0x000002322a49a1b8]
Event: 2.554 Thread 0x00000232319b78e0 1052       1       sun.reflect.generics.visitor.Reifier::getFactory (5 bytes)
Event: 2.555 Thread 0x0000023231cde640 1053       1       java.util.Objects::hashCode (13 bytes)
Event: 2.555 Thread 0x00000232319b78e0 nmethod 1052 0x000002322a49b310 code [0x000002322a49b4a0, 0x000002322a49b578]
Event: 2.555 Thread 0x0000023231cde640 nmethod 1053 0x000002322a49b610 code [0x000002322a49b7a0, 0x000002322a49b8a8]
Event: 2.556 Thread 0x0000023231cde640 1054   !   1       org.springframework.util.ConcurrentReferenceHashMap$Segment::clear (69 bytes)
Event: 2.557 Thread 0x00000232319b78e0 1055       1       org.springframework.core.ResolvableType::resolve (5 bytes)
Event: 2.557 Thread 0x00000232319b78e0 nmethod 1055 0x000002322a49b910 code [0x000002322a49baa0, 0x000002322a49bb78]
Event: 2.557 Thread 0x0000023231cde640 nmethod 1054 0x000002322a49bc10 code [0x000002322a49be20, 0x000002322a49c2a8]
Event: 2.558 Thread 0x0000023231cde640 1056       1       sun.reflect.generics.tree.SimpleClassTypeSignature::getTypeArguments (5 bytes)
Event: 2.558 Thread 0x0000023231cde640 nmethod 1056 0x000002322a49c610 code [0x000002322a49c7a0, 0x000002322a49c878]
Event: 2.559 Thread 0x00000232319b78e0 1057       1       java.util.concurrent.locks.AbstractOwnableSynchronizer::setExclusiveOwnerThread (6 bytes)
Event: 2.559 Thread 0x00000232319b78e0 nmethod 1057 0x000002322a49c910 code [0x000002322a49caa0, 0x000002322a49cbb8]
Event: 2.560 Thread 0x0000023231ce3440 1058       1       java.util.RegularEnumSet::contains (57 bytes)
Event: 2.560 Thread 0x0000023231ce3440 nmethod 1058 0x000002322a49cc10 code [0x000002322a49cdc0, 0x000002322a49cfc8]
Event: 2.562 Thread 0x00000232319b78e0 1059       1       java.util.Collections$1::hasNext (5 bytes)
Event: 2.562 Thread 0x00000232319b78e0 nmethod 1059 0x000002322a49d110 code [0x000002322a49d2a0, 0x000002322a49d378]

GC Heap History (4 events):
Event: 1.116 GC heap before
{Heap before GC invocations=0 (full 0):
 garbage-first heap   total 65536K, used 13312K [0x00000000c0000000, 0x0000000100000000)
  region size 1024K, 13 young (13312K), 0 survivors (0K)
 Metaspace       used 5746K, committed 5888K, reserved 1114112K
  class space    used 553K, committed 640K, reserved 1048576K
}
Event: 1.126 GC heap after
{Heap after GC invocations=1 (full 0):
 garbage-first heap   total 65536K, used 9232K [0x00000000c0000000, 0x0000000100000000)
  region size 1024K, 2 young (2048K), 2 survivors (2048K)
 Metaspace       used 5746K, committed 5888K, reserved 1114112K
  class space    used 553K, committed 640K, reserved 1048576K
}
Event: 1.710 GC heap before
{Heap before GC invocations=1 (full 0):
 garbage-first heap   total 65536K, used 17424K [0x00000000c0000000, 0x0000000100000000)
  region size 1024K, 10 young (10240K), 2 survivors (2048K)
 Metaspace       used 8317K, committed 8512K, reserved 1114112K
  class space    used 930K, committed 1024K, reserved 1048576K
}
Event: 1.716 GC heap after
{Heap after GC invocations=2 (full 0):
 garbage-first heap   total 65536K, used 10285K [0x00000000c0000000, 0x0000000100000000)
  region size 1024K, 2 young (2048K), 2 survivors (2048K)
 Metaspace       used 8317K, committed 8512K, reserved 1114112K
  class space    used 930K, committed 1024K, reserved 1048576K
}

Dll operation events (5 events):
Event: 0.020 Loaded shared library c:\Users\Admin\.vscode\extensions\redhat.java-1.20.0-win32-x64\jre\17.0.7-win32-x86_64\bin\java.dll
Event: 0.520 Loaded shared library C:\Users\Admin\.vscode\extensions\redhat.java-1.20.0-win32-x64\jre\17.0.7-win32-x86_64\bin\net.dll
Event: 0.523 Loaded shared library C:\Users\Admin\.vscode\extensions\redhat.java-1.20.0-win32-x64\jre\17.0.7-win32-x86_64\bin\nio.dll
Event: 0.541 Loaded shared library C:\Users\Admin\.vscode\extensions\redhat.java-1.20.0-win32-x64\jre\17.0.7-win32-x86_64\bin\zip.dll
Event: 1.085 Loaded shared library C:\Users\Admin\.vscode\extensions\redhat.java-1.20.0-win32-x64\jre\17.0.7-win32-x86_64\bin\jimage.dll

Deoptimization events (0 events):
No events

Classes unloaded (0 events):
No events

Classes redefined (0 events):
No events

Internal exceptions (15 events):
Event: 1.252 Thread 0x0000023227451da0 Exception <a 'java/lang/ClassNotFoundException'{0x00000000c3efe4f8}: javax/smartcardio/CardPermission> (0x00000000c3efe4f8) 
thrown [s\src\hotspot\share\classfile\systemDictionary.cpp, line 256]
Event: 1.257 Thread 0x0000023227451da0 Exception <a 'java/io/FileNotFoundException'{0x00000000c3d0ca68}> (0x00000000c3d0ca68) 
thrown [s\src\hotspot\share\prims\jni.cpp, line 516]
Event: 1.693 Thread 0x0000023227451da0 Exception <a 'java/lang/NoSuchMethodError'{0x00000000c38bdd20}: 'void java.lang.invoke.DirectMethodHandle$Holder.invokeSpecialIFC(java.lang.Object, java.lang.Object, java.lang.Object, java.lang.Object, java.lang.Object)'> (0x00000000c38bdd20) 
thrown [s\src\hotspot\share\interpreter\linkResolver.cpp, line 759]
Event: 1.695 Thread 0x0000023227451da0 Exception <a 'java/lang/NoSuchMethodError'{0x00000000c38c62c0}: 'void java.lang.invoke.DirectMethodHandle$Holder.invokeStatic(java.lang.Object, java.lang.Object, java.lang.Object, java.lang.Object)'> (0x00000000c38c62c0) 
thrown [s\src\hotspot\share\interpreter\linkResolver.cpp, line 759]
Event: 1.698 Thread 0x0000023227451da0 Exception <a 'java/lang/NoSuchMethodError'{0x00000000c38d0b28}: 'int java.lang.invoke.DirectMethodHandle$Holder.invokeSpecial(java.lang.Object, java.lang.Object, java.lang.Object)'> (0x00000000c38d0b28) 
thrown [s\src\hotspot\share\interpreter\linkResolver.cpp, line 759]
Event: 1.738 Thread 0x0000023227451da0 Exception <a 'java/lang/NoSuchMethodError'{0x00000000c3fac230}: 'java.lang.Object java.lang.invoke.DirectMethodHandle$Holder.invokeStaticInit(java.lang.Object, java.lang.Object, java.lang.Object)'> (0x00000000c3fac230) 
thrown [s\src\hotspot\share\interpreter\linkResolver.cpp, line 759]
Event: 2.130 Thread 0x0000023227451da0 Exception <a 'java/lang/NoSuchMethodError'{0x00000000c350b588}: 'int java.lang.invoke.DirectMethodHandle$Holder.invokeStaticInit(java.lang.Object, java.lang.Object)'> (0x00000000c350b588) 
thrown [s\src\hotspot\share\interpreter\linkResolver.cpp, line 759]
Event: 2.373 Thread 0x0000023227451da0 Exception <a 'java/lang/NoSuchMethodError'{0x00000000c33384b8}: 'java.lang.Object java.lang.invoke.DirectMethodHandle$Holder.invokeInterface(java.lang.Object, java.lang.Object)'> (0x00000000c33384b8) 
thrown [s\src\hotspot\share\interpreter\linkResolver.cpp, line 759]
Event: 2.383 Thread 0x0000023227451da0 Exception <a 'java/lang/NoSuchMethodError'{0x00000000c3374528}: 'void java.lang.invoke.DirectMethodHandle$Holder.invokeStatic(java.lang.Object, java.lang.Object, java.lang.Object)'> (0x00000000c3374528) 
thrown [s\src\hotspot\share\interpreter\linkResolver.cpp, line 759]
Event: 2.387 Thread 0x0000023227451da0 Exception <a 'java/lang/NoSuchMethodError'{0x00000000c338c658}: 'java.lang.Object java.lang.invoke.DirectMethodHandle$Holder.invokeSpecialIFC(java.lang.Object, java.lang.Object, java.lang.Object, java.lang.Object)'> (0x00000000c338c658) 
thrown [s\src\hotspot\share\interpreter\linkResolver.cpp, line 759]
Event: 2.392 Thread 0x0000023227451da0 Exception <a 'java/lang/NoSuchMethodError'{0x00000000c33b3328}: 'java.lang.Object java.lang.invoke.DirectMethodHandle$Holder.invokeInterface(java.lang.Object, java.lang.Object, java.lang.Object)'> (0x00000000c33b3328) 
thrown [s\src\hotspot\share\interpreter\linkResolver.cpp, line 759]
Event: 2.435 Thread 0x0000023227451da0 Exception <a 'java/lang/NoSuchMethodError'{0x00000000c32a1940}: 'int java.lang.invoke.DirectMethodHandle$Holder.invokeStaticInit(java.lang.Object, java.lang.Object, java.lang.Object)'> (0x00000000c32a1940) 
thrown [s\src\hotspot\share\interpreter\linkResolver.cpp, line 759]
Event: 2.444 Thread 0x0000023227451da0 Exception <a 'java/lang/NoSuchMethodError'{0x00000000c32d0858}: 'java.lang.Object java.lang.invoke.DirectMethodHandle$Holder.invokeVirtual(java.lang.Object, java.lang.Object, java.lang.Object)'> (0x00000000c32d0858) 
thrown [s\src\hotspot\share\interpreter\linkResolver.cpp, line 759]
Event: 2.451 Thread 0x0000023227451da0 Exception <a 'java/lang/NoSuchMethodError'{0x00000000c3107c80}: 'java.lang.Object java.lang.invoke.DirectMethodHandle$Holder.newInvokeSpecial(java.lang.Object, java.lang.Object, java.lang.Object, java.lang.Object, java.lang.Object)'> (0x00000000c3107c80) 
thrown [s\src\hotspot\share\interpreter\linkResolver.cpp, line 759]
Event: 2.497 Thread 0x0000023227451da0 Exception <a 'java/lang/IncompatibleClassChangeError'{0x00000000c31dadf0}: Found class java.lang.Object, but interface was expected> (0x00000000c31dadf0) 
thrown [s\src\hotspot\share\interpreter\linkResolver.cpp, line 826]

VM Operations (18 events):
Event: 0.543 Executing VM operation: HandshakeAllThreads
Event: 0.543 Executing VM operation: HandshakeAllThreads done
Event: 1.065 Executing VM operation: HandshakeAllThreads
Event: 1.066 Executing VM operation: HandshakeAllThreads done
Event: 1.116 Executing VM operation: G1CollectForAllocation
Event: 1.126 Executing VM operation: G1CollectForAllocation done
Event: 1.154 Executing VM operation: HandshakeAllThreads
Event: 1.154 Executing VM operation: HandshakeAllThreads done
Event: 1.710 Executing VM operation: G1CollectForAllocation
Event: 1.716 Executing VM operation: G1CollectForAllocation done
Event: 1.904 Executing VM operation: HandshakeAllThreads
Event: 1.904 Executing VM operation: HandshakeAllThreads done
Event: 1.925 Executing VM operation: HandshakeAllThreads
Event: 1.925 Executing VM operation: HandshakeAllThreads done
Event: 2.046 Executing VM operation: HandshakeAllThreads
Event: 2.046 Executing VM operation: HandshakeAllThreads done
Event: 2.518 Executing VM operation: HandshakeAllThreads
Event: 2.518 Executing VM operation: HandshakeAllThreads done

Events (20 events):
Event: 2.520 loading class java/lang/ProcessEnvironment$CheckedEntry
Event: 2.520 loading class java/lang/ProcessEnvironment$CheckedEntry done
Event: 2.535 loading class java/util/concurrent/CopyOnWriteArraySet
Event: 2.536 loading class java/util/concurrent/CopyOnWriteArraySet done
Event: 2.541 loading class java/util/concurrent/ConcurrentLinkedDeque
Event: 2.542 loading class java/util/concurrent/ConcurrentLinkedDeque done
Event: 2.542 loading class java/util/concurrent/ConcurrentLinkedDeque$Node
Event: 2.542 loading class java/util/concurrent/ConcurrentLinkedDeque$Node done
Event: 2.543 loading class java/lang/invoke/VarHandle$AccessDescriptor
Event: 2.543 loading class java/lang/invoke/VarHandle$AccessDescriptor done
Event: 2.552 loading class sun/reflect/generics/tree/BottomSignature
Event: 2.552 loading class sun/reflect/generics/tree/BottomSignature done
Event: 2.552 loading class sun/reflect/generics/tree/Wildcard
Event: 2.552 loading class sun/reflect/generics/tree/Wildcard done
Event: 2.552 loading class sun/reflect/generics/reflectiveObjects/WildcardTypeImpl
Event: 2.552 loading class sun/reflect/generics/reflectiveObjects/WildcardTypeImpl done
Event: 2.557 loading class java/util/Currency
Event: 2.558 loading class java/util/Currency done
Event: 2.561 loading class java/util/UUID
Event: 2.561 loading class java/util/UUID done


Dynamic libraries:
0x00007ff6c5e50000 - 0x00007ff6c5e5e000 	c:\Users\Admin\.vscode\extensions\redhat.java-1.20.0-win32-x64\jre\17.0.7-win32-x86_64\bin\java.exe
0x00007ff917510000 - 0x00007ff917708000 	C:\Windows\SYSTEM32\ntdll.dll
0x00007ff917390000 - 0x00007ff91744f000 	C:\Windows\System32\KERNEL32.DLL
0x00007ff914c20000 - 0x00007ff914f16000 	C:\Windows\System32\KERNELBASE.dll
0x00007ff914fc0000 - 0x00007ff9150c0000 	C:\Windows\System32\ucrtbase.dll
0x00007ff9101d0000 - 0x00007ff9101e7000 	c:\Users\Admin\.vscode\extensions\redhat.java-1.20.0-win32-x64\jre\17.0.7-win32-x86_64\bin\jli.dll
0x00007ff916d10000 - 0x00007ff916ead000 	C:\Windows\System32\USER32.dll
0x00007ff914bf0000 - 0x00007ff914c12000 	C:\Windows\System32\win32u.dll
0x00007ff916530000 - 0x00007ff91655c000 	C:\Windows\System32\GDI32.dll
0x00007ff9151c0000 - 0x00007ff9152d5000 	C:\Windows\System32\gdi32full.dll
0x00007ff914f20000 - 0x00007ff914fbd000 	C:\Windows\System32\msvcp_win.dll
0x00007ff90dec0000 - 0x00007ff90ded9000 	c:\Users\Admin\.vscode\extensions\redhat.java-1.20.0-win32-x64\jre\17.0.7-win32-x86_64\bin\VCRUNTIME140.dll
0x00007ff9046c0000 - 0x00007ff90495a000 	C:\Windows\WinSxS\amd64_microsoft.windows.common-controls_6595b64144ccf1df_6.0.19041.1110_none_60b5254171f9507e\COMCTL32.dll
0x00007ff9171c0000 - 0x00007ff91725e000 	C:\Windows\System32\msvcrt.dll
0x00007ff916fe0000 - 0x00007ff917010000 	C:\Windows\System32\IMM32.DLL
0x00007ff9101b0000 - 0x00007ff9101bc000 	c:\Users\Admin\.vscode\extensions\redhat.java-1.20.0-win32-x64\jre\17.0.7-win32-x86_64\bin\vcruntime140_1.dll
0x00007ff8f6e00000 - 0x00007ff8f6e91000 	c:\Users\Admin\.vscode\extensions\redhat.java-1.20.0-win32-x64\jre\17.0.7-win32-x86_64\bin\msvcp140.dll
0x00007ff8dc2f0000 - 0x00007ff8dcf38000 	c:\Users\Admin\.vscode\extensions\redhat.java-1.20.0-win32-x64\jre\17.0.7-win32-x86_64\bin\server\jvm.dll
0x00007ff915d80000 - 0x00007ff915e2f000 	C:\Windows\System32\ADVAPI32.dll
0x00007ff9172f0000 - 0x00007ff91738c000 	C:\Windows\System32\sechost.dll
0x00007ff916560000 - 0x00007ff916686000 	C:\Windows\System32\RPCRT4.dll
0x00007ff905a10000 - 0x00007ff905a19000 	C:\Windows\SYSTEM32\WSOCK32.dll
0x00007ff9164c0000 - 0x00007ff91652b000 	C:\Windows\System32\WS2_32.dll
0x00007ff900730000 - 0x00007ff900757000 	C:\Windows\SYSTEM32\WINMM.dll
0x00007ff907ea0000 - 0x00007ff907eaa000 	C:\Windows\SYSTEM32\VERSION.dll
0x00007ff9129c0000 - 0x00007ff9129d2000 	C:\Windows\SYSTEM32\kernel.appcore.dll
0x00007ff90fab0000 - 0x00007ff90faba000 	c:\Users\Admin\.vscode\extensions\redhat.java-1.20.0-win32-x64\jre\17.0.7-win32-x86_64\bin\jimage.dll
0x00007ff90da30000 - 0x00007ff90dc14000 	C:\Windows\SYSTEM32\DBGHELP.DLL
0x00007ff90d980000 - 0x00007ff90d9b4000 	C:\Windows\SYSTEM32\dbgcore.DLL
0x00007ff9152e0000 - 0x00007ff915362000 	C:\Windows\System32\bcryptPrimitives.dll
0x00007ff8fb510000 - 0x00007ff8fb535000 	c:\Users\Admin\.vscode\extensions\redhat.java-1.20.0-win32-x64\jre\17.0.7-win32-x86_64\bin\java.dll
0x00007ff907ba0000 - 0x00007ff907bb8000 	c:\Users\Admin\.vscode\extensions\redhat.java-1.20.0-win32-x64\jre\17.0.7-win32-x86_64\bin\zip.dll
0x00007ff9155d0000 - 0x00007ff915d14000 	C:\Windows\System32\SHELL32.dll
0x00007ff912ca0000 - 0x00007ff913434000 	C:\Windows\SYSTEM32\windows.storage.dll
0x00007ff915f50000 - 0x00007ff9162a4000 	C:\Windows\System32\combase.dll
0x00007ff914630000 - 0x00007ff91465e000 	C:\Windows\SYSTEM32\Wldp.dll
0x00007ff916380000 - 0x00007ff91642d000 	C:\Windows\System32\SHCORE.dll
0x00007ff915d20000 - 0x00007ff915d75000 	C:\Windows\System32\shlwapi.dll
0x00007ff914b20000 - 0x00007ff914b45000 	C:\Windows\SYSTEM32\profapi.dll
0x00007ff902a30000 - 0x00007ff902a49000 	C:\Users\Admin\.vscode\extensions\redhat.java-1.20.0-win32-x64\jre\17.0.7-win32-x86_64\bin\net.dll
0x00007ff909e10000 - 0x00007ff909f1a000 	C:\Windows\SYSTEM32\WINHTTP.dll
0x00007ff914390000 - 0x00007ff9143fa000 	C:\Windows\system32\mswsock.dll
0x00007ff8ff3a0000 - 0x00007ff8ff3b5000 	C:\Users\Admin\.vscode\extensions\redhat.java-1.20.0-win32-x64\jre\17.0.7-win32-x86_64\bin\nio.dll

dbghelp: loaded successfully - version: 4.0.5 - missing functions: none
symbol engine: initialized successfully - sym options: 0x614 - pdb path: .;c:\Users\Admin\.vscode\extensions\redhat.java-1.20.0-win32-x64\jre\17.0.7-win32-x86_64\bin;C:\Windows\SYSTEM32;C:\Windows\WinSxS\amd64_microsoft.windows.common-controls_6595b64144ccf1df_6.0.19041.1110_none_60b5254171f9507e;c:\Users\Admin\.vscode\extensions\redhat.java-1.20.0-win32-x64\jre\17.0.7-win32-x86_64\bin\server

VM Arguments:
jvm_args: -XX:+HeapDumpOnOutOfMemoryError -Xmx1024m -Dsts.lsp.client=vscode -Dsts.log.file=/dev/null -XX:TieredStopAtLevel=1 -Xlog:jni+resolve=off -Dspring.config.location=file:c:\Users\Admin\.vscode\extensions\vmware.vscode-spring-boot-1.47.0\language-server\BOOT-INF\classes\application.properties 
java_command: org.springframework.ide.vscode.boot.app.BootLanguageServerBootApp
java_class_path (initial): c:\Users\Admin\.vscode\extensions\vmware.vscode-spring-boot-1.47.0\language-server\BOOT-INF\classes;c:\Users\Admin\.vscode\extensions\vmware.vscode-spring-boot-1.47.0\language-server\BOOT-INF\lib\annotations-24.0.1.jar;c:\Users\Admin\.vscode\extensions\vmware.vscode-spring-boot-1.47.0\language-server\BOOT-INF\lib\antlr-runtime-3.5.3.jar;c:\Users\Admin\.vscode\extensions\vmware.vscode-spring-boot-1.47.0\language-server\BOOT-INF\lib\antlr4-4.11.1.jar;c:\Users\Admin\.vscode\extensions\vmware.vscode-spring-boot-1.47.0\language-server\BOOT-INF\lib\antlr4-runtime-4.11.1.jar;c:\Users\Admin\.vscode\extensions\vmware.vscode-spring-boot-1.47.0\language-server\BOOT-INF\lib\aopalliance-1.0.jar;c:\Users\Admin\.vscode\extensions\vmware.vscode-spring-boot-1.47.0\language-server\BOOT-INF\lib\asm-9.5.jar;c:\Users\Admin\.vscode\extensions\vmware.vscode-spring-boot-1.47.0\language-server\BOOT-INF\lib\asm-analysis-9.5.jar;c:\Users\Admin\.vscode\extensions\vmware.vscode-spring-boot-1.47.0\language-server\BOOT-INF\lib\asm-tree-9.5.jar;c:\Users\Admin\.vscode\extensions\vmware.vscode-spring-boot-1.47.0\language-server\BOOT-INF\lib\asm-util-9.5.jar;c:\Users\Admin\.vscode\extensions\vmware.vscode-spring-boot-1.47.0\language-server\BOOT-INF\lib\auto-common-1.2.1.jar;c:\Users\Admin\.vscode\extensions\vmware.vscode-spring-boot-1.47.0\language-server\BOOT-INF\lib\auto-value-annotations-1.9.jar;c:\Users\Admin\.vscode\extensions\vmware.vscode-spring-boot-1.47.0\language-server\BOOT-INF\lib\caffeine-3.1.2.jar;c:\Users\Admin\.vscode\extensions\vmware.vscode-spring-boot-1.47.0\language-server\BOOT-INF\lib\checker-qual-3.12.0.jar;c:\Users\Admin\.vscode\extensions\vmware.vscode-spring-boot-1.47.0\language-server\BOOT-INF\lib\classgraph-4.8.149.jar;c:\Users\Admin\.vscode\extensions\vmware.vscode-spring-boot-1.47.0\language-server\BOOT-INF\lib\commons-codec-1.15.jar;c:\Users\Admin\.vscode\extensions\vmware.vscode-spring-boot-1.47.0\language-server\BOOT-INF\lib\commons-compres
Launcher Type: SUN_STANDARD

[Global flags]
     intx CICompilerCount                          = 3                                         {product} {ergonomic}
     uint ConcGCThreads                            = 1                                         {product} {ergonomic}
     uint G1ConcRefinementThreads                  = 4                                         {product} {ergonomic}
   size_t G1HeapRegionSize                         = 1048576                                   {product} {ergonomic}
    uintx GCDrainStackTargetSize                   = 64                                        {product} {ergonomic}
     bool HeapDumpOnOutOfMemoryError               = true                                   {manageable} {command line}
   size_t InitialHeapSize                          = 67108864                                  {product} {ergonomic}
   size_t MarkStackSize                            = 4194304                                   {product} {ergonomic}
   size_t MaxHeapSize                              = 1073741824                                {product} {command line}
   size_t MaxNewSize                               = 643825664                                 {product} {ergonomic}
   size_t MinHeapDeltaBytes                        = 1048576                                   {product} {ergonomic}
   size_t MinHeapSize                              = 8388608                                   {product} {ergonomic}
    uintx NonProfiledCodeHeapSize                  = 0                                      {pd product} {ergonomic}
     bool ProfileInterpreter                       = false                                  {pd product} {command line}
    uintx ProfiledCodeHeapSize                     = 0                                      {pd product} {ergonomic}
   size_t SoftMaxHeapSize                          = 1073741824                             {manageable} {ergonomic}
     intx TieredStopAtLevel                        = 1                                         {product} {command line}
     bool UseCompressedClassPointers               = true                           {product lp64_product} {ergonomic}
     bool UseCompressedOops                        = true                           {product lp64_product} {ergonomic}
     bool UseG1GC                                  = true                                      {product} {ergonomic}
     bool UseLargePagesIndividualAllocation        = false                                  {pd product} {ergonomic}

Logging:
Log output configuration:
 #0: stdout all=warning,jni+resolve=off uptime,level,tags
 #1: stderr all=off uptime,level,tags

Environment Variables:
PATH=C:\Program Files\Eclipse Adoptium\jdk-17.0.6.10-hotspot\bin;C:\Program Files\Eclipse Adoptium\jdk-8.0.362.9-hotspot\bin;C:\Program Files\Common Files\Oracle\Java\javapath;C:\Windows\system32;C:\Windows;C:\Windows\System32\Wbem;C:\Windows\System32\WindowsPowerShell\v1.0\;C:\Windows\System32\OpenSSH\;C:\Program Files (x86)\Microsoft SQL Server\160\Tools\Binn\;C:\Program Files\Microsoft SQL Server\160\Tools\Binn\;C:\Program Files\Microsoft SQL Server\Client SDK\ODBC\170\Tools\Binn\;C:\Program Files\Microsoft SQL Server\160\DTS\Binn\;C:\Program Files (x86)\Microsoft SQL Server\160\DTS\Binn\;C:\Program Files\Azure Data Studio\bin;C:\Program Files\Git\cmd;C:\Program Files\nodejs\;C:\Program Files\MySQL\MySQL Shell 8.0\bin\;C:\Users\Admin\AppData\Local\Microsoft\WindowsApps;;C:\Program Files\Azure Data Studio\bin;C:\Microsoft VS Code\bin;C:\Users\Admin\AppData\Roaming\npm
USERNAME=Admin
OS=Windows_NT
PROCESSOR_IDENTIFIER=Intel64 Family 6 Model 69 Stepping 1, GenuineIntel
TMP=C:\Users\Admin\AppData\Local\Temp
TEMP=C:\Users\Admin\AppData\Local\Temp



---------------  S Y S T E M  ---------------

OS:
 Windows 10 , 64 bit Build 19041 (10.0.19041.3155)
OS uptime: 4 days 9:12 hours

CPU: total 4 (initial active 4) (2 cores per cpu, 2 threads per core) family 6 model 69 stepping 1 microcode 0x25, cx8, cmov, fxsr, ht, mmx, sse, sse2, sse3, ssse3, sse4.1, sse4.2, popcnt, lzcnt, tsc, tscinvbit, avx, avx2, aes, erms, clmul, bmi1, bmi2, fma, vzeroupper, clflush

Memory: 4k page, system-wide physical 3992M (272M free)
TotalPageFile size 16280M (AvailPageFile size 2M)
current process WorkingSet (physical memory assigned to process): 70M, peak: 70M
current process commit charge ("private bytes"): 144M, peak: 144M

vm_info: OpenJDK 64-Bit Server VM (17.0.7+7) for windows-amd64 JRE (17.0.7+7), built on Apr 18 2023 22:10:42 by "temurin" with MS VC++ 16.7 (VS2019)

END.
