#
# There is insufficient memory for the Java Runtime Environment to continue.
# Native memory allocation (malloc) failed to allocate 1048576 bytes for AllocateHeap
# Possible reasons:
#   The system is out of physical RAM or swap space
#   The process is running with CompressedOops enabled, and the Java Heap may be blocking the growth of the native heap
# Possible solutions:
#   Reduce memory load on the system
#   Increase physical memory or swap space
#   Check if swap backing store is full
#   Decrease Java heap size (-Xmx/-Xms)
#   Decrease number of Java threads
#   Decrease Java thread stack sizes (-Xss)
#   Set larger code cache with -XX:ReservedCodeCacheSize=
#   JVM is running with Unscaled Compressed Oops mode in which the Java heap is
#     placed in the first 4GB address space. The Java Heap base address is the
#     maximum limit for the native heap growth. Please use -XX:HeapBaseMinAddress
#     to set the Java Heap base and to place the Java Heap above 4GB virtual address.
# This output file may be truncated or incomplete.
#
#  Out of Memory Error (allocation.cpp:44), pid=19360, tid=19960
#
# JRE version: OpenJDK Runtime Environment Temurin-17.0.7+7 (17.0.7+7) (build 17.0.7+7)
# Java VM: OpenJDK 64-Bit Server VM Temurin-17.0.7+7 (17.0.7+7, mixed mode, emulated-client, tiered, compressed oops, compressed class ptrs, g1 gc, windows-amd64)
# No core dump will be written. Minidumps are not enabled by default on client versions of Windows
#

---------------  S U M M A R Y ------------

Command Line: -XX:+HeapDumpOnOutOfMemoryError -Xmx1024m -Dsts.lsp.client=vscode -Dsts.log.file=/dev/null -XX:TieredStopAtLevel=1 -Xlog:jni+resolve=off -Dspring.config.location=file:c:\Users\Admin\.vscode\extensions\vmware.vscode-spring-boot-1.47.0\language-server\BOOT-INF\classes\application.properties org.springframework.ide.vscode.boot.app.BootLanguageServerBootApp

Host: Intel(R) Core(TM) i5-4210U CPU @ 1.70GHz, 4 cores, 3G,  Windows 10 , 64 bit Build 19041 (10.0.19041.3155)
Time: Tue Jul 18 09:57:54 2023 India Standard Time elapsed time: 354.082841 seconds (0d 0h 5m 54s)

---------------  T H R E A D  ---------------

Current thread (0x000001c91fadc310):  VMThread "VM Thread" [stack: 0x00000093bc300000,0x00000093bc400000] [id=19960]

Stack: [0x00000093bc300000,0x00000093bc400000]
Native frames: (J=compiled Java code, j=interpreted, Vv=VM code, C=native code)
V  [jvm.dll+0x67754a]
V  [jvm.dll+0x834304]
V  [jvm.dll+0x835aae]
V  [jvm.dll+0x836113]
V  [jvm.dll+0x24696f]
V  [jvm.dll+0xa681f]
V  [jvm.dll+0x2f73f3]
V  [jvm.dll+0x2f30f0]
V  [jvm.dll+0x2db6c7]
V  [jvm.dll+0x31e777]
V  [jvm.dll+0x83a5bb]
V  [jvm.dll+0x83b2f4]
V  [jvm.dll+0x83b80c]
V  [jvm.dll+0x83bbe4]
V  [jvm.dll+0x83bcb0]
V  [jvm.dll+0x7e4e7a]
V  [jvm.dll+0x676395]
C  [ucrtbase.dll+0x21bb2]
C  [KERNEL32.DLL+0x17614]
C  [ntdll.dll+0x526b1]

VM_Operation (0x00000093bd6fec50): G1CollectFull, mode: safepoint, requested by thread 0x000001c92ecac040


---------------  P R O C E S S  ---------------

Threads class SMR info:
_java_thread_list=0x000001c92f949fa0, length=37, elements={
0x000001c91fade320, 0x000001c929f5c190, 0x000001c929f87a40, 0x000001c929f887c0,
0x000001c929f8c0a0, 0x000001c929f8c960, 0x000001c929f8d220, 0x000001c929f8fb30,
0x000001c92e2c1f80, 0x000001c92e2c2450, 0x000001c92f93d9a0, 0x000001c92f2632b0,
0x000001c92ecac040, 0x000001c92ecac510, 0x000001c91fa12190, 0x000001c92ebf2300,
0x000001c92f553050, 0x000001c92ec220a0, 0x000001c92ef15890, 0x000001c92f759280,
0x000001c92e2888c0, 0x000001c92e287580, 0x000001c92e287a50, 0x000001c92e287f20,
0x000001c92e2870b0, 0x000001c92e2883f0, 0x000001c92ebf3b60, 0x000001c92ebf5d10,
0x000001c92ebf2cf0, 0x000001c92ebf49d0, 0x000001c92ebf3690, 0x000001c92ebf61e0,
0x000001c92ebf66b0, 0x000001c92ebf31c0, 0x000001c92ebf4ea0, 0x000001c92ebf7050,
0x000001c92ebf79f0
}

Java Threads: ( => current thread )
  0x000001c91fade320 JavaThread "Reference Handler" daemon [_thread_blocked, id=13032, stack(0x00000093bc400000,0x00000093bc500000)]
  0x000001c929f5c190 JavaThread "Finalizer" daemon [_thread_blocked, id=11048, stack(0x00000093bc500000,0x00000093bc600000)]
  0x000001c929f87a40 JavaThread "Signal Dispatcher" daemon [_thread_blocked, id=10804, stack(0x00000093bc600000,0x00000093bc700000)]
  0x000001c929f887c0 JavaThread "Attach Listener" daemon [_thread_blocked, id=10104, stack(0x00000093bc700000,0x00000093bc800000)]
  0x000001c929f8c0a0 JavaThread "Service Thread" daemon [_thread_blocked, id=892, stack(0x00000093bc800000,0x00000093bc900000)]
  0x000001c929f8c960 JavaThread "Monitor Deflation Thread" daemon [_thread_blocked, id=18728, stack(0x00000093bc900000,0x00000093bca00000)]
  0x000001c929f8d220 JavaThread "C1 CompilerThread0" daemon [_thread_blocked, id=17452, stack(0x00000093bca00000,0x00000093bcb00000)]
  0x000001c929f8fb30 JavaThread "Sweeper thread" daemon [_thread_blocked, id=19016, stack(0x00000093bcb00000,0x00000093bcc00000)]
  0x000001c92e2c1f80 JavaThread "Notification Thread" daemon [_thread_blocked, id=9352, stack(0x00000093bcc00000,0x00000093bcd00000)]
  0x000001c92e2c2450 JavaThread "Common-Cleaner" daemon [_thread_blocked, id=12916, stack(0x00000093bce00000,0x00000093bcf00000)]
  0x000001c92f93d9a0 JavaThread "boundedElastic-evictor-1" daemon [_thread_blocked, id=14476, stack(0x00000093bd300000,0x00000093bd400000)]
  0x000001c92f2632b0 JavaThread "boundedElastic-evictor-2" daemon [_thread_blocked, id=13712, stack(0x00000093bd500000,0x00000093bd600000)]
  0x000001c92ecac040 JavaThread "pool-10-thread-1" [_thread_blocked, id=18428, stack(0x00000093bd600000,0x00000093bd700000)]
  0x000001c92ecac510 JavaThread "LanguageServerApp-lifecycle" [_thread_blocked, id=17864, stack(0x00000093bd700000,0x00000093bd800000)]
  0x000001c91fa12190 JavaThread "DestroyJavaVM" [_thread_blocked, id=2368, stack(0x00000093bbd00000,0x00000093bbe00000)]
  0x000001c92ebf2300 JavaThread "pool-11-thread-1" [_thread_in_native, id=16164, stack(0x00000093bd800000,0x00000093bd900000)]
  0x000001c92f553050 JavaThread "Simple-Language-Server main thread" daemon [_thread_blocked, id=1768, stack(0x00000093bd900000,0x00000093bda00000)]
  0x000001c92ec220a0 JavaThread "pool-6-thread-1" [_thread_blocked, id=6904, stack(0x00000093bda00000,0x00000093bdb00000)]
  0x000001c92ef15890 JavaThread "pool-7-thread-1" [_thread_blocked, id=18300, stack(0x00000093bbb00000,0x00000093bbc00000)]
  0x000001c92f759280 JavaThread "pool-7-thread-2" [_thread_blocked, id=15816, stack(0x00000093bbc00000,0x00000093bbd00000)]
  0x000001c92e2888c0 JavaThread "pool-7-thread-3" [_thread_blocked, id=19488, stack(0x00000093bd400000,0x00000093bd500000)]
  0x000001c92e287580 JavaThread "pool-7-thread-4" [_thread_blocked, id=15912, stack(0x00000093bdc00000,0x00000093bdd00000)]
  0x000001c92e287a50 JavaThread "pool-7-thread-5" [_thread_blocked, id=1508, stack(0x00000093bdd00000,0x00000093bde00000)]
  0x000001c92e287f20 JavaThread "pool-7-thread-6" [_thread_blocked, id=5660, stack(0x00000093bde00000,0x00000093bdf00000)]
  0x000001c92e2870b0 JavaThread "pool-7-thread-7" [_thread_blocked, id=10108, stack(0x00000093bdf00000,0x00000093be000000)]
  0x000001c92e2883f0 JavaThread "pool-7-thread-8" [_thread_blocked, id=11256, stack(0x00000093be000000,0x00000093be100000)]
  0x000001c92ebf3b60 JavaThread "pool-7-thread-9" [_thread_blocked, id=8580, stack(0x00000093be100000,0x00000093be200000)]
  0x000001c92ebf5d10 JavaThread "pool-7-thread-10" [_thread_blocked, id=19664, stack(0x00000093be200000,0x00000093be300000)]
  0x000001c92ebf2cf0 JavaThread "pool-5-thread-1" [_thread_blocked, id=12676, stack(0x00000093be300000,0x00000093be400000)]
  0x000001c92ebf49d0 JavaThread "RMI RenewClean-[localhost:52605]" daemon [_thread_blocked, id=10480, stack(0x00000093be400000,0x00000093be500000)]
  0x000001c92ebf3690 JavaThread "RMI Scheduler(0)" daemon [_thread_blocked, id=8260, stack(0x00000093be600000,0x00000093be700000)]
  0x000001c92ebf61e0 JavaThread "pool-5-thread-2" [_thread_blocked, id=14680, stack(0x00000093be800000,0x00000093be900000)]
  0x000001c92ebf66b0 JavaThread "pool-5-thread-3" [_thread_blocked, id=19396, stack(0x00000093be900000,0x00000093bea00000)]
  0x000001c92ebf31c0 JavaThread "pool-5-thread-4" [_thread_blocked, id=18460, stack(0x00000093bea00000,0x00000093beb00000)]
  0x000001c92ebf4ea0 JavaThread "pool-5-thread-5" [_thread_blocked, id=8152, stack(0x00000093beb00000,0x00000093bec00000)]
  0x000001c92ebf7050 JavaThread "pool-5-thread-6" [_thread_blocked, id=15352, stack(0x00000093bee00000,0x00000093bef00000)]
  0x000001c92ebf79f0 JavaThread "pool-5-thread-7" [_thread_blocked, id=8296, stack(0x00000093bec00000,0x00000093bed00000)]

Other Threads:
=>0x000001c91fadc310 VMThread "VM Thread" [stack: 0x00000093bc300000,0x00000093bc400000] [id=19960]
  0x000001c91fa61460 WatcherThread [stack: 0x00000093bcd00000,0x00000093bce00000] [id=15576]
  0x000001c91fa51ef0 GCTaskThread "GC Thread#0" [stack: 0x00000093bbe00000,0x00000093bbf00000] [id=5632]
  0x000001c92e8ed890 GCTaskThread "GC Thread#1" [stack: 0x00000093bd000000,0x00000093bd100000] [id=5196]
  0x000001c92e9d1e50 GCTaskThread "GC Thread#2" [stack: 0x00000093bd100000,0x00000093bd200000] [id=976]
  0x000001c92eeccf50 GCTaskThread "GC Thread#3" [stack: 0x00000093bd200000,0x00000093bd300000] [id=20348]
  0x000001c91fa5ad40 ConcurrentGCThread "G1 Main Marker" [stack: 0x00000093bbf00000,0x00000093bc000000] [id=8088]
  0x000001c91fa5be00 ConcurrentGCThread "G1 Conc#0" [stack: 0x00000093bc000000,0x00000093bc100000] [id=4216]
  0x000001c91faad6a0 ConcurrentGCThread "G1 Refine#0" [stack: 0x00000093bc100000,0x00000093bc200000] [id=8232]
  0x000001c91faaefe0 ConcurrentGCThread "G1 Service" [stack: 0x00000093bc200000,0x00000093bc300000] [id=220]

Threads with active compile tasks:

VM state: at safepoint (normal execution)

VM Mutex/Monitor currently owned by a thread:  ([mutex/lock_event])
[0x000001c91d928b20] Threads_lock - owner thread: 0x000001c91fadc310
[0x000001c91fa0f340] Heap_lock - owner thread: 0x000001c92ecac040

Heap address: 0x00000000c0000000, size: 1024 MB, Compressed Oops mode: 32-bit

CDS archive(s) not mapped
Compressed class space mapped at: 0x0000000100000000-0x0000000140000000, reserved size: 1073741824
Narrow klass base: 0x0000000000000000, Narrow klass shift: 3, Narrow klass range: 0x140000000

GC Precious Log:
 CPUs: 4 total, 4 available
 Memory: 3992M
 Large Page Support: Disabled
 NUMA Support: Disabled
 Compressed Oops: Enabled (32-bit)
 Heap Region Size: 1M
 Heap Min Capacity: 8M
 Heap Initial Capacity: 64M
 Heap Max Capacity: 1G
 Pre-touch: Disabled
 Parallel Workers: 4
 Concurrent Workers: 1
 Concurrent Refinement Workers: 4
 Periodic GC: Disabled

Heap:
 garbage-first heap   total 65536K, used 18525K [0x00000000c0000000, 0x0000000100000000)
  region size 1024K, 1 young (1024K), 0 survivors (0K)
 Metaspace       used 39997K, committed 40768K, reserved 1114112K
  class space    used 5232K, committed 5504K, reserved 1048576K

Heap Regions: E=young(eden), S=young(survivor), O=old, HS=humongous(starts), HC=humongous(continues), CS=collection set, F=free, OA=open archive, CA=closed archive, TAMS=top-at-mark-start (previous, next)
|   0|0x00000000c0000000, 0x00000000c0100000, 0x00000000c0100000|100%|HS|  |TAMS 0x00000000c0100000, 0x00000000c0000000| Untracked 
|   1|0x00000000c0100000, 0x00000000c0200000, 0x00000000c0200000|100%| O|  |TAMS 0x00000000c0200000, 0x00000000c0100000| Untracked 
|   2|0x00000000c0200000, 0x00000000c0300000, 0x00000000c0300000|100%| O|  |TAMS 0x00000000c0300000, 0x00000000c0200000| Untracked 
|   3|0x00000000c0300000, 0x00000000c0400000, 0x00000000c0400000|100%| O|  |TAMS 0x00000000c0400000, 0x00000000c0300000| Untracked 
|   4|0x00000000c0400000, 0x00000000c0500000, 0x00000000c0500000|100%| O|  |TAMS 0x00000000c0500000, 0x00000000c0400000| Untracked 
|   5|0x00000000c0500000, 0x00000000c0600000, 0x00000000c0600000|100%| O|  |TAMS 0x00000000c0600000, 0x00000000c0500000| Untracked 
|   6|0x00000000c0600000, 0x00000000c06fffd8, 0x00000000c0700000| 99%| O|  |TAMS 0x00000000c06fffd8, 0x00000000c0600000| Untracked 
|   7|0x00000000c0700000, 0x00000000c07ffff8, 0x00000000c0800000| 99%| O|  |TAMS 0x00000000c07ffff8, 0x00000000c0700000| Untracked 
|   8|0x00000000c0800000, 0x00000000c08fffd0, 0x00000000c0900000| 99%| O|  |TAMS 0x00000000c08fffd0, 0x00000000c0800000| Untracked 
|   9|0x00000000c0900000, 0x00000000c09fffc8, 0x00000000c0a00000| 99%| O|  |TAMS 0x00000000c09fffc8, 0x00000000c0900000| Untracked 
|  10|0x00000000c0a00000, 0x00000000c0affff0, 0x00000000c0b00000| 99%| O|  |TAMS 0x00000000c0affff0, 0x00000000c0a00000| Untracked 
|  11|0x00000000c0b00000, 0x00000000c0bfffd8, 0x00000000c0c00000| 99%| O|  |TAMS 0x00000000c0bfffd8, 0x00000000c0b00000| Untracked 
|  12|0x00000000c0c00000, 0x00000000c0d00000, 0x00000000c0d00000|100%| O|  |TAMS 0x00000000c0d00000, 0x00000000c0c00000| Untracked 
|  13|0x00000000c0d00000, 0x00000000c0dffff0, 0x00000000c0e00000| 99%| O|  |TAMS 0x00000000c0dffff0, 0x00000000c0d00000| Untracked 
|  14|0x00000000c0e00000, 0x00000000c0effff8, 0x00000000c0f00000| 99%| O|  |TAMS 0x00000000c0effff8, 0x00000000c0e00000| Untracked 
|  15|0x00000000c0f00000, 0x00000000c0ffffe8, 0x00000000c1000000| 99%| O|  |TAMS 0x00000000c0ffffe8, 0x00000000c0f00000| Untracked 
|  16|0x00000000c1000000, 0x00000000c10fff90, 0x00000000c1100000| 99%| O|  |TAMS 0x00000000c10fff90, 0x00000000c1000000| Untracked 
|  17|0x00000000c1100000, 0x00000000c11ffa18, 0x00000000c1200000| 99%| O|  |TAMS 0x00000000c11ffa18, 0x00000000c1100000| Untracked 
|  18|0x00000000c1200000, 0x00000000c12159f0, 0x00000000c1300000|  8%| O|  |TAMS 0x00000000c1200000, 0x00000000c1200000| Untracked 
|  19|0x00000000c1300000, 0x00000000c1302398, 0x00000000c1400000|  0%| O|  |TAMS 0x00000000c1300000, 0x00000000c1300000| Untracked 
|  20|0x00000000c1400000, 0x00000000c1400000, 0x00000000c1500000|  0%| F|  |TAMS 0x00000000c1400000, 0x00000000c1400000| Untracked 
|  21|0x00000000c1500000, 0x00000000c1500000, 0x00000000c1600000|  0%| F|  |TAMS 0x00000000c1500000, 0x00000000c1500000| Untracked 
|  22|0x00000000c1600000, 0x00000000c1600000, 0x00000000c1700000|  0%| F|  |TAMS 0x00000000c1600000, 0x00000000c1600000| Untracked 
|  23|0x00000000c1700000, 0x00000000c1700000, 0x00000000c1800000|  0%| F|  |TAMS 0x00000000c1700000, 0x00000000c1700000| Untracked 
|  24|0x00000000c1800000, 0x00000000c1800000, 0x00000000c1900000|  0%| F|  |TAMS 0x00000000c1800000, 0x00000000c1800000| Untracked 
|  25|0x00000000c1900000, 0x00000000c1900000, 0x00000000c1a00000|  0%| F|  |TAMS 0x00000000c1900000, 0x00000000c1900000| Untracked 
|  26|0x00000000c1a00000, 0x00000000c1a00000, 0x00000000c1b00000|  0%| F|  |TAMS 0x00000000c1a00000, 0x00000000c1a00000| Untracked 
|  27|0x00000000c1b00000, 0x00000000c1b00000, 0x00000000c1c00000|  0%| F|  |TAMS 0x00000000c1b00000, 0x00000000c1b00000| Untracked 
|  28|0x00000000c1c00000, 0x00000000c1c00000, 0x00000000c1d00000|  0%| F|  |TAMS 0x00000000c1c00000, 0x00000000c1c00000| Untracked 
|  29|0x00000000c1d00000, 0x00000000c1d00000, 0x00000000c1e00000|  0%| F|  |TAMS 0x00000000c1d00000, 0x00000000c1d00000| Untracked 
|  30|0x00000000c1e00000, 0x00000000c1e00000, 0x00000000c1f00000|  0%| F|  |TAMS 0x00000000c1e00000, 0x00000000c1e00000| Untracked 
|  31|0x00000000c1f00000, 0x00000000c1f00000, 0x00000000c2000000|  0%| F|  |TAMS 0x00000000c1f00000, 0x00000000c1f00000| Untracked 
|  32|0x00000000c2000000, 0x00000000c2000000, 0x00000000c2100000|  0%| F|  |TAMS 0x00000000c2000000, 0x00000000c2000000| Untracked 
|  33|0x00000000c2100000, 0x00000000c2100000, 0x00000000c2200000|  0%| F|  |TAMS 0x00000000c2100000, 0x00000000c2100000| Untracked 
|  34|0x00000000c2200000, 0x00000000c2200000, 0x00000000c2300000|  0%| F|  |TAMS 0x00000000c2200000, 0x00000000c2200000| Untracked 
|  35|0x00000000c2300000, 0x00000000c2300000, 0x00000000c2400000|  0%| F|  |TAMS 0x00000000c2300000, 0x00000000c2300000| Untracked 
|  36|0x00000000c2400000, 0x00000000c2400000, 0x00000000c2500000|  0%| F|  |TAMS 0x00000000c2400000, 0x00000000c2400000| Untracked 
|  37|0x00000000c2500000, 0x00000000c2500000, 0x00000000c2600000|  0%| F|  |TAMS 0x00000000c2500000, 0x00000000c2500000| Untracked 
|  38|0x00000000c2600000, 0x00000000c2600000, 0x00000000c2700000|  0%| F|  |TAMS 0x00000000c2600000, 0x00000000c2600000| Untracked 
|  39|0x00000000c2700000, 0x00000000c2700000, 0x00000000c2800000|  0%| F|  |TAMS 0x00000000c2700000, 0x00000000c2700000| Untracked 
|  40|0x00000000c2800000, 0x00000000c2800000, 0x00000000c2900000|  0%| F|  |TAMS 0x00000000c2800000, 0x00000000c2800000| Untracked 
|  41|0x00000000c2900000, 0x00000000c2900000, 0x00000000c2a00000|  0%| F|  |TAMS 0x00000000c2900000, 0x00000000c2900000| Untracked 
|  42|0x00000000c2a00000, 0x00000000c2a00000, 0x00000000c2b00000|  0%| F|  |TAMS 0x00000000c2a00000, 0x00000000c2a00000| Untracked 
|  43|0x00000000c2b00000, 0x00000000c2b00000, 0x00000000c2c00000|  0%| F|  |TAMS 0x00000000c2b00000, 0x00000000c2b00000| Untracked 
|  44|0x00000000c2c00000, 0x00000000c2c00000, 0x00000000c2d00000|  0%| F|  |TAMS 0x00000000c2c00000, 0x00000000c2c00000| Untracked 
|  45|0x00000000c2d00000, 0x00000000c2d00000, 0x00000000c2e00000|  0%| F|  |TAMS 0x00000000c2d00000, 0x00000000c2d00000| Untracked 
|  46|0x00000000c2e00000, 0x00000000c2e00000, 0x00000000c2f00000|  0%| F|  |TAMS 0x00000000c2e00000, 0x00000000c2e00000| Untracked 
|  47|0x00000000c2f00000, 0x00000000c2f00000, 0x00000000c3000000|  0%| F|  |TAMS 0x00000000c2f00000, 0x00000000c2f00000| Untracked 
|  48|0x00000000c3000000, 0x00000000c3000000, 0x00000000c3100000|  0%| F|  |TAMS 0x00000000c3000000, 0x00000000c3000000| Untracked 
|  49|0x00000000c3100000, 0x00000000c3100000, 0x00000000c3200000|  0%| F|  |TAMS 0x00000000c3100000, 0x00000000c3100000| Untracked 
|  50|0x00000000c3200000, 0x00000000c3200000, 0x00000000c3300000|  0%| F|  |TAMS 0x00000000c3200000, 0x00000000c3200000| Untracked 
|  51|0x00000000c3300000, 0x00000000c3300000, 0x00000000c3400000|  0%| F|  |TAMS 0x00000000c3300000, 0x00000000c3300000| Untracked 
|  52|0x00000000c3400000, 0x00000000c3400000, 0x00000000c3500000|  0%| F|  |TAMS 0x00000000c3400000, 0x00000000c3400000| Untracked 
|  53|0x00000000c3500000, 0x00000000c3500000, 0x00000000c3600000|  0%| F|  |TAMS 0x00000000c3500000, 0x00000000c3500000| Untracked 
|  54|0x00000000c3600000, 0x00000000c3600000, 0x00000000c3700000|  0%| F|  |TAMS 0x00000000c3600000, 0x00000000c3600000| Untracked 
|  55|0x00000000c3700000, 0x00000000c3700000, 0x00000000c3800000|  0%| F|  |TAMS 0x00000000c3700000, 0x00000000c3700000| Untracked 
|  56|0x00000000c3800000, 0x00000000c3800000, 0x00000000c3900000|  0%| F|  |TAMS 0x00000000c3800000, 0x00000000c3800000| Untracked 
|  57|0x00000000c3900000, 0x00000000c3900000, 0x00000000c3a00000|  0%| F|  |TAMS 0x00000000c3900000, 0x00000000c3900000| Untracked 
|  58|0x00000000c3a00000, 0x00000000c3a00000, 0x00000000c3b00000|  0%| F|  |TAMS 0x00000000c3a00000, 0x00000000c3a00000| Untracked 
|  59|0x00000000c3b00000, 0x00000000c3b00000, 0x00000000c3c00000|  0%| F|  |TAMS 0x00000000c3b00000, 0x00000000c3b00000| Untracked 
|  60|0x00000000c3c00000, 0x00000000c3c00000, 0x00000000c3d00000|  0%| F|  |TAMS 0x00000000c3c00000, 0x00000000c3c00000| Untracked 
|  61|0x00000000c3d00000, 0x00000000c3d00000, 0x00000000c3e00000|  0%| F|  |TAMS 0x00000000c3d00000, 0x00000000c3d00000| Untracked 
|  62|0x00000000c3e00000, 0x00000000c3e00000, 0x00000000c3f00000|  0%| F|  |TAMS 0x00000000c3e00000, 0x00000000c3e00000| Untracked 
|  63|0x00000000c3f00000, 0x00000000c3f29c28, 0x00000000c4000000| 16%| E|  |TAMS 0x00000000c3f00000, 0x00000000c3f00000| Complete 

Card table byte_map: [0x000001c9256a0000,0x000001c9258a0000] _byte_map_base: 0x000001c9250a0000

Marking Bits (Prev, Next): (CMBitMap*) 0x000001c91fa52410, (CMBitMap*) 0x000001c91fa52450
 Prev Bits: [0x000001c925aa0000, 0x000001c926aa0000)
 Next Bits: [0x000001c926aa0000, 0x000001c927aa0000)

Polling page: 0x000001c91da00000

Metaspace:

Usage:
  Non-class:     33.95 MB used.
      Class:      5.11 MB used.
       Both:     39.06 MB used.

Virtual space:
  Non-class space:       64.00 MB reserved,      34.44 MB ( 54%) committed,  1 nodes.
      Class space:        1.00 GB reserved,       5.38 MB ( <1%) committed,  1 nodes.
             Both:        1.06 GB reserved,      39.81 MB (  4%) committed. 

Chunk freelists:
   Non-Class:  13.32 MB
       Class:  10.59 MB
        Both:  23.91 MB

MaxMetaspaceSize: unlimited
CompressedClassSpaceSize: 1.00 GB
Initial GC threshold: 21.00 MB
Current GC threshold: 66.38 MB
CDS: off
MetaspaceReclaimPolicy: balanced
 - commit_granule_bytes: 65536.
 - commit_granule_words: 8192.
 - virtual_space_node_default_size: 8388608.
 - enlarge_chunks_in_place: 1.
 - new_chunks_are_fully_committed: 0.
 - uncommit_free_chunks: 1.
 - use_allocation_guard: 0.
 - handle_deallocations: 1.


Internal statistics:

num_allocs_failed_limit: 8.
num_arena_births: 604.
num_arena_deaths: 232.
num_vsnodes_births: 2.
num_vsnodes_deaths: 0.
num_space_committed: 637.
num_space_uncommitted: 0.
num_chunks_returned_to_freelist: 308.
num_chunks_taken_from_freelist: 1842.
num_chunk_merges: 114.
num_chunk_splits: 1227.
num_chunks_enlarged: 860.
num_inconsistent_stats: 0.

CodeCache: size=49152Kb used=7490Kb max_used=8571Kb free=41661Kb
 bounds [0x000001c9226a0000, 0x000001c922f00000, 0x000001c9256a0000]
 total_blobs=4667 nmethods=4113 adapters=481
 compilation: enabled
              stopped_count=0, restarted_count=0
 full_count=0

Compilation events (20 events):
Event: 167.333 Thread 0x000001c929f8d220 4104       1       java.io.PrintStream::ensureOpen (18 bytes)
Event: 167.336 Thread 0x000001c929f8d220 nmethod 4104 0x000001c922e91a10 code [0x000001c922e91ba0, 0x000001c922e91d08]
Event: 211.470 Thread 0x000001c929f8d220 4105       1       java.util.concurrent.locks.AbstractQueuedSynchronizer::release (19 bytes)
Event: 211.471 Thread 0x000001c929f8d220 nmethod 4105 0x000001c922e91510 code [0x000001c922e916c0, 0x000001c922e918b8]
Event: 225.637 Thread 0x000001c929f8d220 4106       1       java.util.concurrent.ThreadPoolExecutor::workerCountOf (5 bytes)
Event: 225.637 Thread 0x000001c929f8d220 nmethod 4106 0x000001c922e91210 code [0x000001c922e913a0, 0x000001c922e91458]
Event: 255.642 Thread 0x000001c929f8d220 4107       1       java.util.concurrent.ThreadPoolExecutor::isShutdown (12 bytes)
Event: 255.643 Thread 0x000001c929f8d220 nmethod 4107 0x000001c922e90f10 code [0x000001c922e910a0, 0x000001c922e91198]
Event: 255.689 Thread 0x000001c929f8d220 4108       1       jdk.internal.misc.Unsafe::putReferenceOpaque (9 bytes)
Event: 255.690 Thread 0x000001c929f8d220 nmethod 4108 0x000001c922e90c10 code [0x000001c922e90da0, 0x000001c922e90eb8]
Event: 265.701 Thread 0x000001c929f8d220 4109       1       java.util.concurrent.ScheduledThreadPoolExecutor::canRunInCurrentRunState (61 bytes)
Event: 265.702 Thread 0x000001c929f8d220 nmethod 4109 0x000001c922e90610 code [0x000001c922e907c0, 0x000001c922e90a68]
Event: 290.482 Thread 0x000001c929f8d220 4110       1       java.util.concurrent.TimeUnit::toNanos (45 bytes)
Event: 290.482 Thread 0x000001c929f8d220 nmethod 4110 0x000001c922e90210 code [0x000001c922e903c0, 0x000001c922e90558]
Event: 325.631 Thread 0x000001c929f8d220 4111       1       java.util.concurrent.locks.LockSupport::setBlocker (12 bytes)
Event: 325.631 Thread 0x000001c929f8d220 nmethod 4111 0x000001c922e8ff10 code [0x000001c922e900a0, 0x000001c922e90198]
Event: 335.637 Thread 0x000001c929f8d220 4112       1       java.util.concurrent.locks.AbstractQueuedSynchronizer$ConditionObject::canReacquire (28 bytes)
Event: 335.638 Thread 0x000001c929f8d220 nmethod 4112 0x000001c922e8fb10 code [0x000001c922e8fca0, 0x000001c922e8fdf8]
Event: 343.373 Thread 0x000001c929f8d220 4113       1       java.util.concurrent.locks.ReentrantLock$Sync::isHeldExclusively (16 bytes)
Event: 343.373 Thread 0x000001c929f8d220 nmethod 4113 0x000001c922e8f810 code [0x000001c922e8f9a0, 0x000001c922e8fa98]

GC Heap History (20 events):
Event: 4.571 GC heap before
{Heap before GC invocations=8 (full 0):
 garbage-first heap   total 55296K, used 35416K [0x00000000c0000000, 0x0000000100000000)
  region size 1024K, 19 young (19456K), 1 survivors (1024K)
 Metaspace       used 29019K, committed 29376K, reserved 1114112K
  class space    used 3633K, committed 3776K, reserved 1048576K
}
Event: 4.578 GC heap after
{Heap after GC invocations=9 (full 0):
 garbage-first heap   total 98304K, used 18415K [0x00000000c0000000, 0x0000000100000000)
  region size 1024K, 2 young (2048K), 2 survivors (2048K)
 Metaspace       used 29019K, committed 29376K, reserved 1114112K
  class space    used 3633K, committed 3776K, reserved 1048576K
}
Event: 5.837 GC heap before
{Heap before GC invocations=9 (full 0):
 garbage-first heap   total 98304K, used 57327K [0x00000000c0000000, 0x0000000100000000)
  region size 1024K, 41 young (41984K), 2 survivors (2048K)
 Metaspace       used 35785K, committed 36160K, reserved 1114112K
  class space    used 4606K, committed 4800K, reserved 1048576K
}
Event: 5.846 GC heap after
{Heap after GC invocations=10 (full 0):
 garbage-first heap   total 98304K, used 22185K [0x00000000c0000000, 0x0000000100000000)
  region size 1024K, 6 young (6144K), 6 survivors (6144K)
 Metaspace       used 35785K, committed 36160K, reserved 1114112K
  class space    used 4606K, committed 4800K, reserved 1048576K
}
Event: 46.238 GC heap before
{Heap before GC invocations=11 (full 0):
 garbage-first heap   total 86016K, used 31401K [0x00000000c0000000, 0x0000000100000000)
  region size 1024K, 16 young (16384K), 6 survivors (6144K)
 Metaspace       used 37156K, committed 37568K, reserved 1114112K
  class space    used 4822K, committed 4992K, reserved 1048576K
}
Event: 46.285 GC heap after
{Heap after GC invocations=12 (full 1):
 garbage-first heap   total 75776K, used 21622K [0x00000000c0000000, 0x0000000100000000)
  region size 1024K, 0 young (0K), 0 survivors (0K)
 Metaspace       used 37156K, committed 37568K, reserved 1114112K
  class space    used 4822K, committed 4992K, reserved 1048576K
}
Event: 158.987 GC heap before
{Heap before GC invocations=12 (full 1):
 garbage-first heap   total 75776K, used 43126K [0x00000000c0000000, 0x0000000100000000)
  region size 1024K, 23 young (23552K), 0 survivors (0K)
 Metaspace       used 40274K, committed 40768K, reserved 1114112K
  class space    used 5290K, committed 5504K, reserved 1048576K
}
Event: 159.251 GC heap after
{Heap after GC invocations=13 (full 2):
 garbage-first heap   total 75776K, used 22378K [0x00000000c0000000, 0x0000000100000000)
  region size 1024K, 0 young (0K), 0 survivors (0K)
 Metaspace       used 40274K, committed 40768K, reserved 1114112K
  class space    used 5290K, committed 5504K, reserved 1048576K
}
Event: 199.614 GC heap before
{Heap before GC invocations=13 (full 2):
 garbage-first heap   total 75776K, used 22378K [0x00000000c0000000, 0x0000000100000000)
  region size 1024K, 1 young (1024K), 0 survivors (0K)
 Metaspace       used 40276K, committed 40768K, reserved 1114112K
  class space    used 5291K, committed 5504K, reserved 1048576K
}
Event: 199.874 GC heap after
{Heap after GC invocations=14 (full 3):
 garbage-first heap   total 65536K, used 18525K [0x00000000c0000000, 0x0000000100000000)
  region size 1024K, 0 young (0K), 0 survivors (0K)
 Metaspace       used 39996K, committed 40768K, reserved 1114112K
  class space    used 5232K, committed 5504K, reserved 1048576K
}
Event: 250.199 GC heap before
{Heap before GC invocations=14 (full 3):
 garbage-first heap   total 65536K, used 18525K [0x00000000c0000000, 0x0000000100000000)
  region size 1024K, 1 young (1024K), 0 survivors (0K)
 Metaspace       used 39996K, committed 40768K, reserved 1114112K
  class space    used 5232K, committed 5504K, reserved 1048576K
}
Event: 250.236 GC heap after
{Heap after GC invocations=15 (full 4):
 garbage-first heap   total 65536K, used 18525K [0x00000000c0000000, 0x0000000100000000)
  region size 1024K, 0 young (0K), 0 survivors (0K)
 Metaspace       used 39996K, committed 40768K, reserved 1114112K
  class space    used 5232K, committed 5504K, reserved 1048576K
}
Event: 260.381 GC heap before
{Heap before GC invocations=15 (full 4):
 garbage-first heap   total 65536K, used 18525K [0x00000000c0000000, 0x0000000100000000)
  region size 1024K, 1 young (1024K), 0 survivors (0K)
 Metaspace       used 39996K, committed 40768K, reserved 1114112K
  class space    used 5232K, committed 5504K, reserved 1048576K
}
Event: 260.412 GC heap after
{Heap after GC invocations=16 (full 5):
 garbage-first heap   total 65536K, used 18525K [0x00000000c0000000, 0x0000000100000000)
  region size 1024K, 0 young (0K), 0 survivors (0K)
 Metaspace       used 39996K, committed 40768K, reserved 1114112K
  class space    used 5232K, committed 5504K, reserved 1048576K
}
Event: 320.762 GC heap before
{Heap before GC invocations=16 (full 5):
 garbage-first heap   total 65536K, used 18525K [0x00000000c0000000, 0x0000000100000000)
  region size 1024K, 1 young (1024K), 0 survivors (0K)
 Metaspace       used 39996K, committed 40768K, reserved 1114112K
  class space    used 5232K, committed 5504K, reserved 1048576K
}
Event: 320.807 GC heap after
{Heap after GC invocations=17 (full 6):
 garbage-first heap   total 65536K, used 18525K [0x00000000c0000000, 0x0000000100000000)
  region size 1024K, 0 young (0K), 0 survivors (0K)
 Metaspace       used 39996K, committed 40768K, reserved 1114112K
  class space    used 5232K, committed 5504K, reserved 1048576K
}
Event: 330.968 GC heap before
{Heap before GC invocations=17 (full 6):
 garbage-first heap   total 65536K, used 18525K [0x00000000c0000000, 0x0000000100000000)
  region size 1024K, 1 young (1024K), 0 survivors (0K)
 Metaspace       used 39996K, committed 40768K, reserved 1114112K
  class space    used 5232K, committed 5504K, reserved 1048576K
}
Event: 330.998 GC heap after
{Heap after GC invocations=18 (full 7):
 garbage-first heap   total 65536K, used 18525K [0x00000000c0000000, 0x0000000100000000)
  region size 1024K, 0 young (0K), 0 survivors (0K)
 Metaspace       used 39996K, committed 40768K, reserved 1114112K
  class space    used 5232K, committed 5504K, reserved 1048576K
}
Event: 343.333 GC heap before
{Heap before GC invocations=18 (full 7):
 garbage-first heap   total 65536K, used 18525K [0x00000000c0000000, 0x0000000100000000)
  region size 1024K, 1 young (1024K), 0 survivors (0K)
 Metaspace       used 39997K, committed 40768K, reserved 1114112K
  class space    used 5232K, committed 5504K, reserved 1048576K
}
Event: 343.373 GC heap after
{Heap after GC invocations=19 (full 8):
 garbage-first heap   total 65536K, used 18525K [0x00000000c0000000, 0x0000000100000000)
  region size 1024K, 0 young (0K), 0 survivors (0K)
 Metaspace       used 39997K, committed 40768K, reserved 1114112K
  class space    used 5232K, committed 5504K, reserved 1048576K
}

Dll operation events (9 events):
Event: 0.012 Loaded shared library c:\Users\Admin\.vscode\extensions\redhat.java-1.20.0-win32-x64\jre\17.0.7-win32-x86_64\bin\java.dll
Event: 0.431 Loaded shared library C:\Users\Admin\.vscode\extensions\redhat.java-1.20.0-win32-x64\jre\17.0.7-win32-x86_64\bin\net.dll
Event: 0.435 Loaded shared library C:\Users\Admin\.vscode\extensions\redhat.java-1.20.0-win32-x64\jre\17.0.7-win32-x86_64\bin\nio.dll
Event: 0.450 Loaded shared library C:\Users\Admin\.vscode\extensions\redhat.java-1.20.0-win32-x64\jre\17.0.7-win32-x86_64\bin\zip.dll
Event: 1.060 Loaded shared library C:\Users\Admin\.vscode\extensions\redhat.java-1.20.0-win32-x64\jre\17.0.7-win32-x86_64\bin\jimage.dll
Event: 5.746 Loaded shared library C:\Users\Admin\.vscode\extensions\redhat.java-1.20.0-win32-x64\jre\17.0.7-win32-x86_64\bin\management.dll
Event: 5.749 Loaded shared library C:\Users\Admin\.vscode\extensions\redhat.java-1.20.0-win32-x64\jre\17.0.7-win32-x86_64\bin\management_ext.dll
Event: 66.027 Loaded shared library C:\Users\Admin\.vscode\extensions\redhat.java-1.20.0-win32-x64\jre\17.0.7-win32-x86_64\bin\attach.dll
Event: 72.238 Loaded shared library C:\Users\Admin\.vscode\extensions\redhat.java-1.20.0-win32-x64\jre\17.0.7-win32-x86_64\bin\rmi.dll

Deoptimization events (10 events):
Event: 3.807 Thread 0x000001c91fa12190 DEOPT PACKING pc=0x000001c922c0e119 sp=0x00000093bbdfd220
Event: 3.807 Thread 0x000001c91fa12190 DEOPT UNPACKING pc=0x000001c9226f7143 sp=0x00000093bbdfc700 mode 3
Event: 6.124 Thread 0x000001c92f553050 DEOPT PACKING pc=0x000001c922df73b5 sp=0x00000093bd9fd040
Event: 6.124 Thread 0x000001c92f553050 DEOPT UNPACKING pc=0x000001c9226f7143 sp=0x00000093bd9fc568 mode 3
Event: 52.307 Thread 0x000001c92ebf2300 DEOPT PACKING pc=0x000001c922c82d54 sp=0x00000093bd8fec30
Event: 52.307 Thread 0x000001c92ebf2300 DEOPT UNPACKING pc=0x000001c9226f7143 sp=0x00000093bd8fe0d8 mode 0
Event: 72.844 Thread 0x000001c92ebf2cf0 DEOPT PACKING pc=0x000001c922bb4c81 sp=0x00000093be3fee50
Event: 72.844 Thread 0x000001c92ebf2cf0 DEOPT UNPACKING pc=0x000001c9226f7143 sp=0x00000093be3fe2e0 mode 3
Event: 72.844 Thread 0x000001c92ebf2cf0 DEOPT PACKING pc=0x000001c922b8fa17 sp=0x00000093be3ff120
Event: 72.844 Thread 0x000001c92ebf2cf0 DEOPT UNPACKING pc=0x000001c9226f7143 sp=0x00000093be3fe578 mode 3

Classes unloaded (20 events):
Event: 199.677 Thread 0x000001c91fadc310 Unloading class 0x0000000100220800 'java/lang/invoke/LambdaForm$MH+0x0000000100220800'
Event: 199.678 Thread 0x000001c91fadc310 Unloading class 0x0000000100215000 'java/lang/invoke/LambdaForm$DMH+0x0000000100215000'
Event: 199.678 Thread 0x000001c91fadc310 Unloading class 0x0000000100091c00 'java/lang/invoke/LambdaForm$MH+0x0000000100091c00'
Event: 199.678 Thread 0x000001c91fadc310 Unloading class 0x0000000100091800 'java/lang/invoke/LambdaForm$MH+0x0000000100091800'
Event: 199.678 Thread 0x000001c91fadc310 Unloading class 0x0000000100091400 'java/lang/invoke/LambdaForm$MH+0x0000000100091400'
Event: 199.678 Thread 0x000001c91fadc310 Unloading class 0x0000000100091000 'java/lang/invoke/LambdaForm$MH+0x0000000100091000'
Event: 199.678 Thread 0x000001c91fadc310 Unloading class 0x0000000100090c00 'java/lang/invoke/LambdaForm$MH+0x0000000100090c00'
Event: 199.678 Thread 0x000001c91fadc310 Unloading class 0x0000000100090800 'java/lang/invoke/LambdaForm$MH+0x0000000100090800'
Event: 199.678 Thread 0x000001c91fadc310 Unloading class 0x0000000100090400 'java/lang/invoke/LambdaForm$MH+0x0000000100090400'
Event: 199.679 Thread 0x000001c91fadc310 Unloading class 0x0000000100090000 'java/lang/invoke/LambdaForm$MH+0x0000000100090000'
Event: 199.679 Thread 0x000001c91fadc310 Unloading class 0x000000010008b800 'java/lang/invoke/LambdaForm$MH+0x000000010008b800'
Event: 199.679 Thread 0x000001c91fadc310 Unloading class 0x000000010008b400 'java/lang/invoke/LambdaForm$MH+0x000000010008b400'
Event: 199.679 Thread 0x000001c91fadc310 Unloading class 0x000000010008b000 'java/lang/invoke/LambdaForm$MH+0x000000010008b000'
Event: 199.679 Thread 0x000001c91fadc310 Unloading class 0x000000010008ac00 'java/lang/invoke/LambdaForm$MH+0x000000010008ac00'
Event: 199.679 Thread 0x000001c91fadc310 Unloading class 0x000000010008a800 'java/lang/invoke/LambdaForm$MH+0x000000010008a800'
Event: 199.679 Thread 0x000001c91fadc310 Unloading class 0x000000010008a400 'java/lang/invoke/LambdaForm$MH+0x000000010008a400'
Event: 199.679 Thread 0x000001c91fadc310 Unloading class 0x0000000100089c00 'java/lang/invoke/LambdaForm$MH+0x0000000100089c00'
Event: 199.679 Thread 0x000001c91fadc310 Unloading class 0x0000000100089400 'java/lang/invoke/LambdaForm$MH+0x0000000100089400'
Event: 199.679 Thread 0x000001c91fadc310 Unloading class 0x0000000100088c00 'java/lang/invoke/LambdaForm$MH+0x0000000100088c00'
Event: 199.679 Thread 0x000001c91fadc310 Unloading class 0x0000000100088400 'java/lang/invoke/LambdaForm$MH+0x0000000100088400'

Classes redefined (0 events):
No events

Internal exceptions (20 events):
Event: 72.309 Thread 0x000001c92ebf2cf0 Exception <a 'java/lang/NoSuchMethodError'{0x00000000c3fbd2c8}: static [Ljava/rmi/server/ObjID;.<clinit>()V> (0x00000000c3fbd2c8) 
thrown [s\src\hotspot\share\prims\jni.cpp, line 1107]
Event: 72.317 Thread 0x000001c92ebf2cf0 Exception <a 'java/lang/NoSuchMethodError'{0x00000000c3fe0a68}: static [B.<clinit>()V> (0x00000000c3fe0a68) 
thrown [s\src\hotspot\share\prims\jni.cpp, line 1107]
Event: 72.345 Thread 0x000001c92ebf49d0 Exception <a 'java/lang/InterruptedException'{0x00000000c3ff89e0}> (0x00000000c3ff89e0) 
thrown [s\src\hotspot\share\runtime\objectMonitor.cpp, line 1658]
Event: 72.347 Thread 0x000001c92ebf49d0 Exception <a 'java/lang/NoSuchMethodError'{0x00000000c3e01350}: 'java.lang.Object java.lang.invoke.DirectMethodHandle$Holder.newInvokeSpecial(java.lang.Object, java.lang.Object, int, java.lang.Object, long)'> (0x00000000c3e01350) 
thrown [s\src\hotspot\share\interpreter\linkResolver.cpp, line 759]
Event: 72.403 Thread 0x000001c92ebf2cf0 Exception <a 'java/lang/NoSuchMethodError'{0x00000000c3e91028}: 'java.lang.Object java.lang.invoke.DirectMethodHandle$Holder.newInvokeSpecial(java.lang.Object, java.lang.Object, java.lang.Object, java.lang.Object, java.lang.Object, java.lang.Object, java.lang.Object, java.lang.Object, java.lang.Object, int)'> (0x00000000c3e91028) 
thrown [s\src\hotspot\share\interpreter\linkResolver.cpp, line 759]
Event: 72.403 Thread 0x000001c92ebf2cf0 Exception <a 'java/lang/NoSuchMethodError'{0x00000000c3e965e0}: 'java.lang.Object java.lang.invoke.DirectMethodHandle$Holder.invokeSpecial(java.lang.Object, java.lang.Object, java.lang.Object, java.lang.Object, java.lang.Object, java.lang.Object, java.lang.Object, java.lang.Object, java.lang.Object, java.lang.Object, int)'> (0x00000000c3e965e0) 
thrown [s\src\hotspot\share\interpreter\linkResolver.cpp, line 759]
Event: 72.795 Thread 0x000001c92ebf2cf0 Exception <a 'java/lang/NoSuchMethodError'{0x00000000c3d56e80}: static [Ljava/lang/String;.<clinit>()V> (0x00000000c3d56e80) 
thrown [s\src\hotspot\share\prims\jni.cpp, line 1107]
Event: 82.746 Thread 0x000001c92ebf61e0 Exception <a 'java/lang/NoSuchMethodError'{0x00000000c359f9c8}: static [Ljava/lang/Object;.<clinit>()V> (0x00000000c359f9c8) 
thrown [s\src\hotspot\share\prims\jni.cpp, line 1107]
Event: 114.746 Thread 0x000001c92ebf6b80 Exception <a 'java/io/IOException'{0x00000000c30bbb20}: Connection reset by peer> (0x00000000c30bbb20) 
thrown [s\src\hotspot\share\prims\jni.cpp, line 535]
Event: 114.748 Thread 0x000001c92ebf6b80 Exception <a 'java/net/ConnectException'{0x00000000c30bcc18}: Connection refused: connect> (0x00000000c30bcc18) 
thrown [s\src\hotspot\share\prims\jni.cpp, line 535]
Event: 114.749 Thread 0x000001c92ebf6b80 Exception <a 'java/net/SocketException'{0x00000000c30bcf50}: Socket is not connected: shutdown> (0x00000000c30bcf50) 
thrown [s\src\hotspot\share\prims\jni.cpp, line 535]
Event: 114.750 Thread 0x000001c92ebf6b80 Exception <a 'java/net/ConnectException'{0x00000000c30be318}: Connection refused: connect> (0x00000000c30be318) 
thrown [s\src\hotspot\share\prims\jni.cpp, line 535]
Event: 114.750 Thread 0x000001c92ebf6b80 Exception <a 'java/net/SocketException'{0x00000000c30be650}: Socket is not connected: shutdown> (0x00000000c30be650) 
thrown [s\src\hotspot\share\prims\jni.cpp, line 535]
Event: 114.752 Thread 0x000001c92ebf6b80 Exception <a 'java/net/ConnectException'{0x00000000c30bfc20}: Connection refused: connect> (0x00000000c30bfc20) 
thrown [s\src\hotspot\share\prims\jni.cpp, line 535]
Event: 114.752 Thread 0x000001c92ebf6b80 Exception <a 'java/net/SocketException'{0x00000000c30bff58}: Socket is not connected: shutdown> (0x00000000c30bff58) 
thrown [s\src\hotspot\share\prims\jni.cpp, line 535]
Event: 114.756 Thread 0x000001c92ebf6b80 Exception <a 'java/lang/NoSuchMethodError'{0x00000000c30ce038}: 'java.lang.Object java.lang.invoke.DirectMethodHandle$Holder.newInvokeSpecial(java.lang.Object, java.lang.Object, java.lang.Object, java.lang.Object, java.lang.Object, int, java.lang.Object)'> (0x00000000c30ce038) 
thrown [s\src\hotspot\share\interpreter\linkResolver.cpp, line 759]
Event: 159.277 Thread 0x000001c92ebf49d0 Exception <a 'java/net/ConnectException'{0x00000000c49104e0}: Connection refused: connect> (0x00000000c49104e0) 
thrown [s\src\hotspot\share\prims\jni.cpp, line 535]
Event: 159.278 Thread 0x000001c92ebf49d0 Exception <a 'java/net/SocketException'{0x00000000c4910818}: Socket is not connected: shutdown> (0x00000000c4910818) 
thrown [s\src\hotspot\share\prims\jni.cpp, line 535]
Event: 339.288 Thread 0x000001c92ebf49d0 Exception <a 'java/net/ConnectException'{0x00000000c3f2be00}: Connection refused: connect> (0x00000000c3f2be00) 
thrown [s\src\hotspot\share\prims\jni.cpp, line 535]
Event: 339.288 Thread 0x000001c92ebf49d0 Exception <a 'java/net/SocketException'{0x00000000c3f2c138}: Socket is not connected: shutdown> (0x00000000c3f2c138) 
thrown [s\src\hotspot\share\prims\jni.cpp, line 535]

VM Operations (20 events):
Event: 113.371 Executing VM operation: Cleanup done
Event: 114.371 Executing VM operation: Cleanup
Event: 114.372 Executing VM operation: Cleanup done
Event: 158.980 Executing VM operation: G1CollectFull
Event: 159.252 Executing VM operation: G1CollectFull done
Event: 199.612 Executing VM operation: G1CollectFull
Event: 199.875 Executing VM operation: G1CollectFull done
Event: 215.973 Executing VM operation: Cleanup
Event: 215.973 Executing VM operation: Cleanup done
Event: 250.199 Executing VM operation: G1CollectFull
Event: 250.236 Executing VM operation: G1CollectFull done
Event: 260.381 Executing VM operation: G1CollectFull
Event: 260.412 Executing VM operation: G1CollectFull done
Event: 320.762 Executing VM operation: G1CollectFull
Event: 320.808 Executing VM operation: G1CollectFull done
Event: 330.968 Executing VM operation: G1CollectFull
Event: 330.999 Executing VM operation: G1CollectFull done
Event: 343.332 Executing VM operation: G1CollectFull
Event: 343.373 Executing VM operation: G1CollectFull done
Event: 354.080 Executing VM operation: G1CollectFull

Events (20 events):
Event: 114.749 loading class sun/net/util/SocketExceptions
Event: 114.749 loading class sun/net/util/SocketExceptions done
Event: 114.749 loading class java/rmi/ConnectException
Event: 114.749 loading class java/rmi/ConnectException done
Event: 114.749 loading class java/io/InterruptedIOException
Event: 114.749 loading class java/io/InterruptedIOException done
Event: 114.751 loading class javax/management/NotificationBroadcasterSupport$SendNotifJob
Event: 114.751 loading class javax/management/NotificationBroadcasterSupport$SendNotifJob done
Event: 114.752 loading class javax/management/NotificationBroadcasterSupport$WildcardListenerInfo
Event: 114.752 loading class javax/management/NotificationBroadcasterSupport$WildcardListenerInfo done
Event: 114.757 Thread 0x000001c92ebf79f0 Thread added: 0x000001c92ebf79f0
Event: 114.757 loading class java/rmi/ServerException
Event: 114.757 loading class java/rmi/ServerException done
Event: 114.758 loading class java/util/logging/LogRecord
Event: 114.758 loading class java/util/logging/LogRecord done
Event: 114.765 Thread 0x000001c92ebf6b80 Thread exited: 0x000001c92ebf6b80
Event: 159.257 loading class sun/rmi/transport/DGCClient$EndpointEntry$CleanRequest
Event: 159.264 loading class sun/rmi/transport/DGCClient$EndpointEntry$CleanRequest done
Event: 160.658 Thread 0x000001c92ebf9ba0 Thread exited: 0x000001c92ebf9ba0
Event: 341.522 Thread 0x000001c92eb05850 Thread exited: 0x000001c92eb05850


Dynamic libraries:
0x00007ff64c9e0000 - 0x00007ff64c9ee000 	c:\Users\Admin\.vscode\extensions\redhat.java-1.20.0-win32-x64\jre\17.0.7-win32-x86_64\bin\java.exe
0x00007ff917510000 - 0x00007ff917708000 	C:\Windows\SYSTEM32\ntdll.dll
0x00007ff917390000 - 0x00007ff91744f000 	C:\Windows\System32\KERNEL32.DLL
0x00007ff914c20000 - 0x00007ff914f16000 	C:\Windows\System32\KERNELBASE.dll
0x00007ff914fc0000 - 0x00007ff9150c0000 	C:\Windows\System32\ucrtbase.dll
0x00007ff8ff3a0000 - 0x00007ff8ff3b7000 	c:\Users\Admin\.vscode\extensions\redhat.java-1.20.0-win32-x64\jre\17.0.7-win32-x86_64\bin\jli.dll
0x00007ff8fbb10000 - 0x00007ff8fbb29000 	c:\Users\Admin\.vscode\extensions\redhat.java-1.20.0-win32-x64\jre\17.0.7-win32-x86_64\bin\VCRUNTIME140.dll
0x00007ff916d10000 - 0x00007ff916ead000 	C:\Windows\System32\USER32.dll
0x00007ff914bf0000 - 0x00007ff914c12000 	C:\Windows\System32\win32u.dll
0x00007ff916530000 - 0x00007ff91655c000 	C:\Windows\System32\GDI32.dll
0x00007ff9151c0000 - 0x00007ff9152d5000 	C:\Windows\System32\gdi32full.dll
0x00007ff914f20000 - 0x00007ff914fbd000 	C:\Windows\System32\msvcp_win.dll
0x00007ff9046c0000 - 0x00007ff90495a000 	C:\Windows\WinSxS\amd64_microsoft.windows.common-controls_6595b64144ccf1df_6.0.19041.1110_none_60b5254171f9507e\COMCTL32.dll
0x00007ff9171c0000 - 0x00007ff91725e000 	C:\Windows\System32\msvcrt.dll
0x00007ff916fe0000 - 0x00007ff917010000 	C:\Windows\System32\IMM32.DLL
0x00007ff903e00000 - 0x00007ff903e0c000 	c:\Users\Admin\.vscode\extensions\redhat.java-1.20.0-win32-x64\jre\17.0.7-win32-x86_64\bin\vcruntime140_1.dll
0x00007ff8f5650000 - 0x00007ff8f56e1000 	c:\Users\Admin\.vscode\extensions\redhat.java-1.20.0-win32-x64\jre\17.0.7-win32-x86_64\bin\msvcp140.dll
0x00007ff8d4410000 - 0x00007ff8d5058000 	c:\Users\Admin\.vscode\extensions\redhat.java-1.20.0-win32-x64\jre\17.0.7-win32-x86_64\bin\server\jvm.dll
0x00007ff915d80000 - 0x00007ff915e2f000 	C:\Windows\System32\ADVAPI32.dll
0x00007ff9172f0000 - 0x00007ff91738c000 	C:\Windows\System32\sechost.dll
0x00007ff916560000 - 0x00007ff916686000 	C:\Windows\System32\RPCRT4.dll
0x00007ff905a10000 - 0x00007ff905a19000 	C:\Windows\SYSTEM32\WSOCK32.dll
0x00007ff9164c0000 - 0x00007ff91652b000 	C:\Windows\System32\WS2_32.dll
0x00007ff907ea0000 - 0x00007ff907eaa000 	C:\Windows\SYSTEM32\VERSION.dll
0x00007ff900730000 - 0x00007ff900757000 	C:\Windows\SYSTEM32\WINMM.dll
0x00007ff9129c0000 - 0x00007ff9129d2000 	C:\Windows\SYSTEM32\kernel.appcore.dll
0x00007ff903da0000 - 0x00007ff903daa000 	c:\Users\Admin\.vscode\extensions\redhat.java-1.20.0-win32-x64\jre\17.0.7-win32-x86_64\bin\jimage.dll
0x00007ff90da30000 - 0x00007ff90dc14000 	C:\Windows\SYSTEM32\DBGHELP.DLL
0x00007ff90d980000 - 0x00007ff90d9b4000 	C:\Windows\SYSTEM32\dbgcore.DLL
0x00007ff9152e0000 - 0x00007ff915362000 	C:\Windows\System32\bcryptPrimitives.dll
0x00007ff8f7860000 - 0x00007ff8f7885000 	c:\Users\Admin\.vscode\extensions\redhat.java-1.20.0-win32-x64\jre\17.0.7-win32-x86_64\bin\java.dll
0x00007ff8f97f0000 - 0x00007ff8f9808000 	c:\Users\Admin\.vscode\extensions\redhat.java-1.20.0-win32-x64\jre\17.0.7-win32-x86_64\bin\zip.dll
0x00007ff9155d0000 - 0x00007ff915d14000 	C:\Windows\System32\SHELL32.dll
0x00007ff912ca0000 - 0x00007ff913434000 	C:\Windows\SYSTEM32\windows.storage.dll
0x00007ff915f50000 - 0x00007ff9162a4000 	C:\Windows\System32\combase.dll
0x00007ff914630000 - 0x00007ff91465e000 	C:\Windows\SYSTEM32\Wldp.dll
0x00007ff916380000 - 0x00007ff91642d000 	C:\Windows\System32\SHCORE.dll
0x00007ff915d20000 - 0x00007ff915d75000 	C:\Windows\System32\shlwapi.dll
0x00007ff914b20000 - 0x00007ff914b45000 	C:\Windows\SYSTEM32\profapi.dll
0x00007ff8f7970000 - 0x00007ff8f7989000 	C:\Users\Admin\.vscode\extensions\redhat.java-1.20.0-win32-x64\jre\17.0.7-win32-x86_64\bin\net.dll
0x00007ff909e10000 - 0x00007ff909f1a000 	C:\Windows\SYSTEM32\WINHTTP.dll
0x00007ff914390000 - 0x00007ff9143fa000 	C:\Windows\system32\mswsock.dll
0x00007ff8f7840000 - 0x00007ff8f7855000 	C:\Users\Admin\.vscode\extensions\redhat.java-1.20.0-win32-x64\jre\17.0.7-win32-x86_64\bin\nio.dll
0x00007ff914590000 - 0x00007ff9145a8000 	C:\Windows\SYSTEM32\CRYPTSP.dll
0x00007ff913c40000 - 0x00007ff913c74000 	C:\Windows\system32\rsaenh.dll
0x00007ff9153e0000 - 0x00007ff915407000 	C:\Windows\System32\bcrypt.dll
0x00007ff914ae0000 - 0x00007ff914b0e000 	C:\Windows\SYSTEM32\USERENV.dll
0x00007ff914580000 - 0x00007ff91458c000 	C:\Windows\SYSTEM32\CRYPTBASE.dll
0x00007ff914030000 - 0x00007ff91406c000 	C:\Windows\SYSTEM32\IPHLPAPI.DLL
0x00007ff916d00000 - 0x00007ff916d08000 	C:\Windows\System32\NSI.dll
0x00007ff90af10000 - 0x00007ff90af27000 	C:\Windows\SYSTEM32\dhcpcsvc6.DLL
0x00007ff90c4a0000 - 0x00007ff90c4bd000 	C:\Windows\SYSTEM32\dhcpcsvc.DLL
0x00007ff914080000 - 0x00007ff91414a000 	C:\Windows\SYSTEM32\DNSAPI.dll
0x00007ff910270000 - 0x00007ff910279000 	C:\Users\Admin\.vscode\extensions\redhat.java-1.20.0-win32-x64\jre\17.0.7-win32-x86_64\bin\management.dll
0x00007ff904c70000 - 0x00007ff904c7b000 	C:\Users\Admin\.vscode\extensions\redhat.java-1.20.0-win32-x64\jre\17.0.7-win32-x86_64\bin\management_ext.dll
0x00007ff915e30000 - 0x00007ff915e38000 	C:\Windows\System32\PSAPI.DLL
0x00007ff9035f0000 - 0x00007ff9035f9000 	C:\Users\Admin\.vscode\extensions\redhat.java-1.20.0-win32-x64\jre\17.0.7-win32-x86_64\bin\attach.dll
0x00007ff900c00000 - 0x00007ff900c17000 	C:\Windows\system32\napinsp.dll
0x00007ff900b90000 - 0x00007ff900bab000 	C:\Windows\system32\pnrpnsp.dll
0x00007ff900be0000 - 0x00007ff900bf5000 	C:\Windows\system32\wshbth.dll
0x00007ff90dd70000 - 0x00007ff90dd8d000 	C:\Windows\system32\NLAapi.dll
0x00007ff900bc0000 - 0x00007ff900bd2000 	C:\Windows\System32\winrnr.dll
0x0000000077d20000 - 0x0000000077d46000 	C:\Program Files\Bonjour\mdnsNSP.dll
0x00007ff9083d0000 - 0x00007ff9083da000 	C:\Windows\System32\rasadhlp.dll
0x00007ff908460000 - 0x00007ff9084e2000 	C:\Windows\System32\fwpuclnt.dll
0x00007ff901da0000 - 0x00007ff901da7000 	C:\Users\Admin\.vscode\extensions\redhat.java-1.20.0-win32-x64\jre\17.0.7-win32-x86_64\bin\rmi.dll

dbghelp: loaded successfully - version: 4.0.5 - missing functions: none
symbol engine: initialized successfully - sym options: 0x614 - pdb path: .;c:\Users\Admin\.vscode\extensions\redhat.java-1.20.0-win32-x64\jre\17.0.7-win32-x86_64\bin;C:\Windows\SYSTEM32;C:\Windows\WinSxS\amd64_microsoft.windows.common-controls_6595b64144ccf1df_6.0.19041.1110_none_60b5254171f9507e;c:\Users\Admin\.vscode\extensions\redhat.java-1.20.0-win32-x64\jre\17.0.7-win32-x86_64\bin\server;C:\Program Files\Bonjour

VM Arguments:
jvm_args: -XX:+HeapDumpOnOutOfMemoryError -Xmx1024m -Dsts.lsp.client=vscode -Dsts.log.file=/dev/null -XX:TieredStopAtLevel=1 -Xlog:jni+resolve=off -Dspring.config.location=file:c:\Users\Admin\.vscode\extensions\vmware.vscode-spring-boot-1.47.0\language-server\BOOT-INF\classes\application.properties 
java_command: org.springframework.ide.vscode.boot.app.BootLanguageServerBootApp
java_class_path (initial): c:\Users\Admin\.vscode\extensions\vmware.vscode-spring-boot-1.47.0\language-server\BOOT-INF\classes;c:\Users\Admin\.vscode\extensions\vmware.vscode-spring-boot-1.47.0\language-server\BOOT-INF\lib\annotations-24.0.1.jar;c:\Users\Admin\.vscode\extensions\vmware.vscode-spring-boot-1.47.0\language-server\BOOT-INF\lib\antlr-runtime-3.5.3.jar;c:\Users\Admin\.vscode\extensions\vmware.vscode-spring-boot-1.47.0\language-server\BOOT-INF\lib\antlr4-4.11.1.jar;c:\Users\Admin\.vscode\extensions\vmware.vscode-spring-boot-1.47.0\language-server\BOOT-INF\lib\antlr4-runtime-4.11.1.jar;c:\Users\Admin\.vscode\extensions\vmware.vscode-spring-boot-1.47.0\language-server\BOOT-INF\lib\aopalliance-1.0.jar;c:\Users\Admin\.vscode\extensions\vmware.vscode-spring-boot-1.47.0\language-server\BOOT-INF\lib\asm-9.5.jar;c:\Users\Admin\.vscode\extensions\vmware.vscode-spring-boot-1.47.0\language-server\BOOT-INF\lib\asm-analysis-9.5.jar;c:\Users\Admin\.vscode\extensions\vmware.vscode-spring-boot-1.47.0\language-server\BOOT-INF\lib\asm-tree-9.5.jar;c:\Users\Admin\.vscode\extensions\vmware.vscode-spring-boot-1.47.0\language-server\BOOT-INF\lib\asm-util-9.5.jar;c:\Users\Admin\.vscode\extensions\vmware.vscode-spring-boot-1.47.0\language-server\BOOT-INF\lib\auto-common-1.2.1.jar;c:\Users\Admin\.vscode\extensions\vmware.vscode-spring-boot-1.47.0\language-server\BOOT-INF\lib\auto-value-annotations-1.9.jar;c:\Users\Admin\.vscode\extensions\vmware.vscode-spring-boot-1.47.0\language-server\BOOT-INF\lib\caffeine-3.1.2.jar;c:\Users\Admin\.vscode\extensions\vmware.vscode-spring-boot-1.47.0\language-server\BOOT-INF\lib\checker-qual-3.12.0.jar;c:\Users\Admin\.vscode\extensions\vmware.vscode-spring-boot-1.47.0\language-server\BOOT-INF\lib\classgraph-4.8.149.jar;c:\Users\Admin\.vscode\extensions\vmware.vscode-spring-boot-1.47.0\language-server\BOOT-INF\lib\commons-codec-1.15.jar;c:\Users\Admin\.vscode\extensions\vmware.vscode-spring-boot-1.47.0\language-server\BOOT-INF\lib\commons-compres
Launcher Type: SUN_STANDARD

[Global flags]
     intx CICompilerCount                          = 3                                         {product} {ergonomic}
     uint ConcGCThreads                            = 1                                         {product} {ergonomic}
     uint G1ConcRefinementThreads                  = 4                                         {product} {ergonomic}
   size_t G1HeapRegionSize                         = 1048576                                   {product} {ergonomic}
    uintx GCDrainStackTargetSize                   = 64                                        {product} {ergonomic}
     bool HeapDumpOnOutOfMemoryError               = true                                   {manageable} {command line}
   size_t InitialHeapSize                          = 67108864                                  {product} {ergonomic}
   size_t MarkStackSize                            = 4194304                                   {product} {ergonomic}
   size_t MaxHeapSize                              = 1073741824                                {product} {command line}
   size_t MaxNewSize                               = 643825664                                 {product} {ergonomic}
   size_t MinHeapDeltaBytes                        = 1048576                                   {product} {ergonomic}
   size_t MinHeapSize                              = 8388608                                   {product} {ergonomic}
    uintx NonProfiledCodeHeapSize                  = 0                                      {pd product} {ergonomic}
     bool ProfileInterpreter                       = false                                  {pd product} {command line}
    uintx ProfiledCodeHeapSize                     = 0                                      {pd product} {ergonomic}
   size_t SoftMaxHeapSize                          = 1073741824                             {manageable} {ergonomic}
     intx TieredStopAtLevel                        = 1                                         {product} {command line}
     bool UseCompressedClassPointers               = true                           {product lp64_product} {ergonomic}
     bool UseCompressedOops                        = true                           {product lp64_product} {ergonomic}
     bool UseG1GC                                  = true                                      {product} {ergonomic}
     bool UseLargePagesIndividualAllocation        = false                                  {pd product} {ergonomic}

Logging:
Log output configuration:
 #0: stdout all=warning,jni+resolve=off uptime,level,tags
 #1: stderr all=off uptime,level,tags

Environment Variables:
PATH=C:\Program Files\Eclipse Adoptium\jdk-17.0.6.10-hotspot\bin;C:\Program Files\Eclipse Adoptium\jdk-8.0.362.9-hotspot\bin;C:\Program Files\Common Files\Oracle\Java\javapath;C:\Windows\system32;C:\Windows;C:\Windows\System32\Wbem;C:\Windows\System32\WindowsPowerShell\v1.0\;C:\Windows\System32\OpenSSH\;C:\Program Files (x86)\Microsoft SQL Server\160\Tools\Binn\;C:\Program Files\Microsoft SQL Server\160\Tools\Binn\;C:\Program Files\Microsoft SQL Server\Client SDK\ODBC\170\Tools\Binn\;C:\Program Files\Microsoft SQL Server\160\DTS\Binn\;C:\Program Files (x86)\Microsoft SQL Server\160\DTS\Binn\;C:\Program Files\Azure Data Studio\bin;C:\Program Files\Git\cmd;C:\Program Files\nodejs\;C:\Program Files\MySQL\MySQL Shell 8.0\bin\;C:\Users\Admin\AppData\Local\Microsoft\WindowsApps;;C:\Program Files\Azure Data Studio\bin;C:\Microsoft VS Code\bin;C:\Users\Admin\AppData\Roaming\npm
USERNAME=Admin
OS=Windows_NT
PROCESSOR_IDENTIFIER=Intel64 Family 6 Model 69 Stepping 1, GenuineIntel
TMP=C:\Users\Admin\AppData\Local\Temp
TEMP=C:\Users\Admin\AppData\Local\Temp



---------------  S Y S T E M  ---------------

OS:
 Windows 10 , 64 bit Build 19041 (10.0.19041.3155)
OS uptime: 4 days 11:29 hours

CPU: total 4 (initial active 4) (2 cores per cpu, 2 threads per core) family 6 model 69 stepping 1 microcode 0x25, cx8, cmov, fxsr, ht, mmx, sse, sse2, sse3, ssse3, sse4.1, sse4.2, popcnt, lzcnt, tsc, tscinvbit, avx, avx2, aes, erms, clmul, bmi1, bmi2, fma, vzeroupper, clflush

Memory: 4k page, system-wide physical 3992M (454M free)
TotalPageFile size 16280M (AvailPageFile size 251M)
current process WorkingSet (physical memory assigned to process): 85M, peak: 172M
current process commit charge ("private bytes"): 189M, peak: 214M

vm_info: OpenJDK 64-Bit Server VM (17.0.7+7) for windows-amd64 JRE (17.0.7+7), built on Apr 18 2023 22:10:42 by "temurin" with MS VC++ 16.7 (VS2019)

END.
