#
# There is insufficient memory for the Java Runtime Environment to continue.
# Native memory allocation (malloc) failed to allocate 974176 bytes for Chunk::new
# Possible reasons:
#   The system is out of physical RAM or swap space
#   The process is running with CompressedOops enabled, and the Java Heap may be blocking the growth of the native heap
# Possible solutions:
#   Reduce memory load on the system
#   Increase physical memory or swap space
#   Check if swap backing store is full
#   Decrease Java heap size (-Xmx/-Xms)
#   Decrease number of Java threads
#   Decrease Java thread stack sizes (-Xss)
#   Set larger code cache with -XX:ReservedCodeCacheSize=
#   JVM is running with Unscaled Compressed Oops mode in which the Java heap is
#     placed in the first 4GB address space. The Java Heap base address is the
#     maximum limit for the native heap growth. Please use -XX:HeapBaseMinAddress
#     to set the Java Heap base and to place the Java Heap above 4GB virtual address.
# This output file may be truncated or incomplete.
#
#  Out of Memory Error (arena.cpp:189), pid=6804, tid=16812
#
# JRE version: OpenJDK Runtime Environment Temurin-17.0.7+7 (17.0.7+7) (build 17.0.7+7)
# Java VM: OpenJDK 64-Bit Server VM Temurin-17.0.7+7 (17.0.7+7, mixed mode, tiered, compressed oops, compressed class ptrs, parallel gc, windows-amd64)
# No core dump will be written. Minidumps are not enabled by default on client versions of Windows
#

---------------  S U M M A R Y ------------

Command Line: --add-modules=ALL-SYSTEM --add-opens=java.base/java.util=ALL-UNNAMED --add-opens=java.base/java.lang=ALL-UNNAMED --add-opens=java.base/sun.nio.fs=ALL-UNNAMED -Declipse.application=org.eclipse.jdt.ls.core.id1 -Dosgi.bundles.defaultStartLevel=4 -Declipse.product=org.eclipse.jdt.ls.core.product -Djava.import.generatesMetadataFilesAtProjectRoot=false -Dfile.encoding=utf8 -XX:+UseParallelGC -XX:GCTimeRatio=4 -XX:AdaptiveSizePolicyWeight=90 -Dsun.zip.disableMemoryMapping=true -Xmx1G -Xms100m -Xlog:disable -javaagent:c:\Users\Admin\.vscode\extensions\redhat.java-1.20.0-win32-x64\lombok\lombok-1.18.28.jar c:\Users\Admin\.vscode\extensions\redhat.java-1.20.0-win32-x64\server\plugins\org.eclipse.equinox.launcher_1.6.500.v20230622-2056.jar -configuration c:\Users\Admin\AppData\Roaming\Code\User\globalStorage\redhat.java\1.20.0\config_ss_win -data c:\Users\Admin\AppData\Roaming\Code\User\workspaceStorage\ca21f0e4f1af00ec6494e11a941b7667\redhat.java\ss_ws

Host: Intel(R) Core(TM) i5-4210U CPU @ 1.70GHz, 4 cores, 3G,  Windows 10 , 64 bit Build 19041 (10.0.19041.3155)
Time: Tue Jul 18 09:50:09 2023 India Standard Time elapsed time: 8.200592 seconds (0d 0h 0m 8s)

---------------  T H R E A D  ---------------

Current thread (0x00000184e590aea0):  JavaThread "C2 CompilerThread0" daemon [_thread_in_native, id=16812, stack(0x0000000204500000,0x0000000204600000)]


Current CompileTask:
C2:   8200 2216       4       org.objectweb.asm.ClassReader::readMethod (1066 bytes)

Stack: [0x0000000204500000,0x0000000204600000]
Native frames: (J=compiled Java code, j=interpreted, Vv=VM code, C=native code)
V  [jvm.dll+0x67754a]
V  [jvm.dll+0x834304]
V  [jvm.dll+0x835aae]
V  [jvm.dll+0x836113]
V  [jvm.dll+0x24696f]
V  [jvm.dll+0xac0ac]
V  [jvm.dll+0xac67c]
V  [jvm.dll+0x2adbef]
V  [jvm.dll+0x580067]
V  [jvm.dll+0x221e72]
V  [jvm.dll+0x22224f]
V  [jvm.dll+0x21b4a5]
V  [jvm.dll+0x21895b]
V  [jvm.dll+0x1a4d8d]
V  [jvm.dll+0x2284da]
V  [jvm.dll+0x226615]
V  [jvm.dll+0x7ea90b]
V  [jvm.dll+0x7e4e7a]
V  [jvm.dll+0x676395]
C  [ucrtbase.dll+0x21bb2]
C  [KERNEL32.DLL+0x17614]
C  [ntdll.dll+0x526b1]


---------------  P R O C E S S  ---------------

Threads class SMR info:
_java_thread_list=0x00000184eba6d430, length=20, elements={
0x00000184d1ab0200, 0x00000184e58d4740, 0x00000184e58d6620, 0x00000184e5904ed0,
0x00000184e5907e60, 0x00000184e59089e0, 0x00000184e590a2b0, 0x00000184e590aea0,
0x00000184e593ea50, 0x00000184eaad6d40, 0x00000184eab6fd60, 0x00000184ead3d760,
0x00000184eb61fa50, 0x00000184eb668780, 0x00000184eb8f85b0, 0x00000184eb1f24f0,
0x00000184eb82cbe0, 0x00000184eb9e7060, 0x00000184eac18530, 0x00000184eac19870
}

Java Threads: ( => current thread )
  0x00000184d1ab0200 JavaThread "main" [_thread_blocked, id=1100, stack(0x0000000203c00000,0x0000000203d00000)]
  0x00000184e58d4740 JavaThread "Reference Handler" daemon [_thread_blocked, id=14796, stack(0x0000000203f00000,0x0000000204000000)]
  0x00000184e58d6620 JavaThread "Finalizer" daemon [_thread_blocked, id=17588, stack(0x0000000204000000,0x0000000204100000)]
  0x00000184e5904ed0 JavaThread "Signal Dispatcher" daemon [_thread_blocked, id=12596, stack(0x0000000204100000,0x0000000204200000)]
  0x00000184e5907e60 JavaThread "Attach Listener" daemon [_thread_blocked, id=7228, stack(0x0000000204200000,0x0000000204300000)]
  0x00000184e59089e0 JavaThread "Service Thread" daemon [_thread_blocked, id=19640, stack(0x0000000204300000,0x0000000204400000)]
  0x00000184e590a2b0 JavaThread "Monitor Deflation Thread" daemon [_thread_blocked, id=10148, stack(0x0000000204400000,0x0000000204500000)]
=>0x00000184e590aea0 JavaThread "C2 CompilerThread0" daemon [_thread_in_native, id=16812, stack(0x0000000204500000,0x0000000204600000)]
  0x00000184e593ea50 JavaThread "C1 CompilerThread0" daemon [_thread_blocked, id=20172, stack(0x0000000204600000,0x0000000204700000)]
  0x00000184eaad6d40 JavaThread "Sweeper thread" daemon [_thread_blocked, id=1312, stack(0x0000000204700000,0x0000000204800000)]
  0x00000184eab6fd60 JavaThread "Common-Cleaner" daemon [_thread_blocked, id=10364, stack(0x0000000204800000,0x0000000204900000)]
  0x00000184ead3d760 JavaThread "Notification Thread" daemon [_thread_blocked, id=17664, stack(0x0000000204900000,0x0000000204a00000)]
  0x00000184eb61fa50 JavaThread "Active Thread: Equinox Container: ff182640-3b5d-41f4-8d55-5eec7ecf8fea" [_thread_blocked, id=9568, stack(0x0000000204f00000,0x0000000205000000)]
  0x00000184eb668780 JavaThread "Framework Event Dispatcher: Equinox Container: ff182640-3b5d-41f4-8d55-5eec7ecf8fea" daemon [_thread_blocked, id=6148, stack(0x0000000205000000,0x0000000205100000)]
  0x00000184eb8f85b0 JavaThread "Start Level: Equinox Container: ff182640-3b5d-41f4-8d55-5eec7ecf8fea" daemon [_thread_in_native, id=15216, stack(0x0000000205100000,0x0000000205200000)]
  0x00000184eb1f24f0 JavaThread "SCR Component Actor" daemon [_thread_blocked, id=14236, stack(0x0000000204e00000,0x0000000204f00000)]
  0x00000184eb82cbe0 JavaThread "SCR Component Registry" daemon [_thread_blocked, id=18332, stack(0x0000000205200000,0x0000000205300000)]
  0x00000184eb9e7060 JavaThread "Worker-JM" [_thread_blocked, id=19304, stack(0x0000000205300000,0x0000000205400000)]
  0x00000184eac18530 JavaThread "Worker-0" [_thread_blocked, id=19156, stack(0x0000000205400000,0x0000000205500000)]
  0x00000184eac19870 JavaThread "Worker-1" [_thread_blocked, id=12944, stack(0x0000000205500000,0x0000000205600000)]

Other Threads:
  0x00000184e58b8640 VMThread "VM Thread" [stack: 0x0000000203e00000,0x0000000203f00000] [id=1000]
  0x00000184ead3b9a0 WatcherThread [stack: 0x0000000204a00000,0x0000000204b00000] [id=19800]
  0x00000184d1ac9610 GCTaskThread "GC Thread#0" [stack: 0x0000000203d00000,0x0000000203e00000] [id=13720]
  0x00000184eb321600 GCTaskThread "GC Thread#1" [stack: 0x0000000204b00000,0x0000000204c00000] [id=8648]
  0x00000184eb4fe2c0 GCTaskThread "GC Thread#2" [stack: 0x0000000204c00000,0x0000000204d00000] [id=19136]
  0x00000184eb4fe570 GCTaskThread "GC Thread#3" [stack: 0x0000000204d00000,0x0000000204e00000] [id=17700]

Threads with active compile tasks:
C2 CompilerThread0     8246 2216       4       org.objectweb.asm.ClassReader::readMethod (1066 bytes)

VM state: not at safepoint (normal execution)

VM Mutex/Monitor currently owned by a thread: None

Heap address: 0x00000000c0000000, size: 1024 MB, Compressed Oops mode: 32-bit

CDS archive(s) not mapped
Compressed class space mapped at: 0x0000000100000000-0x0000000140000000, reserved size: 1073741824
Narrow klass base: 0x0000000000000000, Narrow klass shift: 3, Narrow klass range: 0x140000000

GC Precious Log:
 CPUs: 4 total, 4 available
 Memory: 3992M
 Large Page Support: Disabled
 NUMA Support: Disabled
 Compressed Oops: Enabled (32-bit)
 Alignments: Space 512K, Generation 512K, Heap 2M
 Heap Min Capacity: 100M
 Heap Initial Capacity: 100M
 Heap Max Capacity: 1G
 Pre-touch: Disabled
 Parallel Workers: 4

Heap:
 PSYoungGen      total 25600K, used 22074K [0x00000000eab00000, 0x00000000ec880000, 0x0000000100000000)
  eden space 25088K, 86% used [0x00000000eab00000,0x00000000ec046990,0x00000000ec380000)
  from space 512K, 56% used [0x00000000ec400000,0x00000000ec448000,0x00000000ec480000)
  to   space 2048K, 0% used [0x00000000ec680000,0x00000000ec680000,0x00000000ec880000)
 ParOldGen       total 68608K, used 6949K [0x00000000c0000000, 0x00000000c4300000, 0x00000000eab00000)
  object space 68608K, 10% used [0x00000000c0000000,0x00000000c06c9590,0x00000000c4300000)
 Metaspace       used 26905K, committed 27392K, reserved 1114112K
  class space    used 2594K, committed 2816K, reserved 1048576K

Card table byte_map: [0x00000184d1470000,0x00000184d1680000] _byte_map_base: 0x00000184d0e70000

Marking Bits: (ParMarkBitMap*) 0x00007ff8d4f952c0
 Begin Bits: [0x00000184e3740000, 0x00000184e4740000)
 End Bits:   [0x00000184e4740000, 0x00000184e5740000)

Polling page: 0x00000184cf9b0000

Metaspace:

Usage:
  Non-class:     23.74 MB used.
      Class:      2.53 MB used.
       Both:     26.27 MB used.

Virtual space:
  Non-class space:       64.00 MB reserved,      24.00 MB ( 38%) committed,  1 nodes.
      Class space:        1.00 GB reserved,       2.75 MB ( <1%) committed,  1 nodes.
             Both:        1.06 GB reserved,      26.75 MB (  2%) committed. 

Chunk freelists:
   Non-Class:  7.71 MB
       Class:  13.09 MB
        Both:  20.79 MB

MaxMetaspaceSize: unlimited
CompressedClassSpaceSize: 1.00 GB
Initial GC threshold: 21.00 MB
Current GC threshold: 35.00 MB
CDS: off
MetaspaceReclaimPolicy: balanced
 - commit_granule_bytes: 65536.
 - commit_granule_words: 8192.
 - virtual_space_node_default_size: 8388608.
 - enlarge_chunks_in_place: 1.
 - new_chunks_are_fully_committed: 0.
 - uncommit_free_chunks: 1.
 - use_allocation_guard: 0.
 - handle_deallocations: 1.


Internal statistics:

num_allocs_failed_limit: 3.
num_arena_births: 206.
num_arena_deaths: 14.
num_vsnodes_births: 2.
num_vsnodes_deaths: 0.
num_space_committed: 428.
num_space_uncommitted: 0.
num_chunks_returned_to_freelist: 17.
num_chunks_taken_from_freelist: 923.
num_chunk_merges: 7.
num_chunk_splits: 617.
num_chunks_enlarged: 436.
num_inconsistent_stats: 0.

CodeHeap 'non-profiled nmethods': size=120000Kb used=848Kb max_used=848Kb free=119151Kb
 bounds [0x00000184dc210000, 0x00000184dc480000, 0x00000184e3740000]
CodeHeap 'profiled nmethods': size=120000Kb used=4611Kb max_used=4611Kb free=115388Kb
 bounds [0x00000184d4740000, 0x00000184d4bd0000, 0x00000184dbc70000]
CodeHeap 'non-nmethods': size=5760Kb used=1228Kb max_used=1235Kb free=4531Kb
 bounds [0x00000184dbc70000, 0x00000184dbee0000, 0x00000184dc210000]
 total_blobs=2843 nmethods=2307 adapters=450
 compilation: enabled
              stopped_count=0, restarted_count=0
 full_count=0

Compilation events (20 events):
Event: 8.062 Thread 0x00000184e593ea50 nmethod 2268 0x00000184d4ba9090 code [0x00000184d4ba9280, 0x00000184d4ba9798]
Event: 8.062 Thread 0x00000184e593ea50 2271       3       java.lang.reflect.Field::set (30 bytes)
Event: 8.063 Thread 0x00000184e593ea50 nmethod 2271 0x00000184d4ba9910 code [0x00000184d4ba9ae0, 0x00000184d4ba9eb8]
Event: 8.063 Thread 0x00000184e593ea50 2273       3       jdk.internal.reflect.UnsafeStaticFieldAccessorImpl::<init> (17 bytes)
Event: 8.063 Thread 0x00000184e593ea50 nmethod 2273 0x00000184d4baa010 code [0x00000184d4baa1e0, 0x00000184d4baa4e8]
Event: 8.063 Thread 0x00000184e593ea50 2274       3       jdk.internal.misc.Unsafe::staticFieldBase (18 bytes)
Event: 8.063 Thread 0x00000184e593ea50 nmethod 2274 0x00000184d4baa610 code [0x00000184d4baa7c0, 0x00000184d4baa9f8]
Event: 8.063 Thread 0x00000184e593ea50 2276  s!   3       org.eclipse.osgi.util.NLS$MessagesProperties::put (168 bytes)
Event: 8.066 Thread 0x00000184e593ea50 nmethod 2276 0x00000184d4baab10 code [0x00000184d4baaf60, 0x00000184d4bacd48]
Event: 8.066 Thread 0x00000184e593ea50 2277       3       jdk.internal.reflect.UnsafeStaticObjectFieldAccessorImpl::set (54 bytes)
Event: 8.067 Thread 0x00000184e593ea50 nmethod 2277 0x00000184d4bad810 code [0x00000184d4bada40, 0x00000184d4bae2e8]
Event: 8.102 Thread 0x00000184e593ea50 2278       3       sun.nio.fs.WindowsPath::addPrefixIfNeeded (72 bytes)
Event: 8.104 Thread 0x00000184e593ea50 nmethod 2278 0x00000184d4bae590 code [0x00000184d4bae880, 0x00000184d4baf598]
Event: 8.104 Thread 0x00000184e593ea50 2279   !   3       sun.nio.fs.WindowsNativeDispatcher::FindFirstFile (38 bytes)
Event: 8.104 Thread 0x00000184e593ea50 nmethod 2279 0x00000184d4bafa90 code [0x00000184d4bafc80, 0x00000184d4bb00b8]
Event: 8.112 Thread 0x00000184e593ea50 2282       3       jdk.internal.reflect.ConstructorAccessorImpl::<init> (5 bytes)
Event: 8.113 Thread 0x00000184e593ea50 nmethod 2282 0x00000184d4bb0310 code [0x00000184d4bb04c0, 0x00000184d4bb0678]
Event: 8.116 Thread 0x00000184e593ea50 2283       3       com.sun.org.apache.xerces.internal.parsers.XML11Configuration::getPropertyState (23 bytes)
Event: 8.116 Thread 0x00000184e593ea50 nmethod 2283 0x00000184d4bb0790 code [0x00000184d4bb09c0, 0x00000184d4bb1268]
Event: 8.116 Thread 0x00000184e593ea50 2284       3       com.sun.org.apache.xerces.internal.util.ParserConfigurationSettings::getPropertyState (35 bytes)

GC Heap History (12 events):
Event: 2.970 GC heap before
{Heap before GC invocations=1 (full 0):
 PSYoungGen      total 29696K, used 25600K [0x00000000eab00000, 0x00000000ecc00000, 0x0000000100000000)
  eden space 25600K, 100% used [0x00000000eab00000,0x00000000ec400000,0x00000000ec400000)
  from space 4096K, 0% used [0x00000000ec800000,0x00000000ec800000,0x00000000ecc00000)
  to   space 4096K, 0% used [0x00000000ec400000,0x00000000ec400000,0x00000000ec800000)
 ParOldGen       total 68608K, used 0K [0x00000000c0000000, 0x00000000c4300000, 0x00000000eab00000)
  object space 68608K, 0% used [0x00000000c0000000,0x00000000c0000000,0x00000000c4300000)
 Metaspace       used 11237K, committed 11392K, reserved 1114112K
  class space    used 1126K, committed 1216K, reserved 1048576K
}
Event: 2.998 GC heap after
{Heap after GC invocations=1 (full 0):
 PSYoungGen      total 29696K, used 3176K [0x00000000eab00000, 0x00000000ecc00000, 0x0000000100000000)
  eden space 25600K, 0% used [0x00000000eab00000,0x00000000eab00000,0x00000000ec400000)
  from space 4096K, 77% used [0x00000000ec400000,0x00000000ec71a3a8,0x00000000ec800000)
  to   space 4096K, 0% used [0x00000000ec800000,0x00000000ec800000,0x00000000ecc00000)
 ParOldGen       total 68608K, used 0K [0x00000000c0000000, 0x00000000c4300000, 0x00000000eab00000)
  object space 68608K, 0% used [0x00000000c0000000,0x00000000c0000000,0x00000000c4300000)
 Metaspace       used 11237K, committed 11392K, reserved 1114112K
  class space    used 1126K, committed 1216K, reserved 1048576K
}
Event: 4.724 GC heap before
{Heap before GC invocations=2 (full 0):
 PSYoungGen      total 29696K, used 28776K [0x00000000eab00000, 0x00000000ecc00000, 0x0000000100000000)
  eden space 25600K, 100% used [0x00000000eab00000,0x00000000ec400000,0x00000000ec400000)
  from space 4096K, 77% used [0x00000000ec400000,0x00000000ec71a3a8,0x00000000ec800000)
  to   space 4096K, 0% used [0x00000000ec800000,0x00000000ec800000,0x00000000ecc00000)
 ParOldGen       total 68608K, used 0K [0x00000000c0000000, 0x00000000c4300000, 0x00000000eab00000)
  object space 68608K, 0% used [0x00000000c0000000,0x00000000c0000000,0x00000000c4300000)
 Metaspace       used 15450K, committed 15744K, reserved 1114112K
  class space    used 1581K, committed 1728K, reserved 1048576K
}
Event: 4.732 GC heap after
{Heap after GC invocations=2 (full 0):
 PSYoungGen      total 29696K, used 4078K [0x00000000eab00000, 0x00000000ecc00000, 0x0000000100000000)
  eden space 25600K, 0% used [0x00000000eab00000,0x00000000eab00000,0x00000000ec400000)
  from space 4096K, 99% used [0x00000000ec800000,0x00000000ecbfb8c8,0x00000000ecc00000)
  to   space 4096K, 0% used [0x00000000ec400000,0x00000000ec400000,0x00000000ec800000)
 ParOldGen       total 68608K, used 810K [0x00000000c0000000, 0x00000000c4300000, 0x00000000eab00000)
  object space 68608K, 1% used [0x00000000c0000000,0x00000000c00cab80,0x00000000c4300000)
 Metaspace       used 15450K, committed 15744K, reserved 1114112K
  class space    used 1581K, committed 1728K, reserved 1048576K
}
Event: 6.548 GC heap before
{Heap before GC invocations=3 (full 0):
 PSYoungGen      total 29696K, used 29678K [0x00000000eab00000, 0x00000000ecc00000, 0x0000000100000000)
  eden space 25600K, 99% used [0x00000000eab00000,0x00000000ec3fffa8,0x00000000ec400000)
  from space 4096K, 99% used [0x00000000ec800000,0x00000000ecbfb8c8,0x00000000ecc00000)
  to   space 4096K, 0% used [0x00000000ec400000,0x00000000ec400000,0x00000000ec800000)
 ParOldGen       total 68608K, used 810K [0x00000000c0000000, 0x00000000c4300000, 0x00000000eab00000)
  object space 68608K, 1% used [0x00000000c0000000,0x00000000c00cab80,0x00000000c4300000)
 Metaspace       used 20408K, committed 20800K, reserved 1114112K
  class space    used 2087K, committed 2240K, reserved 1048576K
}
Event: 6.557 GC heap after
{Heap after GC invocations=3 (full 0):
 PSYoungGen      total 29696K, used 4077K [0x00000000eab00000, 0x00000000ecc00000, 0x0000000100000000)
  eden space 25600K, 0% used [0x00000000eab00000,0x00000000eab00000,0x00000000ec400000)
  from space 4096K, 99% used [0x00000000ec400000,0x00000000ec7fb588,0x00000000ec800000)
  to   space 4096K, 0% used [0x00000000ec800000,0x00000000ec800000,0x00000000ecc00000)
 ParOldGen       total 68608K, used 2430K [0x00000000c0000000, 0x00000000c4300000, 0x00000000eab00000)
  object space 68608K, 3% used [0x00000000c0000000,0x00000000c025f880,0x00000000c4300000)
 Metaspace       used 20408K, committed 20800K, reserved 1114112K
  class space    used 2087K, committed 2240K, reserved 1048576K
}
Event: 6.698 GC heap before
{Heap before GC invocations=4 (full 0):
 PSYoungGen      total 29696K, used 8611K [0x00000000eab00000, 0x00000000ecc00000, 0x0000000100000000)
  eden space 25600K, 17% used [0x00000000eab00000,0x00000000eaf6d900,0x00000000ec400000)
  from space 4096K, 99% used [0x00000000ec400000,0x00000000ec7fb588,0x00000000ec800000)
  to   space 4096K, 0% used [0x00000000ec800000,0x00000000ec800000,0x00000000ecc00000)
 ParOldGen       total 68608K, used 2430K [0x00000000c0000000, 0x00000000c4300000, 0x00000000eab00000)
  object space 68608K, 3% used [0x00000000c0000000,0x00000000c025f880,0x00000000c4300000)
 Metaspace       used 21077K, committed 21504K, reserved 1114112K
  class space    used 2150K, committed 2368K, reserved 1048576K
}
Event: 6.704 GC heap after
{Heap after GC invocations=4 (full 0):
 PSYoungGen      total 29696K, used 4092K [0x00000000eab00000, 0x00000000ecc00000, 0x0000000100000000)
  eden space 25600K, 0% used [0x00000000eab00000,0x00000000eab00000,0x00000000ec400000)
  from space 4096K, 99% used [0x00000000ec800000,0x00000000ecbff130,0x00000000ecc00000)
  to   space 4096K, 0% used [0x00000000ec400000,0x00000000ec400000,0x00000000ec800000)
 ParOldGen       total 68608K, used 2966K [0x00000000c0000000, 0x00000000c4300000, 0x00000000eab00000)
  object space 68608K, 4% used [0x00000000c0000000,0x00000000c02e5890,0x00000000c4300000)
 Metaspace       used 21077K, committed 21504K, reserved 1114112K
  class space    used 2150K, committed 2368K, reserved 1048576K
}
Event: 6.704 GC heap before
{Heap before GC invocations=5 (full 1):
 PSYoungGen      total 29696K, used 4092K [0x00000000eab00000, 0x00000000ecc00000, 0x0000000100000000)
  eden space 25600K, 0% used [0x00000000eab00000,0x00000000eab00000,0x00000000ec400000)
  from space 4096K, 99% used [0x00000000ec800000,0x00000000ecbff130,0x00000000ecc00000)
  to   space 4096K, 0% used [0x00000000ec400000,0x00000000ec400000,0x00000000ec800000)
 ParOldGen       total 68608K, used 2966K [0x00000000c0000000, 0x00000000c4300000, 0x00000000eab00000)
  object space 68608K, 4% used [0x00000000c0000000,0x00000000c02e5890,0x00000000c4300000)
 Metaspace       used 21077K, committed 21504K, reserved 1114112K
  class space    used 2150K, committed 2368K, reserved 1048576K
}
Event: 6.740 GC heap after
{Heap after GC invocations=5 (full 1):
 PSYoungGen      total 29696K, used 0K [0x00000000eab00000, 0x00000000ecc00000, 0x0000000100000000)
  eden space 25600K, 0% used [0x00000000eab00000,0x00000000eab00000,0x00000000ec400000)
  from space 4096K, 0% used [0x00000000ec800000,0x00000000ec800000,0x00000000ecc00000)
  to   space 4096K, 0% used [0x00000000ec400000,0x00000000ec400000,0x00000000ec800000)
 ParOldGen       total 68608K, used 6941K [0x00000000c0000000, 0x00000000c4300000, 0x00000000eab00000)
  object space 68608K, 10% used [0x00000000c0000000,0x00000000c06c7590,0x00000000c4300000)
 Metaspace       used 21064K, committed 21504K, reserved 1114112K
  class space    used 2146K, committed 2368K, reserved 1048576K
}
Event: 7.789 GC heap before
{Heap before GC invocations=6 (full 1):
 PSYoungGen      total 29696K, used 25600K [0x00000000eab00000, 0x00000000ecc00000, 0x0000000100000000)
  eden space 25600K, 100% used [0x00000000eab00000,0x00000000ec400000,0x00000000ec400000)
  from space 4096K, 0% used [0x00000000ec800000,0x00000000ec800000,0x00000000ecc00000)
  to   space 4096K, 0% used [0x00000000ec400000,0x00000000ec400000,0x00000000ec800000)
 ParOldGen       total 68608K, used 6941K [0x00000000c0000000, 0x00000000c4300000, 0x00000000eab00000)
  object space 68608K, 10% used [0x00000000c0000000,0x00000000c06c7590,0x00000000c4300000)
 Metaspace       used 24586K, committed 25088K, reserved 1114112K
  class space    used 2397K, committed 2624K, reserved 1048576K
}
Event: 7.790 GC heap after
{Heap after GC invocations=6 (full 1):
 PSYoungGen      total 25600K, used 288K [0x00000000eab00000, 0x00000000ec880000, 0x0000000100000000)
  eden space 25088K, 0% used [0x00000000eab00000,0x00000000eab00000,0x00000000ec380000)
  from space 512K, 56% used [0x00000000ec400000,0x00000000ec448000,0x00000000ec480000)
  to   space 2048K, 0% used [0x00000000ec680000,0x00000000ec680000,0x00000000ec880000)
 ParOldGen       total 68608K, used 6949K [0x00000000c0000000, 0x00000000c4300000, 0x00000000eab00000)
  object space 68608K, 10% used [0x00000000c0000000,0x00000000c06c9590,0x00000000c4300000)
 Metaspace       used 24586K, committed 25088K, reserved 1114112K
  class space    used 2397K, committed 2624K, reserved 1048576K
}

Dll operation events (9 events):
Event: 0.029 Loaded shared library c:\Users\Admin\.vscode\extensions\redhat.java-1.20.0-win32-x64\jre\17.0.7-win32-x86_64\bin\java.dll
Event: 0.524 Loaded shared library c:\Users\Admin\.vscode\extensions\redhat.java-1.20.0-win32-x64\jre\17.0.7-win32-x86_64\bin\zip.dll
Event: 0.529 Loaded shared library C:\Users\Admin\.vscode\extensions\redhat.java-1.20.0-win32-x64\jre\17.0.7-win32-x86_64\bin\instrument.dll
Event: 0.560 Loaded shared library C:\Users\Admin\.vscode\extensions\redhat.java-1.20.0-win32-x64\jre\17.0.7-win32-x86_64\bin\net.dll
Event: 0.564 Loaded shared library C:\Users\Admin\.vscode\extensions\redhat.java-1.20.0-win32-x64\jre\17.0.7-win32-x86_64\bin\nio.dll
Event: 0.578 Loaded shared library C:\Users\Admin\.vscode\extensions\redhat.java-1.20.0-win32-x64\jre\17.0.7-win32-x86_64\bin\zip.dll
Event: 0.602 Loaded shared library C:\Users\Admin\.vscode\extensions\redhat.java-1.20.0-win32-x64\jre\17.0.7-win32-x86_64\bin\jimage.dll
Event: 0.733 Loaded shared library c:\Users\Admin\.vscode\extensions\redhat.java-1.20.0-win32-x64\jre\17.0.7-win32-x86_64\bin\verify.dll
Event: 4.189 Loaded shared library C:\Users\Admin\AppData\Roaming\Code\User\globalStorage\redhat.java\1.20.0\config_ss_win\org.eclipse.equinox.launcher\org.eclipse.equinox.launcher.win32.win32.x86_64_1.2.700.v20221108-1024\eclipse_11801.dll

Deoptimization events (20 events):
Event: 5.303 Thread 0x00000184eb8f85b0 Uncommon trap: trap_request=0xffffffc6 fr.pc=0x00000184dc2b794c relative=0x0000000000000d0c
Event: 5.303 Thread 0x00000184eb8f85b0 Uncommon trap: reason=bimorphic_or_optimized_type_check action=maybe_recompile pc=0x00000184dc2b794c method=java.io.DataInputStream.readInt()I @ 4 c2
Event: 5.303 Thread 0x00000184eb8f85b0 DEOPT PACKING pc=0x00000184dc2b794c sp=0x00000002051f8aa0
Event: 5.303 Thread 0x00000184eb8f85b0 DEOPT UNPACKING pc=0x00000184dbcc66a3 sp=0x00000002051f8a50 mode 2
Event: 5.303 Thread 0x00000184eb8f85b0 Uncommon trap: trap_request=0xffffffc6 fr.pc=0x00000184dc2b794c relative=0x0000000000000d0c
Event: 5.303 Thread 0x00000184eb8f85b0 Uncommon trap: reason=bimorphic_or_optimized_type_check action=maybe_recompile pc=0x00000184dc2b794c method=java.io.DataInputStream.readInt()I @ 4 c2
Event: 5.303 Thread 0x00000184eb8f85b0 DEOPT PACKING pc=0x00000184dc2b794c sp=0x00000002051f8aa0
Event: 5.303 Thread 0x00000184eb8f85b0 DEOPT UNPACKING pc=0x00000184dbcc66a3 sp=0x00000002051f8a50 mode 2
Event: 5.303 Thread 0x00000184eb8f85b0 Uncommon trap: trap_request=0xffffffc6 fr.pc=0x00000184dc2b794c relative=0x0000000000000d0c
Event: 5.303 Thread 0x00000184eb8f85b0 Uncommon trap: reason=bimorphic_or_optimized_type_check action=maybe_recompile pc=0x00000184dc2b794c method=java.io.DataInputStream.readInt()I @ 4 c2
Event: 5.303 Thread 0x00000184eb8f85b0 DEOPT PACKING pc=0x00000184dc2b794c sp=0x00000002051f8aa0
Event: 5.303 Thread 0x00000184eb8f85b0 DEOPT UNPACKING pc=0x00000184dbcc66a3 sp=0x00000002051f8a50 mode 2
Event: 5.872 Thread 0x00000184eb8f85b0 Uncommon trap: trap_request=0xffffff45 fr.pc=0x00000184dc2c2d20 relative=0x0000000000000e80
Event: 5.872 Thread 0x00000184eb8f85b0 Uncommon trap: reason=unstable_if action=reinterpret pc=0x00000184dc2c2d20 method=java.util.Properties.loadConvert([CIILjava/lang/StringBuilder;)Ljava/lang/String; @ 491 c2
Event: 5.872 Thread 0x00000184eb8f85b0 DEOPT PACKING pc=0x00000184dc2c2d20 sp=0x00000002051f7d90
Event: 5.872 Thread 0x00000184eb8f85b0 DEOPT UNPACKING pc=0x00000184dbcc66a3 sp=0x00000002051f7d70 mode 2
Event: 6.305 Thread 0x00000184eb8f85b0 Uncommon trap: trap_request=0xffffff45 fr.pc=0x00000184dc297940 relative=0x0000000000000040
Event: 6.305 Thread 0x00000184eb8f85b0 Uncommon trap: reason=unstable_if action=reinterpret pc=0x00000184dc297940 method=sun.nio.fs.WindowsPathParser.isSlash(C)Z @ 9 c2
Event: 6.305 Thread 0x00000184eb8f85b0 DEOPT PACKING pc=0x00000184dc297940 sp=0x00000002051f9430
Event: 6.305 Thread 0x00000184eb8f85b0 DEOPT UNPACKING pc=0x00000184dbcc66a3 sp=0x00000002051f93b8 mode 2

Classes unloaded (7 events):
Event: 6.710 Thread 0x00000184e58b8640 Unloading class 0x0000000100214400 'java/lang/invoke/LambdaForm$MH+0x0000000100214400'
Event: 6.710 Thread 0x00000184e58b8640 Unloading class 0x0000000100214000 'java/lang/invoke/LambdaForm$MH+0x0000000100214000'
Event: 6.710 Thread 0x00000184e58b8640 Unloading class 0x0000000100213c00 'java/lang/invoke/LambdaForm$MH+0x0000000100213c00'
Event: 6.710 Thread 0x00000184e58b8640 Unloading class 0x0000000100213800 'java/lang/invoke/LambdaForm$MH+0x0000000100213800'
Event: 6.710 Thread 0x00000184e58b8640 Unloading class 0x0000000100213000 'java/lang/invoke/LambdaForm$BMH+0x0000000100213000'
Event: 6.710 Thread 0x00000184e58b8640 Unloading class 0x0000000100212c00 'java/lang/invoke/LambdaForm$DMH+0x0000000100212c00'
Event: 6.710 Thread 0x00000184e58b8640 Unloading class 0x0000000100210000 'java/lang/invoke/LambdaForm$DMH+0x0000000100210000'

Classes redefined (0 events):
No events

Internal exceptions (20 events):
Event: 5.681 Thread 0x00000184eb8f85b0 Exception <a 'java/lang/NoSuchMethodError'{0x00000000ebbdb4d8}: 'void java.lang.invoke.DelegatingMethodHandle$Holder.delegate(java.lang.Object, java.lang.Object, int, java.lang.Object)'> (0x00000000ebbdb4d8) 
thrown [s\src\hotspot\share\interpreter\linkResolver.cpp, line 759]
Event: 5.682 Thread 0x00000184eb8f85b0 Exception <a 'java/lang/NoSuchMethodError'{0x00000000ebbdf8c0}: 'int java.lang.invoke.DirectMethodHandle$Holder.invokeSpecial(java.lang.Object, java.lang.Object, java.lang.Object)'> (0x00000000ebbdf8c0) 
thrown [s\src\hotspot\share\interpreter\linkResolver.cpp, line 759]
Event: 5.695 Thread 0x00000184eb8f85b0 Exception <a 'java/lang/NoSuchMethodError'{0x00000000ebbeffa8}: 'int java.lang.invoke.DirectMethodHandle$Holder.invokeStatic(java.lang.Object, java.lang.Object, int)'> (0x00000000ebbeffa8) 
thrown [s\src\hotspot\share\interpreter\linkResolver.cpp, line 759]
Event: 5.696 Thread 0x00000184eb8f85b0 Exception <a 'java/lang/NoSuchMethodError'{0x00000000ebbf3fd0}: 'int java.lang.invoke.DirectMethodHandle$Holder.invokeSpecial(java.lang.Object, java.lang.Object, java.lang.Object, int)'> (0x00000000ebbf3fd0) 
thrown [s\src\hotspot\share\interpreter\linkResolver.cpp, line 759]
Event: 5.700 Thread 0x00000184eb8f85b0 Exception <a 'java/lang/NoSuchMethodError'{0x00000000ebc0ee48}: 'java.lang.Object java.lang.invoke.DirectMethodHandle$Holder.invokeStatic(java.lang.Object, java.lang.Object, java.lang.Object, java.lang.Object, int)'> (0x00000000ebc0ee48) 
thrown [s\src\hotspot\share\interpreter\linkResolver.cpp, line 759]
Event: 5.702 Thread 0x00000184eb8f85b0 Exception <a 'java/lang/NoSuchMethodError'{0x00000000ebc1ae40}: 'java.lang.Object java.lang.invoke.DelegatingMethodHandle$Holder.reinvoke_L(java.lang.Object, java.lang.Object, java.lang.Object, java.lang.Object, int, int)'> (0x00000000ebc1ae40) 
thrown [s\src\hotspot\share\interpreter\linkResolver.cpp, line 759]
Event: 5.716 Thread 0x00000184eb8f85b0 Exception <a 'java/lang/NoSuchMethodError'{0x00000000ebc32f28}: 'java.lang.Object java.lang.invoke.Invokers$Holder.invokeExact_MT(java.lang.Object, java.lang.Object, java.lang.Object, java.lang.Object)'> (0x00000000ebc32f28) 
thrown [s\src\hotspot\share\interpreter\linkResolver.cpp, line 759]
Event: 6.143 Thread 0x00000184eb8f85b0 Exception <a 'java/lang/NoSuchMethodError'{0x00000000ec051470}: 'java.lang.Object java.lang.invoke.DirectMethodHandle$Holder.newInvokeSpecial(java.lang.Object, java.lang.Object, java.lang.Object, java.lang.Object, java.lang.Object)'> (0x00000000ec051470) 
thrown [s\src\hotspot\share\interpreter\linkResolver.cpp, line 759]
Event: 6.493 Thread 0x00000184eb8f85b0 Exception <a 'java/lang/NoSuchMethodError'{0x00000000ec353480}: 'java.lang.Object java.lang.invoke.DirectMethodHandle$Holder.invokeSpecial(java.lang.Object, java.lang.Object, java.lang.Object, long, java.lang.Object)'> (0x00000000ec353480) 
thrown [s\src\hotspot\share\interpreter\linkResolver.cpp, line 759]
Event: 6.494 Thread 0x00000184eb8f85b0 Exception <a 'java/lang/NoSuchMethodError'{0x00000000ec35b638}: 'java.lang.Object java.lang.invoke.DirectMethodHandle$Holder.newInvokeSpecial(java.lang.Object, java.lang.Object, java.lang.Object, long)'> (0x00000000ec35b638) 
thrown [s\src\hotspot\share\interpreter\linkResolver.cpp, line 759]
Event: 6.495 Thread 0x00000184eb8f85b0 Exception <a 'java/lang/NoSuchMethodError'{0x00000000ec35fbd8}: 'java.lang.Object java.lang.invoke.DirectMethodHandle$Holder.invokeSpecial(java.lang.Object, java.lang.Object, java.lang.Object, java.lang.Object, long)'> (0x00000000ec35fbd8) 
thrown [s\src\hotspot\share\interpreter\linkResolver.cpp, line 759]
Event: 6.544 Thread 0x00000184eb8f85b0 Exception <a 'java/lang/NoSuchMethodError'{0x00000000ec3dd2b8}: 'int java.lang.invoke.DirectMethodHandle$Holder.invokeStaticInit(java.lang.Object, java.lang.Object, java.lang.Object)'> (0x00000000ec3dd2b8) 
thrown [s\src\hotspot\share\interpreter\linkResolver.cpp, line 759]
Event: 6.565 Thread 0x00000184eb8f85b0 Exception <a 'java/lang/IncompatibleClassChangeError'{0x00000000eab44fc0}: Found class java.lang.Object, but interface was expected> (0x00000000eab44fc0) 
thrown [s\src\hotspot\share\interpreter\linkResolver.cpp, line 826]
Event: 6.571 Thread 0x00000184eb8f85b0 Exception <a 'java/lang/NoSuchMethodError'{0x00000000eab58170}: 'java.lang.Object java.lang.invoke.DirectMethodHandle$Holder.invokeSpecial(java.lang.Object, java.lang.Object, java.lang.Object, int, java.lang.Object, java.lang.Object)'> (0x00000000eab58170) 
thrown [s\src\hotspot\share\interpreter\linkResolver.cpp, line 759]
Event: 6.573 Thread 0x00000184eb8f85b0 Exception <a 'java/lang/NoSuchMethodError'{0x00000000eab608f8}: 'java.lang.Object java.lang.invoke.DirectMethodHandle$Holder.newInvokeSpecial(java.lang.Object, java.lang.Object, java.lang.Object, int, java.lang.Object)'> (0x00000000eab608f8) 
thrown [s\src\hotspot\share\interpreter\linkResolver.cpp, line 759]
Event: 6.573 Thread 0x00000184eb8f85b0 Exception <a 'java/lang/NoSuchMethodError'{0x00000000eab64d50}: 'java.lang.Object java.lang.invoke.DirectMethodHandle$Holder.invokeSpecial(java.lang.Object, java.lang.Object, java.lang.Object, java.lang.Object, int, java.lang.Object)'> (0x00000000eab64d50) 
thrown [s\src\hotspot\share\interpreter\linkResolver.cpp, line 759]
Event: 6.575 Thread 0x00000184eac18530 Exception <a 'java/lang/NoSuchMethodError'{0x00000000eabb5608}: 'java.lang.Object java.lang.invoke.DirectMethodHandle$Holder.invokeSpecial(java.lang.Object, java.lang.Object, int, java.lang.Object, java.lang.Object)'> (0x00000000eabb5608) 
thrown [s\src\hotspot\share\interpreter\linkResolver.cpp, line 759]
Event: 6.577 Thread 0x00000184eac18530 Exception <a 'java/lang/NoSuchMethodError'{0x00000000eabbccd8}: 'java.lang.Object java.lang.invoke.DirectMethodHandle$Holder.newInvokeSpecial(java.lang.Object, java.lang.Object, int, java.lang.Object)'> (0x00000000eabbccd8) 
thrown [s\src\hotspot\share\interpreter\linkResolver.cpp, line 759]
Event: 6.578 Thread 0x00000184eac18530 Exception <a 'java/lang/NoSuchMethodError'{0x00000000eabc07e8}: 'java.lang.Object java.lang.invoke.DirectMethodHandle$Holder.invokeSpecial(java.lang.Object, java.lang.Object, java.lang.Object, int, java.lang.Object)'> (0x00000000eabc07e8) 
thrown [s\src\hotspot\share\interpreter\linkResolver.cpp, line 759]
Event: 6.643 Thread 0x00000184eac18530 Exception <a 'java/io/FileNotFoundException'{0x00000000ead4c8c8}> (0x00000000ead4c8c8) 
thrown [s\src\hotspot\share\prims\jni.cpp, line 516]

VM Operations (20 events):
Event: 4.430 Executing VM operation: HandshakeAllThreads
Event: 4.430 Executing VM operation: HandshakeAllThreads done
Event: 4.430 Executing VM operation: Cleanup
Event: 4.430 Executing VM operation: Cleanup done
Event: 4.724 Executing VM operation: ParallelGCFailedAllocation
Event: 4.732 Executing VM operation: ParallelGCFailedAllocation done
Event: 5.304 Executing VM operation: HandshakeAllThreads
Event: 5.304 Executing VM operation: HandshakeAllThreads done
Event: 5.639 Executing VM operation: HandshakeAllThreads
Event: 5.639 Executing VM operation: HandshakeAllThreads done
Event: 6.548 Executing VM operation: ParallelGCFailedAllocation
Event: 6.557 Executing VM operation: ParallelGCFailedAllocation done
Event: 6.631 Executing VM operation: HandshakeAllThreads
Event: 6.631 Executing VM operation: HandshakeAllThreads done
Event: 6.698 Executing VM operation: CollectForMetadataAllocation
Event: 6.740 Executing VM operation: CollectForMetadataAllocation done
Event: 7.708 Executing VM operation: HandshakeAllThreads
Event: 7.709 Executing VM operation: HandshakeAllThreads done
Event: 7.789 Executing VM operation: ParallelGCFailedAllocation
Event: 7.791 Executing VM operation: ParallelGCFailedAllocation done

Events (20 events):
Event: 6.873 loading class java/net/ProtocolException done
Event: 7.322 loading class java/io/FileWriter
Event: 7.322 loading class java/io/FileWriter done
Event: 7.325 loading class java/lang/NegativeArraySizeException
Event: 7.325 loading class java/lang/NegativeArraySizeException done
Event: 8.035 loading class org/w3c/dom/DOMException
Event: 8.035 loading class org/w3c/dom/DOMException done
Event: 8.110 loading class javax/xml/parsers/DocumentBuilderFactory
Event: 8.110 loading class javax/xml/parsers/DocumentBuilderFactory done
Event: 8.111 loading class com/sun/org/apache/xerces/internal/jaxp/DocumentBuilderFactoryImpl
Event: 8.112 loading class com/sun/org/apache/xerces/internal/jaxp/DocumentBuilderFactoryImpl done
Event: 8.112 loading class com/sun/org/apache/xerces/internal/jaxp/DocumentBuilderImpl
Event: 8.113 loading class javax/xml/parsers/DocumentBuilder
Event: 8.113 loading class javax/xml/parsers/DocumentBuilder done
Event: 8.113 loading class com/sun/org/apache/xerces/internal/jaxp/DocumentBuilderImpl done
Event: 8.113 loading class com/sun/org/apache/xerces/internal/parsers/DOMParser
Event: 8.113 loading class com/sun/org/apache/xerces/internal/parsers/AbstractDOMParser
Event: 8.114 loading class com/sun/org/apache/xerces/internal/parsers/AbstractDOMParser done
Event: 8.114 loading class com/sun/org/apache/xerces/internal/parsers/DOMParser done
Event: 8.116 loading class com/sun/org/apache/xerces/internal/dom/DeferredDocumentImpl


Dynamic libraries:
0x00007ff64c9e0000 - 0x00007ff64c9ee000 	c:\Users\Admin\.vscode\extensions\redhat.java-1.20.0-win32-x64\jre\17.0.7-win32-x86_64\bin\java.exe
0x00007ff917510000 - 0x00007ff917708000 	C:\Windows\SYSTEM32\ntdll.dll
0x00007ff917390000 - 0x00007ff91744f000 	C:\Windows\System32\KERNEL32.DLL
0x00007ff914c20000 - 0x00007ff914f16000 	C:\Windows\System32\KERNELBASE.dll
0x00007ff914fc0000 - 0x00007ff9150c0000 	C:\Windows\System32\ucrtbase.dll
0x00007ff8fbb10000 - 0x00007ff8fbb29000 	c:\Users\Admin\.vscode\extensions\redhat.java-1.20.0-win32-x64\jre\17.0.7-win32-x86_64\bin\VCRUNTIME140.dll
0x00007ff8ff3a0000 - 0x00007ff8ff3b7000 	c:\Users\Admin\.vscode\extensions\redhat.java-1.20.0-win32-x64\jre\17.0.7-win32-x86_64\bin\jli.dll
0x00007ff916d10000 - 0x00007ff916ead000 	C:\Windows\System32\USER32.dll
0x00007ff914bf0000 - 0x00007ff914c12000 	C:\Windows\System32\win32u.dll
0x00007ff916530000 - 0x00007ff91655c000 	C:\Windows\System32\GDI32.dll
0x00007ff9046c0000 - 0x00007ff90495a000 	C:\Windows\WinSxS\amd64_microsoft.windows.common-controls_6595b64144ccf1df_6.0.19041.1110_none_60b5254171f9507e\COMCTL32.dll
0x00007ff9151c0000 - 0x00007ff9152d5000 	C:\Windows\System32\gdi32full.dll
0x00007ff9171c0000 - 0x00007ff91725e000 	C:\Windows\System32\msvcrt.dll
0x00007ff914f20000 - 0x00007ff914fbd000 	C:\Windows\System32\msvcp_win.dll
0x00007ff916fe0000 - 0x00007ff917010000 	C:\Windows\System32\IMM32.DLL
0x00007ff903e00000 - 0x00007ff903e0c000 	c:\Users\Admin\.vscode\extensions\redhat.java-1.20.0-win32-x64\jre\17.0.7-win32-x86_64\bin\vcruntime140_1.dll
0x00007ff8f5650000 - 0x00007ff8f56e1000 	c:\Users\Admin\.vscode\extensions\redhat.java-1.20.0-win32-x64\jre\17.0.7-win32-x86_64\bin\msvcp140.dll
0x00007ff8d4410000 - 0x00007ff8d5058000 	c:\Users\Admin\.vscode\extensions\redhat.java-1.20.0-win32-x64\jre\17.0.7-win32-x86_64\bin\server\jvm.dll
0x00007ff915d80000 - 0x00007ff915e2f000 	C:\Windows\System32\ADVAPI32.dll
0x00007ff9172f0000 - 0x00007ff91738c000 	C:\Windows\System32\sechost.dll
0x00007ff916560000 - 0x00007ff916686000 	C:\Windows\System32\RPCRT4.dll
0x00007ff905a10000 - 0x00007ff905a19000 	C:\Windows\SYSTEM32\WSOCK32.dll
0x00007ff9164c0000 - 0x00007ff91652b000 	C:\Windows\System32\WS2_32.dll
0x00007ff900730000 - 0x00007ff900757000 	C:\Windows\SYSTEM32\WINMM.dll
0x00007ff907ea0000 - 0x00007ff907eaa000 	C:\Windows\SYSTEM32\VERSION.dll
0x00007ff9129c0000 - 0x00007ff9129d2000 	C:\Windows\SYSTEM32\kernel.appcore.dll
0x00007ff903da0000 - 0x00007ff903daa000 	c:\Users\Admin\.vscode\extensions\redhat.java-1.20.0-win32-x64\jre\17.0.7-win32-x86_64\bin\jimage.dll
0x00007ff90da30000 - 0x00007ff90dc14000 	C:\Windows\SYSTEM32\DBGHELP.DLL
0x00007ff90d980000 - 0x00007ff90d9b4000 	C:\Windows\SYSTEM32\dbgcore.DLL
0x00007ff9152e0000 - 0x00007ff915362000 	C:\Windows\System32\bcryptPrimitives.dll
0x00007ff9038f0000 - 0x00007ff9038fe000 	c:\Users\Admin\.vscode\extensions\redhat.java-1.20.0-win32-x64\jre\17.0.7-win32-x86_64\bin\instrument.dll
0x00007ff8f7860000 - 0x00007ff8f7885000 	c:\Users\Admin\.vscode\extensions\redhat.java-1.20.0-win32-x64\jre\17.0.7-win32-x86_64\bin\java.dll
0x00007ff8f97f0000 - 0x00007ff8f9808000 	c:\Users\Admin\.vscode\extensions\redhat.java-1.20.0-win32-x64\jre\17.0.7-win32-x86_64\bin\zip.dll
0x00007ff9155d0000 - 0x00007ff915d14000 	C:\Windows\System32\SHELL32.dll
0x00007ff912ca0000 - 0x00007ff913434000 	C:\Windows\SYSTEM32\windows.storage.dll
0x00007ff915f50000 - 0x00007ff9162a4000 	C:\Windows\System32\combase.dll
0x00007ff914630000 - 0x00007ff91465e000 	C:\Windows\SYSTEM32\Wldp.dll
0x00007ff916380000 - 0x00007ff91642d000 	C:\Windows\System32\SHCORE.dll
0x00007ff915d20000 - 0x00007ff915d75000 	C:\Windows\System32\shlwapi.dll
0x00007ff914b20000 - 0x00007ff914b45000 	C:\Windows\SYSTEM32\profapi.dll
0x00007ff8f7970000 - 0x00007ff8f7989000 	C:\Users\Admin\.vscode\extensions\redhat.java-1.20.0-win32-x64\jre\17.0.7-win32-x86_64\bin\net.dll
0x00007ff909e10000 - 0x00007ff909f1a000 	C:\Windows\SYSTEM32\WINHTTP.dll
0x00007ff914390000 - 0x00007ff9143fa000 	C:\Windows\system32\mswsock.dll
0x00007ff8f7840000 - 0x00007ff8f7855000 	C:\Users\Admin\.vscode\extensions\redhat.java-1.20.0-win32-x64\jre\17.0.7-win32-x86_64\bin\nio.dll
0x00007ff903810000 - 0x00007ff903820000 	c:\Users\Admin\.vscode\extensions\redhat.java-1.20.0-win32-x64\jre\17.0.7-win32-x86_64\bin\verify.dll
0x00007ff8f78b0000 - 0x00007ff8f78ee000 	C:\Users\Admin\AppData\Roaming\Code\User\globalStorage\redhat.java\1.20.0\config_ss_win\org.eclipse.equinox.launcher\org.eclipse.equinox.launcher.win32.win32.x86_64_1.2.700.v20221108-1024\eclipse_11801.dll
0x00007ff916eb0000 - 0x00007ff916fda000 	C:\Windows\System32\ole32.dll

dbghelp: loaded successfully - version: 4.0.5 - missing functions: none
symbol engine: initialized successfully - sym options: 0x614 - pdb path: .;c:\Users\Admin\.vscode\extensions\redhat.java-1.20.0-win32-x64\jre\17.0.7-win32-x86_64\bin;C:\Windows\SYSTEM32;C:\Windows\WinSxS\amd64_microsoft.windows.common-controls_6595b64144ccf1df_6.0.19041.1110_none_60b5254171f9507e;c:\Users\Admin\.vscode\extensions\redhat.java-1.20.0-win32-x64\jre\17.0.7-win32-x86_64\bin\server;C:\Users\Admin\AppData\Roaming\Code\User\globalStorage\redhat.java\1.20.0\config_ss_win\org.eclipse.equinox.launcher\org.eclipse.equinox.launcher.win32.win32.x86_64_1.2.700.v20221108-1024

VM Arguments:
jvm_args: --add-modules=ALL-SYSTEM --add-opens=java.base/java.util=ALL-UNNAMED --add-opens=java.base/java.lang=ALL-UNNAMED --add-opens=java.base/sun.nio.fs=ALL-UNNAMED -Declipse.application=org.eclipse.jdt.ls.core.id1 -Dosgi.bundles.defaultStartLevel=4 -Declipse.product=org.eclipse.jdt.ls.core.product -Djava.import.generatesMetadataFilesAtProjectRoot=false -Dfile.encoding=utf8 -XX:+UseParallelGC -XX:GCTimeRatio=4 -XX:AdaptiveSizePolicyWeight=90 -Dsun.zip.disableMemoryMapping=true -Xmx1G -Xms100m -Xlog:disable -javaagent:c:\Users\Admin\.vscode\extensions\redhat.java-1.20.0-win32-x64\lombok\lombok-1.18.28.jar 
java_command: c:\Users\Admin\.vscode\extensions\redhat.java-1.20.0-win32-x64\server\plugins\org.eclipse.equinox.launcher_1.6.500.v20230622-2056.jar -configuration c:\Users\Admin\AppData\Roaming\Code\User\globalStorage\redhat.java\1.20.0\config_ss_win -data c:\Users\Admin\AppData\Roaming\Code\User\workspaceStorage\ca21f0e4f1af00ec6494e11a941b7667\redhat.java\ss_ws
java_class_path (initial): c:\Users\Admin\.vscode\extensions\redhat.java-1.20.0-win32-x64\server\plugins\org.eclipse.equinox.launcher_1.6.500.v20230622-2056.jar
Launcher Type: SUN_STANDARD

[Global flags]
    uintx AdaptiveSizePolicyWeight                 = 90                                        {product} {command line}
     intx CICompilerCount                          = 3                                         {product} {ergonomic}
    uintx GCTimeRatio                              = 4                                         {product} {command line}
   size_t InitialHeapSize                          = 104857600                                 {product} {command line}
   size_t MaxHeapSize                              = 1073741824                                {product} {command line}
   size_t MaxNewSize                               = 357564416                                 {product} {ergonomic}
   size_t MinHeapDeltaBytes                        = 524288                                    {product} {ergonomic}
   size_t MinHeapSize                              = 104857600                                 {product} {command line}
   size_t NewSize                                  = 34603008                                  {product} {ergonomic}
    uintx NonNMethodCodeHeapSize                   = 5832780                                {pd product} {ergonomic}
    uintx NonProfiledCodeHeapSize                  = 122912730                              {pd product} {ergonomic}
   size_t OldSize                                  = 70254592                                  {product} {ergonomic}
    uintx ProfiledCodeHeapSize                     = 122912730                              {pd product} {ergonomic}
    uintx ReservedCodeCacheSize                    = 251658240                              {pd product} {ergonomic}
     bool SegmentedCodeCache                       = true                                      {product} {ergonomic}
   size_t SoftMaxHeapSize                          = 1073741824                             {manageable} {ergonomic}
     bool UseCompressedClassPointers               = true                           {product lp64_product} {ergonomic}
     bool UseCompressedOops                        = true                           {product lp64_product} {ergonomic}
     bool UseLargePagesIndividualAllocation        = false                                  {pd product} {ergonomic}
     bool UseParallelGC                            = true                                      {product} {command line}

Logging:
Log output configuration:
 #0: stdout all=off uptime,level,tags
 #1: stderr all=off uptime,level,tags

Environment Variables:
PATH=C:\Program Files\Eclipse Adoptium\jdk-17.0.6.10-hotspot\bin;C:\Program Files\Eclipse Adoptium\jdk-8.0.362.9-hotspot\bin;C:\Program Files\Common Files\Oracle\Java\javapath;C:\Windows\system32;C:\Windows;C:\Windows\System32\Wbem;C:\Windows\System32\WindowsPowerShell\v1.0\;C:\Windows\System32\OpenSSH\;C:\Program Files (x86)\Microsoft SQL Server\160\Tools\Binn\;C:\Program Files\Microsoft SQL Server\160\Tools\Binn\;C:\Program Files\Microsoft SQL Server\Client SDK\ODBC\170\Tools\Binn\;C:\Program Files\Microsoft SQL Server\160\DTS\Binn\;C:\Program Files (x86)\Microsoft SQL Server\160\DTS\Binn\;C:\Program Files\Azure Data Studio\bin;C:\Program Files\Git\cmd;C:\Program Files\nodejs\;C:\Program Files\MySQL\MySQL Shell 8.0\bin\;C:\Users\Admin\AppData\Local\Microsoft\WindowsApps;;C:\Program Files\Azure Data Studio\bin;C:\Microsoft VS Code\bin;C:\Users\Admin\AppData\Roaming\npm
USERNAME=Admin
OS=Windows_NT
PROCESSOR_IDENTIFIER=Intel64 Family 6 Model 69 Stepping 1, GenuineIntel
TMP=C:\Users\Admin\AppData\Local\Temp
TEMP=C:\Users\Admin\AppData\Local\Temp



---------------  S Y S T E M  ---------------

OS:
 Windows 10 , 64 bit Build 19041 (10.0.19041.3155)
OS uptime: 4 days 11:21 hours

CPU: total 4 (initial active 4) (2 cores per cpu, 2 threads per core) family 6 model 69 stepping 1 microcode 0x25, cx8, cmov, fxsr, ht, mmx, sse, sse2, sse3, ssse3, sse4.1, sse4.2, popcnt, lzcnt, tsc, tscinvbit, avx, avx2, aes, erms, clmul, bmi1, bmi2, fma, vzeroupper, clflush

Memory: 4k page, system-wide physical 3992M (367M free)
TotalPageFile size 16280M (AvailPageFile size 8M)
current process WorkingSet (physical memory assigned to process): 121M, peak: 121M
current process commit charge ("private bytes"): 217M, peak: 218M

vm_info: OpenJDK 64-Bit Server VM (17.0.7+7) for windows-amd64 JRE (17.0.7+7), built on Apr 18 2023 22:10:42 by "temurin" with MS VC++ 16.7 (VS2019)

END.
